[1.257s] Invoking command in '/home/majama/ros2_ws/build/elgooso': PYTHONPATH=/home/majama/ros2_ws/build/elgooso/prefix_override:/home/majama/ros2_ws/install/elgooso/lib/python3.10/site-packages:${PYTHONPATH} /usr/bin/python3 setup.py develop --uninstall --editable --build-directory /home/majama/ros2_ws/build/elgooso/build
[1.797s] running develop
[1.797s] /usr/lib/python3/dist-packages/setuptools/command/easy_install.py:158: EasyInstallDeprecationWarning: easy_install command is deprecated. Use build and pip and other standards-based tools.
[1.798s]   warnings.warn(
[1.802s] /usr/lib/python3/dist-packages/setuptools/command/install.py:34: SetuptoolsDeprecationWarning: setup.py install is deprecated. Use build and pip and other standards-based tools.
[1.802s]   warnings.warn(
[1.925s] /usr/lib/python3/dist-packages/pkg_resources/__init__.py:116: PkgResourcesDeprecationWarning: 1.1build1 is an invalid version and will not be supported in a future release
[1.925s]   warnings.warn(
[1.926s] /usr/lib/python3/dist-packages/pkg_resources/__init__.py:116: PkgResourcesDeprecationWarning: 0.1.43ubuntu1 is an invalid version and will not be supported in a future release
[1.926s]   warnings.warn(
[2.225s] Invoked command in '/home/majama/ros2_ws/build/elgooso' returned '0': PYTHONPATH=/home/majama/ros2_ws/build/elgooso/prefix_override:/home/majama/ros2_ws/install/elgooso/lib/python3.10/site-packages:${PYTHONPATH} /usr/bin/python3 setup.py develop --uninstall --editable --build-directory /home/majama/ros2_ws/build/elgooso/build
[2.226s] Invoking command in '/home/majama/ros2_ws/src/elgooso': PYTHONPATH=/home/majama/ros2_ws/build/elgooso/prefix_override:/home/majama/ros2_ws/install/elgooso/lib/python3.10/site-packages:${PYTHONPATH} /usr/bin/python3 setup.py egg_info --egg-base ../../build/elgooso build --build-base /home/majama/ros2_ws/build/elgooso/build install --record /home/majama/ros2_ws/build/elgooso/install.log --single-version-externally-managed
[2.714s] running egg_info
[2.717s] writing ../../build/elgooso/elgooso.egg-info/PKG-INFO
[2.722s] writing dependency_links to ../../build/elgooso/elgooso.egg-info/dependency_links.txt
[2.723s] writing entry points to ../../build/elgooso/elgooso.egg-info/entry_points.txt
[2.728s] writing requirements to ../../build/elgooso/elgooso.egg-info/requires.txt
[2.729s] writing top-level names to ../../build/elgooso/elgooso.egg-info/top_level.txt
[2.730s] reading manifest file '../../build/elgooso/elgooso.egg-info/SOURCES.txt'
[2.732s] writing manifest file '../../build/elgooso/elgooso.egg-info/SOURCES.txt'
[2.733s] running build
[2.736s] /usr/lib/python3/dist-packages/setuptools/command/install.py:34: SetuptoolsDeprecationWarning: setup.py install is deprecated. Use build and pip and other standards-based tools.
[2.736s]   warnings.warn(
[2.736s] running build_py
[2.736s] running install
[2.737s] running install_lib
[2.739s] running install_data
[2.742s] running install_egg_info
[2.743s] removing '/home/majama/ros2_ws/install/elgooso/lib/python3.10/site-packages/elgooso-0.0.0-py3.10.egg-info' (and everything under it)
[2.749s] Copying ../../build/elgooso/elgooso.egg-info to /home/majama/ros2_ws/install/elgooso/lib/python3.10/site-packages/elgooso-0.0.0-py3.10.egg-info
[2.749s] running install_scripts
[2.794s] Installing move script to /home/majama/ros2_ws/install/elgooso/lib/elgooso
[2.794s] Installing state_publisher script to /home/majama/ros2_ws/install/elgooso/lib/elgooso
[2.795s] writing list of installed files to '/home/majama/ros2_ws/build/elgooso/install.log'
[2.845s] Invoked command in '/home/majama/ros2_ws/src/elgooso' returned '0': PYTHONPATH=/home/majama/ros2_ws/build/elgooso/prefix_override:/home/majama/ros2_ws/install/elgooso/lib/python3.10/site-packages:${PYTHONPATH} /usr/bin/python3 setup.py egg_info --egg-base ../../build/elgooso build --build-base /home/majama/ros2_ws/build/elgooso/build install --record /home/majama/ros2_ws/build/elgooso/install.log --single-version-externally-managed
