[1.408s] Invoking command in '/home/majama/ros2_ws/build/elgooso': PYTHONPATH=/home/majama/ros2_ws/build/elgooso/prefix_override:/home/majama/ros2_ws/install/elgooso/lib/python3.10/site-packages:${PYTHONPATH} /usr/bin/python3 setup.py develop --uninstall --editable --build-directory /home/majama/ros2_ws/build/elgooso/build
[1.918s] running develop
[1.929s] /usr/lib/python3/dist-packages/setuptools/command/easy_install.py:158: EasyInstallDeprecationWarning: easy_install command is deprecated. Use build and pip and other standards-based tools.
[1.929s]   warnings.warn(
[1.932s] /usr/lib/python3/dist-packages/setuptools/command/install.py:34: SetuptoolsDeprecationWarning: setup.py install is deprecated. Use build and pip and other standards-based tools.
[1.932s]   warnings.warn(
[2.036s] /usr/lib/python3/dist-packages/pkg_resources/__init__.py:116: PkgResourcesDeprecationWarning: 1.1build1 is an invalid version and will not be supported in a future release
[2.037s]   warnings.warn(
[2.037s] /usr/lib/python3/dist-packages/pkg_resources/__init__.py:116: PkgResourcesDeprecationWarning: 0.1.43ubuntu1 is an invalid version and will not be supported in a future release
[2.037s]   warnings.warn(
[2.259s] Invoked command in '/home/majama/ros2_ws/build/elgooso' returned '0': PYTHONPATH=/home/majama/ros2_ws/build/elgooso/prefix_override:/home/majama/ros2_ws/install/elgooso/lib/python3.10/site-packages:${PYTHONPATH} /usr/bin/python3 setup.py develop --uninstall --editable --build-directory /home/majama/ros2_ws/build/elgooso/build
[2.269s] Invoking command in '/home/majama/ros2_ws/src/elgooso': PYTHONPATH=/home/majama/ros2_ws/build/elgooso/prefix_override:/home/majama/ros2_ws/install/elgooso/lib/python3.10/site-packages:${PYTHONPATH} /usr/bin/python3 setup.py egg_info --egg-base ../../build/elgooso build --build-base /home/majama/ros2_ws/build/elgooso/build install --record /home/majama/ros2_ws/build/elgooso/install.log --single-version-externally-managed
[2.707s] running egg_info
[2.708s] writing ../../build/elgooso/elgooso.egg-info/PKG-INFO
[2.709s] writing dependency_links to ../../build/elgooso/elgooso.egg-info/dependency_links.txt
[2.709s] writing entry points to ../../build/elgooso/elgooso.egg-info/entry_points.txt
[2.709s] writing requirements to ../../build/elgooso/elgooso.egg-info/requires.txt
[2.710s] writing top-level names to ../../build/elgooso/elgooso.egg-info/top_level.txt
[2.724s] reading manifest file '../../build/elgooso/elgooso.egg-info/SOURCES.txt'
[2.727s] writing manifest file '../../build/elgooso/elgooso.egg-info/SOURCES.txt'
[2.727s] running build
[2.727s] running build_py
[2.727s] copying elgooso/state_publisher.py -> /home/majama/ros2_ws/build/elgooso/build/lib/elgooso
[2.728s] running install
[2.728s] /usr/lib/python3/dist-packages/setuptools/command/install.py:34: SetuptoolsDeprecationWarning: setup.py install is deprecated. Use build and pip and other standards-based tools.
[2.728s]   warnings.warn(
[2.728s] running install_lib
[2.729s] copying /home/majama/ros2_ws/build/elgooso/build/lib/elgooso/state_publisher.py -> /home/majama/ros2_ws/install/elgooso/lib/python3.10/site-packages/elgooso
[2.730s] byte-compiling /home/majama/ros2_ws/install/elgooso/lib/python3.10/site-packages/elgooso/state_publisher.py to state_publisher.cpython-310.pyc
[2.731s] running install_data
[2.731s] Sorry: TabError: inconsistent use of tabs and spaces in indentation (state_publisher.py, line 37)
[2.737s] running install_egg_info
[2.737s] removing '/home/majama/ros2_ws/install/elgooso/lib/python3.10/site-packages/elgooso-0.0.0-py3.10.egg-info' (and everything under it)
[2.737s] Copying ../../build/elgooso/elgooso.egg-info to /home/majama/ros2_ws/install/elgooso/lib/python3.10/site-packages/elgooso-0.0.0-py3.10.egg-info
[2.739s] running install_scripts
[2.787s] Installing state_publisher script to /home/majama/ros2_ws/install/elgooso/lib/elgooso
[2.787s] writing list of installed files to '/home/majama/ros2_ws/build/elgooso/install.log'
[2.841s] Invoked command in '/home/majama/ros2_ws/src/elgooso' returned '0': PYTHONPATH=/home/majama/ros2_ws/build/elgooso/prefix_override:/home/majama/ros2_ws/install/elgooso/lib/python3.10/site-packages:${PYTHONPATH} /usr/bin/python3 setup.py egg_info --egg-base ../../build/elgooso build --build-base /home/majama/ros2_ws/build/elgooso/build install --record /home/majama/ros2_ws/build/elgooso/install.log --single-version-externally-managed
