[0.737s] Invoking command in '/home/majama/ros2_ws/build/elgooso': PYTHONPATH=/home/majama/ros2_ws/build/elgooso/prefix_override:/home/majama/ros2_ws/install/elgooso/lib/python3.10/site-packages:${PYTHONPATH} /usr/bin/python3 setup.py develop --uninstall --editable --build-directory /home/majama/ros2_ws/build/elgooso/build
[0.975s] running develop
[0.976s] /usr/lib/python3/dist-packages/setuptools/command/easy_install.py:158: EasyInstallDeprecationWarning: easy_install command is deprecated. Use build and pip and other standards-based tools.
[0.976s]   warnings.warn(
[0.977s] /usr/lib/python3/dist-packages/setuptools/command/install.py:34: SetuptoolsDeprecationWarning: setup.py install is deprecated. Use build and pip and other standards-based tools.
[0.977s]   warnings.warn(
[1.029s] /usr/lib/python3/dist-packages/pkg_resources/__init__.py:116: PkgResourcesDeprecationWarning: 1.1build1 is an invalid version and will not be supported in a future release
[1.029s]   warnings.warn(
[1.030s] /usr/lib/python3/dist-packages/pkg_resources/__init__.py:116: PkgResourcesDeprecationWarning: 0.1.43ubuntu1 is an invalid version and will not be supported in a future release
[1.030s]   warnings.warn(
[1.150s] Invoked command in '/home/majama/ros2_ws/build/elgooso' returned '0': PYTHONPATH=/home/majama/ros2_ws/build/elgooso/prefix_override:/home/majama/ros2_ws/install/elgooso/lib/python3.10/site-packages:${PYTHONPATH} /usr/bin/python3 setup.py develop --uninstall --editable --build-directory /home/majama/ros2_ws/build/elgooso/build
[1.152s] Invoking command in '/home/majama/ros2_ws/src/elgooso': PYTHONPATH=/home/majama/ros2_ws/build/elgooso/prefix_override:/home/majama/ros2_ws/install/elgooso/lib/python3.10/site-packages:${PYTHONPATH} /usr/bin/python3 setup.py egg_info --egg-base ../../build/elgooso build --build-base /home/majama/ros2_ws/build/elgooso/build install --record /home/majama/ros2_ws/build/elgooso/install.log --single-version-externally-managed
[1.367s] running egg_info
[1.367s] writing ../../build/elgooso/elgooso.egg-info/PKG-INFO
[1.368s] writing dependency_links to ../../build/elgooso/elgooso.egg-info/dependency_links.txt
[1.368s] writing entry points to ../../build/elgooso/elgooso.egg-info/entry_points.txt
[1.368s] writing requirements to ../../build/elgooso/elgooso.egg-info/requires.txt
[1.368s] writing top-level names to ../../build/elgooso/elgooso.egg-info/top_level.txt
[1.385s] reading manifest file '../../build/elgooso/elgooso.egg-info/SOURCES.txt'
[1.386s] writing manifest file '../../build/elgooso/elgooso.egg-info/SOURCES.txt'
[1.386s] running build
[1.386s] running build_py
[1.388s] running install
[1.388s] /usr/lib/python3/dist-packages/setuptools/command/install.py:34: SetuptoolsDeprecationWarning: setup.py install is deprecated. Use build and pip and other standards-based tools.
[1.388s]   warnings.warn(
[1.388s] running install_lib
[1.390s] running install_data
[1.390s] running install_egg_info
[1.392s] removing '/home/majama/ros2_ws/install/elgooso/lib/python3.10/site-packages/elgooso-0.0.0-py3.10.egg-info' (and everything under it)
[1.393s] Copying ../../build/elgooso/elgooso.egg-info to /home/majama/ros2_ws/install/elgooso/lib/python3.10/site-packages/elgooso-0.0.0-py3.10.egg-info
[1.394s] running install_scripts
[1.414s] Installing move script to /home/majama/ros2_ws/install/elgooso/lib/elgooso
[1.414s] Installing state_publisher script to /home/majama/ros2_ws/install/elgooso/lib/elgooso
[1.415s] Installing talker script to /home/majama/ros2_ws/install/elgooso/lib/elgooso
[1.415s] writing list of installed files to '/home/majama/ros2_ws/build/elgooso/install.log'
[1.438s] Invoked command in '/home/majama/ros2_ws/src/elgooso' returned '0': PYTHONPATH=/home/majama/ros2_ws/build/elgooso/prefix_override:/home/majama/ros2_ws/install/elgooso/lib/python3.10/site-packages:${PYTHONPATH} /usr/bin/python3 setup.py egg_info --egg-base ../../build/elgooso build --build-base /home/majama/ros2_ws/build/elgooso/build install --record /home/majama/ros2_ws/build/elgooso/install.log --single-version-externally-managed
