[1.951s] Invoking command in '/home/majama/ros2_ws/build/elgooso': PYTHONPATH=/home/majama/ros2_ws/build/elgooso/prefix_override:/home/majama/ros2_ws/install/elgooso/lib/python3.10/site-packages:${PYTHONPATH} /usr/bin/python3 setup.py develop --uninstall --editable --build-directory /home/majama/ros2_ws/build/elgooso/build
[2.688s] running develop
[2.694s] /usr/lib/python3/dist-packages/setuptools/command/easy_install.py:158: EasyInstallDeprecationWarning: easy_install command is deprecated. Use build and pip and other standards-based tools.
[2.694s]   warnings.warn(
[2.697s] /usr/lib/python3/dist-packages/setuptools/command/install.py:34: SetuptoolsDeprecationWarning: setup.py install is deprecated. Use build and pip and other standards-based tools.
[2.697s]   warnings.warn(
[2.877s] /usr/lib/python3/dist-packages/pkg_resources/__init__.py:116: PkgResourcesDeprecationWarning: 1.1build1 is an invalid version and will not be supported in a future release
[2.877s]   warnings.warn(
[2.878s] /usr/lib/python3/dist-packages/pkg_resources/__init__.py:116: PkgResourcesDeprecationWarning: 0.1.43ubuntu1 is an invalid version and will not be supported in a future release
[2.878s]   warnings.warn(
[3.263s] Invoked command in '/home/majama/ros2_ws/build/elgooso' returned '0': PYTHONPATH=/home/majama/ros2_ws/build/elgooso/prefix_override:/home/majama/ros2_ws/install/elgooso/lib/python3.10/site-packages:${PYTHONPATH} /usr/bin/python3 setup.py develop --uninstall --editable --build-directory /home/majama/ros2_ws/build/elgooso/build
[3.268s] Invoking command in '/home/majama/ros2_ws/src/elgooso': PYTHONPATH=/home/majama/ros2_ws/build/elgooso/prefix_override:/home/majama/ros2_ws/install/elgooso/lib/python3.10/site-packages:${PYTHONPATH} /usr/bin/python3 setup.py egg_info --egg-base ../../build/elgooso build --build-base /home/majama/ros2_ws/build/elgooso/build install --record /home/majama/ros2_ws/build/elgooso/install.log --single-version-externally-managed
[4.032s] running egg_info
[4.034s] writing ../../build/elgooso/elgooso.egg-info/PKG-INFO
[4.037s] writing dependency_links to ../../build/elgooso/elgooso.egg-info/dependency_links.txt
[4.037s] writing entry points to ../../build/elgooso/elgooso.egg-info/entry_points.txt
[4.037s] writing requirements to ../../build/elgooso/elgooso.egg-info/requires.txt
[4.037s] writing top-level names to ../../build/elgooso/elgooso.egg-info/top_level.txt
[4.052s] reading manifest file '../../build/elgooso/elgooso.egg-info/SOURCES.txt'
[4.055s] writing manifest file '../../build/elgooso/elgooso.egg-info/SOURCES.txt'
[4.055s] running build
[4.055s] running build_py
[4.058s] copying elgooso/Qlearn.py -> /home/majama/ros2_ws/build/elgooso/build/lib/elgooso
[4.059s] running install
[4.060s] /usr/lib/python3/dist-packages/setuptools/command/install.py:34: SetuptoolsDeprecationWarning: setup.py install is deprecated. Use build and pip and other standards-based tools.
[4.060s]   warnings.warn(
[4.061s] running install_lib
[4.067s] copying /home/majama/ros2_ws/build/elgooso/build/lib/elgooso/Qlearn.py -> /home/majama/ros2_ws/install/elgooso/lib/python3.10/site-packages/elgooso
[4.069s] byte-compiling /home/majama/ros2_ws/install/elgooso/lib/python3.10/site-packages/elgooso/Qlearn.py to Qlearn.cpython-310.pyc
[4.072s] running install_data
[4.079s] running install_egg_info
[4.084s] removing '/home/majama/ros2_ws/install/elgooso/lib/python3.10/site-packages/elgooso-0.0.0-py3.10.egg-info' (and everything under it)
[4.084s] Copying ../../build/elgooso/elgooso.egg-info to /home/majama/ros2_ws/install/elgooso/lib/python3.10/site-packages/elgooso-0.0.0-py3.10.egg-info
[4.087s] running install_scripts
[4.150s] Installing Qlearn script to /home/majama/ros2_ws/install/elgooso/lib/elgooso
[4.151s] Installing move script to /home/majama/ros2_ws/install/elgooso/lib/elgooso
[4.153s] Installing spawn_entity script to /home/majama/ros2_ws/install/elgooso/lib/elgooso
[4.153s] Installing state_publisher script to /home/majama/ros2_ws/install/elgooso/lib/elgooso
[4.153s] Installing talker script to /home/majama/ros2_ws/install/elgooso/lib/elgooso
[4.155s] writing list of installed files to '/home/majama/ros2_ws/build/elgooso/install.log'
[4.212s] Invoked command in '/home/majama/ros2_ws/src/elgooso' returned '0': PYTHONPATH=/home/majama/ros2_ws/build/elgooso/prefix_override:/home/majama/ros2_ws/install/elgooso/lib/python3.10/site-packages:${PYTHONPATH} /usr/bin/python3 setup.py egg_info --egg-base ../../build/elgooso build --build-base /home/majama/ros2_ws/build/elgooso/build install --record /home/majama/ros2_ws/build/elgooso/install.log --single-version-externally-managed
