[1.602s] Invoking command in '/home/majama/ros2_ws/build/elgooso': PYTHONPATH=/home/majama/ros2_ws/build/elgooso/prefix_override:/home/majama/ros2_ws/install/elgooso/lib/python3.10/site-packages:${PYTHONPATH} /usr/bin/python3 setup.py develop --uninstall --editable --build-directory /home/majama/ros2_ws/build/elgooso/build
[2.368s] running develop
[2.377s] /usr/lib/python3/dist-packages/setuptools/command/easy_install.py:158: EasyInstallDeprecationWarning: easy_install command is deprecated. Use build and pip and other standards-based tools.
[2.378s]   warnings.warn(
[2.381s] /usr/lib/python3/dist-packages/setuptools/command/install.py:34: SetuptoolsDeprecationWarning: setup.py install is deprecated. Use build and pip and other standards-based tools.
[2.381s]   warnings.warn(
[2.554s] /usr/lib/python3/dist-packages/pkg_resources/__init__.py:116: PkgResourcesDeprecationWarning: 1.1build1 is an invalid version and will not be supported in a future release
[2.554s]   warnings.warn(
[2.555s] /usr/lib/python3/dist-packages/pkg_resources/__init__.py:116: PkgResourcesDeprecationWarning: 0.1.43ubuntu1 is an invalid version and will not be supported in a future release
[2.555s]   warnings.warn(
[2.895s] Invoked command in '/home/majama/ros2_ws/build/elgooso' returned '0': PYTHONPATH=/home/majama/ros2_ws/build/elgooso/prefix_override:/home/majama/ros2_ws/install/elgooso/lib/python3.10/site-packages:${PYTHONPATH} /usr/bin/python3 setup.py develop --uninstall --editable --build-directory /home/majama/ros2_ws/build/elgooso/build
[2.896s] Invoking command in '/home/majama/ros2_ws/src/elgooso': PYTHONPATH=/home/majama/ros2_ws/build/elgooso/prefix_override:/home/majama/ros2_ws/install/elgooso/lib/python3.10/site-packages:${PYTHONPATH} /usr/bin/python3 setup.py egg_info --egg-base ../../build/elgooso build --build-base /home/majama/ros2_ws/build/elgooso/build install --record /home/majama/ros2_ws/build/elgooso/install.log --single-version-externally-managed
[3.492s] running egg_info
[3.494s] writing ../../build/elgooso/elgooso.egg-info/PKG-INFO
[3.495s] writing dependency_links to ../../build/elgooso/elgooso.egg-info/dependency_links.txt
[3.495s] writing entry points to ../../build/elgooso/elgooso.egg-info/entry_points.txt
[3.496s] writing requirements to ../../build/elgooso/elgooso.egg-info/requires.txt
[3.496s] writing top-level names to ../../build/elgooso/elgooso.egg-info/top_level.txt
[3.501s] reading manifest file '../../build/elgooso/elgooso.egg-info/SOURCES.txt'
[3.504s] writing manifest file '../../build/elgooso/elgooso.egg-info/SOURCES.txt'
[3.504s] running build
[3.504s] running build_py
[3.506s] copying elgooso/move.py -> /home/majama/ros2_ws/build/elgooso/build/lib/elgooso
[3.507s] running install
[3.507s] /usr/lib/python3/dist-packages/setuptools/command/install.py:34: SetuptoolsDeprecationWarning: setup.py install is deprecated. Use build and pip and other standards-based tools.
[3.507s]   warnings.warn(
[3.508s] running install_lib
[3.509s] copying /home/majama/ros2_ws/build/elgooso/build/lib/elgooso/move.py -> /home/majama/ros2_ws/install/elgooso/lib/python3.10/site-packages/elgooso
[3.512s] byte-compiling /home/majama/ros2_ws/install/elgooso/lib/python3.10/site-packages/elgooso/move.py to move.cpython-310.pyc
[3.512s] Sorry: TabError: inconsistent use of tabs and spaces in indentation (move.py, line 17)
[3.512s] running install_data
[3.514s] copying package.xml -> /home/majama/ros2_ws/install/elgooso/share/elgooso
[3.517s] running install_egg_info
[3.523s] removing '/home/majama/ros2_ws/install/elgooso/lib/python3.10/site-packages/elgooso-0.0.0-py3.10.egg-info' (and everything under it)
[3.525s] Copying ../../build/elgooso/elgooso.egg-info to /home/majama/ros2_ws/install/elgooso/lib/python3.10/site-packages/elgooso-0.0.0-py3.10.egg-info
[3.528s] running install_scripts
[3.565s] Installing move script to /home/majama/ros2_ws/install/elgooso/lib/elgooso
[3.565s] Installing state_publisher script to /home/majama/ros2_ws/install/elgooso/lib/elgooso
[3.566s] Installing talker script to /home/majama/ros2_ws/install/elgooso/lib/elgooso
[3.566s] writing list of installed files to '/home/majama/ros2_ws/build/elgooso/install.log'
[3.610s] Invoked command in '/home/majama/ros2_ws/src/elgooso' returned '0': PYTHONPATH=/home/majama/ros2_ws/build/elgooso/prefix_override:/home/majama/ros2_ws/install/elgooso/lib/python3.10/site-packages:${PYTHONPATH} /usr/bin/python3 setup.py egg_info --egg-base ../../build/elgooso build --build-base /home/majama/ros2_ws/build/elgooso/build install --record /home/majama/ros2_ws/build/elgooso/install.log --single-version-externally-managed
