[2.186s] Invoking command in '/home/majama/ros2_ws/build/elgooso': PYTHONPATH=/home/majama/ros2_ws/build/elgooso/prefix_override:/home/majama/ros2_ws/install/elgooso/lib/python3.10/site-packages:${PYTHONPATH} /usr/bin/python3 setup.py develop --uninstall --editable --build-directory /home/majama/ros2_ws/build/elgooso/build
[2.679s] running develop
[2.682s] /usr/lib/python3/dist-packages/setuptools/command/easy_install.py:158: EasyInstallDeprecationWarning: easy_install command is deprecated. Use build and pip and other standards-based tools.
[2.682s]   warnings.warn(
[2.685s] /usr/lib/python3/dist-packages/setuptools/command/install.py:34: SetuptoolsDeprecationWarning: setup.py install is deprecated. Use build and pip and other standards-based tools.
[2.685s]   warnings.warn(
[2.851s] /usr/lib/python3/dist-packages/pkg_resources/__init__.py:116: PkgResourcesDeprecationWarning: 1.1build1 is an invalid version and will not be supported in a future release
[2.851s]   warnings.warn(
[2.851s] /usr/lib/python3/dist-packages/pkg_resources/__init__.py:116: PkgResourcesDeprecationWarning: 0.1.43ubuntu1 is an invalid version and will not be supported in a future release
[2.851s]   warnings.warn(
[3.150s] Invoked command in '/home/majama/ros2_ws/build/elgooso' returned '0': PYTHONPATH=/home/majama/ros2_ws/build/elgooso/prefix_override:/home/majama/ros2_ws/install/elgooso/lib/python3.10/site-packages:${PYTHONPATH} /usr/bin/python3 setup.py develop --uninstall --editable --build-directory /home/majama/ros2_ws/build/elgooso/build
[3.151s] Invoking command in '/home/majama/ros2_ws/src/elgooso': PYTHONPATH=/home/majama/ros2_ws/build/elgooso/prefix_override:/home/majama/ros2_ws/install/elgooso/lib/python3.10/site-packages:${PYTHONPATH} /usr/bin/python3 setup.py egg_info --egg-base ../../build/elgooso build --build-base /home/majama/ros2_ws/build/elgooso/build install --record /home/majama/ros2_ws/build/elgooso/install.log --single-version-externally-managed
[3.690s] running egg_info
[3.691s] writing ../../build/elgooso/elgooso.egg-info/PKG-INFO
[3.692s] writing dependency_links to ../../build/elgooso/elgooso.egg-info/dependency_links.txt
[3.693s] writing entry points to ../../build/elgooso/elgooso.egg-info/entry_points.txt
[3.693s] writing requirements to ../../build/elgooso/elgooso.egg-info/requires.txt
[3.693s] writing top-level names to ../../build/elgooso/elgooso.egg-info/top_level.txt
[3.699s] reading manifest file '../../build/elgooso/elgooso.egg-info/SOURCES.txt'
[3.701s] writing manifest file '../../build/elgooso/elgooso.egg-info/SOURCES.txt'
[3.702s] running build
[3.702s] running build_py
[3.703s] copying elgooso/move.py -> /home/majama/ros2_ws/build/elgooso/build/lib/elgooso
[3.704s] running install
[3.704s] /usr/lib/python3/dist-packages/setuptools/command/install.py:34: SetuptoolsDeprecationWarning: setup.py install is deprecated. Use build and pip and other standards-based tools.
[3.704s]   warnings.warn(
[3.705s] running install_lib
[3.707s] copying /home/majama/ros2_ws/build/elgooso/build/lib/elgooso/move.py -> /home/majama/ros2_ws/install/elgooso/lib/python3.10/site-packages/elgooso
[3.709s] byte-compiling /home/majama/ros2_ws/install/elgooso/lib/python3.10/site-packages/elgooso/move.py to move.cpython-310.pyc
[3.709s] Sorry: TabError: inconsistent use of tabs and spaces in indentation (move.py, line 17)
[3.710s] running install_data
[3.712s] copying launch/elgooso_sim.launch.py -> /home/majama/ros2_ws/install/elgooso/share/elgooso/launch
[3.715s] copying urdf/elgooso.xacro -> /home/majama/ros2_ws/install/elgooso/share/elgooso/urdf
[3.718s] running install_egg_info
[3.721s] removing '/home/majama/ros2_ws/install/elgooso/lib/python3.10/site-packages/elgooso-0.0.0-py3.10.egg-info' (and everything under it)
[3.724s] Copying ../../build/elgooso/elgooso.egg-info to /home/majama/ros2_ws/install/elgooso/lib/python3.10/site-packages/elgooso-0.0.0-py3.10.egg-info
[3.725s] running install_scripts
[3.762s] Installing move script to /home/majama/ros2_ws/install/elgooso/lib/elgooso
[3.768s] Installing state_publisher script to /home/majama/ros2_ws/install/elgooso/lib/elgooso
[3.768s] Installing talker script to /home/majama/ros2_ws/install/elgooso/lib/elgooso
[3.769s] writing list of installed files to '/home/majama/ros2_ws/build/elgooso/install.log'
[3.807s] Invoked command in '/home/majama/ros2_ws/src/elgooso' returned '0': PYTHONPATH=/home/majama/ros2_ws/build/elgooso/prefix_override:/home/majama/ros2_ws/install/elgooso/lib/python3.10/site-packages:${PYTHONPATH} /usr/bin/python3 setup.py egg_info --egg-base ../../build/elgooso build --build-base /home/majama/ros2_ws/build/elgooso/build install --record /home/majama/ros2_ws/build/elgooso/install.log --single-version-externally-managed
