[1.268s] Invoking command in '/home/majama/ros2_ws/build/elgooso': PYTHONPATH=/home/majama/ros2_ws/build/elgooso/prefix_override:/home/majama/ros2_ws/install/elgooso/lib/python3.10/site-packages:${PYTHONPATH} /usr/bin/python3 setup.py develop --uninstall --editable --build-directory /home/majama/ros2_ws/build/elgooso/build
[1.764s] running develop
[1.776s] /usr/lib/python3/dist-packages/setuptools/command/easy_install.py:158: EasyInstallDeprecationWarning: easy_install command is deprecated. Use build and pip and other standards-based tools.
[1.776s]   warnings.warn(
[1.780s] /usr/lib/python3/dist-packages/setuptools/command/install.py:34: SetuptoolsDeprecationWarning: setup.py install is deprecated. Use build and pip and other standards-based tools.
[1.780s]   warnings.warn(
[1.880s] /usr/lib/python3/dist-packages/pkg_resources/__init__.py:116: PkgResourcesDeprecationWarning: 1.1build1 is an invalid version and will not be supported in a future release
[1.880s]   warnings.warn(
[1.883s] /usr/lib/python3/dist-packages/pkg_resources/__init__.py:116: PkgResourcesDeprecationWarning: 0.1.43ubuntu1 is an invalid version and will not be supported in a future release
[1.884s]   warnings.warn(
[2.133s] Invoked command in '/home/majama/ros2_ws/build/elgooso' returned '0': PYTHONPATH=/home/majama/ros2_ws/build/elgooso/prefix_override:/home/majama/ros2_ws/install/elgooso/lib/python3.10/site-packages:${PYTHONPATH} /usr/bin/python3 setup.py develop --uninstall --editable --build-directory /home/majama/ros2_ws/build/elgooso/build
[2.140s] Invoking command in '/home/majama/ros2_ws/src/elgooso': PYTHONPATH=/home/majama/ros2_ws/build/elgooso/prefix_override:/home/majama/ros2_ws/install/elgooso/lib/python3.10/site-packages:${PYTHONPATH} /usr/bin/python3 setup.py egg_info --egg-base ../../build/elgooso build --build-base /home/majama/ros2_ws/build/elgooso/build install --record /home/majama/ros2_ws/build/elgooso/install.log --single-version-externally-managed
[2.591s] running egg_info
[2.592s] writing ../../build/elgooso/elgooso.egg-info/PKG-INFO
[2.603s] writing dependency_links to ../../build/elgooso/elgooso.egg-info/dependency_links.txt
[2.604s] writing entry points to ../../build/elgooso/elgooso.egg-info/entry_points.txt
[2.604s] writing requirements to ../../build/elgooso/elgooso.egg-info/requires.txt
[2.604s] writing top-level names to ../../build/elgooso/elgooso.egg-info/top_level.txt
[2.612s] reading manifest file '../../build/elgooso/elgooso.egg-info/SOURCES.txt'
[2.614s] writing manifest file '../../build/elgooso/elgooso.egg-info/SOURCES.txt'
[2.614s] running build
[2.614s] running build_py
[2.617s] running install
[2.617s] /usr/lib/python3/dist-packages/setuptools/command/install.py:34: SetuptoolsDeprecationWarning: setup.py install is deprecated. Use build and pip and other standards-based tools.
[2.617s]   warnings.warn(
[2.619s] running install_lib
[2.622s] byte-compiling /home/majama/ros2_ws/install/elgooso/lib/python3.10/site-packages/elgooso/Qlearn.py to Qlearn.cpython-310.pyc
[2.623s] Sorry: TabError: inconsistent use of tabs and spaces in indentation (Qlearn.py, line 36)
[2.624s] running install_data
[2.628s] copying launch/elgooso_sim.launch.py -> /home/majama/ros2_ws/install/elgooso/share/elgooso/launch
[2.631s] running install_egg_info
[2.635s] removing '/home/majama/ros2_ws/install/elgooso/lib/python3.10/site-packages/elgooso-0.0.0-py3.10.egg-info' (and everything under it)
[2.636s] Copying ../../build/elgooso/elgooso.egg-info to /home/majama/ros2_ws/install/elgooso/lib/python3.10/site-packages/elgooso-0.0.0-py3.10.egg-info
[2.640s] running install_scripts
[2.685s] Installing Qlearn script to /home/majama/ros2_ws/install/elgooso/lib/elgooso
[2.687s] Installing move script to /home/majama/ros2_ws/install/elgooso/lib/elgooso
[2.692s] Installing state_publisher script to /home/majama/ros2_ws/install/elgooso/lib/elgooso
[2.692s] Installing talker script to /home/majama/ros2_ws/install/elgooso/lib/elgooso
[2.692s] writing list of installed files to '/home/majama/ros2_ws/build/elgooso/install.log'
[2.749s] Invoked command in '/home/majama/ros2_ws/src/elgooso' returned '0': PYTHONPATH=/home/majama/ros2_ws/build/elgooso/prefix_override:/home/majama/ros2_ws/install/elgooso/lib/python3.10/site-packages:${PYTHONPATH} /usr/bin/python3 setup.py egg_info --egg-base ../../build/elgooso build --build-base /home/majama/ros2_ws/build/elgooso/build install --record /home/majama/ros2_ws/build/elgooso/install.log --single-version-externally-managed
