[1.017s] Invoking command in '/home/majama/ros2_ws/build/elgooso': PYTHONPATH=/home/majama/ros2_ws/build/elgooso/prefix_override:/home/majama/ros2_ws/install/elgooso/lib/python3.10/site-packages:${PYTHONPATH} /usr/bin/python3 setup.py develop --uninstall --editable --build-directory /home/majama/ros2_ws/build/elgooso/build
[1.380s] running develop
[1.383s] /usr/lib/python3/dist-packages/setuptools/command/easy_install.py:158: EasyInstallDeprecationWarning: easy_install command is deprecated. Use build and pip and other standards-based tools.
[1.383s]   warnings.warn(
[1.385s] /usr/lib/python3/dist-packages/setuptools/command/install.py:34: SetuptoolsDeprecationWarning: setup.py install is deprecated. Use build and pip and other standards-based tools.
[1.385s]   warnings.warn(
[1.474s] /usr/lib/python3/dist-packages/pkg_resources/__init__.py:116: PkgResourcesDeprecationWarning: 1.1build1 is an invalid version and will not be supported in a future release
[1.474s]   warnings.warn(
[1.476s] /usr/lib/python3/dist-packages/pkg_resources/__init__.py:116: PkgResourcesDeprecationWarning: 0.1.43ubuntu1 is an invalid version and will not be supported in a future release
[1.476s]   warnings.warn(
[1.678s] Invoked command in '/home/majama/ros2_ws/build/elgooso' returned '0': PYTHONPATH=/home/majama/ros2_ws/build/elgooso/prefix_override:/home/majama/ros2_ws/install/elgooso/lib/python3.10/site-packages:${PYTHONPATH} /usr/bin/python3 setup.py develop --uninstall --editable --build-directory /home/majama/ros2_ws/build/elgooso/build
[1.680s] Invoking command in '/home/majama/ros2_ws/src/elgooso': PYTHONPATH=/home/majama/ros2_ws/build/elgooso/prefix_override:/home/majama/ros2_ws/install/elgooso/lib/python3.10/site-packages:${PYTHONPATH} /usr/bin/python3 setup.py egg_info --egg-base ../../build/elgooso build --build-base /home/majama/ros2_ws/build/elgooso/build install --record /home/majama/ros2_ws/build/elgooso/install.log --single-version-externally-managed
[2.102s] running egg_info
[2.104s] writing ../../build/elgooso/elgooso.egg-info/PKG-INFO
[2.115s] writing dependency_links to ../../build/elgooso/elgooso.egg-info/dependency_links.txt
[2.115s] writing entry points to ../../build/elgooso/elgooso.egg-info/entry_points.txt
[2.115s] writing requirements to ../../build/elgooso/elgooso.egg-info/requires.txt
[2.115s] writing top-level names to ../../build/elgooso/elgooso.egg-info/top_level.txt
[2.118s] reading manifest file '../../build/elgooso/elgooso.egg-info/SOURCES.txt'
[2.121s] writing manifest file '../../build/elgooso/elgooso.egg-info/SOURCES.txt'
[2.121s] running build
[2.121s] running build_py
[2.122s] copying elgooso/Qlearn.py -> /home/majama/ros2_ws/build/elgooso/build/lib/elgooso
[2.123s] running install
[2.123s] /usr/lib/python3/dist-packages/setuptools/command/install.py:34: SetuptoolsDeprecationWarning: setup.py install is deprecated. Use build and pip and other standards-based tools.
[2.123s]   warnings.warn(
[2.124s] running install_lib
[2.125s] copying /home/majama/ros2_ws/build/elgooso/build/lib/elgooso/Qlearn.py -> /home/majama/ros2_ws/install/elgooso/lib/python3.10/site-packages/elgooso
[2.127s] byte-compiling /home/majama/ros2_ws/install/elgooso/lib/python3.10/site-packages/elgooso/Qlearn.py to Qlearn.cpython-310.pyc
[2.129s] running install_data
[2.132s] copying package.xml -> /home/majama/ros2_ws/install/elgooso/share/elgooso
[2.137s] running install_egg_info
[2.140s] removing '/home/majama/ros2_ws/install/elgooso/lib/python3.10/site-packages/elgooso-0.0.0-py3.10.egg-info' (and everything under it)
[2.141s] Copying ../../build/elgooso/elgooso.egg-info to /home/majama/ros2_ws/install/elgooso/lib/python3.10/site-packages/elgooso-0.0.0-py3.10.egg-info
[2.143s] running install_scripts
[2.181s] Installing Qlearn script to /home/majama/ros2_ws/install/elgooso/lib/elgooso
[2.182s] Installing move script to /home/majama/ros2_ws/install/elgooso/lib/elgooso
[2.183s] Installing spawn_entity script to /home/majama/ros2_ws/install/elgooso/lib/elgooso
[2.183s] Installing state_publisher script to /home/majama/ros2_ws/install/elgooso/lib/elgooso
[2.183s] Installing talker script to /home/majama/ros2_ws/install/elgooso/lib/elgooso
[2.184s] writing list of installed files to '/home/majama/ros2_ws/build/elgooso/install.log'
[2.220s] Invoked command in '/home/majama/ros2_ws/src/elgooso' returned '0': PYTHONPATH=/home/majama/ros2_ws/build/elgooso/prefix_override:/home/majama/ros2_ws/install/elgooso/lib/python3.10/site-packages:${PYTHONPATH} /usr/bin/python3 setup.py egg_info --egg-base ../../build/elgooso build --build-base /home/majama/ros2_ws/build/elgooso/build install --record /home/majama/ros2_ws/build/elgooso/install.log --single-version-externally-managed
