[0.758s] Invoking command in '/home/majama/ros2_ws/build/elgooso': PYTHONPATH=/home/majama/ros2_ws/build/elgooso/prefix_override:/home/majama/ros2_ws/install/elgooso/lib/python3.10/site-packages:${PYTHONPATH} /usr/bin/python3 setup.py develop --uninstall --editable --build-directory /home/majama/ros2_ws/build/elgooso/build
[1.033s] running develop
[1.035s] /usr/lib/python3/dist-packages/setuptools/command/easy_install.py:158: EasyInstallDeprecationWarning: easy_install command is deprecated. Use build and pip and other standards-based tools.
[1.035s]   warnings.warn(
[1.037s] /usr/lib/python3/dist-packages/setuptools/command/install.py:34: SetuptoolsDeprecationWarning: setup.py install is deprecated. Use build and pip and other standards-based tools.
[1.037s]   warnings.warn(
[1.090s] /usr/lib/python3/dist-packages/pkg_resources/__init__.py:116: PkgResourcesDeprecationWarning: 1.1build1 is an invalid version and will not be supported in a future release
[1.090s]   warnings.warn(
[1.091s] /usr/lib/python3/dist-packages/pkg_resources/__init__.py:116: PkgResourcesDeprecationWarning: 0.1.43ubuntu1 is an invalid version and will not be supported in a future release
[1.091s]   warnings.warn(
[1.229s] Invoked command in '/home/majama/ros2_ws/build/elgooso' returned '0': PYTHONPATH=/home/majama/ros2_ws/build/elgooso/prefix_override:/home/majama/ros2_ws/install/elgooso/lib/python3.10/site-packages:${PYTHONPATH} /usr/bin/python3 setup.py develop --uninstall --editable --build-directory /home/majama/ros2_ws/build/elgooso/build
[1.231s] Invoking command in '/home/majama/ros2_ws/src/elgooso': PYTHONPATH=/home/majama/ros2_ws/build/elgooso/prefix_override:/home/majama/ros2_ws/install/elgooso/lib/python3.10/site-packages:${PYTHONPATH} /usr/bin/python3 setup.py egg_info --egg-base ../../build/elgooso build --build-base /home/majama/ros2_ws/build/elgooso/build install --record /home/majama/ros2_ws/build/elgooso/install.log --single-version-externally-managed
[1.455s] running egg_info
[1.456s] writing ../../build/elgooso/elgooso.egg-info/PKG-INFO
[1.467s] writing dependency_links to ../../build/elgooso/elgooso.egg-info/dependency_links.txt
[1.467s] writing entry points to ../../build/elgooso/elgooso.egg-info/entry_points.txt
[1.467s] writing requirements to ../../build/elgooso/elgooso.egg-info/requires.txt
[1.467s] writing top-level names to ../../build/elgooso/elgooso.egg-info/top_level.txt
[1.477s] reading manifest file '../../build/elgooso/elgooso.egg-info/SOURCES.txt'
[1.478s] writing manifest file '../../build/elgooso/elgooso.egg-info/SOURCES.txt'
[1.478s] running build
[1.478s] running build_py
[1.480s] copying elgooso/Qlearn.py -> /home/majama/ros2_ws/build/elgooso/build/lib/elgooso
[1.481s] running install
[1.481s] /usr/lib/python3/dist-packages/setuptools/command/install.py:34: SetuptoolsDeprecationWarning: setup.py install is deprecated. Use build and pip and other standards-based tools.
[1.481s]   warnings.warn(
[1.482s] running install_lib
[1.483s] copying /home/majama/ros2_ws/build/elgooso/build/lib/elgooso/Qlearn.py -> /home/majama/ros2_ws/install/elgooso/lib/python3.10/site-packages/elgooso
[1.485s] byte-compiling /home/majama/ros2_ws/install/elgooso/lib/python3.10/site-packages/elgooso/Qlearn.py to Qlearn.cpython-310.pyc
[1.487s] running install_data
[1.495s] running install_egg_info
[1.497s] removing '/home/majama/ros2_ws/install/elgooso/lib/python3.10/site-packages/elgooso-0.0.0-py3.10.egg-info' (and everything under it)
[1.499s] Copying ../../build/elgooso/elgooso.egg-info to /home/majama/ros2_ws/install/elgooso/lib/python3.10/site-packages/elgooso-0.0.0-py3.10.egg-info
[1.500s] running install_scripts
[1.521s] Installing Qlearn script to /home/majama/ros2_ws/install/elgooso/lib/elgooso
[1.521s] Installing move script to /home/majama/ros2_ws/install/elgooso/lib/elgooso
[1.523s] Installing spawn_entity script to /home/majama/ros2_ws/install/elgooso/lib/elgooso
[1.523s] Installing state_publisher script to /home/majama/ros2_ws/install/elgooso/lib/elgooso
[1.524s] Installing talker script to /home/majama/ros2_ws/install/elgooso/lib/elgooso
[1.525s] writing list of installed files to '/home/majama/ros2_ws/build/elgooso/install.log'
[1.550s] Invoked command in '/home/majama/ros2_ws/src/elgooso' returned '0': PYTHONPATH=/home/majama/ros2_ws/build/elgooso/prefix_override:/home/majama/ros2_ws/install/elgooso/lib/python3.10/site-packages:${PYTHONPATH} /usr/bin/python3 setup.py egg_info --egg-base ../../build/elgooso build --build-base /home/majama/ros2_ws/build/elgooso/build install --record /home/majama/ros2_ws/build/elgooso/install.log --single-version-externally-managed
