[1.127s] Invoking command in '/home/majama/ros2_ws/build/elgooso': PYTHONPATH=/home/majama/ros2_ws/build/elgooso/prefix_override:/home/majama/ros2_ws/install/elgooso/lib/python3.10/site-packages:${PYTHONPATH} /usr/bin/python3 setup.py develop --uninstall --editable --build-directory /home/majama/ros2_ws/build/elgooso/build
[1.591s] running develop
[1.603s] /usr/lib/python3/dist-packages/setuptools/command/easy_install.py:158: EasyInstallDeprecationWarning: easy_install command is deprecated. Use build and pip and other standards-based tools.
[1.603s]   warnings.warn(
[1.605s] /usr/lib/python3/dist-packages/setuptools/command/install.py:34: SetuptoolsDeprecationWarning: setup.py install is deprecated. Use build and pip and other standards-based tools.
[1.606s]   warnings.warn(
[1.715s] /usr/lib/python3/dist-packages/pkg_resources/__init__.py:116: PkgResourcesDeprecationWarning: 1.1build1 is an invalid version and will not be supported in a future release
[1.715s]   warnings.warn(
[1.716s] /usr/lib/python3/dist-packages/pkg_resources/__init__.py:116: PkgResourcesDeprecationWarning: 0.1.43ubuntu1 is an invalid version and will not be supported in a future release
[1.716s]   warnings.warn(
[1.954s] Invoked command in '/home/majama/ros2_ws/build/elgooso' returned '0': PYTHONPATH=/home/majama/ros2_ws/build/elgooso/prefix_override:/home/majama/ros2_ws/install/elgooso/lib/python3.10/site-packages:${PYTHONPATH} /usr/bin/python3 setup.py develop --uninstall --editable --build-directory /home/majama/ros2_ws/build/elgooso/build
[1.958s] Invoking command in '/home/majama/ros2_ws/src/elgooso': PYTHONPATH=/home/majama/ros2_ws/build/elgooso/prefix_override:/home/majama/ros2_ws/install/elgooso/lib/python3.10/site-packages:${PYTHONPATH} /usr/bin/python3 setup.py egg_info --egg-base ../../build/elgooso build --build-base /home/majama/ros2_ws/build/elgooso/build install --record /home/majama/ros2_ws/build/elgooso/install.log --single-version-externally-managed
[2.326s] running egg_info
[2.327s] writing ../../build/elgooso/elgooso.egg-info/PKG-INFO
[2.328s] writing dependency_links to ../../build/elgooso/elgooso.egg-info/dependency_links.txt
[2.328s] writing entry points to ../../build/elgooso/elgooso.egg-info/entry_points.txt
[2.328s] writing requirements to ../../build/elgooso/elgooso.egg-info/requires.txt
[2.328s] writing top-level names to ../../build/elgooso/elgooso.egg-info/top_level.txt
[2.332s] reading manifest file '../../build/elgooso/elgooso.egg-info/SOURCES.txt'
[2.344s] writing manifest file '../../build/elgooso/elgooso.egg-info/SOURCES.txt'
[2.344s] running build
[2.344s] running build_py
[2.344s] copying elgooso/spawn_entity.py -> /home/majama/ros2_ws/build/elgooso/build/lib/elgooso
[2.346s] running install
[2.346s] /usr/lib/python3/dist-packages/setuptools/command/install.py:34: SetuptoolsDeprecationWarning: setup.py install is deprecated. Use build and pip and other standards-based tools.
[2.346s]   warnings.warn(
[2.346s] running install_lib
[2.348s] copying /home/majama/ros2_ws/build/elgooso/build/lib/elgooso/spawn_entity.py -> /home/majama/ros2_ws/install/elgooso/lib/python3.10/site-packages/elgooso
[2.350s] byte-compiling /home/majama/ros2_ws/install/elgooso/lib/python3.10/site-packages/elgooso/spawn_entity.py to spawn_entity.cpython-310.pyc
[2.352s] byte-compiling /home/majama/ros2_ws/install/elgooso/lib/python3.10/site-packages/elgooso/Qlearn.py to Qlearn.cpython-310.pyc
[2.352s]   File "/home/majama/ros2_ws/install/elgooso/lib/python3.10/site-packages/elgooso/spawn_entity.py", line 38
[2.352s]     'Test ' {spawn.req.xml})
[2.352s]     ^^^^^^^^^^^^^^^^^^^^^^^
[2.352s] SyntaxError: invalid syntax. Perhaps you forgot a comma?
[2.352s] 
[2.353s]   File "/home/majama/ros2_ws/install/elgooso/lib/python3.10/site-packages/elgooso/Qlearn.py", line 108
[2.354s]     		reward = #=(self.posx - self.oldx)/(self.robot_vel * self.timer_period)
[2.354s]     		         ^^^^^^^^^^^^^^^^^^^^^^^^^^^^^^^^^^^^^^^^^^^^^^^^^^^^^^^^^^^^^^
[2.354s] SyntaxError: invalid syntax
[2.354s] 
[2.354s] running install_data
[2.354s] running install_egg_info
[2.357s] removing '/home/majama/ros2_ws/install/elgooso/lib/python3.10/site-packages/elgooso-0.0.0-py3.10.egg-info' (and everything under it)
[2.358s] Copying ../../build/elgooso/elgooso.egg-info to /home/majama/ros2_ws/install/elgooso/lib/python3.10/site-packages/elgooso-0.0.0-py3.10.egg-info
[2.359s] running install_scripts
[2.392s] Installing Qlearn script to /home/majama/ros2_ws/install/elgooso/lib/elgooso
[2.393s] Installing move script to /home/majama/ros2_ws/install/elgooso/lib/elgooso
[2.394s] Installing spawn_entity script to /home/majama/ros2_ws/install/elgooso/lib/elgooso
[2.394s] Installing state_publisher script to /home/majama/ros2_ws/install/elgooso/lib/elgooso
[2.394s] Installing talker script to /home/majama/ros2_ws/install/elgooso/lib/elgooso
[2.395s] writing list of installed files to '/home/majama/ros2_ws/build/elgooso/install.log'
[2.434s] Invoked command in '/home/majama/ros2_ws/src/elgooso' returned '0': PYTHONPATH=/home/majama/ros2_ws/build/elgooso/prefix_override:/home/majama/ros2_ws/install/elgooso/lib/python3.10/site-packages:${PYTHONPATH} /usr/bin/python3 setup.py egg_info --egg-base ../../build/elgooso build --build-base /home/majama/ros2_ws/build/elgooso/build install --record /home/majama/ros2_ws/build/elgooso/install.log --single-version-externally-managed
