[2.223s] Invoking command in '/home/majama/ros2_ws/build/elgooso': PYTHONPATH=/home/majama/ros2_ws/build/elgooso/prefix_override:/home/majama/ros2_ws/install/elgooso/lib/python3.10/site-packages:${PYTHONPATH} /usr/bin/python3 setup.py develop --uninstall --editable --build-directory /home/majama/ros2_ws/build/elgooso/build
[2.861s] running develop
[2.863s] /usr/lib/python3/dist-packages/setuptools/command/easy_install.py:158: EasyInstallDeprecationWarning: easy_install command is deprecated. Use build and pip and other standards-based tools.
[2.863s]   warnings.warn(
[2.866s] /usr/lib/python3/dist-packages/setuptools/command/install.py:34: SetuptoolsDeprecationWarning: setup.py install is deprecated. Use build and pip and other standards-based tools.
[2.866s]   warnings.warn(
[2.969s] /usr/lib/python3/dist-packages/pkg_resources/__init__.py:116: PkgResourcesDeprecationWarning: 1.1build1 is an invalid version and will not be supported in a future release
[2.969s]   warnings.warn(
[2.970s] /usr/lib/python3/dist-packages/pkg_resources/__init__.py:116: PkgResourcesDeprecationWarning: 0.1.43ubuntu1 is an invalid version and will not be supported in a future release
[2.970s]   warnings.warn(
[3.254s] Invoked command in '/home/majama/ros2_ws/build/elgooso' returned '0': PYTHONPATH=/home/majama/ros2_ws/build/elgooso/prefix_override:/home/majama/ros2_ws/install/elgooso/lib/python3.10/site-packages:${PYTHONPATH} /usr/bin/python3 setup.py develop --uninstall --editable --build-directory /home/majama/ros2_ws/build/elgooso/build
[3.254s] Invoking command in '/home/majama/ros2_ws/src/elgooso': PYTHONPATH=/home/majama/ros2_ws/build/elgooso/prefix_override:/home/majama/ros2_ws/install/elgooso/lib/python3.10/site-packages:${PYTHONPATH} /usr/bin/python3 setup.py egg_info --egg-base ../../build/elgooso build --build-base /home/majama/ros2_ws/build/elgooso/build install --record /home/majama/ros2_ws/build/elgooso/install.log --single-version-externally-managed
[3.837s] running egg_info
[3.840s] writing ../../build/elgooso/elgooso.egg-info/PKG-INFO
[3.844s] writing dependency_links to ../../build/elgooso/elgooso.egg-info/dependency_links.txt
[3.845s] writing entry points to ../../build/elgooso/elgooso.egg-info/entry_points.txt
[3.847s] writing requirements to ../../build/elgooso/elgooso.egg-info/requires.txt
[3.848s] writing top-level names to ../../build/elgooso/elgooso.egg-info/top_level.txt
[3.871s] reading manifest file '../../build/elgooso/elgooso.egg-info/SOURCES.txt'
[3.874s] writing manifest file '../../build/elgooso/elgooso.egg-info/SOURCES.txt'
[3.874s] running build
[3.874s] running build_py
[3.876s] copying elgooso/Qlearn.py -> /home/majama/ros2_ws/build/elgooso/build/lib/elgooso
[3.878s] running install
[3.878s] /usr/lib/python3/dist-packages/setuptools/command/install.py:34: SetuptoolsDeprecationWarning: setup.py install is deprecated. Use build and pip and other standards-based tools.
[3.878s]   warnings.warn(
[3.879s] running install_lib
[3.882s] copying /home/majama/ros2_ws/build/elgooso/build/lib/elgooso/Qlearn.py -> /home/majama/ros2_ws/install/elgooso/lib/python3.10/site-packages/elgooso
[3.885s] byte-compiling /home/majama/ros2_ws/install/elgooso/lib/python3.10/site-packages/elgooso/Qlearn.py to Qlearn.cpython-310.pyc
[3.889s]   File "/home/majama/ros2_ws/install/elgooso/lib/python3.10/site-packages/elgooso/Qlearn.py", line 121
[3.889s]     		elif state = 0 :
[3.889s]     		     ^^^^^^^^^
[3.890s] SyntaxError: invalid syntax. Maybe you meant '==' or ':=' instead of '='?
[3.890s] 
[3.890s] running install_data
[3.897s] running install_egg_info
[3.901s] removing '/home/majama/ros2_ws/install/elgooso/lib/python3.10/site-packages/elgooso-0.0.0-py3.10.egg-info' (and everything under it)
[3.903s] Copying ../../build/elgooso/elgooso.egg-info to /home/majama/ros2_ws/install/elgooso/lib/python3.10/site-packages/elgooso-0.0.0-py3.10.egg-info
[3.906s] running install_scripts
[3.963s] Installing Qlearn script to /home/majama/ros2_ws/install/elgooso/lib/elgooso
[3.964s] Installing move script to /home/majama/ros2_ws/install/elgooso/lib/elgooso
[3.966s] Installing spawn_entity script to /home/majama/ros2_ws/install/elgooso/lib/elgooso
[3.966s] Installing state_publisher script to /home/majama/ros2_ws/install/elgooso/lib/elgooso
[3.966s] Installing talker script to /home/majama/ros2_ws/install/elgooso/lib/elgooso
[3.967s] writing list of installed files to '/home/majama/ros2_ws/build/elgooso/install.log'
[4.032s] Invoked command in '/home/majama/ros2_ws/src/elgooso' returned '0': PYTHONPATH=/home/majama/ros2_ws/build/elgooso/prefix_override:/home/majama/ros2_ws/install/elgooso/lib/python3.10/site-packages:${PYTHONPATH} /usr/bin/python3 setup.py egg_info --egg-base ../../build/elgooso build --build-base /home/majama/ros2_ws/build/elgooso/build install --record /home/majama/ros2_ws/build/elgooso/install.log --single-version-externally-managed
