[0.407s] Invoking command in '/home/majama/ros2_ws/build/elgooso': PYTHONPATH=/home/majama/ros2_ws/build/elgooso/prefix_override:/home/majama/ros2_ws/install/elgooso/lib/python3.10/site-packages:${PYTHONPATH} /usr/bin/python3 setup.py develop --uninstall --editable --build-directory /home/majama/ros2_ws/build/elgooso/build
[0.597s] running develop
[0.597s] /usr/lib/python3/dist-packages/setuptools/command/easy_install.py:158: EasyInstallDeprecationWarning: easy_install command is deprecated. Use build and pip and other standards-based tools.
[0.597s]   warnings.warn(
[0.598s] /usr/lib/python3/dist-packages/setuptools/command/install.py:34: SetuptoolsDeprecationWarning: setup.py install is deprecated. Use build and pip and other standards-based tools.
[0.598s]   warnings.warn(
[0.632s] /usr/lib/python3/dist-packages/pkg_resources/__init__.py:116: PkgResourcesDeprecationWarning: 1.1build1 is an invalid version and will not be supported in a future release
[0.632s]   warnings.warn(
[0.632s] /usr/lib/python3/dist-packages/pkg_resources/__init__.py:116: PkgResourcesDeprecationWarning: 0.1.43ubuntu1 is an invalid version and will not be supported in a future release
[0.632s]   warnings.warn(
[0.714s] Invoked command in '/home/majama/ros2_ws/build/elgooso' returned '0': PYTHONPATH=/home/majama/ros2_ws/build/elgooso/prefix_override:/home/majama/ros2_ws/install/elgooso/lib/python3.10/site-packages:${PYTHONPATH} /usr/bin/python3 setup.py develop --uninstall --editable --build-directory /home/majama/ros2_ws/build/elgooso/build
[0.714s] Invoking command in '/home/majama/ros2_ws/src/elgooso': PYTHONPATH=/home/majama/ros2_ws/build/elgooso/prefix_override:/home/majama/ros2_ws/install/elgooso/lib/python3.10/site-packages:${PYTHONPATH} /usr/bin/python3 setup.py egg_info --egg-base ../../build/elgooso build --build-base /home/majama/ros2_ws/build/elgooso/build install --record /home/majama/ros2_ws/build/elgooso/install.log --single-version-externally-managed
[0.867s] running egg_info
[0.868s] writing ../../build/elgooso/elgooso.egg-info/PKG-INFO
[0.868s] writing dependency_links to ../../build/elgooso/elgooso.egg-info/dependency_links.txt
[0.868s] writing entry points to ../../build/elgooso/elgooso.egg-info/entry_points.txt
[0.868s] writing requirements to ../../build/elgooso/elgooso.egg-info/requires.txt
[0.869s] writing top-level names to ../../build/elgooso/elgooso.egg-info/top_level.txt
[0.870s] reading manifest file '../../build/elgooso/elgooso.egg-info/SOURCES.txt'
[0.871s] writing manifest file '../../build/elgooso/elgooso.egg-info/SOURCES.txt'
[0.871s] running build
[0.871s] running build_py
[0.871s] running install
[0.871s] /usr/lib/python3/dist-packages/setuptools/command/install.py:34: SetuptoolsDeprecationWarning: setup.py install is deprecated. Use build and pip and other standards-based tools.
[0.871s]   warnings.warn(
[0.871s] running install_lib
[0.872s] running install_data
[0.872s] copying launch/elgooso_move_test.launch.py -> /home/majama/ros2_ws/install/elgooso/share/elgooso/launch
[0.872s] running install_egg_info
[0.874s] removing '/home/majama/ros2_ws/install/elgooso/lib/python3.10/site-packages/elgooso-0.0.0-py3.10.egg-info' (and everything under it)
[0.874s] Copying ../../build/elgooso/elgooso.egg-info to /home/majama/ros2_ws/install/elgooso/lib/python3.10/site-packages/elgooso-0.0.0-py3.10.egg-info
[0.874s] running install_scripts
[0.890s] Installing state_publisher script to /home/majama/ros2_ws/install/elgooso/lib/elgooso
[0.890s] writing list of installed files to '/home/majama/ros2_ws/build/elgooso/install.log'
[0.909s] Invoked command in '/home/majama/ros2_ws/src/elgooso' returned '0': PYTHONPATH=/home/majama/ros2_ws/build/elgooso/prefix_override:/home/majama/ros2_ws/install/elgooso/lib/python3.10/site-packages:${PYTHONPATH} /usr/bin/python3 setup.py egg_info --egg-base ../../build/elgooso build --build-base /home/majama/ros2_ws/build/elgooso/build install --record /home/majama/ros2_ws/build/elgooso/install.log --single-version-externally-managed
