[1.830s] Invoking command in '/home/majama/ros2_ws/build/elgooso': PYTHONPATH=/home/majama/ros2_ws/build/elgooso/prefix_override:/home/majama/ros2_ws/install/elgooso/lib/python3.10/site-packages:${PYTHONPATH} /usr/bin/python3 setup.py develop --uninstall --editable --build-directory /home/majama/ros2_ws/build/elgooso/build
[2.570s] running develop
[2.571s] /usr/lib/python3/dist-packages/setuptools/command/easy_install.py:158: EasyInstallDeprecationWarning: easy_install command is deprecated. Use build and pip and other standards-based tools.
[2.571s]   warnings.warn(
[2.576s] /usr/lib/python3/dist-packages/setuptools/command/install.py:34: SetuptoolsDeprecationWarning: setup.py install is deprecated. Use build and pip and other standards-based tools.
[2.577s]   warnings.warn(
[2.717s] /usr/lib/python3/dist-packages/pkg_resources/__init__.py:116: PkgResourcesDeprecationWarning: 1.1build1 is an invalid version and will not be supported in a future release
[2.717s]   warnings.warn(
[2.719s] /usr/lib/python3/dist-packages/pkg_resources/__init__.py:116: PkgResourcesDeprecationWarning: 0.1.43ubuntu1 is an invalid version and will not be supported in a future release
[2.719s]   warnings.warn(
[3.045s] Invoked command in '/home/majama/ros2_ws/build/elgooso' returned '0': PYTHONPATH=/home/majama/ros2_ws/build/elgooso/prefix_override:/home/majama/ros2_ws/install/elgooso/lib/python3.10/site-packages:${PYTHONPATH} /usr/bin/python3 setup.py develop --uninstall --editable --build-directory /home/majama/ros2_ws/build/elgooso/build
[3.047s] Invoking command in '/home/majama/ros2_ws/src/elgooso': PYTHONPATH=/home/majama/ros2_ws/build/elgooso/prefix_override:/home/majama/ros2_ws/install/elgooso/lib/python3.10/site-packages:${PYTHONPATH} /usr/bin/python3 setup.py egg_info --egg-base ../../build/elgooso build --build-base /home/majama/ros2_ws/build/elgooso/build install --record /home/majama/ros2_ws/build/elgooso/install.log --single-version-externally-managed
[3.497s] running egg_info
[3.499s] writing ../../build/elgooso/elgooso.egg-info/PKG-INFO
[3.508s] writing dependency_links to ../../build/elgooso/elgooso.egg-info/dependency_links.txt
[3.509s] writing entry points to ../../build/elgooso/elgooso.egg-info/entry_points.txt
[3.510s] writing requirements to ../../build/elgooso/elgooso.egg-info/requires.txt
[3.510s] writing top-level names to ../../build/elgooso/elgooso.egg-info/top_level.txt
[3.526s] reading manifest file '../../build/elgooso/elgooso.egg-info/SOURCES.txt'
[3.529s] writing manifest file '../../build/elgooso/elgooso.egg-info/SOURCES.txt'
[3.529s] running build
[3.529s] running build_py
[3.534s] copying elgooso/Qlearn.py -> /home/majama/ros2_ws/build/elgooso/build/lib/elgooso
[3.536s] running install
[3.538s] /usr/lib/python3/dist-packages/setuptools/command/install.py:34: SetuptoolsDeprecationWarning: setup.py install is deprecated. Use build and pip and other standards-based tools.
[3.538s]   warnings.warn(
[3.538s] running install_lib
[3.540s] copying /home/majama/ros2_ws/build/elgooso/build/lib/elgooso/Qlearn.py -> /home/majama/ros2_ws/install/elgooso/lib/python3.10/site-packages/elgooso
[3.543s] byte-compiling /home/majama/ros2_ws/install/elgooso/lib/python3.10/site-packages/elgooso/Qlearn.py to Qlearn.cpython-310.pyc
[3.548s] running install_data
[3.562s] running install_egg_info
[3.562s] removing '/home/majama/ros2_ws/install/elgooso/lib/python3.10/site-packages/elgooso-0.0.0-py3.10.egg-info' (and everything under it)
[3.563s] Copying ../../build/elgooso/elgooso.egg-info to /home/majama/ros2_ws/install/elgooso/lib/python3.10/site-packages/elgooso-0.0.0-py3.10.egg-info
[3.565s] running install_scripts
[3.652s] Installing Qlearn script to /home/majama/ros2_ws/install/elgooso/lib/elgooso
[3.653s] Installing move script to /home/majama/ros2_ws/install/elgooso/lib/elgooso
[3.658s] Installing spawn_entity script to /home/majama/ros2_ws/install/elgooso/lib/elgooso
[3.659s] Installing state_publisher script to /home/majama/ros2_ws/install/elgooso/lib/elgooso
[3.659s] Installing talker script to /home/majama/ros2_ws/install/elgooso/lib/elgooso
[3.662s] writing list of installed files to '/home/majama/ros2_ws/build/elgooso/install.log'
[3.743s] Invoked command in '/home/majama/ros2_ws/src/elgooso' returned '0': PYTHONPATH=/home/majama/ros2_ws/build/elgooso/prefix_override:/home/majama/ros2_ws/install/elgooso/lib/python3.10/site-packages:${PYTHONPATH} /usr/bin/python3 setup.py egg_info --egg-base ../../build/elgooso build --build-base /home/majama/ros2_ws/build/elgooso/build install --record /home/majama/ros2_ws/build/elgooso/install.log --single-version-externally-managed
