[1.922s] Invoking command in '/home/majama/ros2_ws/build/elgooso': PYTHONPATH=/home/majama/ros2_ws/build/elgooso/prefix_override:/home/majama/ros2_ws/install/elgooso/lib/python3.10/site-packages:${PYTHONPATH} /usr/bin/python3 setup.py develop --uninstall --editable --build-directory /home/majama/ros2_ws/build/elgooso/build
[2.610s] running develop
[2.621s] /usr/lib/python3/dist-packages/setuptools/command/easy_install.py:158: EasyInstallDeprecationWarning: easy_install command is deprecated. Use build and pip and other standards-based tools.
[2.621s]   warnings.warn(
[2.633s] /usr/lib/python3/dist-packages/setuptools/command/install.py:34: SetuptoolsDeprecationWarning: setup.py install is deprecated. Use build and pip and other standards-based tools.
[2.633s]   warnings.warn(
[2.759s] /usr/lib/python3/dist-packages/pkg_resources/__init__.py:116: PkgResourcesDeprecationWarning: 1.1build1 is an invalid version and will not be supported in a future release
[2.759s]   warnings.warn(
[2.760s] /usr/lib/python3/dist-packages/pkg_resources/__init__.py:116: PkgResourcesDeprecationWarning: 0.1.43ubuntu1 is an invalid version and will not be supported in a future release
[2.760s]   warnings.warn(
[3.090s] Invoked command in '/home/majama/ros2_ws/build/elgooso' returned '0': PYTHONPATH=/home/majama/ros2_ws/build/elgooso/prefix_override:/home/majama/ros2_ws/install/elgooso/lib/python3.10/site-packages:${PYTHONPATH} /usr/bin/python3 setup.py develop --uninstall --editable --build-directory /home/majama/ros2_ws/build/elgooso/build
[3.094s] Invoking command in '/home/majama/ros2_ws/src/elgooso': PYTHONPATH=/home/majama/ros2_ws/build/elgooso/prefix_override:/home/majama/ros2_ws/install/elgooso/lib/python3.10/site-packages:${PYTHONPATH} /usr/bin/python3 setup.py egg_info --egg-base ../../build/elgooso build --build-base /home/majama/ros2_ws/build/elgooso/build install --record /home/majama/ros2_ws/build/elgooso/install.log --single-version-externally-managed
[3.835s] running egg_info
[3.839s] writing ../../build/elgooso/elgooso.egg-info/PKG-INFO
[3.849s] writing dependency_links to ../../build/elgooso/elgooso.egg-info/dependency_links.txt
[3.849s] writing entry points to ../../build/elgooso/elgooso.egg-info/entry_points.txt
[3.850s] writing requirements to ../../build/elgooso/elgooso.egg-info/requires.txt
[3.850s] writing top-level names to ../../build/elgooso/elgooso.egg-info/top_level.txt
[3.855s] reading manifest file '../../build/elgooso/elgooso.egg-info/SOURCES.txt'
[3.858s] writing manifest file '../../build/elgooso/elgooso.egg-info/SOURCES.txt'
[3.858s] running build
[3.858s] running build_py
[3.863s] running install
[3.864s] /usr/lib/python3/dist-packages/setuptools/command/install.py:34: SetuptoolsDeprecationWarning: setup.py install is deprecated. Use build and pip and other standards-based tools.
[3.864s]   warnings.warn(
[3.865s] running install_lib
[3.870s] running install_data
[3.875s] copying urdf/elgooso.xacro -> /home/majama/ros2_ws/install/elgooso/share/elgooso/urdf
[3.878s] copying urdf/elgooso.urdf -> /home/majama/ros2_ws/install/elgooso/share/elgooso/urdf
[3.881s] copying worlds/world_demo.sdf -> /home/majama/ros2_ws/install/elgooso/share/elgooso/worlds
[3.881s] copying worlds/world_demo.xacro -> /home/majama/ros2_ws/install/elgooso/share/elgooso/worlds
[3.882s] running install_egg_info
[3.888s] removing '/home/majama/ros2_ws/install/elgooso/lib/python3.10/site-packages/elgooso-0.0.0-py3.10.egg-info' (and everything under it)
[3.888s] Copying ../../build/elgooso/elgooso.egg-info to /home/majama/ros2_ws/install/elgooso/lib/python3.10/site-packages/elgooso-0.0.0-py3.10.egg-info
[3.890s] running install_scripts
[3.954s] Installing Qlearn script to /home/majama/ros2_ws/install/elgooso/lib/elgooso
[3.954s] Installing move script to /home/majama/ros2_ws/install/elgooso/lib/elgooso
[3.966s] Installing spawn_entity script to /home/majama/ros2_ws/install/elgooso/lib/elgooso
[3.967s] Installing state_publisher script to /home/majama/ros2_ws/install/elgooso/lib/elgooso
[3.967s] Installing talker script to /home/majama/ros2_ws/install/elgooso/lib/elgooso
[3.968s] writing list of installed files to '/home/majama/ros2_ws/build/elgooso/install.log'
[4.011s] Invoked command in '/home/majama/ros2_ws/src/elgooso' returned '0': PYTHONPATH=/home/majama/ros2_ws/build/elgooso/prefix_override:/home/majama/ros2_ws/install/elgooso/lib/python3.10/site-packages:${PYTHONPATH} /usr/bin/python3 setup.py egg_info --egg-base ../../build/elgooso build --build-base /home/majama/ros2_ws/build/elgooso/build install --record /home/majama/ros2_ws/build/elgooso/install.log --single-version-externally-managed
