[1.079s] Invoking command in '/home/majama/ros2_ws/build/elgooso': PYTHONPATH=/home/majama/ros2_ws/build/elgooso/prefix_override:/home/majama/ros2_ws/install/elgooso/lib/python3.10/site-packages:${PYTHONPATH} /usr/bin/python3 setup.py develop --uninstall --editable --build-directory /home/majama/ros2_ws/build/elgooso/build
[1.540s] running develop
[1.542s] /usr/lib/python3/dist-packages/setuptools/command/easy_install.py:158: EasyInstallDeprecationWarning: easy_install command is deprecated. Use build and pip and other standards-based tools.
[1.542s]   warnings.warn(
[1.544s] /usr/lib/python3/dist-packages/setuptools/command/install.py:34: SetuptoolsDeprecationWarning: setup.py install is deprecated. Use build and pip and other standards-based tools.
[1.544s]   warnings.warn(
[1.645s] /usr/lib/python3/dist-packages/pkg_resources/__init__.py:116: PkgResourcesDeprecationWarning: 1.1build1 is an invalid version and will not be supported in a future release
[1.645s]   warnings.warn(
[1.645s] /usr/lib/python3/dist-packages/pkg_resources/__init__.py:116: PkgResourcesDeprecationWarning: 0.1.43ubuntu1 is an invalid version and will not be supported in a future release
[1.646s]   warnings.warn(
[1.848s] Invoked command in '/home/majama/ros2_ws/build/elgooso' returned '0': PYTHONPATH=/home/majama/ros2_ws/build/elgooso/prefix_override:/home/majama/ros2_ws/install/elgooso/lib/python3.10/site-packages:${PYTHONPATH} /usr/bin/python3 setup.py develop --uninstall --editable --build-directory /home/majama/ros2_ws/build/elgooso/build
[1.849s] Invoking command in '/home/majama/ros2_ws/src/elgooso': PYTHONPATH=/home/majama/ros2_ws/build/elgooso/prefix_override:/home/majama/ros2_ws/install/elgooso/lib/python3.10/site-packages:${PYTHONPATH} /usr/bin/python3 setup.py egg_info --egg-base ../../build/elgooso build --build-base /home/majama/ros2_ws/build/elgooso/build install --record /home/majama/ros2_ws/build/elgooso/install.log --single-version-externally-managed
[2.265s] running egg_info
[2.267s] writing ../../build/elgooso/elgooso.egg-info/PKG-INFO
[2.267s] writing dependency_links to ../../build/elgooso/elgooso.egg-info/dependency_links.txt
[2.267s] writing entry points to ../../build/elgooso/elgooso.egg-info/entry_points.txt
[2.267s] writing requirements to ../../build/elgooso/elgooso.egg-info/requires.txt
[2.267s] writing top-level names to ../../build/elgooso/elgooso.egg-info/top_level.txt
[2.281s] reading manifest file '../../build/elgooso/elgooso.egg-info/SOURCES.txt'
[2.284s] writing manifest file '../../build/elgooso/elgooso.egg-info/SOURCES.txt'
[2.284s] running build
[2.285s] running build_py
[2.285s] running install
[2.286s] running install_lib
[2.286s] /usr/lib/python3/dist-packages/setuptools/command/install.py:34: SetuptoolsDeprecationWarning: setup.py install is deprecated. Use build and pip and other standards-based tools.
[2.286s]   warnings.warn(
[2.289s] running install_data
[2.294s] copying package.xml -> /home/majama/ros2_ws/install/elgooso/share/elgooso
[2.294s] running install_egg_info
[2.294s] removing '/home/majama/ros2_ws/install/elgooso/lib/python3.10/site-packages/elgooso-0.0.0-py3.10.egg-info' (and everything under it)
[2.295s] Copying ../../build/elgooso/elgooso.egg-info to /home/majama/ros2_ws/install/elgooso/lib/python3.10/site-packages/elgooso-0.0.0-py3.10.egg-info
[2.297s] running install_scripts
[2.339s] Installing move script to /home/majama/ros2_ws/install/elgooso/lib/elgooso
[2.341s] Installing state_publisher script to /home/majama/ros2_ws/install/elgooso/lib/elgooso
[2.342s] writing list of installed files to '/home/majama/ros2_ws/build/elgooso/install.log'
[2.383s] Invoked command in '/home/majama/ros2_ws/src/elgooso' returned '0': PYTHONPATH=/home/majama/ros2_ws/build/elgooso/prefix_override:/home/majama/ros2_ws/install/elgooso/lib/python3.10/site-packages:${PYTHONPATH} /usr/bin/python3 setup.py egg_info --egg-base ../../build/elgooso build --build-base /home/majama/ros2_ws/build/elgooso/build install --record /home/majama/ros2_ws/build/elgooso/install.log --single-version-externally-managed
