[1.277s] Invoking command in '/home/majama/ros2_ws/build/elgooso': PYTHONPATH=/home/majama/ros2_ws/build/elgooso/prefix_override:/home/majama/ros2_ws/install/elgooso/lib/python3.10/site-packages:${PYTHONPATH} /usr/bin/python3 setup.py develop --uninstall --editable --build-directory /home/majama/ros2_ws/build/elgooso/build
[1.656s] running develop
[1.659s] /usr/lib/python3/dist-packages/setuptools/command/easy_install.py:158: EasyInstallDeprecationWarning: easy_install command is deprecated. Use build and pip and other standards-based tools.
[1.659s]   warnings.warn(
[1.662s] /usr/lib/python3/dist-packages/setuptools/command/install.py:34: SetuptoolsDeprecationWarning: setup.py install is deprecated. Use build and pip and other standards-based tools.
[1.662s]   warnings.warn(
[1.764s] /usr/lib/python3/dist-packages/pkg_resources/__init__.py:116: PkgResourcesDeprecationWarning: 1.1build1 is an invalid version and will not be supported in a future release
[1.764s]   warnings.warn(
[1.764s] /usr/lib/python3/dist-packages/pkg_resources/__init__.py:116: PkgResourcesDeprecationWarning: 0.1.43ubuntu1 is an invalid version and will not be supported in a future release
[1.764s]   warnings.warn(
[1.964s] Invoked command in '/home/majama/ros2_ws/build/elgooso' returned '0': PYTHONPATH=/home/majama/ros2_ws/build/elgooso/prefix_override:/home/majama/ros2_ws/install/elgooso/lib/python3.10/site-packages:${PYTHONPATH} /usr/bin/python3 setup.py develop --uninstall --editable --build-directory /home/majama/ros2_ws/build/elgooso/build
[1.965s] Invoking command in '/home/majama/ros2_ws/src/elgooso': PYTHONPATH=/home/majama/ros2_ws/build/elgooso/prefix_override:/home/majama/ros2_ws/install/elgooso/lib/python3.10/site-packages:${PYTHONPATH} /usr/bin/python3 setup.py egg_info --egg-base ../../build/elgooso build --build-base /home/majama/ros2_ws/build/elgooso/build install --record /home/majama/ros2_ws/build/elgooso/install.log --single-version-externally-managed
[2.291s] running egg_info
[2.292s] writing ../../build/elgooso/elgooso.egg-info/PKG-INFO
[2.303s] writing dependency_links to ../../build/elgooso/elgooso.egg-info/dependency_links.txt
[2.303s] writing entry points to ../../build/elgooso/elgooso.egg-info/entry_points.txt
[2.303s] writing requirements to ../../build/elgooso/elgooso.egg-info/requires.txt
[2.303s] writing top-level names to ../../build/elgooso/elgooso.egg-info/top_level.txt
[2.312s] reading manifest file '../../build/elgooso/elgooso.egg-info/SOURCES.txt'
[2.314s] writing manifest file '../../build/elgooso/elgooso.egg-info/SOURCES.txt'
[2.314s] running build
[2.314s] running build_py
[2.316s] copying elgooso/Qlearn.py -> /home/majama/ros2_ws/build/elgooso/build/lib/elgooso
[2.317s] running install
[2.317s] /usr/lib/python3/dist-packages/setuptools/command/install.py:34: SetuptoolsDeprecationWarning: setup.py install is deprecated. Use build and pip and other standards-based tools.
[2.317s]   warnings.warn(
[2.317s] running install_lib
[2.319s] copying /home/majama/ros2_ws/build/elgooso/build/lib/elgooso/Qlearn.py -> /home/majama/ros2_ws/install/elgooso/lib/python3.10/site-packages/elgooso
[2.320s] byte-compiling /home/majama/ros2_ws/install/elgooso/lib/python3.10/site-packages/elgooso/Qlearn.py to Qlearn.cpython-310.pyc
[2.323s] running install_data
[2.325s] running install_egg_info
[2.327s] removing '/home/majama/ros2_ws/install/elgooso/lib/python3.10/site-packages/elgooso-0.0.0-py3.10.egg-info' (and everything under it)
[2.328s] Copying ../../build/elgooso/elgooso.egg-info to /home/majama/ros2_ws/install/elgooso/lib/python3.10/site-packages/elgooso-0.0.0-py3.10.egg-info
[2.329s] running install_scripts
[2.358s] Installing Qlearn script to /home/majama/ros2_ws/install/elgooso/lib/elgooso
[2.358s] Installing move script to /home/majama/ros2_ws/install/elgooso/lib/elgooso
[2.359s] Installing spawn_entity script to /home/majama/ros2_ws/install/elgooso/lib/elgooso
[2.359s] Installing state_publisher script to /home/majama/ros2_ws/install/elgooso/lib/elgooso
[2.359s] Installing talker script to /home/majama/ros2_ws/install/elgooso/lib/elgooso
[2.359s] writing list of installed files to '/home/majama/ros2_ws/build/elgooso/install.log'
[2.394s] Invoked command in '/home/majama/ros2_ws/src/elgooso' returned '0': PYTHONPATH=/home/majama/ros2_ws/build/elgooso/prefix_override:/home/majama/ros2_ws/install/elgooso/lib/python3.10/site-packages:${PYTHONPATH} /usr/bin/python3 setup.py egg_info --egg-base ../../build/elgooso build --build-base /home/majama/ros2_ws/build/elgooso/build install --record /home/majama/ros2_ws/build/elgooso/install.log --single-version-externally-managed
