[1.079s] Invoking command in '/home/majama/ros2_ws/build/elgooso': PYTHONPATH=/home/majama/ros2_ws/build/elgooso/prefix_override:/home/majama/ros2_ws/install/elgooso/lib/python3.10/site-packages:${PYTHONPATH} /usr/bin/python3 setup.py develop --uninstall --editable --build-directory /home/majama/ros2_ws/build/elgooso/build
[1.398s] running develop
[1.411s] /usr/lib/python3/dist-packages/setuptools/command/easy_install.py:158: EasyInstallDeprecationWarning: easy_install command is deprecated. Use build and pip and other standards-based tools.
[1.411s]   warnings.warn(
[1.415s] /usr/lib/python3/dist-packages/setuptools/command/install.py:34: SetuptoolsDeprecationWarning: setup.py install is deprecated. Use build and pip and other standards-based tools.
[1.415s]   warnings.warn(
[1.477s] /usr/lib/python3/dist-packages/pkg_resources/__init__.py:116: PkgResourcesDeprecationWarning: 1.1build1 is an invalid version and will not be supported in a future release
[1.477s]   warnings.warn(
[1.477s] /usr/lib/python3/dist-packages/pkg_resources/__init__.py:116: PkgResourcesDeprecationWarning: 0.1.43ubuntu1 is an invalid version and will not be supported in a future release
[1.477s]   warnings.warn(
[1.610s] Invoked command in '/home/majama/ros2_ws/build/elgooso' returned '0': PYTHONPATH=/home/majama/ros2_ws/build/elgooso/prefix_override:/home/majama/ros2_ws/install/elgooso/lib/python3.10/site-packages:${PYTHONPATH} /usr/bin/python3 setup.py develop --uninstall --editable --build-directory /home/majama/ros2_ws/build/elgooso/build
[1.613s] Invoking command in '/home/majama/ros2_ws/src/elgooso': PYTHONPATH=/home/majama/ros2_ws/build/elgooso/prefix_override:/home/majama/ros2_ws/install/elgooso/lib/python3.10/site-packages:${PYTHONPATH} /usr/bin/python3 setup.py egg_info --egg-base ../../build/elgooso build --build-base /home/majama/ros2_ws/build/elgooso/build install --record /home/majama/ros2_ws/build/elgooso/install.log --single-version-externally-managed
[1.832s] running egg_info
[1.833s] writing ../../build/elgooso/elgooso.egg-info/PKG-INFO
[1.834s] writing dependency_links to ../../build/elgooso/elgooso.egg-info/dependency_links.txt
[1.835s] writing entry points to ../../build/elgooso/elgooso.egg-info/entry_points.txt
[1.835s] writing requirements to ../../build/elgooso/elgooso.egg-info/requires.txt
[1.836s] writing top-level names to ../../build/elgooso/elgooso.egg-info/top_level.txt
[1.850s] reading manifest file '../../build/elgooso/elgooso.egg-info/SOURCES.txt'
[1.851s] writing manifest file '../../build/elgooso/elgooso.egg-info/SOURCES.txt'
[1.852s] running build
[1.852s] running build_py
[1.852s] copying elgooso/Qlearn.py -> /home/majama/ros2_ws/build/elgooso/build/lib/elgooso
[1.853s] running install
[1.853s] /usr/lib/python3/dist-packages/setuptools/command/install.py:34: SetuptoolsDeprecationWarning: setup.py install is deprecated. Use build and pip and other standards-based tools.
[1.853s]   warnings.warn(
[1.854s] running install_lib
[1.855s] copying /home/majama/ros2_ws/build/elgooso/build/lib/elgooso/Qlearn.py -> /home/majama/ros2_ws/install/elgooso/lib/python3.10/site-packages/elgooso
[1.856s] byte-compiling /home/majama/ros2_ws/install/elgooso/lib/python3.10/site-packages/elgooso/Qlearn.py to Qlearn.cpython-310.pyc
[1.858s] running install_data
[1.860s] running install_egg_info
[1.862s] removing '/home/majama/ros2_ws/install/elgooso/lib/python3.10/site-packages/elgooso-0.0.0-py3.10.egg-info' (and everything under it)
[1.862s] Copying ../../build/elgooso/elgooso.egg-info to /home/majama/ros2_ws/install/elgooso/lib/python3.10/site-packages/elgooso-0.0.0-py3.10.egg-info
[1.864s] running install_scripts
[1.892s] Installing Qlearn script to /home/majama/ros2_ws/install/elgooso/lib/elgooso
[1.892s] Installing move script to /home/majama/ros2_ws/install/elgooso/lib/elgooso
[1.892s] Installing spawn_entity script to /home/majama/ros2_ws/install/elgooso/lib/elgooso
[1.892s] Installing state_publisher script to /home/majama/ros2_ws/install/elgooso/lib/elgooso
[1.892s] Installing talker script to /home/majama/ros2_ws/install/elgooso/lib/elgooso
[1.893s] writing list of installed files to '/home/majama/ros2_ws/build/elgooso/install.log'
[1.949s] Invoked command in '/home/majama/ros2_ws/src/elgooso' returned '0': PYTHONPATH=/home/majama/ros2_ws/build/elgooso/prefix_override:/home/majama/ros2_ws/install/elgooso/lib/python3.10/site-packages:${PYTHONPATH} /usr/bin/python3 setup.py egg_info --egg-base ../../build/elgooso build --build-base /home/majama/ros2_ws/build/elgooso/build install --record /home/majama/ros2_ws/build/elgooso/install.log --single-version-externally-managed
