[1.047s] Invoking command in '/home/majama/ros2_ws/build/elgooso': PYTHONPATH=/home/majama/ros2_ws/build/elgooso/prefix_override:/home/majama/ros2_ws/install/elgooso/lib/python3.10/site-packages:${PYTHONPATH} /usr/bin/python3 setup.py develop --uninstall --editable --build-directory /home/majama/ros2_ws/build/elgooso/build
[1.607s] running develop
[1.608s] /usr/lib/python3/dist-packages/setuptools/command/easy_install.py:158: EasyInstallDeprecationWarning: easy_install command is deprecated. Use build and pip and other standards-based tools.
[1.609s]   warnings.warn(
[1.612s] /usr/lib/python3/dist-packages/setuptools/command/install.py:34: SetuptoolsDeprecationWarning: setup.py install is deprecated. Use build and pip and other standards-based tools.
[1.612s]   warnings.warn(
[1.734s] /usr/lib/python3/dist-packages/pkg_resources/__init__.py:116: PkgResourcesDeprecationWarning: 1.1build1 is an invalid version and will not be supported in a future release
[1.734s]   warnings.warn(
[1.736s] /usr/lib/python3/dist-packages/pkg_resources/__init__.py:116: PkgResourcesDeprecationWarning: 0.1.43ubuntu1 is an invalid version and will not be supported in a future release
[1.737s]   warnings.warn(
[1.974s] Invoked command in '/home/majama/ros2_ws/build/elgooso' returned '0': PYTHONPATH=/home/majama/ros2_ws/build/elgooso/prefix_override:/home/majama/ros2_ws/install/elgooso/lib/python3.10/site-packages:${PYTHONPATH} /usr/bin/python3 setup.py develop --uninstall --editable --build-directory /home/majama/ros2_ws/build/elgooso/build
[1.975s] Invoking command in '/home/majama/ros2_ws/src/elgooso': PYTHONPATH=/home/majama/ros2_ws/build/elgooso/prefix_override:/home/majama/ros2_ws/install/elgooso/lib/python3.10/site-packages:${PYTHONPATH} /usr/bin/python3 setup.py egg_info --egg-base ../../build/elgooso build --build-base /home/majama/ros2_ws/build/elgooso/build install --record /home/majama/ros2_ws/build/elgooso/install.log --single-version-externally-managed
[2.519s] running egg_info
[2.522s] writing ../../build/elgooso/elgooso.egg-info/PKG-INFO
[2.522s] writing dependency_links to ../../build/elgooso/elgooso.egg-info/dependency_links.txt
[2.523s] writing entry points to ../../build/elgooso/elgooso.egg-info/entry_points.txt
[2.524s] writing requirements to ../../build/elgooso/elgooso.egg-info/requires.txt
[2.525s] writing top-level names to ../../build/elgooso/elgooso.egg-info/top_level.txt
[2.531s] reading manifest file '../../build/elgooso/elgooso.egg-info/SOURCES.txt'
[2.534s] writing manifest file '../../build/elgooso/elgooso.egg-info/SOURCES.txt'
[2.535s] running build
[2.535s] running build_py
[2.536s] copying elgooso/move.py -> /home/majama/ros2_ws/build/elgooso/build/lib/elgooso
[2.537s] running install
[2.538s] /usr/lib/python3/dist-packages/setuptools/command/install.py:34: SetuptoolsDeprecationWarning: setup.py install is deprecated. Use build and pip and other standards-based tools.
[2.538s]   warnings.warn(
[2.539s] running install_lib
[2.542s] copying /home/majama/ros2_ws/build/elgooso/build/lib/elgooso/move.py -> /home/majama/ros2_ws/install/elgooso/lib/python3.10/site-packages/elgooso
[2.548s] byte-compiling /home/majama/ros2_ws/install/elgooso/lib/python3.10/site-packages/elgooso/move.py to move.cpython-310.pyc
[2.548s] running install_data
[2.549s] running install_egg_info
[2.553s] removing '/home/majama/ros2_ws/install/elgooso/lib/python3.10/site-packages/elgooso-0.0.0-py3.10.egg-info' (and everything under it)
[2.554s] Copying ../../build/elgooso/elgooso.egg-info to /home/majama/ros2_ws/install/elgooso/lib/python3.10/site-packages/elgooso-0.0.0-py3.10.egg-info
[2.556s] running install_scripts
[2.613s] Installing move script to /home/majama/ros2_ws/install/elgooso/lib/elgooso
[2.616s] Installing state_publisher script to /home/majama/ros2_ws/install/elgooso/lib/elgooso
[2.616s] Installing talker script to /home/majama/ros2_ws/install/elgooso/lib/elgooso
[2.616s] writing list of installed files to '/home/majama/ros2_ws/build/elgooso/install.log'
[2.681s] Invoked command in '/home/majama/ros2_ws/src/elgooso' returned '0': PYTHONPATH=/home/majama/ros2_ws/build/elgooso/prefix_override:/home/majama/ros2_ws/install/elgooso/lib/python3.10/site-packages:${PYTHONPATH} /usr/bin/python3 setup.py egg_info --egg-base ../../build/elgooso build --build-base /home/majama/ros2_ws/build/elgooso/build install --record /home/majama/ros2_ws/build/elgooso/install.log --single-version-externally-managed
