[0.925s] Invoking command in '/home/majama/ros2_ws/build/elgooso': PYTHONPATH=/home/majama/ros2_ws/build/elgooso/prefix_override:/home/majama/ros2_ws/install/elgooso/lib/python3.10/site-packages:${PYTHONPATH} /usr/bin/python3 setup.py develop --uninstall --editable --build-directory /home/majama/ros2_ws/build/elgooso/build
[1.259s] running develop
[1.261s] /usr/lib/python3/dist-packages/setuptools/command/easy_install.py:158: EasyInstallDeprecationWarning: easy_install command is deprecated. Use build and pip and other standards-based tools.
[1.262s]   warnings.warn(
[1.266s] /usr/lib/python3/dist-packages/setuptools/command/install.py:34: SetuptoolsDeprecationWarning: setup.py install is deprecated. Use build and pip and other standards-based tools.
[1.266s]   warnings.warn(
[1.327s] /usr/lib/python3/dist-packages/pkg_resources/__init__.py:116: PkgResourcesDeprecationWarning: 1.1build1 is an invalid version and will not be supported in a future release
[1.327s]   warnings.warn(
[1.328s] /usr/lib/python3/dist-packages/pkg_resources/__init__.py:116: PkgResourcesDeprecationWarning: 0.1.43ubuntu1 is an invalid version and will not be supported in a future release
[1.328s]   warnings.warn(
[1.478s] Invoked command in '/home/majama/ros2_ws/build/elgooso' returned '0': PYTHONPATH=/home/majama/ros2_ws/build/elgooso/prefix_override:/home/majama/ros2_ws/install/elgooso/lib/python3.10/site-packages:${PYTHONPATH} /usr/bin/python3 setup.py develop --uninstall --editable --build-directory /home/majama/ros2_ws/build/elgooso/build
[1.480s] Invoking command in '/home/majama/ros2_ws/src/elgooso': PYTHONPATH=/home/majama/ros2_ws/build/elgooso/prefix_override:/home/majama/ros2_ws/install/elgooso/lib/python3.10/site-packages:${PYTHONPATH} /usr/bin/python3 setup.py egg_info --egg-base ../../build/elgooso build --build-base /home/majama/ros2_ws/build/elgooso/build install --record /home/majama/ros2_ws/build/elgooso/install.log --single-version-externally-managed
[1.736s] running egg_info
[1.738s] writing ../../build/elgooso/elgooso.egg-info/PKG-INFO
[1.745s] writing dependency_links to ../../build/elgooso/elgooso.egg-info/dependency_links.txt
[1.746s] writing entry points to ../../build/elgooso/elgooso.egg-info/entry_points.txt
[1.746s] writing requirements to ../../build/elgooso/elgooso.egg-info/requires.txt
[1.746s] writing top-level names to ../../build/elgooso/elgooso.egg-info/top_level.txt
[1.753s] reading manifest file '../../build/elgooso/elgooso.egg-info/SOURCES.txt'
[1.754s] writing manifest file '../../build/elgooso/elgooso.egg-info/SOURCES.txt'
[1.755s] running build
[1.755s] running build_py
[1.756s] copying elgooso/Qlearn.py -> /home/majama/ros2_ws/build/elgooso/build/lib/elgooso
[1.756s] running install
[1.756s] /usr/lib/python3/dist-packages/setuptools/command/install.py:34: SetuptoolsDeprecationWarning: setup.py install is deprecated. Use build and pip and other standards-based tools.
[1.756s]   warnings.warn(
[1.756s] running install_lib
[1.758s] copying /home/majama/ros2_ws/build/elgooso/build/lib/elgooso/Qlearn.py -> /home/majama/ros2_ws/install/elgooso/lib/python3.10/site-packages/elgooso
[1.760s] byte-compiling /home/majama/ros2_ws/install/elgooso/lib/python3.10/site-packages/elgooso/Qlearn.py to Qlearn.cpython-310.pyc
[1.761s]   File "/home/majama/ros2_ws/install/elgooso/lib/python3.10/site-packages/elgooso/Qlearn.py", line 32
[1.762s]     		self.gz_client = self.create_client(ControlWorld, '/world/'+self.world_name+'/control)
[1.762s]     		                                                                            ^
[1.762s] SyntaxError: unterminated string literal (detected at line 32)
[1.762s] 
[1.762s] running install_data
[1.770s] running install_egg_info
[1.772s] removing '/home/majama/ros2_ws/install/elgooso/lib/python3.10/site-packages/elgooso-0.0.0-py3.10.egg-info' (and everything under it)
[1.772s] Copying ../../build/elgooso/elgooso.egg-info to /home/majama/ros2_ws/install/elgooso/lib/python3.10/site-packages/elgooso-0.0.0-py3.10.egg-info
[1.774s] running install_scripts
[1.801s] Installing Qlearn script to /home/majama/ros2_ws/install/elgooso/lib/elgooso
[1.801s] Installing move script to /home/majama/ros2_ws/install/elgooso/lib/elgooso
[1.802s] Installing spawn_entity script to /home/majama/ros2_ws/install/elgooso/lib/elgooso
[1.802s] Installing state_publisher script to /home/majama/ros2_ws/install/elgooso/lib/elgooso
[1.802s] Installing talker script to /home/majama/ros2_ws/install/elgooso/lib/elgooso
[1.802s] writing list of installed files to '/home/majama/ros2_ws/build/elgooso/install.log'
[1.833s] Invoked command in '/home/majama/ros2_ws/src/elgooso' returned '0': PYTHONPATH=/home/majama/ros2_ws/build/elgooso/prefix_override:/home/majama/ros2_ws/install/elgooso/lib/python3.10/site-packages:${PYTHONPATH} /usr/bin/python3 setup.py egg_info --egg-base ../../build/elgooso build --build-base /home/majama/ros2_ws/build/elgooso/build install --record /home/majama/ros2_ws/build/elgooso/install.log --single-version-externally-managed
