[2.800s] Invoking command in '/home/majama/ros2_ws/build/elgooso': PYTHONPATH=/home/majama/ros2_ws/build/elgooso/prefix_override:/home/majama/ros2_ws/install/elgooso/lib/python3.10/site-packages:${PYTHONPATH} /usr/bin/python3 setup.py develop --uninstall --editable --build-directory /home/majama/ros2_ws/build/elgooso/build
[3.813s] running develop
[3.817s] /usr/lib/python3/dist-packages/setuptools/command/easy_install.py:158: EasyInstallDeprecationWarning: easy_install command is deprecated. Use build and pip and other standards-based tools.
[3.817s]   warnings.warn(
[3.819s] /usr/lib/python3/dist-packages/setuptools/command/install.py:34: SetuptoolsDeprecationWarning: setup.py install is deprecated. Use build and pip and other standards-based tools.
[3.820s]   warnings.warn(
[4.052s] /usr/lib/python3/dist-packages/pkg_resources/__init__.py:116: PkgResourcesDeprecationWarning: 1.1build1 is an invalid version and will not be supported in a future release
[4.052s]   warnings.warn(
[4.054s] /usr/lib/python3/dist-packages/pkg_resources/__init__.py:116: PkgResourcesDeprecationWarning: 0.1.43ubuntu1 is an invalid version and will not be supported in a future release
[4.054s]   warnings.warn(
[4.483s] Invoked command in '/home/majama/ros2_ws/build/elgooso' returned '0': PYTHONPATH=/home/majama/ros2_ws/build/elgooso/prefix_override:/home/majama/ros2_ws/install/elgooso/lib/python3.10/site-packages:${PYTHONPATH} /usr/bin/python3 setup.py develop --uninstall --editable --build-directory /home/majama/ros2_ws/build/elgooso/build
[4.495s] Invoking command in '/home/majama/ros2_ws/src/elgooso': PYTHONPATH=/home/majama/ros2_ws/build/elgooso/prefix_override:/home/majama/ros2_ws/install/elgooso/lib/python3.10/site-packages:${PYTHONPATH} /usr/bin/python3 setup.py egg_info --egg-base ../../build/elgooso build --build-base /home/majama/ros2_ws/build/elgooso/build install --record /home/majama/ros2_ws/build/elgooso/install.log --single-version-externally-managed
[5.418s] running egg_info
[5.421s] writing ../../build/elgooso/elgooso.egg-info/PKG-INFO
[5.423s] writing dependency_links to ../../build/elgooso/elgooso.egg-info/dependency_links.txt
[5.424s] writing entry points to ../../build/elgooso/elgooso.egg-info/entry_points.txt
[5.425s] writing requirements to ../../build/elgooso/elgooso.egg-info/requires.txt
[5.425s] writing top-level names to ../../build/elgooso/elgooso.egg-info/top_level.txt
[5.432s] reading manifest file '../../build/elgooso/elgooso.egg-info/SOURCES.txt'
[5.435s] writing manifest file '../../build/elgooso/elgooso.egg-info/SOURCES.txt'
[5.436s] running build
[5.436s] running build_py
[5.438s] copying elgooso/move.py -> /home/majama/ros2_ws/build/elgooso/build/lib/elgooso
[5.441s] running install
[5.441s] /usr/lib/python3/dist-packages/setuptools/command/install.py:34: SetuptoolsDeprecationWarning: setup.py install is deprecated. Use build and pip and other standards-based tools.
[5.441s]   warnings.warn(
[5.442s] running install_lib
[5.445s] copying /home/majama/ros2_ws/build/elgooso/build/lib/elgooso/move.py -> /home/majama/ros2_ws/install/elgooso/lib/python3.10/site-packages/elgooso
[5.448s] byte-compiling /home/majama/ros2_ws/install/elgooso/lib/python3.10/site-packages/elgooso/move.py to move.cpython-310.pyc
[5.451s] running install_data
[5.456s] running install_egg_info
[5.462s] removing '/home/majama/ros2_ws/install/elgooso/lib/python3.10/site-packages/elgooso-0.0.0-py3.10.egg-info' (and everything under it)
[5.464s] Copying ../../build/elgooso/elgooso.egg-info to /home/majama/ros2_ws/install/elgooso/lib/python3.10/site-packages/elgooso-0.0.0-py3.10.egg-info
[5.467s] running install_scripts
[5.535s] Installing move script to /home/majama/ros2_ws/install/elgooso/lib/elgooso
[5.537s] Installing state_publisher script to /home/majama/ros2_ws/install/elgooso/lib/elgooso
[5.537s] Installing talker script to /home/majama/ros2_ws/install/elgooso/lib/elgooso
[5.539s] writing list of installed files to '/home/majama/ros2_ws/build/elgooso/install.log'
[5.611s] Invoked command in '/home/majama/ros2_ws/src/elgooso' returned '0': PYTHONPATH=/home/majama/ros2_ws/build/elgooso/prefix_override:/home/majama/ros2_ws/install/elgooso/lib/python3.10/site-packages:${PYTHONPATH} /usr/bin/python3 setup.py egg_info --egg-base ../../build/elgooso build --build-base /home/majama/ros2_ws/build/elgooso/build install --record /home/majama/ros2_ws/build/elgooso/install.log --single-version-externally-managed
