[1.033s] Invoking command in '/home/majama/ros2_ws/build/elgooso': PYTHONPATH=/home/majama/ros2_ws/build/elgooso/prefix_override:/home/majama/ros2_ws/install/elgooso/lib/python3.10/site-packages:${PYTHONPATH} /usr/bin/python3 setup.py develop --uninstall --editable --build-directory /home/majama/ros2_ws/build/elgooso/build
[1.372s] running develop
[1.373s] /usr/lib/python3/dist-packages/setuptools/command/easy_install.py:158: EasyInstallDeprecationWarning: easy_install command is deprecated. Use build and pip and other standards-based tools.
[1.373s]   warnings.warn(
[1.378s] /usr/lib/python3/dist-packages/setuptools/command/install.py:34: SetuptoolsDeprecationWarning: setup.py install is deprecated. Use build and pip and other standards-based tools.
[1.378s]   warnings.warn(
[1.478s] /usr/lib/python3/dist-packages/pkg_resources/__init__.py:116: PkgResourcesDeprecationWarning: 1.1build1 is an invalid version and will not be supported in a future release
[1.478s]   warnings.warn(
[1.479s] /usr/lib/python3/dist-packages/pkg_resources/__init__.py:116: PkgResourcesDeprecationWarning: 0.1.43ubuntu1 is an invalid version and will not be supported in a future release
[1.479s]   warnings.warn(
[1.723s] Invoked command in '/home/majama/ros2_ws/build/elgooso' returned '0': PYTHONPATH=/home/majama/ros2_ws/build/elgooso/prefix_override:/home/majama/ros2_ws/install/elgooso/lib/python3.10/site-packages:${PYTHONPATH} /usr/bin/python3 setup.py develop --uninstall --editable --build-directory /home/majama/ros2_ws/build/elgooso/build
[1.724s] Invoking command in '/home/majama/ros2_ws/src/elgooso': PYTHONPATH=/home/majama/ros2_ws/build/elgooso/prefix_override:/home/majama/ros2_ws/install/elgooso/lib/python3.10/site-packages:${PYTHONPATH} /usr/bin/python3 setup.py egg_info --egg-base ../../build/elgooso build --build-base /home/majama/ros2_ws/build/elgooso/build install --record /home/majama/ros2_ws/build/elgooso/install.log --single-version-externally-managed
[2.203s] running egg_info
[2.204s] writing ../../build/elgooso/elgooso.egg-info/PKG-INFO
[2.206s] writing dependency_links to ../../build/elgooso/elgooso.egg-info/dependency_links.txt
[2.206s] writing entry points to ../../build/elgooso/elgooso.egg-info/entry_points.txt
[2.206s] writing requirements to ../../build/elgooso/elgooso.egg-info/requires.txt
[2.206s] writing top-level names to ../../build/elgooso/elgooso.egg-info/top_level.txt
[2.214s] reading manifest file '../../build/elgooso/elgooso.egg-info/SOURCES.txt'
[2.216s] writing manifest file '../../build/elgooso/elgooso.egg-info/SOURCES.txt'
[2.216s] running build
[2.216s] running build_py
[2.218s] running install
[2.218s] /usr/lib/python3/dist-packages/setuptools/command/install.py:34: SetuptoolsDeprecationWarning: setup.py install is deprecated. Use build and pip and other standards-based tools.
[2.218s]   warnings.warn(
[2.219s] running install_lib
[2.222s] running install_data
[2.228s] copying urdf/elgooso.xacro -> /home/majama/ros2_ws/install/elgooso/share/elgooso/urdf
[2.229s] copying urdf/elgooso.urdf -> /home/majama/ros2_ws/install/elgooso/share/elgooso/urdf
[2.230s] copying worlds/wall.world -> /home/majama/ros2_ws/install/elgooso/share/elgooso/worlds
[2.230s] running install_egg_info
[2.234s] removing '/home/majama/ros2_ws/install/elgooso/lib/python3.10/site-packages/elgooso-0.0.0-py3.10.egg-info' (and everything under it)
[2.235s] Copying ../../build/elgooso/elgooso.egg-info to /home/majama/ros2_ws/install/elgooso/lib/python3.10/site-packages/elgooso-0.0.0-py3.10.egg-info
[2.236s] running install_scripts
[2.271s] Installing state_publisher script to /home/majama/ros2_ws/install/elgooso/lib/elgooso
[2.272s] writing list of installed files to '/home/majama/ros2_ws/build/elgooso/install.log'
[2.317s] Invoked command in '/home/majama/ros2_ws/src/elgooso' returned '0': PYTHONPATH=/home/majama/ros2_ws/build/elgooso/prefix_override:/home/majama/ros2_ws/install/elgooso/lib/python3.10/site-packages:${PYTHONPATH} /usr/bin/python3 setup.py egg_info --egg-base ../../build/elgooso build --build-base /home/majama/ros2_ws/build/elgooso/build install --record /home/majama/ros2_ws/build/elgooso/install.log --single-version-externally-managed
