[1.404s] Invoking command in '/home/majama/ros2_ws/build/elgooso': PYTHONPATH=/home/majama/ros2_ws/build/elgooso/prefix_override:/home/majama/ros2_ws/install/elgooso/lib/python3.10/site-packages:${PYTHONPATH} /usr/bin/python3 setup.py develop --uninstall --editable --build-directory /home/majama/ros2_ws/build/elgooso/build
[1.877s] running develop
[1.879s] /usr/lib/python3/dist-packages/setuptools/command/easy_install.py:158: EasyInstallDeprecationWarning: easy_install command is deprecated. Use build and pip and other standards-based tools.
[1.879s]   warnings.warn(
[1.884s] /usr/lib/python3/dist-packages/setuptools/command/install.py:34: SetuptoolsDeprecationWarning: setup.py install is deprecated. Use build and pip and other standards-based tools.
[1.884s]   warnings.warn(
[2.046s] /usr/lib/python3/dist-packages/pkg_resources/__init__.py:116: PkgResourcesDeprecationWarning: 1.1build1 is an invalid version and will not be supported in a future release
[2.046s]   warnings.warn(
[2.047s] /usr/lib/python3/dist-packages/pkg_resources/__init__.py:116: PkgResourcesDeprecationWarning: 0.1.43ubuntu1 is an invalid version and will not be supported in a future release
[2.048s]   warnings.warn(
[2.487s] Invoked command in '/home/majama/ros2_ws/build/elgooso' returned '0': PYTHONPATH=/home/majama/ros2_ws/build/elgooso/prefix_override:/home/majama/ros2_ws/install/elgooso/lib/python3.10/site-packages:${PYTHONPATH} /usr/bin/python3 setup.py develop --uninstall --editable --build-directory /home/majama/ros2_ws/build/elgooso/build
[2.490s] Invoking command in '/home/majama/ros2_ws/src/elgooso': PYTHONPATH=/home/majama/ros2_ws/build/elgooso/prefix_override:/home/majama/ros2_ws/install/elgooso/lib/python3.10/site-packages:${PYTHONPATH} /usr/bin/python3 setup.py egg_info --egg-base ../../build/elgooso build --build-base /home/majama/ros2_ws/build/elgooso/build install --record /home/majama/ros2_ws/build/elgooso/install.log --single-version-externally-managed
[3.132s] running egg_info
[3.134s] writing ../../build/elgooso/elgooso.egg-info/PKG-INFO
[3.135s] writing dependency_links to ../../build/elgooso/elgooso.egg-info/dependency_links.txt
[3.136s] writing entry points to ../../build/elgooso/elgooso.egg-info/entry_points.txt
[3.136s] writing requirements to ../../build/elgooso/elgooso.egg-info/requires.txt
[3.136s] writing top-level names to ../../build/elgooso/elgooso.egg-info/top_level.txt
[3.148s] reading manifest file '../../build/elgooso/elgooso.egg-info/SOURCES.txt'
[3.150s] writing manifest file '../../build/elgooso/elgooso.egg-info/SOURCES.txt'
[3.150s] running build
[3.150s] running build_py
[3.152s] copying elgooso/Qlearn.py -> /home/majama/ros2_ws/build/elgooso/build/lib/elgooso
[3.152s] running install
[3.153s] /usr/lib/python3/dist-packages/setuptools/command/install.py:34: SetuptoolsDeprecationWarning: setup.py install is deprecated. Use build and pip and other standards-based tools.
[3.153s]   warnings.warn(
[3.153s] running install_lib
[3.155s] copying /home/majama/ros2_ws/build/elgooso/build/lib/elgooso/Qlearn.py -> /home/majama/ros2_ws/install/elgooso/lib/python3.10/site-packages/elgooso
[3.157s] byte-compiling /home/majama/ros2_ws/install/elgooso/lib/python3.10/site-packages/elgooso/Qlearn.py to Qlearn.cpython-310.pyc
[3.159s] running install_data
[3.166s] running install_egg_info
[3.170s] removing '/home/majama/ros2_ws/install/elgooso/lib/python3.10/site-packages/elgooso-0.0.0-py3.10.egg-info' (and everything under it)
[3.172s] Copying ../../build/elgooso/elgooso.egg-info to /home/majama/ros2_ws/install/elgooso/lib/python3.10/site-packages/elgooso-0.0.0-py3.10.egg-info
[3.174s] running install_scripts
[3.238s] Installing Qlearn script to /home/majama/ros2_ws/install/elgooso/lib/elgooso
[3.238s] Installing move script to /home/majama/ros2_ws/install/elgooso/lib/elgooso
[3.239s] Installing spawn_entity script to /home/majama/ros2_ws/install/elgooso/lib/elgooso
[3.239s] Installing state_publisher script to /home/majama/ros2_ws/install/elgooso/lib/elgooso
[3.240s] Installing talker script to /home/majama/ros2_ws/install/elgooso/lib/elgooso
[3.241s] writing list of installed files to '/home/majama/ros2_ws/build/elgooso/install.log'
[3.311s] Invoked command in '/home/majama/ros2_ws/src/elgooso' returned '0': PYTHONPATH=/home/majama/ros2_ws/build/elgooso/prefix_override:/home/majama/ros2_ws/install/elgooso/lib/python3.10/site-packages:${PYTHONPATH} /usr/bin/python3 setup.py egg_info --egg-base ../../build/elgooso build --build-base /home/majama/ros2_ws/build/elgooso/build install --record /home/majama/ros2_ws/build/elgooso/install.log --single-version-externally-managed
