[1.346s] Invoking command in '/home/majama/ros2_ws/build/elgooso': PYTHONPATH=/home/majama/ros2_ws/build/elgooso/prefix_override:/home/majama/ros2_ws/install/elgooso/lib/python3.10/site-packages:${PYTHONPATH} /usr/bin/python3 setup.py develop --uninstall --editable --build-directory /home/majama/ros2_ws/build/elgooso/build
[1.808s] running develop
[1.810s] /usr/lib/python3/dist-packages/setuptools/command/easy_install.py:158: EasyInstallDeprecationWarning: easy_install command is deprecated. Use build and pip and other standards-based tools.
[1.810s]   warnings.warn(
[1.814s] /usr/lib/python3/dist-packages/setuptools/command/install.py:34: SetuptoolsDeprecationWarning: setup.py install is deprecated. Use build and pip and other standards-based tools.
[1.815s]   warnings.warn(
[1.900s] /usr/lib/python3/dist-packages/pkg_resources/__init__.py:116: PkgResourcesDeprecationWarning: 1.1build1 is an invalid version and will not be supported in a future release
[1.900s]   warnings.warn(
[1.901s] /usr/lib/python3/dist-packages/pkg_resources/__init__.py:116: PkgResourcesDeprecationWarning: 0.1.43ubuntu1 is an invalid version and will not be supported in a future release
[1.901s]   warnings.warn(
[2.159s] Invoked command in '/home/majama/ros2_ws/build/elgooso' returned '0': PYTHONPATH=/home/majama/ros2_ws/build/elgooso/prefix_override:/home/majama/ros2_ws/install/elgooso/lib/python3.10/site-packages:${PYTHONPATH} /usr/bin/python3 setup.py develop --uninstall --editable --build-directory /home/majama/ros2_ws/build/elgooso/build
[2.159s] Invoking command in '/home/majama/ros2_ws/src/elgooso': PYTHONPATH=/home/majama/ros2_ws/build/elgooso/prefix_override:/home/majama/ros2_ws/install/elgooso/lib/python3.10/site-packages:${PYTHONPATH} /usr/bin/python3 setup.py egg_info --egg-base ../../build/elgooso build --build-base /home/majama/ros2_ws/build/elgooso/build install --record /home/majama/ros2_ws/build/elgooso/install.log --single-version-externally-managed
[2.654s] running egg_info
[2.655s] writing ../../build/elgooso/elgooso.egg-info/PKG-INFO
[2.656s] writing dependency_links to ../../build/elgooso/elgooso.egg-info/dependency_links.txt
[2.657s] writing entry points to ../../build/elgooso/elgooso.egg-info/entry_points.txt
[2.657s] writing requirements to ../../build/elgooso/elgooso.egg-info/requires.txt
[2.659s] writing top-level names to ../../build/elgooso/elgooso.egg-info/top_level.txt
[2.669s] reading manifest file '../../build/elgooso/elgooso.egg-info/SOURCES.txt'
[2.671s] writing manifest file '../../build/elgooso/elgooso.egg-info/SOURCES.txt'
[2.671s] running build
[2.671s] running build_py
[2.673s] copying elgooso/Qlearn.py -> /home/majama/ros2_ws/build/elgooso/build/lib/elgooso
[2.677s] running install
[2.677s] /usr/lib/python3/dist-packages/setuptools/command/install.py:34: SetuptoolsDeprecationWarning: setup.py install is deprecated. Use build and pip and other standards-based tools.
[2.677s]   warnings.warn(
[2.678s] running install_lib
[2.681s] copying /home/majama/ros2_ws/build/elgooso/build/lib/elgooso/Qlearn.py -> /home/majama/ros2_ws/install/elgooso/lib/python3.10/site-packages/elgooso
[2.683s] byte-compiling /home/majama/ros2_ws/install/elgooso/lib/python3.10/site-packages/elgooso/Qlearn.py to Qlearn.cpython-310.pyc
[2.686s]   File "/home/majama/ros2_ws/install/elgooso/lib/python3.10/site-packages/elgooso/Qlearn.py", line 111
[2.686s]     		if state = TERMINAL:
[2.687s]     		   ^^^^^^^^^^^^^^^^
[2.687s] SyntaxError: invalid syntax. Maybe you meant '==' or ':=' instead of '='?
[2.687s] 
[2.687s] running install_data
[2.694s] copying worlds/generate_straight_obstacle_course.py -> /home/majama/ros2_ws/install/elgooso/share/elgooso/worlds
[2.695s] copying worlds/world_demo.sdf -> /home/majama/ros2_ws/install/elgooso/share/elgooso/worlds
[2.695s] copying worlds/world_demo.xacro -> /home/majama/ros2_ws/install/elgooso/share/elgooso/worlds
[2.695s] running install_egg_info
[2.700s] removing '/home/majama/ros2_ws/install/elgooso/lib/python3.10/site-packages/elgooso-0.0.0-py3.10.egg-info' (and everything under it)
[2.701s] Copying ../../build/elgooso/elgooso.egg-info to /home/majama/ros2_ws/install/elgooso/lib/python3.10/site-packages/elgooso-0.0.0-py3.10.egg-info
[2.702s] running install_scripts
[2.754s] Installing Qlearn script to /home/majama/ros2_ws/install/elgooso/lib/elgooso
[2.754s] Installing move script to /home/majama/ros2_ws/install/elgooso/lib/elgooso
[2.755s] Installing spawn_entity script to /home/majama/ros2_ws/install/elgooso/lib/elgooso
[2.755s] Installing state_publisher script to /home/majama/ros2_ws/install/elgooso/lib/elgooso
[2.756s] Installing talker script to /home/majama/ros2_ws/install/elgooso/lib/elgooso
[2.757s] writing list of installed files to '/home/majama/ros2_ws/build/elgooso/install.log'
[2.816s] Invoked command in '/home/majama/ros2_ws/src/elgooso' returned '0': PYTHONPATH=/home/majama/ros2_ws/build/elgooso/prefix_override:/home/majama/ros2_ws/install/elgooso/lib/python3.10/site-packages:${PYTHONPATH} /usr/bin/python3 setup.py egg_info --egg-base ../../build/elgooso build --build-base /home/majama/ros2_ws/build/elgooso/build install --record /home/majama/ros2_ws/build/elgooso/install.log --single-version-externally-managed
