[0.841s] Invoking command in '/home/majama/ros2_ws/build/elgooso': PYTHONPATH=/home/majama/ros2_ws/build/elgooso/prefix_override:/home/majama/ros2_ws/install/elgooso/lib/python3.10/site-packages:${PYTHONPATH} /usr/bin/python3 setup.py develop --uninstall --editable --build-directory /home/majama/ros2_ws/build/elgooso/build
[1.184s] running develop
[1.185s] /usr/lib/python3/dist-packages/setuptools/command/easy_install.py:158: EasyInstallDeprecationWarning: easy_install command is deprecated. Use build and pip and other standards-based tools.
[1.185s]   warnings.warn(
[1.188s] /usr/lib/python3/dist-packages/setuptools/command/install.py:34: SetuptoolsDeprecationWarning: setup.py install is deprecated. Use build and pip and other standards-based tools.
[1.188s]   warnings.warn(
[1.263s] /usr/lib/python3/dist-packages/pkg_resources/__init__.py:116: PkgResourcesDeprecationWarning: 1.1build1 is an invalid version and will not be supported in a future release
[1.263s]   warnings.warn(
[1.264s] /usr/lib/python3/dist-packages/pkg_resources/__init__.py:116: PkgResourcesDeprecationWarning: 0.1.43ubuntu1 is an invalid version and will not be supported in a future release
[1.264s]   warnings.warn(
[1.462s] Invoked command in '/home/majama/ros2_ws/build/elgooso' returned '0': PYTHONPATH=/home/majama/ros2_ws/build/elgooso/prefix_override:/home/majama/ros2_ws/install/elgooso/lib/python3.10/site-packages:${PYTHONPATH} /usr/bin/python3 setup.py develop --uninstall --editable --build-directory /home/majama/ros2_ws/build/elgooso/build
[1.463s] Invoking command in '/home/majama/ros2_ws/src/elgooso': PYTHONPATH=/home/majama/ros2_ws/build/elgooso/prefix_override:/home/majama/ros2_ws/install/elgooso/lib/python3.10/site-packages:${PYTHONPATH} /usr/bin/python3 setup.py egg_info --egg-base ../../build/elgooso build --build-base /home/majama/ros2_ws/build/elgooso/build install --record /home/majama/ros2_ws/build/elgooso/install.log --single-version-externally-managed
[1.809s] running egg_info
[1.809s] writing ../../build/elgooso/elgooso.egg-info/PKG-INFO
[1.810s] writing dependency_links to ../../build/elgooso/elgooso.egg-info/dependency_links.txt
[1.811s] writing entry points to ../../build/elgooso/elgooso.egg-info/entry_points.txt
[1.811s] writing requirements to ../../build/elgooso/elgooso.egg-info/requires.txt
[1.811s] writing top-level names to ../../build/elgooso/elgooso.egg-info/top_level.txt
[1.813s] reading manifest file '../../build/elgooso/elgooso.egg-info/SOURCES.txt'
[1.814s] writing manifest file '../../build/elgooso/elgooso.egg-info/SOURCES.txt'
[1.814s] running build
[1.814s] running build_py
[1.815s] running install
[1.815s] /usr/lib/python3/dist-packages/setuptools/command/install.py:34: SetuptoolsDeprecationWarning: setup.py install is deprecated. Use build and pip and other standards-based tools.
[1.815s]   warnings.warn(
[1.816s] running install_lib
[1.817s] running install_data
[1.818s] running install_egg_info
[1.820s] removing '/home/majama/ros2_ws/install/elgooso/lib/python3.10/site-packages/elgooso-0.0.0-py3.10.egg-info' (and everything under it)
[1.820s] Copying ../../build/elgooso/elgooso.egg-info to /home/majama/ros2_ws/install/elgooso/lib/python3.10/site-packages/elgooso-0.0.0-py3.10.egg-info
[1.821s] running install_scripts
[1.844s] Installing Qlearn script to /home/majama/ros2_ws/install/elgooso/lib/elgooso
[1.845s] Installing move script to /home/majama/ros2_ws/install/elgooso/lib/elgooso
[1.845s] Installing spawn_entity script to /home/majama/ros2_ws/install/elgooso/lib/elgooso
[1.845s] Installing state_publisher script to /home/majama/ros2_ws/install/elgooso/lib/elgooso
[1.846s] Installing talker script to /home/majama/ros2_ws/install/elgooso/lib/elgooso
[1.846s] writing list of installed files to '/home/majama/ros2_ws/build/elgooso/install.log'
[1.892s] Invoked command in '/home/majama/ros2_ws/src/elgooso' returned '0': PYTHONPATH=/home/majama/ros2_ws/build/elgooso/prefix_override:/home/majama/ros2_ws/install/elgooso/lib/python3.10/site-packages:${PYTHONPATH} /usr/bin/python3 setup.py egg_info --egg-base ../../build/elgooso build --build-base /home/majama/ros2_ws/build/elgooso/build install --record /home/majama/ros2_ws/build/elgooso/install.log --single-version-externally-managed
