[1.437s] Invoking command in '/home/majama/ros2_ws/build/elgooso': PYTHONPATH=/home/majama/ros2_ws/build/elgooso/prefix_override:/home/majama/ros2_ws/install/elgooso/lib/python3.10/site-packages:${PYTHONPATH} /usr/bin/python3 setup.py develop --uninstall --editable --build-directory /home/majama/ros2_ws/build/elgooso/build
[2.028s] running develop
[2.040s] /usr/lib/python3/dist-packages/setuptools/command/easy_install.py:158: EasyInstallDeprecationWarning: easy_install command is deprecated. Use build and pip and other standards-based tools.
[2.041s]   warnings.warn(
[2.046s] /usr/lib/python3/dist-packages/setuptools/command/install.py:34: SetuptoolsDeprecationWarning: setup.py install is deprecated. Use build and pip and other standards-based tools.
[2.047s]   warnings.warn(
[2.162s] /usr/lib/python3/dist-packages/pkg_resources/__init__.py:116: PkgResourcesDeprecationWarning: 1.1build1 is an invalid version and will not be supported in a future release
[2.163s]   warnings.warn(
[2.163s] /usr/lib/python3/dist-packages/pkg_resources/__init__.py:116: PkgResourcesDeprecationWarning: 0.1.43ubuntu1 is an invalid version and will not be supported in a future release
[2.163s]   warnings.warn(
[2.447s] Invoked command in '/home/majama/ros2_ws/build/elgooso' returned '0': PYTHONPATH=/home/majama/ros2_ws/build/elgooso/prefix_override:/home/majama/ros2_ws/install/elgooso/lib/python3.10/site-packages:${PYTHONPATH} /usr/bin/python3 setup.py develop --uninstall --editable --build-directory /home/majama/ros2_ws/build/elgooso/build
[2.448s] Invoking command in '/home/majama/ros2_ws/src/elgooso': PYTHONPATH=/home/majama/ros2_ws/build/elgooso/prefix_override:/home/majama/ros2_ws/install/elgooso/lib/python3.10/site-packages:${PYTHONPATH} /usr/bin/python3 setup.py egg_info --egg-base ../../build/elgooso build --build-base /home/majama/ros2_ws/build/elgooso/build install --record /home/majama/ros2_ws/build/elgooso/install.log --single-version-externally-managed
[2.944s] running egg_info
[2.945s] writing ../../build/elgooso/elgooso.egg-info/PKG-INFO
[2.947s] writing dependency_links to ../../build/elgooso/elgooso.egg-info/dependency_links.txt
[2.947s] writing entry points to ../../build/elgooso/elgooso.egg-info/entry_points.txt
[2.947s] writing requirements to ../../build/elgooso/elgooso.egg-info/requires.txt
[2.947s] writing top-level names to ../../build/elgooso/elgooso.egg-info/top_level.txt
[2.957s] reading manifest file '../../build/elgooso/elgooso.egg-info/SOURCES.txt'
[2.959s] writing manifest file '../../build/elgooso/elgooso.egg-info/SOURCES.txt'
[2.959s] running build
[2.959s] running build_py
[2.961s] running install
[2.961s] /usr/lib/python3/dist-packages/setuptools/command/install.py:34: SetuptoolsDeprecationWarning: setup.py install is deprecated. Use build and pip and other standards-based tools.
[2.961s]   warnings.warn(
[2.961s] running install_lib
[2.965s] byte-compiling /home/majama/ros2_ws/install/elgooso/lib/python3.10/site-packages/elgooso/Qlearn.py to Qlearn.cpython-310.pyc
[2.972s] running install_data
[2.973s] copying worlds/world_demo.sdf -> /home/majama/ros2_ws/install/elgooso/share/elgooso/worlds
[2.973s] copying worlds/world_demo.xacro -> /home/majama/ros2_ws/install/elgooso/share/elgooso/worlds
[2.973s] running install_egg_info
[2.977s] removing '/home/majama/ros2_ws/install/elgooso/lib/python3.10/site-packages/elgooso-0.0.0-py3.10.egg-info' (and everything under it)
[2.980s] Copying ../../build/elgooso/elgooso.egg-info to /home/majama/ros2_ws/install/elgooso/lib/python3.10/site-packages/elgooso-0.0.0-py3.10.egg-info
[2.981s]   File "/home/majama/ros2_ws/install/elgooso/lib/python3.10/site-packages/elgooso/Qlearn.py", line 108
[2.981s]     		reward = #=(self.posx - self.oldx)/(self.robot_vel * self.timer_period)
[2.981s]     		         ^^^^^^^^^^^^^^^^^^^^^^^^^^^^^^^^^^^^^^^^^^^^^^^^^^^^^^^^^^^^^^
[2.982s] SyntaxError: invalid syntax
[2.982s] 
[2.982s] running install_scripts
[3.018s] Installing Qlearn script to /home/majama/ros2_ws/install/elgooso/lib/elgooso
[3.020s] Installing move script to /home/majama/ros2_ws/install/elgooso/lib/elgooso
[3.021s] Installing spawn_entity script to /home/majama/ros2_ws/install/elgooso/lib/elgooso
[3.021s] Installing state_publisher script to /home/majama/ros2_ws/install/elgooso/lib/elgooso
[3.021s] Installing talker script to /home/majama/ros2_ws/install/elgooso/lib/elgooso
[3.022s] writing list of installed files to '/home/majama/ros2_ws/build/elgooso/install.log'
[3.075s] Invoked command in '/home/majama/ros2_ws/src/elgooso' returned '0': PYTHONPATH=/home/majama/ros2_ws/build/elgooso/prefix_override:/home/majama/ros2_ws/install/elgooso/lib/python3.10/site-packages:${PYTHONPATH} /usr/bin/python3 setup.py egg_info --egg-base ../../build/elgooso build --build-base /home/majama/ros2_ws/build/elgooso/build install --record /home/majama/ros2_ws/build/elgooso/install.log --single-version-externally-managed
