[0.812s] Invoking command in '/home/majama/ros2_ws/build/elgooso': PYTHONPATH=/home/majama/ros2_ws/build/elgooso/prefix_override:/home/majama/ros2_ws/install/elgooso/lib/python3.10/site-packages:${PYTHONPATH} /usr/bin/python3 setup.py develop --uninstall --editable --build-directory /home/majama/ros2_ws/build/elgooso/build
[1.102s] running develop
[1.104s] /usr/lib/python3/dist-packages/setuptools/command/easy_install.py:158: EasyInstallDeprecationWarning: easy_install command is deprecated. Use build and pip and other standards-based tools.
[1.105s]   warnings.warn(
[1.107s] /usr/lib/python3/dist-packages/setuptools/command/install.py:34: SetuptoolsDeprecationWarning: setup.py install is deprecated. Use build and pip and other standards-based tools.
[1.108s]   warnings.warn(
[1.199s] /usr/lib/python3/dist-packages/pkg_resources/__init__.py:116: PkgResourcesDeprecationWarning: 1.1build1 is an invalid version and will not be supported in a future release
[1.199s]   warnings.warn(
[1.204s] /usr/lib/python3/dist-packages/pkg_resources/__init__.py:116: PkgResourcesDeprecationWarning: 0.1.43ubuntu1 is an invalid version and will not be supported in a future release
[1.205s]   warnings.warn(
[1.337s] Invoked command in '/home/majama/ros2_ws/build/elgooso' returned '0': PYTHONPATH=/home/majama/ros2_ws/build/elgooso/prefix_override:/home/majama/ros2_ws/install/elgooso/lib/python3.10/site-packages:${PYTHONPATH} /usr/bin/python3 setup.py develop --uninstall --editable --build-directory /home/majama/ros2_ws/build/elgooso/build
[1.337s] Invoking command in '/home/majama/ros2_ws/src/elgooso': PYTHONPATH=/home/majama/ros2_ws/build/elgooso/prefix_override:/home/majama/ros2_ws/install/elgooso/lib/python3.10/site-packages:${PYTHONPATH} /usr/bin/python3 setup.py egg_info --egg-base ../../build/elgooso build --build-base /home/majama/ros2_ws/build/elgooso/build install --record /home/majama/ros2_ws/build/elgooso/install.log --single-version-externally-managed
[1.660s] running egg_info
[1.662s] writing ../../build/elgooso/elgooso.egg-info/PKG-INFO
[1.663s] writing dependency_links to ../../build/elgooso/elgooso.egg-info/dependency_links.txt
[1.664s] writing entry points to ../../build/elgooso/elgooso.egg-info/entry_points.txt
[1.664s] writing requirements to ../../build/elgooso/elgooso.egg-info/requires.txt
[1.664s] writing top-level names to ../../build/elgooso/elgooso.egg-info/top_level.txt
[1.675s] reading manifest file '../../build/elgooso/elgooso.egg-info/SOURCES.txt'
[1.675s] writing manifest file '../../build/elgooso/elgooso.egg-info/SOURCES.txt'
[1.675s] running build
[1.675s] running build_py
[1.676s] running install
[1.677s] /usr/lib/python3/dist-packages/setuptools/command/install.py:34: SetuptoolsDeprecationWarning: setup.py install is deprecated. Use build and pip and other standards-based tools.
[1.677s]   warnings.warn(
[1.677s] running install_lib
[1.681s] running install_data
[1.693s] copying launch/elgooso_sim.launch.py -> /home/majama/ros2_ws/install/elgooso/share/elgooso/launch
[1.710s] running install_egg_info
[1.711s] removing '/home/majama/ros2_ws/install/elgooso/lib/python3.10/site-packages/elgooso-0.0.0-py3.10.egg-info' (and everything under it)
[1.711s] Copying ../../build/elgooso/elgooso.egg-info to /home/majama/ros2_ws/install/elgooso/lib/python3.10/site-packages/elgooso-0.0.0-py3.10.egg-info
[1.711s] running install_scripts
[1.733s] Installing Qlearn script to /home/majama/ros2_ws/install/elgooso/lib/elgooso
[1.734s] Installing move script to /home/majama/ros2_ws/install/elgooso/lib/elgooso
[1.735s] Installing spawn_entity script to /home/majama/ros2_ws/install/elgooso/lib/elgooso
[1.736s] Installing state_publisher script to /home/majama/ros2_ws/install/elgooso/lib/elgooso
[1.736s] Installing talker script to /home/majama/ros2_ws/install/elgooso/lib/elgooso
[1.737s] writing list of installed files to '/home/majama/ros2_ws/build/elgooso/install.log'
[1.774s] Invoked command in '/home/majama/ros2_ws/src/elgooso' returned '0': PYTHONPATH=/home/majama/ros2_ws/build/elgooso/prefix_override:/home/majama/ros2_ws/install/elgooso/lib/python3.10/site-packages:${PYTHONPATH} /usr/bin/python3 setup.py egg_info --egg-base ../../build/elgooso build --build-base /home/majama/ros2_ws/build/elgooso/build install --record /home/majama/ros2_ws/build/elgooso/install.log --single-version-externally-managed
