[2.299s] Invoking command in '/home/majama/ros2_ws/build/elgooso': PYTHONPATH=/home/majama/ros2_ws/build/elgooso/prefix_override:/home/majama/ros2_ws/install/elgooso/lib/python3.10/site-packages:${PYTHONPATH} /usr/bin/python3 setup.py develop --uninstall --editable --build-directory /home/majama/ros2_ws/build/elgooso/build
[3.211s] running develop
[3.221s] /usr/lib/python3/dist-packages/setuptools/command/easy_install.py:158: EasyInstallDeprecationWarning: easy_install command is deprecated. Use build and pip and other standards-based tools.
[3.221s]   warnings.warn(
[3.226s] /usr/lib/python3/dist-packages/setuptools/command/install.py:34: SetuptoolsDeprecationWarning: setup.py install is deprecated. Use build and pip and other standards-based tools.
[3.226s]   warnings.warn(
[3.369s] /usr/lib/python3/dist-packages/pkg_resources/__init__.py:116: PkgResourcesDeprecationWarning: 1.1build1 is an invalid version and will not be supported in a future release
[3.369s]   warnings.warn(
[3.370s] /usr/lib/python3/dist-packages/pkg_resources/__init__.py:116: PkgResourcesDeprecationWarning: 0.1.43ubuntu1 is an invalid version and will not be supported in a future release
[3.370s]   warnings.warn(
[3.697s] Invoked command in '/home/majama/ros2_ws/build/elgooso' returned '0': PYTHONPATH=/home/majama/ros2_ws/build/elgooso/prefix_override:/home/majama/ros2_ws/install/elgooso/lib/python3.10/site-packages:${PYTHONPATH} /usr/bin/python3 setup.py develop --uninstall --editable --build-directory /home/majama/ros2_ws/build/elgooso/build
[3.701s] Invoking command in '/home/majama/ros2_ws/src/elgooso': PYTHONPATH=/home/majama/ros2_ws/build/elgooso/prefix_override:/home/majama/ros2_ws/install/elgooso/lib/python3.10/site-packages:${PYTHONPATH} /usr/bin/python3 setup.py egg_info --egg-base ../../build/elgooso build --build-base /home/majama/ros2_ws/build/elgooso/build install --record /home/majama/ros2_ws/build/elgooso/install.log --single-version-externally-managed
[4.401s] running egg_info
[4.404s] writing ../../build/elgooso/elgooso.egg-info/PKG-INFO
[4.406s] writing dependency_links to ../../build/elgooso/elgooso.egg-info/dependency_links.txt
[4.407s] writing entry points to ../../build/elgooso/elgooso.egg-info/entry_points.txt
[4.407s] writing requirements to ../../build/elgooso/elgooso.egg-info/requires.txt
[4.407s] writing top-level names to ../../build/elgooso/elgooso.egg-info/top_level.txt
[4.415s] reading manifest file '../../build/elgooso/elgooso.egg-info/SOURCES.txt'
[4.419s] writing manifest file '../../build/elgooso/elgooso.egg-info/SOURCES.txt'
[4.419s] running build
[4.420s] running build_py
[4.421s] copying elgooso/move.py -> /home/majama/ros2_ws/build/elgooso/build/lib/elgooso
[4.424s] running install
[4.425s] /usr/lib/python3/dist-packages/setuptools/command/install.py:34: SetuptoolsDeprecationWarning: setup.py install is deprecated. Use build and pip and other standards-based tools.
[4.426s]   warnings.warn(
[4.426s] running install_lib
[4.428s] copying /home/majama/ros2_ws/build/elgooso/build/lib/elgooso/move.py -> /home/majama/ros2_ws/install/elgooso/lib/python3.10/site-packages/elgooso
[4.432s] byte-compiling /home/majama/ros2_ws/install/elgooso/lib/python3.10/site-packages/elgooso/move.py to move.cpython-310.pyc
[4.433s] running install_data
[4.438s] running install_egg_info
[4.442s] removing '/home/majama/ros2_ws/install/elgooso/lib/python3.10/site-packages/elgooso-0.0.0-py3.10.egg-info' (and everything under it)
[4.444s] Copying ../../build/elgooso/elgooso.egg-info to /home/majama/ros2_ws/install/elgooso/lib/python3.10/site-packages/elgooso-0.0.0-py3.10.egg-info
[4.447s] running install_scripts
[4.514s] Installing move script to /home/majama/ros2_ws/install/elgooso/lib/elgooso
[4.516s] Installing state_publisher script to /home/majama/ros2_ws/install/elgooso/lib/elgooso
[4.516s] Installing talker script to /home/majama/ros2_ws/install/elgooso/lib/elgooso
[4.516s] writing list of installed files to '/home/majama/ros2_ws/build/elgooso/install.log'
[4.573s] Invoked command in '/home/majama/ros2_ws/src/elgooso' returned '0': PYTHONPATH=/home/majama/ros2_ws/build/elgooso/prefix_override:/home/majama/ros2_ws/install/elgooso/lib/python3.10/site-packages:${PYTHONPATH} /usr/bin/python3 setup.py egg_info --egg-base ../../build/elgooso build --build-base /home/majama/ros2_ws/build/elgooso/build install --record /home/majama/ros2_ws/build/elgooso/install.log --single-version-externally-managed
