running develop
/usr/lib/python3/dist-packages/setuptools/command/easy_install.py:158: EasyInstallDeprecationWarning: easy_install command is deprecated. Use build and pip and other standards-based tools.
  warnings.warn(
/usr/lib/python3/dist-packages/setuptools/command/install.py:34: SetuptoolsDeprecationWarning: setup.py install is deprecated. Use build and pip and other standards-based tools.
  warnings.warn(
/usr/lib/python3/dist-packages/pkg_resources/__init__.py:116: PkgResourcesDeprecationWarning: 1.1build1 is an invalid version and will not be supported in a future release
  warnings.warn(
/usr/lib/python3/dist-packages/pkg_resources/__init__.py:116: PkgResourcesDeprecationWarning: 0.1.43ubuntu1 is an invalid version and will not be supported in a future release
  warnings.warn(
Removing /home/majama/ros2_ws/install/elgooso/lib/python3.10/site-packages/elgooso.egg-link (link to .)
running egg_info
writing ../../build/elgooso/elgooso.egg-info/PKG-INFO
writing dependency_links to ../../build/elgooso/elgooso.egg-info/dependency_links.txt
writing entry points to ../../build/elgooso/elgooso.egg-info/entry_points.txt
writing requirements to ../../build/elgooso/elgooso.egg-info/requires.txt
writing top-level names to ../../build/elgooso/elgooso.egg-info/top_level.txt
reading manifest file '../../build/elgooso/elgooso.egg-info/SOURCES.txt'
writing manifest file '../../build/elgooso/elgooso.egg-info/SOURCES.txt'
running build
running build_py
running install
/usr/lib/python3/dist-packages/setuptools/command/install.py:34: SetuptoolsDeprecationWarning: setup.py install is deprecated. Use build and pip and other standards-based tools.
  warnings.warn(
running install_lib
creating /home/majama/ros2_ws/install/elgooso/lib/python3.10/site-packages/elgooso
copying /home/majama/ros2_ws/build/elgooso/build/lib/elgooso/__init__.py -> /home/majama/ros2_ws/install/elgooso/lib/python3.10/site-packages/elgooso
byte-compiling /home/majama/ros2_ws/install/elgooso/lib/python3.10/site-packages/elgooso/__init__.py to __init__.cpython-310.pyc
running install_data
copying urdf/elgooso.urdf -> /home/majama/ros2_ws/install/elgooso/share/elgooso/urdf
running install_egg_info
Copying ../../build/elgooso/elgooso.egg-info to /home/majama/ros2_ws/install/elgooso/lib/python3.10/site-packages/elgooso-0.0.0-py3.10.egg-info
running install_scripts
writing list of installed files to '/home/majama/ros2_ws/build/elgooso/install.log'
