[1.806s] Invoking command in '/home/majama/ros2_ws/build/elgooso': PYTHONPATH=/home/majama/ros2_ws/build/elgooso/prefix_override:/home/majama/ros2_ws/install/elgooso/lib/python3.10/site-packages:${PYTHONPATH} /usr/bin/python3 setup.py develop --uninstall --editable --build-directory /home/majama/ros2_ws/build/elgooso/build
[2.657s] running develop
[2.657s] /usr/lib/python3/dist-packages/setuptools/command/easy_install.py:158: EasyInstallDeprecationWarning: easy_install command is deprecated. Use build and pip and other standards-based tools.
[2.657s]   warnings.warn(
[2.660s] /usr/lib/python3/dist-packages/setuptools/command/install.py:34: SetuptoolsDeprecationWarning: setup.py install is deprecated. Use build and pip and other standards-based tools.
[2.660s]   warnings.warn(
[2.788s] /usr/lib/python3/dist-packages/pkg_resources/__init__.py:116: PkgResourcesDeprecationWarning: 1.1build1 is an invalid version and will not be supported in a future release
[2.788s]   warnings.warn(
[2.788s] /usr/lib/python3/dist-packages/pkg_resources/__init__.py:116: PkgResourcesDeprecationWarning: 0.1.43ubuntu1 is an invalid version and will not be supported in a future release
[2.789s]   warnings.warn(
[3.130s] Invoked command in '/home/majama/ros2_ws/build/elgooso' returned '0': PYTHONPATH=/home/majama/ros2_ws/build/elgooso/prefix_override:/home/majama/ros2_ws/install/elgooso/lib/python3.10/site-packages:${PYTHONPATH} /usr/bin/python3 setup.py develop --uninstall --editable --build-directory /home/majama/ros2_ws/build/elgooso/build
[3.133s] Invoking command in '/home/majama/ros2_ws/src/elgooso': PYTHONPATH=/home/majama/ros2_ws/build/elgooso/prefix_override:/home/majama/ros2_ws/install/elgooso/lib/python3.10/site-packages:${PYTHONPATH} /usr/bin/python3 setup.py egg_info --egg-base ../../build/elgooso build --build-base /home/majama/ros2_ws/build/elgooso/build install --record /home/majama/ros2_ws/build/elgooso/install.log --single-version-externally-managed
[3.773s] running egg_info
[3.774s] writing ../../build/elgooso/elgooso.egg-info/PKG-INFO
[3.774s] writing dependency_links to ../../build/elgooso/elgooso.egg-info/dependency_links.txt
[3.774s] writing entry points to ../../build/elgooso/elgooso.egg-info/entry_points.txt
[3.774s] writing requirements to ../../build/elgooso/elgooso.egg-info/requires.txt
[3.774s] writing top-level names to ../../build/elgooso/elgooso.egg-info/top_level.txt
[3.777s] reading manifest file '../../build/elgooso/elgooso.egg-info/SOURCES.txt'
[3.778s] writing manifest file '../../build/elgooso/elgooso.egg-info/SOURCES.txt'
[3.779s] running build
[3.779s] running build_py
[3.779s] running install
[3.780s] /usr/lib/python3/dist-packages/setuptools/command/install.py:34: SetuptoolsDeprecationWarning: setup.py install is deprecated. Use build and pip and other standards-based tools.
[3.780s]   warnings.warn(
[3.780s] running install_lib
[3.782s] running install_data
[3.784s] copying launch/elgooso_sim.launch.py -> /home/majama/ros2_ws/install/elgooso/share/elgooso/launch
[3.784s] running install_egg_info
[3.787s] removing '/home/majama/ros2_ws/install/elgooso/lib/python3.10/site-packages/elgooso-0.0.0-py3.10.egg-info' (and everything under it)
[3.788s] Copying ../../build/elgooso/elgooso.egg-info to /home/majama/ros2_ws/install/elgooso/lib/python3.10/site-packages/elgooso-0.0.0-py3.10.egg-info
[3.789s] running install_scripts
[3.838s] Installing move script to /home/majama/ros2_ws/install/elgooso/lib/elgooso
[3.839s] Installing state_publisher script to /home/majama/ros2_ws/install/elgooso/lib/elgooso
[3.839s] Installing talker script to /home/majama/ros2_ws/install/elgooso/lib/elgooso
[3.840s] writing list of installed files to '/home/majama/ros2_ws/build/elgooso/install.log'
[3.901s] Invoked command in '/home/majama/ros2_ws/src/elgooso' returned '0': PYTHONPATH=/home/majama/ros2_ws/build/elgooso/prefix_override:/home/majama/ros2_ws/install/elgooso/lib/python3.10/site-packages:${PYTHONPATH} /usr/bin/python3 setup.py egg_info --egg-base ../../build/elgooso build --build-base /home/majama/ros2_ws/build/elgooso/build install --record /home/majama/ros2_ws/build/elgooso/install.log --single-version-externally-managed
