[0.528s] Invoking command in '/home/majama/ros2_ws/build/elgooso': PYTHONPATH=/home/majama/ros2_ws/build/elgooso/prefix_override:/home/majama/ros2_ws/install/elgooso/lib/python3.10/site-packages:${PYTHONPATH} /usr/bin/python3 setup.py develop --uninstall --editable --build-directory /home/majama/ros2_ws/build/elgooso/build
[0.702s] running develop
[0.713s] /usr/lib/python3/dist-packages/setuptools/command/easy_install.py:158: EasyInstallDeprecationWarning: easy_install command is deprecated. Use build and pip and other standards-based tools.
[0.713s]   warnings.warn(
[0.715s] /usr/lib/python3/dist-packages/setuptools/command/install.py:34: SetuptoolsDeprecationWarning: setup.py install is deprecated. Use build and pip and other standards-based tools.
[0.715s]   warnings.warn(
[0.763s] /usr/lib/python3/dist-packages/pkg_resources/__init__.py:116: PkgResourcesDeprecationWarning: 1.1build1 is an invalid version and will not be supported in a future release
[0.763s]   warnings.warn(
[0.763s] /usr/lib/python3/dist-packages/pkg_resources/__init__.py:116: PkgResourcesDeprecationWarning: 0.1.43ubuntu1 is an invalid version and will not be supported in a future release
[0.763s]   warnings.warn(
[0.859s] Invoked command in '/home/majama/ros2_ws/build/elgooso' returned '0': PYTHONPATH=/home/majama/ros2_ws/build/elgooso/prefix_override:/home/majama/ros2_ws/install/elgooso/lib/python3.10/site-packages:${PYTHONPATH} /usr/bin/python3 setup.py develop --uninstall --editable --build-directory /home/majama/ros2_ws/build/elgooso/build
[0.862s] Invoking command in '/home/majama/ros2_ws/src/elgooso': PYTHONPATH=/home/majama/ros2_ws/build/elgooso/prefix_override:/home/majama/ros2_ws/install/elgooso/lib/python3.10/site-packages:${PYTHONPATH} /usr/bin/python3 setup.py egg_info --egg-base ../../build/elgooso build --build-base /home/majama/ros2_ws/build/elgooso/build install --record /home/majama/ros2_ws/build/elgooso/install.log --single-version-externally-managed
[1.025s] running egg_info
[1.026s] writing ../../build/elgooso/elgooso.egg-info/PKG-INFO
[1.026s] writing dependency_links to ../../build/elgooso/elgooso.egg-info/dependency_links.txt
[1.027s] writing entry points to ../../build/elgooso/elgooso.egg-info/entry_points.txt
[1.027s] writing requirements to ../../build/elgooso/elgooso.egg-info/requires.txt
[1.027s] writing top-level names to ../../build/elgooso/elgooso.egg-info/top_level.txt
[1.039s] reading manifest file '../../build/elgooso/elgooso.egg-info/SOURCES.txt'
[1.041s] writing manifest file '../../build/elgooso/elgooso.egg-info/SOURCES.txt'
[1.041s] running build
[1.041s] running build_py
[1.041s] /usr/lib/python3/dist-packages/setuptools/command/install.py:34: SetuptoolsDeprecationWarning: setup.py install is deprecated. Use build and pip and other standards-based tools.
[1.041s]   warnings.warn(
[1.041s] running install
[1.042s] running install_lib
[1.042s] running install_data
[1.043s] copying urdf/elgooso.xacro -> /home/majama/ros2_ws/install/elgooso/share/elgooso/urdf
[1.045s] copying urdf/elgooso.urdf -> /home/majama/ros2_ws/install/elgooso/share/elgooso/urdf
[1.045s] running install_egg_info
[1.047s] removing '/home/majama/ros2_ws/install/elgooso/lib/python3.10/site-packages/elgooso-0.0.0-py3.10.egg-info' (and everything under it)
[1.047s] Copying ../../build/elgooso/elgooso.egg-info to /home/majama/ros2_ws/install/elgooso/lib/python3.10/site-packages/elgooso-0.0.0-py3.10.egg-info
[1.048s] running install_scripts
[1.063s] Installing Qlearn script to /home/majama/ros2_ws/install/elgooso/lib/elgooso
[1.063s] Installing move script to /home/majama/ros2_ws/install/elgooso/lib/elgooso
[1.063s] Installing spawn_entity script to /home/majama/ros2_ws/install/elgooso/lib/elgooso
[1.064s] Installing state_publisher script to /home/majama/ros2_ws/install/elgooso/lib/elgooso
[1.064s] Installing talker script to /home/majama/ros2_ws/install/elgooso/lib/elgooso
[1.064s] writing list of installed files to '/home/majama/ros2_ws/build/elgooso/install.log'
[1.088s] Invoked command in '/home/majama/ros2_ws/src/elgooso' returned '0': PYTHONPATH=/home/majama/ros2_ws/build/elgooso/prefix_override:/home/majama/ros2_ws/install/elgooso/lib/python3.10/site-packages:${PYTHONPATH} /usr/bin/python3 setup.py egg_info --egg-base ../../build/elgooso build --build-base /home/majama/ros2_ws/build/elgooso/build install --record /home/majama/ros2_ws/build/elgooso/install.log --single-version-externally-managed
