[0.746s] Invoking command in '/home/majama/ros2_ws/build/elgooso': PYTHONPATH=/home/majama/ros2_ws/build/elgooso/prefix_override:/home/majama/ros2_ws/install/elgooso/lib/python3.10/site-packages:${PYTHONPATH} /usr/bin/python3 setup.py develop --uninstall --editable --build-directory /home/majama/ros2_ws/build/elgooso/build
[0.999s] running develop
[1.002s] /usr/lib/python3/dist-packages/setuptools/command/easy_install.py:158: EasyInstallDeprecationWarning: easy_install command is deprecated. Use build and pip and other standards-based tools.
[1.003s]   warnings.warn(
[1.006s] /usr/lib/python3/dist-packages/setuptools/command/install.py:34: SetuptoolsDeprecationWarning: setup.py install is deprecated. Use build and pip and other standards-based tools.
[1.006s]   warnings.warn(
[1.061s] /usr/lib/python3/dist-packages/pkg_resources/__init__.py:116: PkgResourcesDeprecationWarning: 1.1build1 is an invalid version and will not be supported in a future release
[1.061s]   warnings.warn(
[1.061s] /usr/lib/python3/dist-packages/pkg_resources/__init__.py:116: PkgResourcesDeprecationWarning: 0.1.43ubuntu1 is an invalid version and will not be supported in a future release
[1.061s]   warnings.warn(
[1.182s] Invoked command in '/home/majama/ros2_ws/build/elgooso' returned '0': PYTHONPATH=/home/majama/ros2_ws/build/elgooso/prefix_override:/home/majama/ros2_ws/install/elgooso/lib/python3.10/site-packages:${PYTHONPATH} /usr/bin/python3 setup.py develop --uninstall --editable --build-directory /home/majama/ros2_ws/build/elgooso/build
[1.185s] Invoking command in '/home/majama/ros2_ws/src/elgooso': PYTHONPATH=/home/majama/ros2_ws/build/elgooso/prefix_override:/home/majama/ros2_ws/install/elgooso/lib/python3.10/site-packages:${PYTHONPATH} /usr/bin/python3 setup.py egg_info --egg-base ../../build/elgooso build --build-base /home/majama/ros2_ws/build/elgooso/build install --record /home/majama/ros2_ws/build/elgooso/install.log --single-version-externally-managed
[1.415s] running egg_info
[1.416s] writing ../../build/elgooso/elgooso.egg-info/PKG-INFO
[1.428s] writing dependency_links to ../../build/elgooso/elgooso.egg-info/dependency_links.txt
[1.429s] writing entry points to ../../build/elgooso/elgooso.egg-info/entry_points.txt
[1.430s] writing requirements to ../../build/elgooso/elgooso.egg-info/requires.txt
[1.430s] writing top-level names to ../../build/elgooso/elgooso.egg-info/top_level.txt
[1.432s] reading manifest file '../../build/elgooso/elgooso.egg-info/SOURCES.txt'
[1.434s] writing manifest file '../../build/elgooso/elgooso.egg-info/SOURCES.txt'
[1.434s] running build
[1.434s] running build_py
[1.436s] running install
[1.436s] /usr/lib/python3/dist-packages/setuptools/command/install.py:34: SetuptoolsDeprecationWarning: setup.py install is deprecated. Use build and pip and other standards-based tools.
[1.436s]   warnings.warn(
[1.436s] running install_lib
[1.439s] running install_data
[1.442s] copying launch/sim.launch.py -> /home/majama/ros2_ws/install/elgooso/share/elgooso/launch
[1.443s] running install_egg_info
[1.445s] removing '/home/majama/ros2_ws/install/elgooso/lib/python3.10/site-packages/elgooso-0.0.0-py3.10.egg-info' (and everything under it)
[1.446s] Copying ../../build/elgooso/elgooso.egg-info to /home/majama/ros2_ws/install/elgooso/lib/python3.10/site-packages/elgooso-0.0.0-py3.10.egg-info
[1.448s] running install_scripts
[1.471s] Installing state_publisher script to /home/majama/ros2_ws/install/elgooso/lib/elgooso
[1.472s] writing list of installed files to '/home/majama/ros2_ws/build/elgooso/install.log'
[1.501s] Invoked command in '/home/majama/ros2_ws/src/elgooso' returned '0': PYTHONPATH=/home/majama/ros2_ws/build/elgooso/prefix_override:/home/majama/ros2_ws/install/elgooso/lib/python3.10/site-packages:${PYTHONPATH} /usr/bin/python3 setup.py egg_info --egg-base ../../build/elgooso build --build-base /home/majama/ros2_ws/build/elgooso/build install --record /home/majama/ros2_ws/build/elgooso/install.log --single-version-externally-managed
