[1.863s] Invoking command in '/home/majama/ros2_ws/build/elgooso': PYTHONPATH=/home/majama/ros2_ws/build/elgooso/prefix_override:/home/majama/ros2_ws/install/elgooso/lib/python3.10/site-packages:${PYTHONPATH} /usr/bin/python3 setup.py develop --uninstall --editable --build-directory /home/majama/ros2_ws/build/elgooso/build
[2.603s] running develop
[2.612s] /usr/lib/python3/dist-packages/setuptools/command/easy_install.py:158: EasyInstallDeprecationWarning: easy_install command is deprecated. Use build and pip and other standards-based tools.
[2.612s]   warnings.warn(
[2.615s] /usr/lib/python3/dist-packages/setuptools/command/install.py:34: SetuptoolsDeprecationWarning: setup.py install is deprecated. Use build and pip and other standards-based tools.
[2.615s]   warnings.warn(
[2.765s] /usr/lib/python3/dist-packages/pkg_resources/__init__.py:116: PkgResourcesDeprecationWarning: 1.1build1 is an invalid version and will not be supported in a future release
[2.765s]   warnings.warn(
[2.765s] /usr/lib/python3/dist-packages/pkg_resources/__init__.py:116: PkgResourcesDeprecationWarning: 0.1.43ubuntu1 is an invalid version and will not be supported in a future release
[2.765s]   warnings.warn(
[3.088s] Invoked command in '/home/majama/ros2_ws/build/elgooso' returned '0': PYTHONPATH=/home/majama/ros2_ws/build/elgooso/prefix_override:/home/majama/ros2_ws/install/elgooso/lib/python3.10/site-packages:${PYTHONPATH} /usr/bin/python3 setup.py develop --uninstall --editable --build-directory /home/majama/ros2_ws/build/elgooso/build
[3.089s] Invoking command in '/home/majama/ros2_ws/src/elgooso': PYTHONPATH=/home/majama/ros2_ws/build/elgooso/prefix_override:/home/majama/ros2_ws/install/elgooso/lib/python3.10/site-packages:${PYTHONPATH} /usr/bin/python3 setup.py egg_info --egg-base ../../build/elgooso build --build-base /home/majama/ros2_ws/build/elgooso/build install --record /home/majama/ros2_ws/build/elgooso/install.log --single-version-externally-managed
[3.712s] running egg_info
[3.715s] writing ../../build/elgooso/elgooso.egg-info/PKG-INFO
[3.716s] writing dependency_links to ../../build/elgooso/elgooso.egg-info/dependency_links.txt
[3.717s] writing entry points to ../../build/elgooso/elgooso.egg-info/entry_points.txt
[3.717s] writing requirements to ../../build/elgooso/elgooso.egg-info/requires.txt
[3.718s] writing top-level names to ../../build/elgooso/elgooso.egg-info/top_level.txt
[3.727s] reading manifest file '../../build/elgooso/elgooso.egg-info/SOURCES.txt'
[3.730s] writing manifest file '../../build/elgooso/elgooso.egg-info/SOURCES.txt'
[3.730s] running build
[3.730s] running build_py
[3.732s] copying elgooso/Qlearn.py -> /home/majama/ros2_ws/build/elgooso/build/lib/elgooso
[3.732s] running install
[3.733s] /usr/lib/python3/dist-packages/setuptools/command/install.py:34: SetuptoolsDeprecationWarning: setup.py install is deprecated. Use build and pip and other standards-based tools.
[3.734s]   warnings.warn(
[3.734s] running install_lib
[3.735s] copying /home/majama/ros2_ws/build/elgooso/build/lib/elgooso/Qlearn.py -> /home/majama/ros2_ws/install/elgooso/lib/python3.10/site-packages/elgooso
[3.737s] byte-compiling /home/majama/ros2_ws/install/elgooso/lib/python3.10/site-packages/elgooso/Qlearn.py to Qlearn.cpython-310.pyc
[3.740s] running install_data
[3.750s] running install_egg_info
[3.754s] removing '/home/majama/ros2_ws/install/elgooso/lib/python3.10/site-packages/elgooso-0.0.0-py3.10.egg-info' (and everything under it)
[3.755s] Copying ../../build/elgooso/elgooso.egg-info to /home/majama/ros2_ws/install/elgooso/lib/python3.10/site-packages/elgooso-0.0.0-py3.10.egg-info
[3.759s] running install_scripts
[3.819s] Installing Qlearn script to /home/majama/ros2_ws/install/elgooso/lib/elgooso
[3.820s] Installing move script to /home/majama/ros2_ws/install/elgooso/lib/elgooso
[3.822s] Installing spawn_entity script to /home/majama/ros2_ws/install/elgooso/lib/elgooso
[3.822s] Installing state_publisher script to /home/majama/ros2_ws/install/elgooso/lib/elgooso
[3.822s] Installing talker script to /home/majama/ros2_ws/install/elgooso/lib/elgooso
[3.823s] writing list of installed files to '/home/majama/ros2_ws/build/elgooso/install.log'
[3.874s] Invoked command in '/home/majama/ros2_ws/src/elgooso' returned '0': PYTHONPATH=/home/majama/ros2_ws/build/elgooso/prefix_override:/home/majama/ros2_ws/install/elgooso/lib/python3.10/site-packages:${PYTHONPATH} /usr/bin/python3 setup.py egg_info --egg-base ../../build/elgooso build --build-base /home/majama/ros2_ws/build/elgooso/build install --record /home/majama/ros2_ws/build/elgooso/install.log --single-version-externally-managed
