[1.898s] Invoking command in '/home/majama/ros2_ws/build/elgooso': PYTHONPATH=/home/majama/ros2_ws/build/elgooso/prefix_override:/home/majama/ros2_ws/install/elgooso/lib/python3.10/site-packages:${PYTHONPATH} /usr/bin/python3 setup.py develop --uninstall --editable --build-directory /home/majama/ros2_ws/build/elgooso/build
[2.603s] running develop
[2.604s] /usr/lib/python3/dist-packages/setuptools/command/easy_install.py:158: EasyInstallDeprecationWarning: easy_install command is deprecated. Use build and pip and other standards-based tools.
[2.604s]   warnings.warn(
[2.608s] /usr/lib/python3/dist-packages/setuptools/command/install.py:34: SetuptoolsDeprecationWarning: setup.py install is deprecated. Use build and pip and other standards-based tools.
[2.608s]   warnings.warn(
[2.735s] /usr/lib/python3/dist-packages/pkg_resources/__init__.py:116: PkgResourcesDeprecationWarning: 1.1build1 is an invalid version and will not be supported in a future release
[2.735s]   warnings.warn(
[2.735s] /usr/lib/python3/dist-packages/pkg_resources/__init__.py:116: PkgResourcesDeprecationWarning: 0.1.43ubuntu1 is an invalid version and will not be supported in a future release
[2.736s]   warnings.warn(
[3.054s] Invoked command in '/home/majama/ros2_ws/build/elgooso' returned '0': PYTHONPATH=/home/majama/ros2_ws/build/elgooso/prefix_override:/home/majama/ros2_ws/install/elgooso/lib/python3.10/site-packages:${PYTHONPATH} /usr/bin/python3 setup.py develop --uninstall --editable --build-directory /home/majama/ros2_ws/build/elgooso/build
[3.058s] Invoking command in '/home/majama/ros2_ws/src/elgooso': PYTHONPATH=/home/majama/ros2_ws/build/elgooso/prefix_override:/home/majama/ros2_ws/install/elgooso/lib/python3.10/site-packages:${PYTHONPATH} /usr/bin/python3 setup.py egg_info --egg-base ../../build/elgooso build --build-base /home/majama/ros2_ws/build/elgooso/build install --record /home/majama/ros2_ws/build/elgooso/install.log --single-version-externally-managed
[3.558s] running egg_info
[3.560s] writing ../../build/elgooso/elgooso.egg-info/PKG-INFO
[3.561s] writing dependency_links to ../../build/elgooso/elgooso.egg-info/dependency_links.txt
[3.570s] writing entry points to ../../build/elgooso/elgooso.egg-info/entry_points.txt
[3.571s] writing requirements to ../../build/elgooso/elgooso.egg-info/requires.txt
[3.571s] writing top-level names to ../../build/elgooso/elgooso.egg-info/top_level.txt
[3.580s] reading manifest file '../../build/elgooso/elgooso.egg-info/SOURCES.txt'
[3.583s] writing manifest file '../../build/elgooso/elgooso.egg-info/SOURCES.txt'
[3.583s] running build
[3.583s] running build_py
[3.587s] copying elgooso/Qlearn.py -> /home/majama/ros2_ws/build/elgooso/build/lib/elgooso
[3.590s] running install
[3.590s] running install_lib
[3.590s] /usr/lib/python3/dist-packages/setuptools/command/install.py:34: SetuptoolsDeprecationWarning: setup.py install is deprecated. Use build and pip and other standards-based tools.
[3.590s]   warnings.warn(
[3.595s] copying /home/majama/ros2_ws/build/elgooso/build/lib/elgooso/Qlearn.py -> /home/majama/ros2_ws/install/elgooso/lib/python3.10/site-packages/elgooso
[3.598s] byte-compiling /home/majama/ros2_ws/install/elgooso/lib/python3.10/site-packages/elgooso/Qlearn.py to Qlearn.cpython-310.pyc
[3.600s]   File "/home/majama/ros2_ws/install/elgooso/lib/python3.10/site-packages/elgooso/Qlearn.py", line 172
[3.600s]     )				action = self.actor(state, self.q_table) 				#select the action corresponding to the current state
[3.600s]     ^
[3.600s] SyntaxError: unmatched ')'
[3.600s] 
[3.600s] running install_data
[3.610s] running install_egg_info
[3.614s] removing '/home/majama/ros2_ws/install/elgooso/lib/python3.10/site-packages/elgooso-0.0.0-py3.10.egg-info' (and everything under it)
[3.615s] Copying ../../build/elgooso/elgooso.egg-info to /home/majama/ros2_ws/install/elgooso/lib/python3.10/site-packages/elgooso-0.0.0-py3.10.egg-info
[3.619s] running install_scripts
[3.679s] Installing Qlearn script to /home/majama/ros2_ws/install/elgooso/lib/elgooso
[3.680s] Installing move script to /home/majama/ros2_ws/install/elgooso/lib/elgooso
[3.681s] Installing spawn_entity script to /home/majama/ros2_ws/install/elgooso/lib/elgooso
[3.681s] Installing state_publisher script to /home/majama/ros2_ws/install/elgooso/lib/elgooso
[3.682s] Installing talker script to /home/majama/ros2_ws/install/elgooso/lib/elgooso
[3.682s] writing list of installed files to '/home/majama/ros2_ws/build/elgooso/install.log'
[3.738s] Invoked command in '/home/majama/ros2_ws/src/elgooso' returned '0': PYTHONPATH=/home/majama/ros2_ws/build/elgooso/prefix_override:/home/majama/ros2_ws/install/elgooso/lib/python3.10/site-packages:${PYTHONPATH} /usr/bin/python3 setup.py egg_info --egg-base ../../build/elgooso build --build-base /home/majama/ros2_ws/build/elgooso/build install --record /home/majama/ros2_ws/build/elgooso/install.log --single-version-externally-managed
