[0.683s] Invoking command in '/home/majama/ros2_ws/build/elgooso': PYTHONPATH=/home/majama/ros2_ws/build/elgooso/prefix_override:/home/majama/ros2_ws/install/elgooso/lib/python3.10/site-packages:${PYTHONPATH} /usr/bin/python3 setup.py develop --uninstall --editable --build-directory /home/majama/ros2_ws/build/elgooso/build
[0.967s] running develop
[0.969s] /usr/lib/python3/dist-packages/setuptools/command/easy_install.py:158: EasyInstallDeprecationWarning: easy_install command is deprecated. Use build and pip and other standards-based tools.
[0.969s]   warnings.warn(
[0.972s] /usr/lib/python3/dist-packages/setuptools/command/install.py:34: SetuptoolsDeprecationWarning: setup.py install is deprecated. Use build and pip and other standards-based tools.
[0.972s]   warnings.warn(
[1.018s] /usr/lib/python3/dist-packages/pkg_resources/__init__.py:116: PkgResourcesDeprecationWarning: 1.1build1 is an invalid version and will not be supported in a future release
[1.018s]   warnings.warn(
[1.019s] /usr/lib/python3/dist-packages/pkg_resources/__init__.py:116: PkgResourcesDeprecationWarning: 0.1.43ubuntu1 is an invalid version and will not be supported in a future release
[1.019s]   warnings.warn(
[1.127s] Invoked command in '/home/majama/ros2_ws/build/elgooso' returned '0': PYTHONPATH=/home/majama/ros2_ws/build/elgooso/prefix_override:/home/majama/ros2_ws/install/elgooso/lib/python3.10/site-packages:${PYTHONPATH} /usr/bin/python3 setup.py develop --uninstall --editable --build-directory /home/majama/ros2_ws/build/elgooso/build
[1.127s] Invoking command in '/home/majama/ros2_ws/src/elgooso': PYTHONPATH=/home/majama/ros2_ws/build/elgooso/prefix_override:/home/majama/ros2_ws/install/elgooso/lib/python3.10/site-packages:${PYTHONPATH} /usr/bin/python3 setup.py egg_info --egg-base ../../build/elgooso build --build-base /home/majama/ros2_ws/build/elgooso/build install --record /home/majama/ros2_ws/build/elgooso/install.log --single-version-externally-managed
[1.349s] running egg_info
[1.351s] writing ../../build/elgooso/elgooso.egg-info/PKG-INFO
[1.361s] writing dependency_links to ../../build/elgooso/elgooso.egg-info/dependency_links.txt
[1.362s] writing entry points to ../../build/elgooso/elgooso.egg-info/entry_points.txt
[1.362s] writing requirements to ../../build/elgooso/elgooso.egg-info/requires.txt
[1.362s] writing top-level names to ../../build/elgooso/elgooso.egg-info/top_level.txt
[1.371s] reading manifest file '../../build/elgooso/elgooso.egg-info/SOURCES.txt'
[1.373s] writing manifest file '../../build/elgooso/elgooso.egg-info/SOURCES.txt'
[1.373s] running build
[1.373s] running build_py
[1.375s] running install
[1.376s] /usr/lib/python3/dist-packages/setuptools/command/install.py:34: SetuptoolsDeprecationWarning: setup.py install is deprecated. Use build and pip and other standards-based tools.
[1.376s]   warnings.warn(
[1.376s] running install_lib
[1.379s] running install_data
[1.384s] running install_egg_info
[1.386s] removing '/home/majama/ros2_ws/install/elgooso/lib/python3.10/site-packages/elgooso-0.0.0-py3.10.egg-info' (and everything under it)
[1.388s] Copying ../../build/elgooso/elgooso.egg-info to /home/majama/ros2_ws/install/elgooso/lib/python3.10/site-packages/elgooso-0.0.0-py3.10.egg-info
[1.390s] running install_scripts
[1.411s] Installing Qlearn script to /home/majama/ros2_ws/install/elgooso/lib/elgooso
[1.411s] Installing move script to /home/majama/ros2_ws/install/elgooso/lib/elgooso
[1.412s] Installing spawn_entity script to /home/majama/ros2_ws/install/elgooso/lib/elgooso
[1.412s] Installing state_publisher script to /home/majama/ros2_ws/install/elgooso/lib/elgooso
[1.412s] Installing talker script to /home/majama/ros2_ws/install/elgooso/lib/elgooso
[1.412s] writing list of installed files to '/home/majama/ros2_ws/build/elgooso/install.log'
[1.437s] Invoked command in '/home/majama/ros2_ws/src/elgooso' returned '0': PYTHONPATH=/home/majama/ros2_ws/build/elgooso/prefix_override:/home/majama/ros2_ws/install/elgooso/lib/python3.10/site-packages:${PYTHONPATH} /usr/bin/python3 setup.py egg_info --egg-base ../../build/elgooso build --build-base /home/majama/ros2_ws/build/elgooso/build install --record /home/majama/ros2_ws/build/elgooso/install.log --single-version-externally-managed
