[1.059s] Invoking command in '/home/majama/ros2_ws/build/elgooso': PYTHONPATH=/home/majama/ros2_ws/build/elgooso/prefix_override:/home/majama/ros2_ws/install/elgooso/lib/python3.10/site-packages:${PYTHONPATH} /usr/bin/python3 setup.py develop --uninstall --editable --build-directory /home/majama/ros2_ws/build/elgooso/build
[1.524s] running develop
[1.536s] /usr/lib/python3/dist-packages/setuptools/command/easy_install.py:158: EasyInstallDeprecationWarning: easy_install command is deprecated. Use build and pip and other standards-based tools.
[1.536s]   warnings.warn(
[1.538s] /usr/lib/python3/dist-packages/setuptools/command/install.py:34: SetuptoolsDeprecationWarning: setup.py install is deprecated. Use build and pip and other standards-based tools.
[1.538s]   warnings.warn(
[1.623s] /usr/lib/python3/dist-packages/pkg_resources/__init__.py:116: PkgResourcesDeprecationWarning: 1.1build1 is an invalid version and will not be supported in a future release
[1.623s]   warnings.warn(
[1.623s] /usr/lib/python3/dist-packages/pkg_resources/__init__.py:116: PkgResourcesDeprecationWarning: 0.1.43ubuntu1 is an invalid version and will not be supported in a future release
[1.623s]   warnings.warn(
[1.813s] Invoked command in '/home/majama/ros2_ws/build/elgooso' returned '0': PYTHONPATH=/home/majama/ros2_ws/build/elgooso/prefix_override:/home/majama/ros2_ws/install/elgooso/lib/python3.10/site-packages:${PYTHONPATH} /usr/bin/python3 setup.py develop --uninstall --editable --build-directory /home/majama/ros2_ws/build/elgooso/build
[1.814s] Invoking command in '/home/majama/ros2_ws/src/elgooso': PYTHONPATH=/home/majama/ros2_ws/build/elgooso/prefix_override:/home/majama/ros2_ws/install/elgooso/lib/python3.10/site-packages:${PYTHONPATH} /usr/bin/python3 setup.py egg_info --egg-base ../../build/elgooso build --build-base /home/majama/ros2_ws/build/elgooso/build install --record /home/majama/ros2_ws/build/elgooso/install.log --single-version-externally-managed
[2.352s] running egg_info
[2.357s] writing ../../build/elgooso/elgooso.egg-info/PKG-INFO
[2.359s] writing dependency_links to ../../build/elgooso/elgooso.egg-info/dependency_links.txt
[2.360s] writing entry points to ../../build/elgooso/elgooso.egg-info/entry_points.txt
[2.361s] writing requirements to ../../build/elgooso/elgooso.egg-info/requires.txt
[2.361s] writing top-level names to ../../build/elgooso/elgooso.egg-info/top_level.txt
[2.381s] reading manifest file '../../build/elgooso/elgooso.egg-info/SOURCES.txt'
[2.384s] writing manifest file '../../build/elgooso/elgooso.egg-info/SOURCES.txt'
[2.385s] running build
[2.385s] running build_py
[2.387s] running install
[2.388s] /usr/lib/python3/dist-packages/setuptools/command/install.py:34: SetuptoolsDeprecationWarning: setup.py install is deprecated. Use build and pip and other standards-based tools.
[2.388s]   warnings.warn(
[2.389s] running install_lib
[2.398s] running install_data
[2.405s] copying launch/elgooso_sim.launch.py -> /home/majama/ros2_ws/install/elgooso/share/elgooso/launch
[2.410s] running install_egg_info
[2.414s] removing '/home/majama/ros2_ws/install/elgooso/lib/python3.10/site-packages/elgooso-0.0.0-py3.10.egg-info' (and everything under it)
[2.419s] Copying ../../build/elgooso/elgooso.egg-info to /home/majama/ros2_ws/install/elgooso/lib/python3.10/site-packages/elgooso-0.0.0-py3.10.egg-info
[2.422s] running install_scripts
[2.484s] Installing Qlearn script to /home/majama/ros2_ws/install/elgooso/lib/elgooso
[2.492s] Installing move script to /home/majama/ros2_ws/install/elgooso/lib/elgooso
[2.497s] Installing spawn_entity script to /home/majama/ros2_ws/install/elgooso/lib/elgooso
[2.497s] Installing state_publisher script to /home/majama/ros2_ws/install/elgooso/lib/elgooso
[2.497s] Installing talker script to /home/majama/ros2_ws/install/elgooso/lib/elgooso
[2.497s] writing list of installed files to '/home/majama/ros2_ws/build/elgooso/install.log'
[2.558s] Invoked command in '/home/majama/ros2_ws/src/elgooso' returned '0': PYTHONPATH=/home/majama/ros2_ws/build/elgooso/prefix_override:/home/majama/ros2_ws/install/elgooso/lib/python3.10/site-packages:${PYTHONPATH} /usr/bin/python3 setup.py egg_info --egg-base ../../build/elgooso build --build-base /home/majama/ros2_ws/build/elgooso/build install --record /home/majama/ros2_ws/build/elgooso/install.log --single-version-externally-managed
