[1.130s] Invoking command in '/home/majama/ros2_ws/build/elgooso': PYTHONPATH=/home/majama/ros2_ws/build/elgooso/prefix_override:/home/majama/ros2_ws/install/elgooso/lib/python3.10/site-packages:${PYTHONPATH} /usr/bin/python3 setup.py develop --uninstall --editable --build-directory /home/majama/ros2_ws/build/elgooso/build
[1.607s] running develop
[1.608s] /usr/lib/python3/dist-packages/setuptools/command/easy_install.py:158: EasyInstallDeprecationWarning: easy_install command is deprecated. Use build and pip and other standards-based tools.
[1.608s]   warnings.warn(
[1.611s] /usr/lib/python3/dist-packages/setuptools/command/install.py:34: SetuptoolsDeprecationWarning: setup.py install is deprecated. Use build and pip and other standards-based tools.
[1.611s]   warnings.warn(
[1.693s] /usr/lib/python3/dist-packages/pkg_resources/__init__.py:116: PkgResourcesDeprecationWarning: 1.1build1 is an invalid version and will not be supported in a future release
[1.693s]   warnings.warn(
[1.694s] /usr/lib/python3/dist-packages/pkg_resources/__init__.py:116: PkgResourcesDeprecationWarning: 0.1.43ubuntu1 is an invalid version and will not be supported in a future release
[1.694s]   warnings.warn(
[1.874s] Invoked command in '/home/majama/ros2_ws/build/elgooso' returned '0': PYTHONPATH=/home/majama/ros2_ws/build/elgooso/prefix_override:/home/majama/ros2_ws/install/elgooso/lib/python3.10/site-packages:${PYTHONPATH} /usr/bin/python3 setup.py develop --uninstall --editable --build-directory /home/majama/ros2_ws/build/elgooso/build
[1.876s] Invoking command in '/home/majama/ros2_ws/src/elgooso': PYTHONPATH=/home/majama/ros2_ws/build/elgooso/prefix_override:/home/majama/ros2_ws/install/elgooso/lib/python3.10/site-packages:${PYTHONPATH} /usr/bin/python3 setup.py egg_info --egg-base ../../build/elgooso build --build-base /home/majama/ros2_ws/build/elgooso/build install --record /home/majama/ros2_ws/build/elgooso/install.log --single-version-externally-managed
[2.199s] running egg_info
[2.199s] writing ../../build/elgooso/elgooso.egg-info/PKG-INFO
[2.200s] writing dependency_links to ../../build/elgooso/elgooso.egg-info/dependency_links.txt
[2.200s] writing entry points to ../../build/elgooso/elgooso.egg-info/entry_points.txt
[2.201s] writing requirements to ../../build/elgooso/elgooso.egg-info/requires.txt
[2.201s] writing top-level names to ../../build/elgooso/elgooso.egg-info/top_level.txt
[2.208s] reading manifest file '../../build/elgooso/elgooso.egg-info/SOURCES.txt'
[2.210s] writing manifest file '../../build/elgooso/elgooso.egg-info/SOURCES.txt'
[2.210s] running build
[2.210s] running build_py
[2.211s] running install
[2.211s] /usr/lib/python3/dist-packages/setuptools/command/install.py:34: SetuptoolsDeprecationWarning: setup.py install is deprecated. Use build and pip and other standards-based tools.
[2.211s]   warnings.warn(
[2.212s] running install_lib
[2.214s] running install_data
[2.217s] copying worlds/elgooso.world -> /home/majama/ros2_ws/install/elgooso/share/elgooso/worlds
[2.217s] running install_egg_info
[2.219s] removing '/home/majama/ros2_ws/install/elgooso/lib/python3.10/site-packages/elgooso-0.0.0-py3.10.egg-info' (and everything under it)
[2.220s] Copying ../../build/elgooso/elgooso.egg-info to /home/majama/ros2_ws/install/elgooso/lib/python3.10/site-packages/elgooso-0.0.0-py3.10.egg-info
[2.222s] running install_scripts
[2.248s] Installing state_publisher script to /home/majama/ros2_ws/install/elgooso/lib/elgooso
[2.249s] writing list of installed files to '/home/majama/ros2_ws/build/elgooso/install.log'
[2.279s] Invoked command in '/home/majama/ros2_ws/src/elgooso' returned '0': PYTHONPATH=/home/majama/ros2_ws/build/elgooso/prefix_override:/home/majama/ros2_ws/install/elgooso/lib/python3.10/site-packages:${PYTHONPATH} /usr/bin/python3 setup.py egg_info --egg-base ../../build/elgooso build --build-base /home/majama/ros2_ws/build/elgooso/build install --record /home/majama/ros2_ws/build/elgooso/install.log --single-version-externally-managed
