[0.874s] Invoking command in '/home/majama/ros2_ws/build/elgooso': PYTHONPATH=/home/majama/ros2_ws/build/elgooso/prefix_override:/home/majama/ros2_ws/install/elgooso/lib/python3.10/site-packages:${PYTHONPATH} /usr/bin/python3 setup.py develop --uninstall --editable --build-directory /home/majama/ros2_ws/build/elgooso/build
[1.240s] running develop
[1.243s] /usr/lib/python3/dist-packages/setuptools/command/easy_install.py:158: EasyInstallDeprecationWarning: easy_install command is deprecated. Use build and pip and other standards-based tools.
[1.244s]   warnings.warn(
[1.246s] /usr/lib/python3/dist-packages/setuptools/command/install.py:34: SetuptoolsDeprecationWarning: setup.py install is deprecated. Use build and pip and other standards-based tools.
[1.246s]   warnings.warn(
[1.314s] /usr/lib/python3/dist-packages/pkg_resources/__init__.py:116: PkgResourcesDeprecationWarning: 1.1build1 is an invalid version and will not be supported in a future release
[1.314s]   warnings.warn(
[1.315s] /usr/lib/python3/dist-packages/pkg_resources/__init__.py:116: PkgResourcesDeprecationWarning: 0.1.43ubuntu1 is an invalid version and will not be supported in a future release
[1.315s]   warnings.warn(
[1.458s] Invoked command in '/home/majama/ros2_ws/build/elgooso' returned '0': PYTHONPATH=/home/majama/ros2_ws/build/elgooso/prefix_override:/home/majama/ros2_ws/install/elgooso/lib/python3.10/site-packages:${PYTHONPATH} /usr/bin/python3 setup.py develop --uninstall --editable --build-directory /home/majama/ros2_ws/build/elgooso/build
[1.460s] Invoking command in '/home/majama/ros2_ws/src/elgooso': PYTHONPATH=/home/majama/ros2_ws/build/elgooso/prefix_override:/home/majama/ros2_ws/install/elgooso/lib/python3.10/site-packages:${PYTHONPATH} /usr/bin/python3 setup.py egg_info --egg-base ../../build/elgooso build --build-base /home/majama/ros2_ws/build/elgooso/build install --record /home/majama/ros2_ws/build/elgooso/install.log --single-version-externally-managed
[1.736s] running egg_info
[1.736s] writing ../../build/elgooso/elgooso.egg-info/PKG-INFO
[1.748s] writing dependency_links to ../../build/elgooso/elgooso.egg-info/dependency_links.txt
[1.748s] writing entry points to ../../build/elgooso/elgooso.egg-info/entry_points.txt
[1.748s] writing requirements to ../../build/elgooso/elgooso.egg-info/requires.txt
[1.748s] writing top-level names to ../../build/elgooso/elgooso.egg-info/top_level.txt
[1.755s] reading manifest file '../../build/elgooso/elgooso.egg-info/SOURCES.txt'
[1.756s] writing manifest file '../../build/elgooso/elgooso.egg-info/SOURCES.txt'
[1.756s] running build
[1.756s] running build_py
[1.758s] running install
[1.758s] /usr/lib/python3/dist-packages/setuptools/command/install.py:34: SetuptoolsDeprecationWarning: setup.py install is deprecated. Use build and pip and other standards-based tools.
[1.758s]   warnings.warn(
[1.758s] running install_lib
[1.760s] running install_data
[1.763s] copying launch/elgooso_sim.launch.py -> /home/majama/ros2_ws/install/elgooso/share/elgooso/launch
[1.765s] running install_egg_info
[1.767s] removing '/home/majama/ros2_ws/install/elgooso/lib/python3.10/site-packages/elgooso-0.0.0-py3.10.egg-info' (and everything under it)
[1.768s] Copying ../../build/elgooso/elgooso.egg-info to /home/majama/ros2_ws/install/elgooso/lib/python3.10/site-packages/elgooso-0.0.0-py3.10.egg-info
[1.769s] running install_scripts
[1.793s] Installing Qlearn script to /home/majama/ros2_ws/install/elgooso/lib/elgooso
[1.793s] Installing move script to /home/majama/ros2_ws/install/elgooso/lib/elgooso
[1.795s] Installing spawn_entity script to /home/majama/ros2_ws/install/elgooso/lib/elgooso
[1.795s] Installing state_publisher script to /home/majama/ros2_ws/install/elgooso/lib/elgooso
[1.795s] Installing talker script to /home/majama/ros2_ws/install/elgooso/lib/elgooso
[1.796s] writing list of installed files to '/home/majama/ros2_ws/build/elgooso/install.log'
[1.826s] Invoked command in '/home/majama/ros2_ws/src/elgooso' returned '0': PYTHONPATH=/home/majama/ros2_ws/build/elgooso/prefix_override:/home/majama/ros2_ws/install/elgooso/lib/python3.10/site-packages:${PYTHONPATH} /usr/bin/python3 setup.py egg_info --egg-base ../../build/elgooso build --build-base /home/majama/ros2_ws/build/elgooso/build install --record /home/majama/ros2_ws/build/elgooso/install.log --single-version-externally-managed
