running develop
/usr/lib/python3/dist-packages/setuptools/command/easy_install.py:158: EasyInstallDeprecationWarning: easy_install command is deprecated. Use build and pip and other standards-based tools.
  warnings.warn(
/usr/lib/python3/dist-packages/setuptools/command/install.py:34: SetuptoolsDeprecationWarning: setup.py install is deprecated. Use build and pip and other standards-based tools.
  warnings.warn(
/usr/lib/python3/dist-packages/pkg_resources/__init__.py:116: PkgResourcesDeprecationWarning: 1.1build1 is an invalid version and will not be supported in a future release
  warnings.warn(
/usr/lib/python3/dist-packages/pkg_resources/__init__.py:116: PkgResourcesDeprecationWarning: 0.1.43ubuntu1 is an invalid version and will not be supported in a future release
  warnings.warn(
running egg_info
writing elgooso.egg-info/PKG-INFO
writing dependency_links to elgooso.egg-info/dependency_links.txt
writing entry points to elgooso.egg-info/entry_points.txt
writing requirements to elgooso.egg-info/requires.txt
writing top-level names to elgooso.egg-info/top_level.txt
reading manifest file 'elgooso.egg-info/SOURCES.txt'
writing manifest file 'elgooso.egg-info/SOURCES.txt'
running build_ext
Creating /home/majama/ros2_ws/install/elgooso/lib/python3.10/site-packages/elgooso.egg-link (link to .)
Installing state_publisher script to /home/majama/ros2_ws/install/elgooso/lib/elgooso

Installed /home/majama/ros2_ws/build/elgooso
running install_data
