[1.044s] Invoking command in '/home/majama/ros2_ws/build/elgooso': PYTHONPATH=/home/majama/ros2_ws/build/elgooso/prefix_override:/home/majama/ros2_ws/install/elgooso/lib/python3.10/site-packages:${PYTHONPATH} /usr/bin/python3 setup.py develop --editable --build-directory /home/majama/ros2_ws/build/elgooso/build --no-deps install_data
[1.568s] running develop
[1.568s] /usr/lib/python3/dist-packages/setuptools/command/easy_install.py:158: EasyInstallDeprecationWarning: easy_install command is deprecated. Use build and pip and other standards-based tools.
[1.569s]   warnings.warn(
[1.572s] /usr/lib/python3/dist-packages/setuptools/command/install.py:34: SetuptoolsDeprecationWarning: setup.py install is deprecated. Use build and pip and other standards-based tools.
[1.573s]   warnings.warn(
[1.682s] /usr/lib/python3/dist-packages/pkg_resources/__init__.py:116: PkgResourcesDeprecationWarning: 1.1build1 is an invalid version and will not be supported in a future release
[1.682s]   warnings.warn(
[1.683s] /usr/lib/python3/dist-packages/pkg_resources/__init__.py:116: PkgResourcesDeprecationWarning: 0.1.43ubuntu1 is an invalid version and will not be supported in a future release
[1.683s]   warnings.warn(
[1.858s] running egg_info
[1.859s] writing elgooso.egg-info/PKG-INFO
[1.861s] writing dependency_links to elgooso.egg-info/dependency_links.txt
[1.862s] writing entry points to elgooso.egg-info/entry_points.txt
[1.862s] writing requirements to elgooso.egg-info/requires.txt
[1.863s] writing top-level names to elgooso.egg-info/top_level.txt
[1.867s] reading manifest file 'elgooso.egg-info/SOURCES.txt'
[1.868s] writing manifest file 'elgooso.egg-info/SOURCES.txt'
[1.871s] running build_ext
[1.871s] Creating /home/majama/ros2_ws/install/elgooso/lib/python3.10/site-packages/elgooso.egg-link (link to .)
[1.873s] Installing state_publisher script to /home/majama/ros2_ws/install/elgooso/lib/elgooso
[1.874s] 
[1.874s] Installed /home/majama/ros2_ws/build/elgooso
[1.875s] running install_data
[1.935s] Invoked command in '/home/majama/ros2_ws/build/elgooso' returned '0': PYTHONPATH=/home/majama/ros2_ws/build/elgooso/prefix_override:/home/majama/ros2_ws/install/elgooso/lib/python3.10/site-packages:${PYTHONPATH} /usr/bin/python3 setup.py develop --editable --build-directory /home/majama/ros2_ws/build/elgooso/build --no-deps install_data
