[2.065s] Invoking command in '/home/majama/ros2_ws/build/elgooso': PYTHONPATH=/home/majama/ros2_ws/build/elgooso/prefix_override:/home/majama/ros2_ws/install/elgooso/lib/python3.10/site-packages:${PYTHONPATH} /usr/bin/python3 setup.py develop --uninstall --editable --build-directory /home/majama/ros2_ws/build/elgooso/build
[2.666s] running develop
[2.680s] /usr/lib/python3/dist-packages/setuptools/command/easy_install.py:158: EasyInstallDeprecationWarning: easy_install command is deprecated. Use build and pip and other standards-based tools.
[2.680s]   warnings.warn(
[2.689s] /usr/lib/python3/dist-packages/setuptools/command/install.py:34: SetuptoolsDeprecationWarning: setup.py install is deprecated. Use build and pip and other standards-based tools.
[2.689s]   warnings.warn(
[2.800s] /usr/lib/python3/dist-packages/pkg_resources/__init__.py:116: PkgResourcesDeprecationWarning: 1.1build1 is an invalid version and will not be supported in a future release
[2.800s]   warnings.warn(
[2.801s] /usr/lib/python3/dist-packages/pkg_resources/__init__.py:116: PkgResourcesDeprecationWarning: 0.1.43ubuntu1 is an invalid version and will not be supported in a future release
[2.801s]   warnings.warn(
[3.168s] Invoked command in '/home/majama/ros2_ws/build/elgooso' returned '0': PYTHONPATH=/home/majama/ros2_ws/build/elgooso/prefix_override:/home/majama/ros2_ws/install/elgooso/lib/python3.10/site-packages:${PYTHONPATH} /usr/bin/python3 setup.py develop --uninstall --editable --build-directory /home/majama/ros2_ws/build/elgooso/build
[3.169s] Invoking command in '/home/majama/ros2_ws/src/elgooso': PYTHONPATH=/home/majama/ros2_ws/build/elgooso/prefix_override:/home/majama/ros2_ws/install/elgooso/lib/python3.10/site-packages:${PYTHONPATH} /usr/bin/python3 setup.py egg_info --egg-base ../../build/elgooso build --build-base /home/majama/ros2_ws/build/elgooso/build install --record /home/majama/ros2_ws/build/elgooso/install.log --single-version-externally-managed
[3.844s] running egg_info
[3.847s] writing ../../build/elgooso/elgooso.egg-info/PKG-INFO
[3.854s] writing dependency_links to ../../build/elgooso/elgooso.egg-info/dependency_links.txt
[3.854s] writing entry points to ../../build/elgooso/elgooso.egg-info/entry_points.txt
[3.855s] writing requirements to ../../build/elgooso/elgooso.egg-info/requires.txt
[3.855s] writing top-level names to ../../build/elgooso/elgooso.egg-info/top_level.txt
[3.875s] reading manifest file '../../build/elgooso/elgooso.egg-info/SOURCES.txt'
[3.880s] writing manifest file '../../build/elgooso/elgooso.egg-info/SOURCES.txt'
[3.880s] running build
[3.881s] running build_py
[3.883s] copying elgooso/Qlearn.py -> /home/majama/ros2_ws/build/elgooso/build/lib/elgooso
[3.885s] running install
[3.885s] /usr/lib/python3/dist-packages/setuptools/command/install.py:34: SetuptoolsDeprecationWarning: setup.py install is deprecated. Use build and pip and other standards-based tools.
[3.885s]   warnings.warn(
[3.886s] running install_lib
[3.888s] copying /home/majama/ros2_ws/build/elgooso/build/lib/elgooso/Qlearn.py -> /home/majama/ros2_ws/install/elgooso/lib/python3.10/site-packages/elgooso
[3.889s] byte-compiling /home/majama/ros2_ws/install/elgooso/lib/python3.10/site-packages/elgooso/Qlearn.py to Qlearn.cpython-310.pyc
[3.893s] running install_data
[3.900s] copying launch/elgooso_sim.launch.py -> /home/majama/ros2_ws/install/elgooso/share/elgooso/launch
[3.904s] running install_egg_info
[3.909s] removing '/home/majama/ros2_ws/install/elgooso/lib/python3.10/site-packages/elgooso-0.0.0-py3.10.egg-info' (and everything under it)
[3.912s] Copying ../../build/elgooso/elgooso.egg-info to /home/majama/ros2_ws/install/elgooso/lib/python3.10/site-packages/elgooso-0.0.0-py3.10.egg-info
[3.914s] running install_scripts
[3.977s] Installing Qlearn script to /home/majama/ros2_ws/install/elgooso/lib/elgooso
[3.978s] Installing move script to /home/majama/ros2_ws/install/elgooso/lib/elgooso
[3.989s] Installing spawn_entity script to /home/majama/ros2_ws/install/elgooso/lib/elgooso
[3.990s] Installing state_publisher script to /home/majama/ros2_ws/install/elgooso/lib/elgooso
[3.990s] Installing talker script to /home/majama/ros2_ws/install/elgooso/lib/elgooso
[3.992s] writing list of installed files to '/home/majama/ros2_ws/build/elgooso/install.log'
[4.045s] Invoked command in '/home/majama/ros2_ws/src/elgooso' returned '0': PYTHONPATH=/home/majama/ros2_ws/build/elgooso/prefix_override:/home/majama/ros2_ws/install/elgooso/lib/python3.10/site-packages:${PYTHONPATH} /usr/bin/python3 setup.py egg_info --egg-base ../../build/elgooso build --build-base /home/majama/ros2_ws/build/elgooso/build install --record /home/majama/ros2_ws/build/elgooso/install.log --single-version-externally-managed
