[1.944s] Invoking command in '/home/majama/ros2_ws/build/elgooso': PYTHONPATH=/home/majama/ros2_ws/build/elgooso/prefix_override:/home/majama/ros2_ws/install/elgooso/lib/python3.10/site-packages:${PYTHONPATH} /usr/bin/python3 setup.py develop --uninstall --editable --build-directory /home/majama/ros2_ws/build/elgooso/build
[2.422s] running develop
[2.424s] /usr/lib/python3/dist-packages/setuptools/command/easy_install.py:158: EasyInstallDeprecationWarning: easy_install command is deprecated. Use build and pip and other standards-based tools.
[2.424s]   warnings.warn(
[2.428s] /usr/lib/python3/dist-packages/setuptools/command/install.py:34: SetuptoolsDeprecationWarning: setup.py install is deprecated. Use build and pip and other standards-based tools.
[2.428s]   warnings.warn(
[2.543s] /usr/lib/python3/dist-packages/pkg_resources/__init__.py:116: PkgResourcesDeprecationWarning: 1.1build1 is an invalid version and will not be supported in a future release
[2.543s]   warnings.warn(
[2.544s] /usr/lib/python3/dist-packages/pkg_resources/__init__.py:116: PkgResourcesDeprecationWarning: 0.1.43ubuntu1 is an invalid version and will not be supported in a future release
[2.544s]   warnings.warn(
[2.766s] Invoked command in '/home/majama/ros2_ws/build/elgooso' returned '0': PYTHONPATH=/home/majama/ros2_ws/build/elgooso/prefix_override:/home/majama/ros2_ws/install/elgooso/lib/python3.10/site-packages:${PYTHONPATH} /usr/bin/python3 setup.py develop --uninstall --editable --build-directory /home/majama/ros2_ws/build/elgooso/build
[2.770s] Invoking command in '/home/majama/ros2_ws/src/elgooso': PYTHONPATH=/home/majama/ros2_ws/build/elgooso/prefix_override:/home/majama/ros2_ws/install/elgooso/lib/python3.10/site-packages:${PYTHONPATH} /usr/bin/python3 setup.py egg_info --egg-base ../../build/elgooso build --build-base /home/majama/ros2_ws/build/elgooso/build install --record /home/majama/ros2_ws/build/elgooso/install.log --single-version-externally-managed
[3.277s] running egg_info
[3.279s] writing ../../build/elgooso/elgooso.egg-info/PKG-INFO
[3.280s] writing dependency_links to ../../build/elgooso/elgooso.egg-info/dependency_links.txt
[3.281s] writing entry points to ../../build/elgooso/elgooso.egg-info/entry_points.txt
[3.281s] writing requirements to ../../build/elgooso/elgooso.egg-info/requires.txt
[3.282s] writing top-level names to ../../build/elgooso/elgooso.egg-info/top_level.txt
[3.289s] reading manifest file '../../build/elgooso/elgooso.egg-info/SOURCES.txt'
[3.291s] writing manifest file '../../build/elgooso/elgooso.egg-info/SOURCES.txt'
[3.292s] running build
[3.292s] running build_py
[3.294s] running install
[3.294s] /usr/lib/python3/dist-packages/setuptools/command/install.py:34: SetuptoolsDeprecationWarning: setup.py install is deprecated. Use build and pip and other standards-based tools.
[3.295s]   warnings.warn(
[3.296s] running install_lib
[3.299s] running install_data
[3.306s] copying launch/elgooso_sim.launch.py -> /home/majama/ros2_ws/install/elgooso/share/elgooso/launch
[3.311s] copying worlds/wall.world -> /home/majama/ros2_ws/install/elgooso/share/elgooso/worlds
[3.312s] running install_egg_info
[3.315s] removing '/home/majama/ros2_ws/install/elgooso/lib/python3.10/site-packages/elgooso-0.0.0-py3.10.egg-info' (and everything under it)
[3.317s] Copying ../../build/elgooso/elgooso.egg-info to /home/majama/ros2_ws/install/elgooso/lib/python3.10/site-packages/elgooso-0.0.0-py3.10.egg-info
[3.321s] running install_scripts
[3.359s] Installing move script to /home/majama/ros2_ws/install/elgooso/lib/elgooso
[3.360s] Installing state_publisher script to /home/majama/ros2_ws/install/elgooso/lib/elgooso
[3.360s] Installing talker script to /home/majama/ros2_ws/install/elgooso/lib/elgooso
[3.361s] writing list of installed files to '/home/majama/ros2_ws/build/elgooso/install.log'
[3.409s] Invoked command in '/home/majama/ros2_ws/src/elgooso' returned '0': PYTHONPATH=/home/majama/ros2_ws/build/elgooso/prefix_override:/home/majama/ros2_ws/install/elgooso/lib/python3.10/site-packages:${PYTHONPATH} /usr/bin/python3 setup.py egg_info --egg-base ../../build/elgooso build --build-base /home/majama/ros2_ws/build/elgooso/build install --record /home/majama/ros2_ws/build/elgooso/install.log --single-version-externally-managed
