[1.354s] Invoking command in '/home/majama/ros2_ws/build/elgooso': PYTHONPATH=/home/majama/ros2_ws/build/elgooso/prefix_override:/home/majama/ros2_ws/install/elgooso/lib/python3.10/site-packages:${PYTHONPATH} /usr/bin/python3 setup.py develop --uninstall --editable --build-directory /home/majama/ros2_ws/build/elgooso/build
[1.767s] running develop
[1.779s] /usr/lib/python3/dist-packages/setuptools/command/easy_install.py:158: EasyInstallDeprecationWarning: easy_install command is deprecated. Use build and pip and other standards-based tools.
[1.779s]   warnings.warn(
[1.783s] /usr/lib/python3/dist-packages/setuptools/command/install.py:34: SetuptoolsDeprecationWarning: setup.py install is deprecated. Use build and pip and other standards-based tools.
[1.783s]   warnings.warn(
[1.873s] /usr/lib/python3/dist-packages/pkg_resources/__init__.py:116: PkgResourcesDeprecationWarning: 1.1build1 is an invalid version and will not be supported in a future release
[1.873s]   warnings.warn(
[1.874s] /usr/lib/python3/dist-packages/pkg_resources/__init__.py:116: PkgResourcesDeprecationWarning: 0.1.43ubuntu1 is an invalid version and will not be supported in a future release
[1.874s]   warnings.warn(
[2.061s] Invoked command in '/home/majama/ros2_ws/build/elgooso' returned '0': PYTHONPATH=/home/majama/ros2_ws/build/elgooso/prefix_override:/home/majama/ros2_ws/install/elgooso/lib/python3.10/site-packages:${PYTHONPATH} /usr/bin/python3 setup.py develop --uninstall --editable --build-directory /home/majama/ros2_ws/build/elgooso/build
[2.064s] Invoking command in '/home/majama/ros2_ws/src/elgooso': PYTHONPATH=/home/majama/ros2_ws/build/elgooso/prefix_override:/home/majama/ros2_ws/install/elgooso/lib/python3.10/site-packages:${PYTHONPATH} /usr/bin/python3 setup.py egg_info --egg-base ../../build/elgooso build --build-base /home/majama/ros2_ws/build/elgooso/build install --record /home/majama/ros2_ws/build/elgooso/install.log --single-version-externally-managed
[2.390s] running egg_info
[2.392s] writing ../../build/elgooso/elgooso.egg-info/PKG-INFO
[2.404s] writing dependency_links to ../../build/elgooso/elgooso.egg-info/dependency_links.txt
[2.406s] writing entry points to ../../build/elgooso/elgooso.egg-info/entry_points.txt
[2.407s] writing requirements to ../../build/elgooso/elgooso.egg-info/requires.txt
[2.408s] writing top-level names to ../../build/elgooso/elgooso.egg-info/top_level.txt
[2.418s] reading manifest file '../../build/elgooso/elgooso.egg-info/SOURCES.txt'
[2.420s] writing manifest file '../../build/elgooso/elgooso.egg-info/SOURCES.txt'
[2.421s] running build
[2.421s] running build_py
[2.424s] copying elgooso/Qlearn.py -> /home/majama/ros2_ws/build/elgooso/build/lib/elgooso
[2.425s] running install
[2.425s] /usr/lib/python3/dist-packages/setuptools/command/install.py:34: SetuptoolsDeprecationWarning: setup.py install is deprecated. Use build and pip and other standards-based tools.
[2.425s]   warnings.warn(
[2.426s] running install_lib
[2.428s] copying /home/majama/ros2_ws/build/elgooso/build/lib/elgooso/Qlearn.py -> /home/majama/ros2_ws/install/elgooso/lib/python3.10/site-packages/elgooso
[2.429s] byte-compiling /home/majama/ros2_ws/install/elgooso/lib/python3.10/site-packages/elgooso/Qlearn.py to Qlearn.cpython-310.pyc
[2.432s] running install_data
[2.441s] running install_egg_info
[2.444s] removing '/home/majama/ros2_ws/install/elgooso/lib/python3.10/site-packages/elgooso-0.0.0-py3.10.egg-info' (and everything under it)
[2.445s] Copying ../../build/elgooso/elgooso.egg-info to /home/majama/ros2_ws/install/elgooso/lib/python3.10/site-packages/elgooso-0.0.0-py3.10.egg-info
[2.446s] running install_scripts
[2.472s] Installing Qlearn script to /home/majama/ros2_ws/install/elgooso/lib/elgooso
[2.472s] Installing move script to /home/majama/ros2_ws/install/elgooso/lib/elgooso
[2.472s] Installing spawn_entity script to /home/majama/ros2_ws/install/elgooso/lib/elgooso
[2.473s] Installing state_publisher script to /home/majama/ros2_ws/install/elgooso/lib/elgooso
[2.473s] Installing talker script to /home/majama/ros2_ws/install/elgooso/lib/elgooso
[2.473s] writing list of installed files to '/home/majama/ros2_ws/build/elgooso/install.log'
[2.519s] Invoked command in '/home/majama/ros2_ws/src/elgooso' returned '0': PYTHONPATH=/home/majama/ros2_ws/build/elgooso/prefix_override:/home/majama/ros2_ws/install/elgooso/lib/python3.10/site-packages:${PYTHONPATH} /usr/bin/python3 setup.py egg_info --egg-base ../../build/elgooso build --build-base /home/majama/ros2_ws/build/elgooso/build install --record /home/majama/ros2_ws/build/elgooso/install.log --single-version-externally-managed
