[1.067s] Invoking command in '/home/majama/ros2_ws/build/elgooso': PYTHONPATH=/home/majama/ros2_ws/build/elgooso/prefix_override:/home/majama/ros2_ws/install/elgooso/lib/python3.10/site-packages:${PYTHONPATH} /usr/bin/python3 setup.py develop --uninstall --editable --build-directory /home/majama/ros2_ws/build/elgooso/build
[1.349s] running develop
[1.361s] /usr/lib/python3/dist-packages/setuptools/command/easy_install.py:158: EasyInstallDeprecationWarning: easy_install command is deprecated. Use build and pip and other standards-based tools.
[1.362s]   warnings.warn(
[1.365s] /usr/lib/python3/dist-packages/setuptools/command/install.py:34: SetuptoolsDeprecationWarning: setup.py install is deprecated. Use build and pip and other standards-based tools.
[1.366s]   warnings.warn(
[1.462s] /usr/lib/python3/dist-packages/pkg_resources/__init__.py:116: PkgResourcesDeprecationWarning: 1.1build1 is an invalid version and will not be supported in a future release
[1.462s]   warnings.warn(
[1.463s] /usr/lib/python3/dist-packages/pkg_resources/__init__.py:116: PkgResourcesDeprecationWarning: 0.1.43ubuntu1 is an invalid version and will not be supported in a future release
[1.463s]   warnings.warn(
[1.610s] Invoked command in '/home/majama/ros2_ws/build/elgooso' returned '0': PYTHONPATH=/home/majama/ros2_ws/build/elgooso/prefix_override:/home/majama/ros2_ws/install/elgooso/lib/python3.10/site-packages:${PYTHONPATH} /usr/bin/python3 setup.py develop --uninstall --editable --build-directory /home/majama/ros2_ws/build/elgooso/build
[1.612s] Invoking command in '/home/majama/ros2_ws/src/elgooso': PYTHONPATH=/home/majama/ros2_ws/build/elgooso/prefix_override:/home/majama/ros2_ws/install/elgooso/lib/python3.10/site-packages:${PYTHONPATH} /usr/bin/python3 setup.py egg_info --egg-base ../../build/elgooso build --build-base /home/majama/ros2_ws/build/elgooso/build install --record /home/majama/ros2_ws/build/elgooso/install.log --single-version-externally-managed
[1.880s] running egg_info
[1.880s] writing ../../build/elgooso/elgooso.egg-info/PKG-INFO
[1.881s] writing dependency_links to ../../build/elgooso/elgooso.egg-info/dependency_links.txt
[1.881s] writing entry points to ../../build/elgooso/elgooso.egg-info/entry_points.txt
[1.881s] writing requirements to ../../build/elgooso/elgooso.egg-info/requires.txt
[1.881s] writing top-level names to ../../build/elgooso/elgooso.egg-info/top_level.txt
[1.884s] reading manifest file '../../build/elgooso/elgooso.egg-info/SOURCES.txt'
[1.895s] writing manifest file '../../build/elgooso/elgooso.egg-info/SOURCES.txt'
[1.896s] running build
[1.896s] running build_py
[1.896s] copying elgooso/Qlearn.py -> /home/majama/ros2_ws/build/elgooso/build/lib/elgooso
[1.896s] running install
[1.896s] /usr/lib/python3/dist-packages/setuptools/command/install.py:34: SetuptoolsDeprecationWarning: setup.py install is deprecated. Use build and pip and other standards-based tools.
[1.896s]   warnings.warn(
[1.897s] running install_lib
[1.898s] copying /home/majama/ros2_ws/build/elgooso/build/lib/elgooso/Qlearn.py -> /home/majama/ros2_ws/install/elgooso/lib/python3.10/site-packages/elgooso
[1.899s] byte-compiling /home/majama/ros2_ws/install/elgooso/lib/python3.10/site-packages/elgooso/Qlearn.py to Qlearn.cpython-310.pyc
[1.901s] running install_data
[1.902s] running install_egg_info
[1.903s] removing '/home/majama/ros2_ws/install/elgooso/lib/python3.10/site-packages/elgooso-0.0.0-py3.10.egg-info' (and everything under it)
[1.903s] Copying ../../build/elgooso/elgooso.egg-info to /home/majama/ros2_ws/install/elgooso/lib/python3.10/site-packages/elgooso-0.0.0-py3.10.egg-info
[1.905s] running install_scripts
[1.929s] Installing Qlearn script to /home/majama/ros2_ws/install/elgooso/lib/elgooso
[1.929s] Installing move script to /home/majama/ros2_ws/install/elgooso/lib/elgooso
[1.929s] Installing spawn_entity script to /home/majama/ros2_ws/install/elgooso/lib/elgooso
[1.929s] Installing state_publisher script to /home/majama/ros2_ws/install/elgooso/lib/elgooso
[1.930s] Installing talker script to /home/majama/ros2_ws/install/elgooso/lib/elgooso
[1.930s] writing list of installed files to '/home/majama/ros2_ws/build/elgooso/install.log'
[1.977s] Invoked command in '/home/majama/ros2_ws/src/elgooso' returned '0': PYTHONPATH=/home/majama/ros2_ws/build/elgooso/prefix_override:/home/majama/ros2_ws/install/elgooso/lib/python3.10/site-packages:${PYTHONPATH} /usr/bin/python3 setup.py egg_info --egg-base ../../build/elgooso build --build-base /home/majama/ros2_ws/build/elgooso/build install --record /home/majama/ros2_ws/build/elgooso/install.log --single-version-externally-managed
