[1.186s] Invoking command in '/home/majama/ros2_ws/build/elgooso': PYTHONPATH=/home/majama/ros2_ws/build/elgooso/prefix_override:/home/majama/ros2_ws/install/elgooso/lib/python3.10/site-packages:${PYTHONPATH} /usr/bin/python3 setup.py develop --uninstall --editable --build-directory /home/majama/ros2_ws/build/elgooso/build
[1.641s] running develop
[1.642s] /usr/lib/python3/dist-packages/setuptools/command/easy_install.py:158: EasyInstallDeprecationWarning: easy_install command is deprecated. Use build and pip and other standards-based tools.
[1.642s]   warnings.warn(
[1.645s] /usr/lib/python3/dist-packages/setuptools/command/install.py:34: SetuptoolsDeprecationWarning: setup.py install is deprecated. Use build and pip and other standards-based tools.
[1.645s]   warnings.warn(
[1.733s] /usr/lib/python3/dist-packages/pkg_resources/__init__.py:116: PkgResourcesDeprecationWarning: 1.1build1 is an invalid version and will not be supported in a future release
[1.734s]   warnings.warn(
[1.734s] /usr/lib/python3/dist-packages/pkg_resources/__init__.py:116: PkgResourcesDeprecationWarning: 0.1.43ubuntu1 is an invalid version and will not be supported in a future release
[1.734s]   warnings.warn(
[1.983s] Invoked command in '/home/majama/ros2_ws/build/elgooso' returned '0': PYTHONPATH=/home/majama/ros2_ws/build/elgooso/prefix_override:/home/majama/ros2_ws/install/elgooso/lib/python3.10/site-packages:${PYTHONPATH} /usr/bin/python3 setup.py develop --uninstall --editable --build-directory /home/majama/ros2_ws/build/elgooso/build
[1.984s] Invoking command in '/home/majama/ros2_ws/src/elgooso': PYTHONPATH=/home/majama/ros2_ws/build/elgooso/prefix_override:/home/majama/ros2_ws/install/elgooso/lib/python3.10/site-packages:${PYTHONPATH} /usr/bin/python3 setup.py egg_info --egg-base ../../build/elgooso build --build-base /home/majama/ros2_ws/build/elgooso/build install --record /home/majama/ros2_ws/build/elgooso/install.log --single-version-externally-managed
[2.439s] running egg_info
[2.441s] writing ../../build/elgooso/elgooso.egg-info/PKG-INFO
[2.441s] writing dependency_links to ../../build/elgooso/elgooso.egg-info/dependency_links.txt
[2.442s] writing entry points to ../../build/elgooso/elgooso.egg-info/entry_points.txt
[2.442s] writing requirements to ../../build/elgooso/elgooso.egg-info/requires.txt
[2.442s] writing top-level names to ../../build/elgooso/elgooso.egg-info/top_level.txt
[2.447s] reading manifest file '../../build/elgooso/elgooso.egg-info/SOURCES.txt'
[2.450s] writing manifest file '../../build/elgooso/elgooso.egg-info/SOURCES.txt'
[2.450s] running build
[2.450s] running build_py
[2.450s] running install
[2.450s] /usr/lib/python3/dist-packages/setuptools/command/install.py:34: SetuptoolsDeprecationWarning: setup.py install is deprecated. Use build and pip and other standards-based tools.
[2.450s]   warnings.warn(
[2.451s] running install_lib
[2.453s] byte-compiling /home/majama/ros2_ws/install/elgooso/lib/python3.10/site-packages/elgooso/Qlearn.py to Qlearn.cpython-310.pyc
[2.455s]   File "/home/majama/ros2_ws/install/elgooso/lib/python3.10/site-packages/elgooso/Qlearn.py", line 108
[2.455s]     		reward = #=(self.posx - self.oldx)/(self.robot_vel * self.timer_period)
[2.455s]     		         ^^^^^^^^^^^^^^^^^^^^^^^^^^^^^^^^^^^^^^^^^^^^^^^^^^^^^^^^^^^^^^
[2.455s] SyntaxError: invalid syntax
[2.455s] 
[2.455s] running install_data
[2.456s] copying package.xml -> /home/majama/ros2_ws/install/elgooso/share/elgooso
[2.457s] running install_egg_info
[2.461s] removing '/home/majama/ros2_ws/install/elgooso/lib/python3.10/site-packages/elgooso-0.0.0-py3.10.egg-info' (and everything under it)
[2.461s] Copying ../../build/elgooso/elgooso.egg-info to /home/majama/ros2_ws/install/elgooso/lib/python3.10/site-packages/elgooso-0.0.0-py3.10.egg-info
[2.462s] running install_scripts
[2.501s] Installing Qlearn script to /home/majama/ros2_ws/install/elgooso/lib/elgooso
[2.501s] Installing move script to /home/majama/ros2_ws/install/elgooso/lib/elgooso
[2.504s] Installing spawn_entity script to /home/majama/ros2_ws/install/elgooso/lib/elgooso
[2.504s] Installing state_publisher script to /home/majama/ros2_ws/install/elgooso/lib/elgooso
[2.504s] Installing talker script to /home/majama/ros2_ws/install/elgooso/lib/elgooso
[2.504s] writing list of installed files to '/home/majama/ros2_ws/build/elgooso/install.log'
[2.558s] Invoked command in '/home/majama/ros2_ws/src/elgooso' returned '0': PYTHONPATH=/home/majama/ros2_ws/build/elgooso/prefix_override:/home/majama/ros2_ws/install/elgooso/lib/python3.10/site-packages:${PYTHONPATH} /usr/bin/python3 setup.py egg_info --egg-base ../../build/elgooso build --build-base /home/majama/ros2_ws/build/elgooso/build install --record /home/majama/ros2_ws/build/elgooso/install.log --single-version-externally-managed
