[1.006s] Invoking command in '/home/majama/ros2_ws/build/elgooso': PYTHONPATH=/home/majama/ros2_ws/build/elgooso/prefix_override:/home/majama/ros2_ws/install/elgooso/lib/python3.10/site-packages:${PYTHONPATH} /usr/bin/python3 setup.py develop --uninstall --editable --build-directory /home/majama/ros2_ws/build/elgooso/build
[1.487s] running develop
[1.492s] /usr/lib/python3/dist-packages/setuptools/command/easy_install.py:158: EasyInstallDeprecationWarning: easy_install command is deprecated. Use build and pip and other standards-based tools.
[1.492s]   warnings.warn(
[1.496s] /usr/lib/python3/dist-packages/setuptools/command/install.py:34: SetuptoolsDeprecationWarning: setup.py install is deprecated. Use build and pip and other standards-based tools.
[1.496s]   warnings.warn(
[1.605s] /usr/lib/python3/dist-packages/pkg_resources/__init__.py:116: PkgResourcesDeprecationWarning: 1.1build1 is an invalid version and will not be supported in a future release
[1.605s]   warnings.warn(
[1.606s] /usr/lib/python3/dist-packages/pkg_resources/__init__.py:116: PkgResourcesDeprecationWarning: 0.1.43ubuntu1 is an invalid version and will not be supported in a future release
[1.606s]   warnings.warn(
[1.826s] Invoked command in '/home/majama/ros2_ws/build/elgooso' returned '0': PYTHONPATH=/home/majama/ros2_ws/build/elgooso/prefix_override:/home/majama/ros2_ws/install/elgooso/lib/python3.10/site-packages:${PYTHONPATH} /usr/bin/python3 setup.py develop --uninstall --editable --build-directory /home/majama/ros2_ws/build/elgooso/build
[1.830s] Invoking command in '/home/majama/ros2_ws/src/elgooso': PYTHONPATH=/home/majama/ros2_ws/build/elgooso/prefix_override:/home/majama/ros2_ws/install/elgooso/lib/python3.10/site-packages:${PYTHONPATH} /usr/bin/python3 setup.py egg_info --egg-base ../../build/elgooso build --build-base /home/majama/ros2_ws/build/elgooso/build install --record /home/majama/ros2_ws/build/elgooso/install.log --single-version-externally-managed
[2.193s] running egg_info
[2.197s] writing ../../build/elgooso/elgooso.egg-info/PKG-INFO
[2.198s] writing dependency_links to ../../build/elgooso/elgooso.egg-info/dependency_links.txt
[2.198s] writing entry points to ../../build/elgooso/elgooso.egg-info/entry_points.txt
[2.198s] writing requirements to ../../build/elgooso/elgooso.egg-info/requires.txt
[2.198s] writing top-level names to ../../build/elgooso/elgooso.egg-info/top_level.txt
[2.211s] reading manifest file '../../build/elgooso/elgooso.egg-info/SOURCES.txt'
[2.214s] writing manifest file '../../build/elgooso/elgooso.egg-info/SOURCES.txt'
[2.214s] running build
[2.214s] running build_py
[2.214s] copying elgooso/spawn_entity.py -> /home/majama/ros2_ws/build/elgooso/build/lib/elgooso
[2.215s] running install
[2.215s] /usr/lib/python3/dist-packages/setuptools/command/install.py:34: SetuptoolsDeprecationWarning: setup.py install is deprecated. Use build and pip and other standards-based tools.
[2.215s]   warnings.warn(
[2.215s] running install_lib
[2.216s] copying /home/majama/ros2_ws/build/elgooso/build/lib/elgooso/spawn_entity.py -> /home/majama/ros2_ws/install/elgooso/lib/python3.10/site-packages/elgooso
[2.217s] byte-compiling /home/majama/ros2_ws/install/elgooso/lib/python3.10/site-packages/elgooso/spawn_entity.py to spawn_entity.cpython-310.pyc
[2.218s] byte-compiling /home/majama/ros2_ws/install/elgooso/lib/python3.10/site-packages/elgooso/Qlearn.py to Qlearn.cpython-310.pyc
[2.219s]   File "/home/majama/ros2_ws/install/elgooso/lib/python3.10/site-packages/elgooso/Qlearn.py", line 108
[2.219s]     		reward = #=(self.posx - self.oldx)/(self.robot_vel * self.timer_period)
[2.219s]     		         ^^^^^^^^^^^^^^^^^^^^^^^^^^^^^^^^^^^^^^^^^^^^^^^^^^^^^^^^^^^^^^
[2.219s] SyntaxError: invalid syntax
[2.219s] 
[2.219s] running install_data
[2.220s] running install_egg_info
[2.223s] removing '/home/majama/ros2_ws/install/elgooso/lib/python3.10/site-packages/elgooso-0.0.0-py3.10.egg-info' (and everything under it)
[2.223s] Copying ../../build/elgooso/elgooso.egg-info to /home/majama/ros2_ws/install/elgooso/lib/python3.10/site-packages/elgooso-0.0.0-py3.10.egg-info
[2.224s] running install_scripts
[2.259s] Installing Qlearn script to /home/majama/ros2_ws/install/elgooso/lib/elgooso
[2.259s] Installing move script to /home/majama/ros2_ws/install/elgooso/lib/elgooso
[2.259s] Installing spawn_entity script to /home/majama/ros2_ws/install/elgooso/lib/elgooso
[2.259s] Installing state_publisher script to /home/majama/ros2_ws/install/elgooso/lib/elgooso
[2.259s] Installing talker script to /home/majama/ros2_ws/install/elgooso/lib/elgooso
[2.261s] writing list of installed files to '/home/majama/ros2_ws/build/elgooso/install.log'
[2.300s] Invoked command in '/home/majama/ros2_ws/src/elgooso' returned '0': PYTHONPATH=/home/majama/ros2_ws/build/elgooso/prefix_override:/home/majama/ros2_ws/install/elgooso/lib/python3.10/site-packages:${PYTHONPATH} /usr/bin/python3 setup.py egg_info --egg-base ../../build/elgooso build --build-base /home/majama/ros2_ws/build/elgooso/build install --record /home/majama/ros2_ws/build/elgooso/install.log --single-version-externally-managed
