[2.343s] Invoking command in '/home/majama/ros2_ws/build/elgooso': PYTHONPATH=/home/majama/ros2_ws/build/elgooso/prefix_override:/home/majama/ros2_ws/install/elgooso/lib/python3.10/site-packages:${PYTHONPATH} /usr/bin/python3 setup.py develop --uninstall --editable --build-directory /home/majama/ros2_ws/build/elgooso/build
[2.715s] running develop
[2.727s] /usr/lib/python3/dist-packages/setuptools/command/easy_install.py:158: EasyInstallDeprecationWarning: easy_install command is deprecated. Use build and pip and other standards-based tools.
[2.727s]   warnings.warn(
[2.728s] /usr/lib/python3/dist-packages/setuptools/command/install.py:34: SetuptoolsDeprecationWarning: setup.py install is deprecated. Use build and pip and other standards-based tools.
[2.728s]   warnings.warn(
[2.796s] /usr/lib/python3/dist-packages/pkg_resources/__init__.py:116: PkgResourcesDeprecationWarning: 1.1build1 is an invalid version and will not be supported in a future release
[2.797s]   warnings.warn(
[2.797s] /usr/lib/python3/dist-packages/pkg_resources/__init__.py:116: PkgResourcesDeprecationWarning: 0.1.43ubuntu1 is an invalid version and will not be supported in a future release
[2.797s]   warnings.warn(
[2.971s] Invoked command in '/home/majama/ros2_ws/build/elgooso' returned '0': PYTHONPATH=/home/majama/ros2_ws/build/elgooso/prefix_override:/home/majama/ros2_ws/install/elgooso/lib/python3.10/site-packages:${PYTHONPATH} /usr/bin/python3 setup.py develop --uninstall --editable --build-directory /home/majama/ros2_ws/build/elgooso/build
[2.973s] Invoking command in '/home/majama/ros2_ws/src/elgooso': PYTHONPATH=/home/majama/ros2_ws/build/elgooso/prefix_override:/home/majama/ros2_ws/install/elgooso/lib/python3.10/site-packages:${PYTHONPATH} /usr/bin/python3 setup.py egg_info --egg-base ../../build/elgooso build --build-base /home/majama/ros2_ws/build/elgooso/build install --record /home/majama/ros2_ws/build/elgooso/install.log --single-version-externally-managed
[3.277s] running egg_info
[3.277s] writing ../../build/elgooso/elgooso.egg-info/PKG-INFO
[3.277s] writing dependency_links to ../../build/elgooso/elgooso.egg-info/dependency_links.txt
[3.278s] writing entry points to ../../build/elgooso/elgooso.egg-info/entry_points.txt
[3.279s] writing requirements to ../../build/elgooso/elgooso.egg-info/requires.txt
[3.279s] writing top-level names to ../../build/elgooso/elgooso.egg-info/top_level.txt
[3.282s] reading manifest file '../../build/elgooso/elgooso.egg-info/SOURCES.txt'
[3.283s] writing manifest file '../../build/elgooso/elgooso.egg-info/SOURCES.txt'
[3.283s] running build
[3.283s] running build_py
[3.284s] running install
[3.285s] /usr/lib/python3/dist-packages/setuptools/command/install.py:34: SetuptoolsDeprecationWarning: setup.py install is deprecated. Use build and pip and other standards-based tools.
[3.285s]   warnings.warn(
[3.285s] running install_lib
[3.288s] running install_data
[3.296s] copying urdf/elgooso.xacro -> /home/majama/ros2_ws/install/elgooso/share/elgooso/urdf
[3.296s] copying urdf/elgooso.urdf -> /home/majama/ros2_ws/install/elgooso/share/elgooso/urdf
[3.296s] running install_egg_info
[3.300s] removing '/home/majama/ros2_ws/install/elgooso/lib/python3.10/site-packages/elgooso-0.0.0-py3.10.egg-info' (and everything under it)
[3.301s] Copying ../../build/elgooso/elgooso.egg-info to /home/majama/ros2_ws/install/elgooso/lib/python3.10/site-packages/elgooso-0.0.0-py3.10.egg-info
[3.303s] running install_scripts
[3.343s] Installing move script to /home/majama/ros2_ws/install/elgooso/lib/elgooso
[3.343s] Installing state_publisher script to /home/majama/ros2_ws/install/elgooso/lib/elgooso
[3.344s] Installing talker script to /home/majama/ros2_ws/install/elgooso/lib/elgooso
[3.345s] writing list of installed files to '/home/majama/ros2_ws/build/elgooso/install.log'
[3.390s] Invoked command in '/home/majama/ros2_ws/src/elgooso' returned '0': PYTHONPATH=/home/majama/ros2_ws/build/elgooso/prefix_override:/home/majama/ros2_ws/install/elgooso/lib/python3.10/site-packages:${PYTHONPATH} /usr/bin/python3 setup.py egg_info --egg-base ../../build/elgooso build --build-base /home/majama/ros2_ws/build/elgooso/build install --record /home/majama/ros2_ws/build/elgooso/install.log --single-version-externally-managed
