[0.489s] Invoking command in '/home/majama/ros2_ws/build/elgooso': PYTHONPATH=/home/majama/ros2_ws/build/elgooso/prefix_override:/home/majama/ros2_ws/install/elgooso/lib/python3.10/site-packages:${PYTHONPATH} /usr/bin/python3 setup.py develop --uninstall --editable --build-directory /home/majama/ros2_ws/build/elgooso/build
[0.668s] running develop
[0.669s] /usr/lib/python3/dist-packages/setuptools/command/easy_install.py:158: EasyInstallDeprecationWarning: easy_install command is deprecated. Use build and pip and other standards-based tools.
[0.669s]   warnings.warn(
[0.671s] /usr/lib/python3/dist-packages/setuptools/command/install.py:34: SetuptoolsDeprecationWarning: setup.py install is deprecated. Use build and pip and other standards-based tools.
[0.671s]   warnings.warn(
[0.706s] /usr/lib/python3/dist-packages/pkg_resources/__init__.py:116: PkgResourcesDeprecationWarning: 1.1build1 is an invalid version and will not be supported in a future release
[0.706s]   warnings.warn(
[0.707s] /usr/lib/python3/dist-packages/pkg_resources/__init__.py:116: PkgResourcesDeprecationWarning: 0.1.43ubuntu1 is an invalid version and will not be supported in a future release
[0.707s]   warnings.warn(
[0.786s] Invoked command in '/home/majama/ros2_ws/build/elgooso' returned '0': PYTHONPATH=/home/majama/ros2_ws/build/elgooso/prefix_override:/home/majama/ros2_ws/install/elgooso/lib/python3.10/site-packages:${PYTHONPATH} /usr/bin/python3 setup.py develop --uninstall --editable --build-directory /home/majama/ros2_ws/build/elgooso/build
[0.788s] Invoking command in '/home/majama/ros2_ws/src/elgooso': PYTHONPATH=/home/majama/ros2_ws/build/elgooso/prefix_override:/home/majama/ros2_ws/install/elgooso/lib/python3.10/site-packages:${PYTHONPATH} /usr/bin/python3 setup.py egg_info --egg-base ../../build/elgooso build --build-base /home/majama/ros2_ws/build/elgooso/build install --record /home/majama/ros2_ws/build/elgooso/install.log --single-version-externally-managed
[0.943s] running egg_info
[0.943s] writing ../../build/elgooso/elgooso.egg-info/PKG-INFO
[0.954s] writing dependency_links to ../../build/elgooso/elgooso.egg-info/dependency_links.txt
[0.954s] writing entry points to ../../build/elgooso/elgooso.egg-info/entry_points.txt
[0.954s] writing requirements to ../../build/elgooso/elgooso.egg-info/requires.txt
[0.954s] writing top-level names to ../../build/elgooso/elgooso.egg-info/top_level.txt
[0.956s] reading manifest file '../../build/elgooso/elgooso.egg-info/SOURCES.txt'
[0.957s] writing manifest file '../../build/elgooso/elgooso.egg-info/SOURCES.txt'
[0.958s] running build
[0.958s] running build_py
[0.959s] running install
[0.959s] /usr/lib/python3/dist-packages/setuptools/command/install.py:34: SetuptoolsDeprecationWarning: setup.py install is deprecated. Use build and pip and other standards-based tools.
[0.959s]   warnings.warn(
[0.959s] running install_lib
[0.962s] running install_data
[0.964s] copying launch/sim2.launch.py -> /home/majama/ros2_ws/install/elgooso/share/elgooso/launch
[0.966s] running install_egg_info
[0.967s] removing '/home/majama/ros2_ws/install/elgooso/lib/python3.10/site-packages/elgooso-0.0.0-py3.10.egg-info' (and everything under it)
[0.967s] Copying ../../build/elgooso/elgooso.egg-info to /home/majama/ros2_ws/install/elgooso/lib/python3.10/site-packages/elgooso-0.0.0-py3.10.egg-info
[0.968s] running install_scripts
[0.984s] Installing state_publisher script to /home/majama/ros2_ws/install/elgooso/lib/elgooso
[0.984s] writing list of installed files to '/home/majama/ros2_ws/build/elgooso/install.log'
[1.001s] Invoked command in '/home/majama/ros2_ws/src/elgooso' returned '0': PYTHONPATH=/home/majama/ros2_ws/build/elgooso/prefix_override:/home/majama/ros2_ws/install/elgooso/lib/python3.10/site-packages:${PYTHONPATH} /usr/bin/python3 setup.py egg_info --egg-base ../../build/elgooso build --build-base /home/majama/ros2_ws/build/elgooso/build install --record /home/majama/ros2_ws/build/elgooso/install.log --single-version-externally-managed
