[1.664s] Invoking command in '/home/majama/ros2_ws/build/elgooso': PYTHONPATH=/home/majama/ros2_ws/build/elgooso/prefix_override:/home/majama/ros2_ws/install/elgooso/lib/python3.10/site-packages:${PYTHONPATH} /usr/bin/python3 setup.py develop --uninstall --editable --build-directory /home/majama/ros2_ws/build/elgooso/build
[2.501s] running develop
[2.503s] /usr/lib/python3/dist-packages/setuptools/command/easy_install.py:158: EasyInstallDeprecationWarning: easy_install command is deprecated. Use build and pip and other standards-based tools.
[2.503s]   warnings.warn(
[2.507s] /usr/lib/python3/dist-packages/setuptools/command/install.py:34: SetuptoolsDeprecationWarning: setup.py install is deprecated. Use build and pip and other standards-based tools.
[2.507s]   warnings.warn(
[2.642s] /usr/lib/python3/dist-packages/pkg_resources/__init__.py:116: PkgResourcesDeprecationWarning: 1.1build1 is an invalid version and will not be supported in a future release
[2.642s]   warnings.warn(
[2.642s] /usr/lib/python3/dist-packages/pkg_resources/__init__.py:116: PkgResourcesDeprecationWarning: 0.1.43ubuntu1 is an invalid version and will not be supported in a future release
[2.642s]   warnings.warn(
[2.910s] Invoked command in '/home/majama/ros2_ws/build/elgooso' returned '0': PYTHONPATH=/home/majama/ros2_ws/build/elgooso/prefix_override:/home/majama/ros2_ws/install/elgooso/lib/python3.10/site-packages:${PYTHONPATH} /usr/bin/python3 setup.py develop --uninstall --editable --build-directory /home/majama/ros2_ws/build/elgooso/build
[2.912s] Invoking command in '/home/majama/ros2_ws/src/elgooso': PYTHONPATH=/home/majama/ros2_ws/build/elgooso/prefix_override:/home/majama/ros2_ws/install/elgooso/lib/python3.10/site-packages:${PYTHONPATH} /usr/bin/python3 setup.py egg_info --egg-base ../../build/elgooso build --build-base /home/majama/ros2_ws/build/elgooso/build install --record /home/majama/ros2_ws/build/elgooso/install.log --single-version-externally-managed
[3.386s] running egg_info
[3.388s] writing ../../build/elgooso/elgooso.egg-info/PKG-INFO
[3.389s] writing dependency_links to ../../build/elgooso/elgooso.egg-info/dependency_links.txt
[3.390s] writing entry points to ../../build/elgooso/elgooso.egg-info/entry_points.txt
[3.391s] writing requirements to ../../build/elgooso/elgooso.egg-info/requires.txt
[3.391s] writing top-level names to ../../build/elgooso/elgooso.egg-info/top_level.txt
[3.401s] reading manifest file '../../build/elgooso/elgooso.egg-info/SOURCES.txt'
[3.403s] writing manifest file '../../build/elgooso/elgooso.egg-info/SOURCES.txt'
[3.403s] running build
[3.404s] running build_py
[3.407s] running install
[3.407s] /usr/lib/python3/dist-packages/setuptools/command/install.py:34: SetuptoolsDeprecationWarning: setup.py install is deprecated. Use build and pip and other standards-based tools.
[3.408s]   warnings.warn(
[3.409s] running install_lib
[3.415s] running install_data
[3.417s] copying launch/elgooso_sim.launch.py -> /home/majama/ros2_ws/install/elgooso/share/elgooso/launch
[3.419s] running install_egg_info
[3.423s] removing '/home/majama/ros2_ws/install/elgooso/lib/python3.10/site-packages/elgooso-0.0.0-py3.10.egg-info' (and everything under it)
[3.425s] Copying ../../build/elgooso/elgooso.egg-info to /home/majama/ros2_ws/install/elgooso/lib/python3.10/site-packages/elgooso-0.0.0-py3.10.egg-info
[3.428s] running install_scripts
[3.468s] Installing move script to /home/majama/ros2_ws/install/elgooso/lib/elgooso
[3.470s] Installing state_publisher script to /home/majama/ros2_ws/install/elgooso/lib/elgooso
[3.470s] Installing talker script to /home/majama/ros2_ws/install/elgooso/lib/elgooso
[3.473s] writing list of installed files to '/home/majama/ros2_ws/build/elgooso/install.log'
[3.528s] Invoked command in '/home/majama/ros2_ws/src/elgooso' returned '0': PYTHONPATH=/home/majama/ros2_ws/build/elgooso/prefix_override:/home/majama/ros2_ws/install/elgooso/lib/python3.10/site-packages:${PYTHONPATH} /usr/bin/python3 setup.py egg_info --egg-base ../../build/elgooso build --build-base /home/majama/ros2_ws/build/elgooso/build install --record /home/majama/ros2_ws/build/elgooso/install.log --single-version-externally-managed
