[0.514s] Invoking command in '/home/majama/ros2_ws/build/elgooso': PYTHONPATH=/home/majama/ros2_ws/build/elgooso/prefix_override:/home/majama/ros2_ws/install/elgooso/lib/python3.10/site-packages:${PYTHONPATH} /usr/bin/python3 setup.py develop --uninstall --editable --build-directory /home/majama/ros2_ws/build/elgooso/build
[0.725s] running develop
[0.725s] /usr/lib/python3/dist-packages/setuptools/command/easy_install.py:158: EasyInstallDeprecationWarning: easy_install command is deprecated. Use build and pip and other standards-based tools.
[0.725s]   warnings.warn(
[0.726s] /usr/lib/python3/dist-packages/setuptools/command/install.py:34: SetuptoolsDeprecationWarning: setup.py install is deprecated. Use build and pip and other standards-based tools.
[0.726s]   warnings.warn(
[0.771s] /usr/lib/python3/dist-packages/pkg_resources/__init__.py:116: PkgResourcesDeprecationWarning: 1.1build1 is an invalid version and will not be supported in a future release
[0.771s]   warnings.warn(
[0.772s] /usr/lib/python3/dist-packages/pkg_resources/__init__.py:116: PkgResourcesDeprecationWarning: 0.1.43ubuntu1 is an invalid version and will not be supported in a future release
[0.772s]   warnings.warn(
[0.887s] Invoked command in '/home/majama/ros2_ws/build/elgooso' returned '0': PYTHONPATH=/home/majama/ros2_ws/build/elgooso/prefix_override:/home/majama/ros2_ws/install/elgooso/lib/python3.10/site-packages:${PYTHONPATH} /usr/bin/python3 setup.py develop --uninstall --editable --build-directory /home/majama/ros2_ws/build/elgooso/build
[0.888s] Invoking command in '/home/majama/ros2_ws/src/elgooso': PYTHONPATH=/home/majama/ros2_ws/build/elgooso/prefix_override:/home/majama/ros2_ws/install/elgooso/lib/python3.10/site-packages:${PYTHONPATH} /usr/bin/python3 setup.py egg_info --egg-base ../../build/elgooso build --build-base /home/majama/ros2_ws/build/elgooso/build install --record /home/majama/ros2_ws/build/elgooso/install.log --single-version-externally-managed
[1.108s] running egg_info
[1.109s] writing ../../build/elgooso/elgooso.egg-info/PKG-INFO
[1.109s] writing dependency_links to ../../build/elgooso/elgooso.egg-info/dependency_links.txt
[1.109s] writing entry points to ../../build/elgooso/elgooso.egg-info/entry_points.txt
[1.110s] writing requirements to ../../build/elgooso/elgooso.egg-info/requires.txt
[1.110s] writing top-level names to ../../build/elgooso/elgooso.egg-info/top_level.txt
[1.112s] reading manifest file '../../build/elgooso/elgooso.egg-info/SOURCES.txt'
[1.113s] writing manifest file '../../build/elgooso/elgooso.egg-info/SOURCES.txt'
[1.113s] running build
[1.113s] running build_py
[1.113s] running install
[1.113s] /usr/lib/python3/dist-packages/setuptools/command/install.py:34: SetuptoolsDeprecationWarning: setup.py install is deprecated. Use build and pip and other standards-based tools.
[1.114s]   warnings.warn(
[1.114s] running install_lib
[1.115s] running install_data
[1.116s] copying urdf/elgooso.urdf -> /home/majama/ros2_ws/install/elgooso/share/elgooso/urdf
[1.116s] running install_egg_info
[1.119s] removing '/home/majama/ros2_ws/install/elgooso/lib/python3.10/site-packages/elgooso-0.0.0-py3.10.egg-info' (and everything under it)
[1.119s] Copying ../../build/elgooso/elgooso.egg-info to /home/majama/ros2_ws/install/elgooso/lib/python3.10/site-packages/elgooso-0.0.0-py3.10.egg-info
[1.120s] running install_scripts
[1.145s] writing list of installed files to '/home/majama/ros2_ws/build/elgooso/install.log'
[1.172s] Invoked command in '/home/majama/ros2_ws/src/elgooso' returned '0': PYTHONPATH=/home/majama/ros2_ws/build/elgooso/prefix_override:/home/majama/ros2_ws/install/elgooso/lib/python3.10/site-packages:${PYTHONPATH} /usr/bin/python3 setup.py egg_info --egg-base ../../build/elgooso build --build-base /home/majama/ros2_ws/build/elgooso/build install --record /home/majama/ros2_ws/build/elgooso/install.log --single-version-externally-managed
