[0.616s] Invoking command in '/home/majama/ros2_ws/build/elgooso': PYTHONPATH=/home/majama/ros2_ws/build/elgooso/prefix_override:/home/majama/ros2_ws/install/elgooso/lib/python3.10/site-packages:${PYTHONPATH} /usr/bin/python3 setup.py develop --uninstall --editable --build-directory /home/majama/ros2_ws/build/elgooso/build
[0.893s] running develop
[0.893s] /usr/lib/python3/dist-packages/setuptools/command/easy_install.py:158: EasyInstallDeprecationWarning: easy_install command is deprecated. Use build and pip and other standards-based tools.
[0.893s]   warnings.warn(
[0.894s] /usr/lib/python3/dist-packages/setuptools/command/install.py:34: SetuptoolsDeprecationWarning: setup.py install is deprecated. Use build and pip and other standards-based tools.
[0.894s]   warnings.warn(
[0.949s] /usr/lib/python3/dist-packages/pkg_resources/__init__.py:116: PkgResourcesDeprecationWarning: 1.1build1 is an invalid version and will not be supported in a future release
[0.950s]   warnings.warn(
[0.950s] /usr/lib/python3/dist-packages/pkg_resources/__init__.py:116: PkgResourcesDeprecationWarning: 0.1.43ubuntu1 is an invalid version and will not be supported in a future release
[0.950s]   warnings.warn(
[1.088s] Invoked command in '/home/majama/ros2_ws/build/elgooso' returned '0': PYTHONPATH=/home/majama/ros2_ws/build/elgooso/prefix_override:/home/majama/ros2_ws/install/elgooso/lib/python3.10/site-packages:${PYTHONPATH} /usr/bin/python3 setup.py develop --uninstall --editable --build-directory /home/majama/ros2_ws/build/elgooso/build
[1.089s] Invoking command in '/home/majama/ros2_ws/src/elgooso': PYTHONPATH=/home/majama/ros2_ws/build/elgooso/prefix_override:/home/majama/ros2_ws/install/elgooso/lib/python3.10/site-packages:${PYTHONPATH} /usr/bin/python3 setup.py egg_info --egg-base ../../build/elgooso build --build-base /home/majama/ros2_ws/build/elgooso/build install --record /home/majama/ros2_ws/build/elgooso/install.log --single-version-externally-managed
[1.344s] running egg_info
[1.346s] writing ../../build/elgooso/elgooso.egg-info/PKG-INFO
[1.347s] writing dependency_links to ../../build/elgooso/elgooso.egg-info/dependency_links.txt
[1.347s] writing entry points to ../../build/elgooso/elgooso.egg-info/entry_points.txt
[1.347s] writing requirements to ../../build/elgooso/elgooso.egg-info/requires.txt
[1.347s] writing top-level names to ../../build/elgooso/elgooso.egg-info/top_level.txt
[1.349s] reading manifest file '../../build/elgooso/elgooso.egg-info/SOURCES.txt'
[1.350s] writing manifest file '../../build/elgooso/elgooso.egg-info/SOURCES.txt'
[1.350s] running build
[1.350s] running build_py
[1.351s] running install
[1.351s] /usr/lib/python3/dist-packages/setuptools/command/install.py:34: SetuptoolsDeprecationWarning: setup.py install is deprecated. Use build and pip and other standards-based tools.
[1.351s]   warnings.warn(
[1.351s] running install_lib
[1.353s] running install_data
[1.353s] running install_egg_info
[1.355s] removing '/home/majama/ros2_ws/install/elgooso/lib/python3.10/site-packages/elgooso-0.0.0-py3.10.egg-info' (and everything under it)
[1.355s] Copying ../../build/elgooso/elgooso.egg-info to /home/majama/ros2_ws/install/elgooso/lib/python3.10/site-packages/elgooso-0.0.0-py3.10.egg-info
[1.356s] running install_scripts
[1.384s] Installing Qlearn script to /home/majama/ros2_ws/install/elgooso/lib/elgooso
[1.384s] Installing move script to /home/majama/ros2_ws/install/elgooso/lib/elgooso
[1.384s] Installing spawn_entity script to /home/majama/ros2_ws/install/elgooso/lib/elgooso
[1.384s] Installing state_publisher script to /home/majama/ros2_ws/install/elgooso/lib/elgooso
[1.384s] Installing talker script to /home/majama/ros2_ws/install/elgooso/lib/elgooso
[1.385s] writing list of installed files to '/home/majama/ros2_ws/build/elgooso/install.log'
[1.414s] Invoked command in '/home/majama/ros2_ws/src/elgooso' returned '0': PYTHONPATH=/home/majama/ros2_ws/build/elgooso/prefix_override:/home/majama/ros2_ws/install/elgooso/lib/python3.10/site-packages:${PYTHONPATH} /usr/bin/python3 setup.py egg_info --egg-base ../../build/elgooso build --build-base /home/majama/ros2_ws/build/elgooso/build install --record /home/majama/ros2_ws/build/elgooso/install.log --single-version-externally-managed
