[1.136s] Invoking command in '/home/majama/ros2_ws/build/elgooso': PYTHONPATH=/home/majama/ros2_ws/build/elgooso/prefix_override:/home/majama/ros2_ws/install/elgooso/lib/python3.10/site-packages:${PYTHONPATH} /usr/bin/python3 setup.py develop --uninstall --editable --build-directory /home/majama/ros2_ws/build/elgooso/build
[1.553s] running develop
[1.554s] /usr/lib/python3/dist-packages/setuptools/command/easy_install.py:158: EasyInstallDeprecationWarning: easy_install command is deprecated. Use build and pip and other standards-based tools.
[1.554s]   warnings.warn(
[1.556s] /usr/lib/python3/dist-packages/setuptools/command/install.py:34: SetuptoolsDeprecationWarning: setup.py install is deprecated. Use build and pip and other standards-based tools.
[1.556s]   warnings.warn(
[1.640s] /usr/lib/python3/dist-packages/pkg_resources/__init__.py:116: PkgResourcesDeprecationWarning: 1.1build1 is an invalid version and will not be supported in a future release
[1.640s]   warnings.warn(
[1.641s] /usr/lib/python3/dist-packages/pkg_resources/__init__.py:116: PkgResourcesDeprecationWarning: 0.1.43ubuntu1 is an invalid version and will not be supported in a future release
[1.641s]   warnings.warn(
[1.828s] Invoked command in '/home/majama/ros2_ws/build/elgooso' returned '0': PYTHONPATH=/home/majama/ros2_ws/build/elgooso/prefix_override:/home/majama/ros2_ws/install/elgooso/lib/python3.10/site-packages:${PYTHONPATH} /usr/bin/python3 setup.py develop --uninstall --editable --build-directory /home/majama/ros2_ws/build/elgooso/build
[1.831s] Invoking command in '/home/majama/ros2_ws/src/elgooso': PYTHONPATH=/home/majama/ros2_ws/build/elgooso/prefix_override:/home/majama/ros2_ws/install/elgooso/lib/python3.10/site-packages:${PYTHONPATH} /usr/bin/python3 setup.py egg_info --egg-base ../../build/elgooso build --build-base /home/majama/ros2_ws/build/elgooso/build install --record /home/majama/ros2_ws/build/elgooso/install.log --single-version-externally-managed
[2.193s] running egg_info
[2.194s] writing ../../build/elgooso/elgooso.egg-info/PKG-INFO
[2.195s] writing dependency_links to ../../build/elgooso/elgooso.egg-info/dependency_links.txt
[2.195s] writing entry points to ../../build/elgooso/elgooso.egg-info/entry_points.txt
[2.195s] writing requirements to ../../build/elgooso/elgooso.egg-info/requires.txt
[2.195s] writing top-level names to ../../build/elgooso/elgooso.egg-info/top_level.txt
[2.198s] reading manifest file '../../build/elgooso/elgooso.egg-info/SOURCES.txt'
[2.199s] writing manifest file '../../build/elgooso/elgooso.egg-info/SOURCES.txt'
[2.200s] running build
[2.200s] running build_py
[2.200s] /usr/lib/python3/dist-packages/setuptools/command/install.py:34: SetuptoolsDeprecationWarning: setup.py install is deprecated. Use build and pip and other standards-based tools.
[2.200s]   warnings.warn(
[2.200s] running install
[2.201s] running install_lib
[2.202s] running install_data
[2.203s] copying launch/elgooso_sim.launch.py -> /home/majama/ros2_ws/install/elgooso/share/elgooso/launch
[2.203s] running install_egg_info
[2.206s] removing '/home/majama/ros2_ws/install/elgooso/lib/python3.10/site-packages/elgooso-0.0.0-py3.10.egg-info' (and everything under it)
[2.206s] Copying ../../build/elgooso/elgooso.egg-info to /home/majama/ros2_ws/install/elgooso/lib/python3.10/site-packages/elgooso-0.0.0-py3.10.egg-info
[2.208s] running install_scripts
[2.243s] Installing Qlearn script to /home/majama/ros2_ws/install/elgooso/lib/elgooso
[2.243s] Installing move script to /home/majama/ros2_ws/install/elgooso/lib/elgooso
[2.243s] Installing spawn_entity script to /home/majama/ros2_ws/install/elgooso/lib/elgooso
[2.243s] Installing state_publisher script to /home/majama/ros2_ws/install/elgooso/lib/elgooso
[2.244s] Installing talker script to /home/majama/ros2_ws/install/elgooso/lib/elgooso
[2.244s] writing list of installed files to '/home/majama/ros2_ws/build/elgooso/install.log'
[2.277s] Invoked command in '/home/majama/ros2_ws/src/elgooso' returned '0': PYTHONPATH=/home/majama/ros2_ws/build/elgooso/prefix_override:/home/majama/ros2_ws/install/elgooso/lib/python3.10/site-packages:${PYTHONPATH} /usr/bin/python3 setup.py egg_info --egg-base ../../build/elgooso build --build-base /home/majama/ros2_ws/build/elgooso/build install --record /home/majama/ros2_ws/build/elgooso/install.log --single-version-externally-managed
