[0.950s] Invoking command in '/home/majama/ros2_ws/build/elgooso': PYTHONPATH=/home/majama/ros2_ws/build/elgooso/prefix_override:/home/majama/ros2_ws/install/elgooso/lib/python3.10/site-packages:${PYTHONPATH} /usr/bin/python3 setup.py develop --uninstall --editable --build-directory /home/majama/ros2_ws/build/elgooso/build
[1.286s] running develop
[1.288s] /usr/lib/python3/dist-packages/setuptools/command/easy_install.py:158: EasyInstallDeprecationWarning: easy_install command is deprecated. Use build and pip and other standards-based tools.
[1.289s]   warnings.warn(
[1.291s] /usr/lib/python3/dist-packages/setuptools/command/install.py:34: SetuptoolsDeprecationWarning: setup.py install is deprecated. Use build and pip and other standards-based tools.
[1.291s]   warnings.warn(
[1.362s] /usr/lib/python3/dist-packages/pkg_resources/__init__.py:116: PkgResourcesDeprecationWarning: 1.1build1 is an invalid version and will not be supported in a future release
[1.362s]   warnings.warn(
[1.363s] /usr/lib/python3/dist-packages/pkg_resources/__init__.py:116: PkgResourcesDeprecationWarning: 0.1.43ubuntu1 is an invalid version and will not be supported in a future release
[1.363s]   warnings.warn(
[1.526s] Invoked command in '/home/majama/ros2_ws/build/elgooso' returned '0': PYTHONPATH=/home/majama/ros2_ws/build/elgooso/prefix_override:/home/majama/ros2_ws/install/elgooso/lib/python3.10/site-packages:${PYTHONPATH} /usr/bin/python3 setup.py develop --uninstall --editable --build-directory /home/majama/ros2_ws/build/elgooso/build
[1.527s] Invoking command in '/home/majama/ros2_ws/src/elgooso': PYTHONPATH=/home/majama/ros2_ws/build/elgooso/prefix_override:/home/majama/ros2_ws/install/elgooso/lib/python3.10/site-packages:${PYTHONPATH} /usr/bin/python3 setup.py egg_info --egg-base ../../build/elgooso build --build-base /home/majama/ros2_ws/build/elgooso/build install --record /home/majama/ros2_ws/build/elgooso/install.log --single-version-externally-managed
[1.821s] running egg_info
[1.822s] writing ../../build/elgooso/elgooso.egg-info/PKG-INFO
[1.833s] writing dependency_links to ../../build/elgooso/elgooso.egg-info/dependency_links.txt
[1.833s] writing entry points to ../../build/elgooso/elgooso.egg-info/entry_points.txt
[1.834s] writing requirements to ../../build/elgooso/elgooso.egg-info/requires.txt
[1.835s] writing top-level names to ../../build/elgooso/elgooso.egg-info/top_level.txt
[1.846s] reading manifest file '../../build/elgooso/elgooso.egg-info/SOURCES.txt'
[1.847s] writing manifest file '../../build/elgooso/elgooso.egg-info/SOURCES.txt'
[1.848s] running build
[1.848s] running build_py
[1.850s] running install
[1.850s] /usr/lib/python3/dist-packages/setuptools/command/install.py:34: SetuptoolsDeprecationWarning: setup.py install is deprecated. Use build and pip and other standards-based tools.
[1.850s]   warnings.warn(
[1.850s] running install_lib
[1.853s] running install_data
[1.860s] running install_egg_info
[1.863s] removing '/home/majama/ros2_ws/install/elgooso/lib/python3.10/site-packages/elgooso-0.0.0-py3.10.egg-info' (and everything under it)
[1.863s] Copying ../../build/elgooso/elgooso.egg-info to /home/majama/ros2_ws/install/elgooso/lib/python3.10/site-packages/elgooso-0.0.0-py3.10.egg-info
[1.865s] running install_scripts
[1.902s] Installing Qlearn script to /home/majama/ros2_ws/install/elgooso/lib/elgooso
[1.902s] Installing move script to /home/majama/ros2_ws/install/elgooso/lib/elgooso
[1.904s] Installing spawn_entity script to /home/majama/ros2_ws/install/elgooso/lib/elgooso
[1.904s] Installing state_publisher script to /home/majama/ros2_ws/install/elgooso/lib/elgooso
[1.905s] Installing talker script to /home/majama/ros2_ws/install/elgooso/lib/elgooso
[1.905s] writing list of installed files to '/home/majama/ros2_ws/build/elgooso/install.log'
[1.942s] Invoked command in '/home/majama/ros2_ws/src/elgooso' returned '0': PYTHONPATH=/home/majama/ros2_ws/build/elgooso/prefix_override:/home/majama/ros2_ws/install/elgooso/lib/python3.10/site-packages:${PYTHONPATH} /usr/bin/python3 setup.py egg_info --egg-base ../../build/elgooso build --build-base /home/majama/ros2_ws/build/elgooso/build install --record /home/majama/ros2_ws/build/elgooso/install.log --single-version-externally-managed
