[1.642s] Invoking command in '/home/majama/ros2_ws/build/elgooso': PYTHONPATH=/home/majama/ros2_ws/build/elgooso/prefix_override:/home/majama/ros2_ws/install/elgooso/lib/python3.10/site-packages:${PYTHONPATH} /usr/bin/python3 setup.py develop --uninstall --editable --build-directory /home/majama/ros2_ws/build/elgooso/build
[2.617s] running develop
[2.618s] /usr/lib/python3/dist-packages/setuptools/command/easy_install.py:158: EasyInstallDeprecationWarning: easy_install command is deprecated. Use build and pip and other standards-based tools.
[2.618s]   warnings.warn(
[2.625s] /usr/lib/python3/dist-packages/setuptools/command/install.py:34: SetuptoolsDeprecationWarning: setup.py install is deprecated. Use build and pip and other standards-based tools.
[2.625s]   warnings.warn(
[2.802s] /usr/lib/python3/dist-packages/pkg_resources/__init__.py:116: PkgResourcesDeprecationWarning: 1.1build1 is an invalid version and will not be supported in a future release
[2.802s]   warnings.warn(
[2.803s] /usr/lib/python3/dist-packages/pkg_resources/__init__.py:116: PkgResourcesDeprecationWarning: 0.1.43ubuntu1 is an invalid version and will not be supported in a future release
[2.803s]   warnings.warn(
[3.168s] Invoked command in '/home/majama/ros2_ws/build/elgooso' returned '0': PYTHONPATH=/home/majama/ros2_ws/build/elgooso/prefix_override:/home/majama/ros2_ws/install/elgooso/lib/python3.10/site-packages:${PYTHONPATH} /usr/bin/python3 setup.py develop --uninstall --editable --build-directory /home/majama/ros2_ws/build/elgooso/build
[3.170s] Invoking command in '/home/majama/ros2_ws/src/elgooso': PYTHONPATH=/home/majama/ros2_ws/build/elgooso/prefix_override:/home/majama/ros2_ws/install/elgooso/lib/python3.10/site-packages:${PYTHONPATH} /usr/bin/python3 setup.py egg_info --egg-base ../../build/elgooso build --build-base /home/majama/ros2_ws/build/elgooso/build install --record /home/majama/ros2_ws/build/elgooso/install.log --single-version-externally-managed
[3.997s] running egg_info
[3.998s] writing ../../build/elgooso/elgooso.egg-info/PKG-INFO
[3.999s] writing dependency_links to ../../build/elgooso/elgooso.egg-info/dependency_links.txt
[4.000s] writing entry points to ../../build/elgooso/elgooso.egg-info/entry_points.txt
[4.002s] writing requirements to ../../build/elgooso/elgooso.egg-info/requires.txt
[4.002s] writing top-level names to ../../build/elgooso/elgooso.egg-info/top_level.txt
[4.018s] reading manifest file '../../build/elgooso/elgooso.egg-info/SOURCES.txt'
[4.021s] writing manifest file '../../build/elgooso/elgooso.egg-info/SOURCES.txt'
[4.022s] running build
[4.022s] running build_py
[4.024s] copying elgooso/Qlearn.py -> /home/majama/ros2_ws/build/elgooso/build/lib/elgooso
[4.024s] running install
[4.025s] /usr/lib/python3/dist-packages/setuptools/command/install.py:34: SetuptoolsDeprecationWarning: setup.py install is deprecated. Use build and pip and other standards-based tools.
[4.025s]   warnings.warn(
[4.025s] running install_lib
[4.027s] copying /home/majama/ros2_ws/build/elgooso/build/lib/elgooso/Qlearn.py -> /home/majama/ros2_ws/install/elgooso/lib/python3.10/site-packages/elgooso
[4.029s] byte-compiling /home/majama/ros2_ws/install/elgooso/lib/python3.10/site-packages/elgooso/Qlearn.py to Qlearn.cpython-310.pyc
[4.036s] running install_data
[4.044s] running install_egg_info
[4.051s] removing '/home/majama/ros2_ws/install/elgooso/lib/python3.10/site-packages/elgooso-0.0.0-py3.10.egg-info' (and everything under it)
[4.052s] Copying ../../build/elgooso/elgooso.egg-info to /home/majama/ros2_ws/install/elgooso/lib/python3.10/site-packages/elgooso-0.0.0-py3.10.egg-info
[4.056s] running install_scripts
[4.130s] Installing Qlearn script to /home/majama/ros2_ws/install/elgooso/lib/elgooso
[4.131s] Installing move script to /home/majama/ros2_ws/install/elgooso/lib/elgooso
[4.131s] Installing spawn_entity script to /home/majama/ros2_ws/install/elgooso/lib/elgooso
[4.132s] Installing state_publisher script to /home/majama/ros2_ws/install/elgooso/lib/elgooso
[4.132s] Installing talker script to /home/majama/ros2_ws/install/elgooso/lib/elgooso
[4.134s] writing list of installed files to '/home/majama/ros2_ws/build/elgooso/install.log'
[4.210s] Invoked command in '/home/majama/ros2_ws/src/elgooso' returned '0': PYTHONPATH=/home/majama/ros2_ws/build/elgooso/prefix_override:/home/majama/ros2_ws/install/elgooso/lib/python3.10/site-packages:${PYTHONPATH} /usr/bin/python3 setup.py egg_info --egg-base ../../build/elgooso build --build-base /home/majama/ros2_ws/build/elgooso/build install --record /home/majama/ros2_ws/build/elgooso/install.log --single-version-externally-managed
