[2.119s] Invoking command in '/home/majama/ros2_ws/build/elgooso': PYTHONPATH=/home/majama/ros2_ws/build/elgooso/prefix_override:/home/majama/ros2_ws/install/elgooso/lib/python3.10/site-packages:${PYTHONPATH} /usr/bin/python3 setup.py develop --uninstall --editable --build-directory /home/majama/ros2_ws/build/elgooso/build
[2.953s] running develop
[2.956s] /usr/lib/python3/dist-packages/setuptools/command/easy_install.py:158: EasyInstallDeprecationWarning: easy_install command is deprecated. Use build and pip and other standards-based tools.
[2.956s]   warnings.warn(
[2.962s] /usr/lib/python3/dist-packages/setuptools/command/install.py:34: SetuptoolsDeprecationWarning: setup.py install is deprecated. Use build and pip and other standards-based tools.
[2.962s]   warnings.warn(
[3.147s] /usr/lib/python3/dist-packages/pkg_resources/__init__.py:116: PkgResourcesDeprecationWarning: 1.1build1 is an invalid version and will not be supported in a future release
[3.147s]   warnings.warn(
[3.148s] /usr/lib/python3/dist-packages/pkg_resources/__init__.py:116: PkgResourcesDeprecationWarning: 0.1.43ubuntu1 is an invalid version and will not be supported in a future release
[3.152s]   warnings.warn(
[3.611s] Invoked command in '/home/majama/ros2_ws/build/elgooso' returned '0': PYTHONPATH=/home/majama/ros2_ws/build/elgooso/prefix_override:/home/majama/ros2_ws/install/elgooso/lib/python3.10/site-packages:${PYTHONPATH} /usr/bin/python3 setup.py develop --uninstall --editable --build-directory /home/majama/ros2_ws/build/elgooso/build
[3.633s] Invoking command in '/home/majama/ros2_ws/src/elgooso': PYTHONPATH=/home/majama/ros2_ws/build/elgooso/prefix_override:/home/majama/ros2_ws/install/elgooso/lib/python3.10/site-packages:${PYTHONPATH} /usr/bin/python3 setup.py egg_info --egg-base ../../build/elgooso build --build-base /home/majama/ros2_ws/build/elgooso/build install --record /home/majama/ros2_ws/build/elgooso/install.log --single-version-externally-managed
[4.442s] running egg_info
[4.444s] writing ../../build/elgooso/elgooso.egg-info/PKG-INFO
[4.446s] writing dependency_links to ../../build/elgooso/elgooso.egg-info/dependency_links.txt
[4.446s] writing entry points to ../../build/elgooso/elgooso.egg-info/entry_points.txt
[4.446s] writing requirements to ../../build/elgooso/elgooso.egg-info/requires.txt
[4.447s] writing top-level names to ../../build/elgooso/elgooso.egg-info/top_level.txt
[4.461s] reading manifest file '../../build/elgooso/elgooso.egg-info/SOURCES.txt'
[4.463s] writing manifest file '../../build/elgooso/elgooso.egg-info/SOURCES.txt'
[4.463s] running build
[4.463s] running build_py
[4.465s] copying elgooso/move.py -> /home/majama/ros2_ws/build/elgooso/build/lib/elgooso
[4.467s] running install
[4.467s] /usr/lib/python3/dist-packages/setuptools/command/install.py:34: SetuptoolsDeprecationWarning: setup.py install is deprecated. Use build and pip and other standards-based tools.
[4.467s]   warnings.warn(
[4.468s] running install_lib
[4.470s] copying /home/majama/ros2_ws/build/elgooso/build/lib/elgooso/move.py -> /home/majama/ros2_ws/install/elgooso/lib/python3.10/site-packages/elgooso
[4.475s] byte-compiling /home/majama/ros2_ws/install/elgooso/lib/python3.10/site-packages/elgooso/move.py to move.cpython-310.pyc
[4.477s] running install_data
[4.484s] running install_egg_info
[4.490s] removing '/home/majama/ros2_ws/install/elgooso/lib/python3.10/site-packages/elgooso-0.0.0-py3.10.egg-info' (and everything under it)
[4.493s] Copying ../../build/elgooso/elgooso.egg-info to /home/majama/ros2_ws/install/elgooso/lib/python3.10/site-packages/elgooso-0.0.0-py3.10.egg-info
[4.497s] running install_scripts
[4.571s] Installing move script to /home/majama/ros2_ws/install/elgooso/lib/elgooso
[4.571s] Installing state_publisher script to /home/majama/ros2_ws/install/elgooso/lib/elgooso
[4.573s] Installing talker script to /home/majama/ros2_ws/install/elgooso/lib/elgooso
[4.575s] writing list of installed files to '/home/majama/ros2_ws/build/elgooso/install.log'
[4.645s] Invoked command in '/home/majama/ros2_ws/src/elgooso' returned '0': PYTHONPATH=/home/majama/ros2_ws/build/elgooso/prefix_override:/home/majama/ros2_ws/install/elgooso/lib/python3.10/site-packages:${PYTHONPATH} /usr/bin/python3 setup.py egg_info --egg-base ../../build/elgooso build --build-base /home/majama/ros2_ws/build/elgooso/build install --record /home/majama/ros2_ws/build/elgooso/install.log --single-version-externally-managed
