[1.244s] Invoking command in '/home/majama/ros2_ws/build/elgooso': PYTHONPATH=/home/majama/ros2_ws/build/elgooso/prefix_override:/home/majama/ros2_ws/install/elgooso/lib/python3.10/site-packages:${PYTHONPATH} /usr/bin/python3 setup.py develop --uninstall --editable --build-directory /home/majama/ros2_ws/build/elgooso/build
[1.841s] running develop
[1.842s] /usr/lib/python3/dist-packages/setuptools/command/easy_install.py:158: EasyInstallDeprecationWarning: easy_install command is deprecated. Use build and pip and other standards-based tools.
[1.842s]   warnings.warn(
[1.844s] /usr/lib/python3/dist-packages/setuptools/command/install.py:34: SetuptoolsDeprecationWarning: setup.py install is deprecated. Use build and pip and other standards-based tools.
[1.844s]   warnings.warn(
[1.951s] /usr/lib/python3/dist-packages/pkg_resources/__init__.py:116: PkgResourcesDeprecationWarning: 1.1build1 is an invalid version and will not be supported in a future release
[1.951s]   warnings.warn(
[1.952s] /usr/lib/python3/dist-packages/pkg_resources/__init__.py:116: PkgResourcesDeprecationWarning: 0.1.43ubuntu1 is an invalid version and will not be supported in a future release
[1.952s]   warnings.warn(
[2.202s] Invoked command in '/home/majama/ros2_ws/build/elgooso' returned '0': PYTHONPATH=/home/majama/ros2_ws/build/elgooso/prefix_override:/home/majama/ros2_ws/install/elgooso/lib/python3.10/site-packages:${PYTHONPATH} /usr/bin/python3 setup.py develop --uninstall --editable --build-directory /home/majama/ros2_ws/build/elgooso/build
[2.203s] Invoking command in '/home/majama/ros2_ws/src/elgooso': PYTHONPATH=/home/majama/ros2_ws/build/elgooso/prefix_override:/home/majama/ros2_ws/install/elgooso/lib/python3.10/site-packages:${PYTHONPATH} /usr/bin/python3 setup.py egg_info --egg-base ../../build/elgooso build --build-base /home/majama/ros2_ws/build/elgooso/build install --record /home/majama/ros2_ws/build/elgooso/install.log --single-version-externally-managed
[2.675s] running egg_info
[2.676s] writing ../../build/elgooso/elgooso.egg-info/PKG-INFO
[2.677s] writing dependency_links to ../../build/elgooso/elgooso.egg-info/dependency_links.txt
[2.678s] writing entry points to ../../build/elgooso/elgooso.egg-info/entry_points.txt
[2.678s] writing requirements to ../../build/elgooso/elgooso.egg-info/requires.txt
[2.678s] writing top-level names to ../../build/elgooso/elgooso.egg-info/top_level.txt
[2.685s] reading manifest file '../../build/elgooso/elgooso.egg-info/SOURCES.txt'
[2.687s] writing manifest file '../../build/elgooso/elgooso.egg-info/SOURCES.txt'
[2.687s] running build
[2.687s] running build_py
[2.689s] copying elgooso/move.py -> /home/majama/ros2_ws/build/elgooso/build/lib/elgooso
[2.689s] running install
[2.689s] /usr/lib/python3/dist-packages/setuptools/command/install.py:34: SetuptoolsDeprecationWarning: setup.py install is deprecated. Use build and pip and other standards-based tools.
[2.689s]   warnings.warn(
[2.690s] running install_lib
[2.694s] copying /home/majama/ros2_ws/build/elgooso/build/lib/elgooso/move.py -> /home/majama/ros2_ws/install/elgooso/lib/python3.10/site-packages/elgooso
[2.694s] byte-compiling /home/majama/ros2_ws/install/elgooso/lib/python3.10/site-packages/elgooso/move.py to move.cpython-310.pyc
[2.696s] running install_data
[2.697s] running install_egg_info
[2.702s] removing '/home/majama/ros2_ws/install/elgooso/lib/python3.10/site-packages/elgooso-0.0.0-py3.10.egg-info' (and everything under it)
[2.702s] Copying ../../build/elgooso/elgooso.egg-info to /home/majama/ros2_ws/install/elgooso/lib/python3.10/site-packages/elgooso-0.0.0-py3.10.egg-info
[2.708s] running install_scripts
[2.762s] Installing move script to /home/majama/ros2_ws/install/elgooso/lib/elgooso
[2.763s] Installing state_publisher script to /home/majama/ros2_ws/install/elgooso/lib/elgooso
[2.766s] Installing talker script to /home/majama/ros2_ws/install/elgooso/lib/elgooso
[2.766s] writing list of installed files to '/home/majama/ros2_ws/build/elgooso/install.log'
[2.831s] Invoked command in '/home/majama/ros2_ws/src/elgooso' returned '0': PYTHONPATH=/home/majama/ros2_ws/build/elgooso/prefix_override:/home/majama/ros2_ws/install/elgooso/lib/python3.10/site-packages:${PYTHONPATH} /usr/bin/python3 setup.py egg_info --egg-base ../../build/elgooso build --build-base /home/majama/ros2_ws/build/elgooso/build install --record /home/majama/ros2_ws/build/elgooso/install.log --single-version-externally-managed
