[1.021s] DEBUG:colcon:Command line arguments: ['/usr/bin/colcon', 'build']
[1.021s] DEBUG:colcon:Parsed command line arguments: Namespace(log_base=None, log_level=None, verb_name='build', build_base='build', install_base='install', merge_install=False, symlink_install=False, test_result_base=None, continue_on_error=False, executor='parallel', parallel_workers=4, event_handlers=None, ignore_user_meta=False, metas=['./colcon.meta'], base_paths=['.'], packages_ignore=None, packages_ignore_regex=None, paths=None, packages_up_to=None, packages_up_to_regex=None, packages_above=None, packages_above_and_dependencies=None, packages_above_depth=None, packages_select_by_dep=None, packages_skip_by_dep=None, packages_skip_up_to=None, packages_select_build_failed=False, packages_skip_build_finished=False, packages_select_test_failures=False, packages_skip_test_passed=False, packages_select=None, packages_skip=None, packages_select_regex=None, packages_skip_regex=None, packages_start=None, packages_end=None, allow_overriding=[], cmake_args=None, cmake_target=None, cmake_target_skip_unavailable=False, cmake_clean_cache=False, cmake_clean_first=False, cmake_force_configure=False, ament_cmake_args=None, catkin_cmake_args=None, catkin_skip_building_tests=False, verb_parser=<colcon_defaults.argument_parser.defaults.DefaultArgumentsDecorator object at 0x7fadb70835b0>, verb_extension=<colcon_core.verb.build.BuildVerb object at 0x7fadb79e48e0>, main=<bound method BuildVerb.main of <colcon_core.verb.build.BuildVerb object at 0x7fadb79e48e0>>)
[1.118s] Level 1:colcon.colcon_core.package_discovery:discover_packages(colcon_meta) check parameters
[1.118s] Level 1:colcon.colcon_core.package_discovery:discover_packages(recursive) check parameters
[1.118s] Level 1:colcon.colcon_core.package_discovery:discover_packages(ignore) check parameters
[1.118s] Level 1:colcon.colcon_core.package_discovery:discover_packages(path) check parameters
[1.118s] Level 1:colcon.colcon_core.package_discovery:discover_packages(colcon_meta) discover
[1.118s] Level 1:colcon.colcon_core.package_discovery:discover_packages(recursive) discover
[1.118s] INFO:colcon.colcon_core.package_discovery:Crawling recursively for packages in '/home/majama/ros2_ws'
[1.118s] Level 1:colcon.colcon_core.package_identification:_identify(.) by extensions ['ignore', 'ignore_ament_install']
[1.119s] Level 1:colcon.colcon_core.package_identification:_identify(.) by extension 'ignore'
[1.119s] Level 1:colcon.colcon_core.package_identification:_identify(.) by extension 'ignore_ament_install'
[1.119s] Level 1:colcon.colcon_core.package_identification:_identify(.) by extensions ['colcon_pkg']
[1.119s] Level 1:colcon.colcon_core.package_identification:_identify(.) by extension 'colcon_pkg'
[1.119s] Level 1:colcon.colcon_core.package_identification:_identify(.) by extensions ['colcon_meta']
[1.119s] Level 1:colcon.colcon_core.package_identification:_identify(.) by extension 'colcon_meta'
[1.119s] Level 1:colcon.colcon_core.package_identification:_identify(.) by extensions ['ros']
[1.119s] Level 1:colcon.colcon_core.package_identification:_identify(.) by extension 'ros'
[1.176s] Level 1:colcon.colcon_core.package_identification:_identify(.) by extensions ['cmake', 'python']
[1.176s] Level 1:colcon.colcon_core.package_identification:_identify(.) by extension 'cmake'
[1.176s] Level 1:colcon.colcon_core.package_identification:_identify(.) by extension 'python'
[1.176s] Level 1:colcon.colcon_core.package_identification:_identify(.) by extensions ['python_setup_py']
[1.176s] Level 1:colcon.colcon_core.package_identification:_identify(.) by extension 'python_setup_py'
[1.177s] Level 1:colcon.colcon_core.package_identification:_identify(build) by extensions ['ignore', 'ignore_ament_install']
[1.177s] Level 1:colcon.colcon_core.package_identification:_identify(build) by extension 'ignore'
[1.177s] Level 1:colcon.colcon_core.package_identification:_identify(build) ignored
[1.178s] Level 1:colcon.colcon_core.package_identification:_identify(install) by extensions ['ignore', 'ignore_ament_install']
[1.178s] Level 1:colcon.colcon_core.package_identification:_identify(install) by extension 'ignore'
[1.178s] Level 1:colcon.colcon_core.package_identification:_identify(install) ignored
[1.180s] Level 1:colcon.colcon_core.package_identification:_identify(log) by extensions ['ignore', 'ignore_ament_install']
[1.180s] Level 1:colcon.colcon_core.package_identification:_identify(log) by extension 'ignore'
[1.180s] Level 1:colcon.colcon_core.package_identification:_identify(log) ignored
[1.181s] Level 1:colcon.colcon_core.package_identification:_identify(src) by extensions ['ignore', 'ignore_ament_install']
[1.182s] Level 1:colcon.colcon_core.package_identification:_identify(src) by extension 'ignore'
[1.182s] Level 1:colcon.colcon_core.package_identification:_identify(src) by extension 'ignore_ament_install'
[1.182s] Level 1:colcon.colcon_core.package_identification:_identify(src) by extensions ['colcon_pkg']
[1.182s] Level 1:colcon.colcon_core.package_identification:_identify(src) by extension 'colcon_pkg'
[1.182s] Level 1:colcon.colcon_core.package_identification:_identify(src) by extensions ['colcon_meta']
[1.182s] Level 1:colcon.colcon_core.package_identification:_identify(src) by extension 'colcon_meta'
[1.182s] Level 1:colcon.colcon_core.package_identification:_identify(src) by extensions ['ros']
[1.183s] Level 1:colcon.colcon_core.package_identification:_identify(src) by extension 'ros'
[1.183s] Level 1:colcon.colcon_core.package_identification:_identify(src) by extensions ['cmake', 'python']
[1.183s] Level 1:colcon.colcon_core.package_identification:_identify(src) by extension 'cmake'
[1.183s] Level 1:colcon.colcon_core.package_identification:_identify(src) by extension 'python'
[1.183s] Level 1:colcon.colcon_core.package_identification:_identify(src) by extensions ['python_setup_py']
[1.183s] Level 1:colcon.colcon_core.package_identification:_identify(src) by extension 'python_setup_py'
[1.183s] Level 1:colcon.colcon_core.package_identification:_identify(src/elgooso) by extensions ['ignore', 'ignore_ament_install']
[1.183s] Level 1:colcon.colcon_core.package_identification:_identify(src/elgooso) by extension 'ignore'
[1.184s] Level 1:colcon.colcon_core.package_identification:_identify(src/elgooso) by extension 'ignore_ament_install'
[1.184s] Level 1:colcon.colcon_core.package_identification:_identify(src/elgooso) by extensions ['colcon_pkg']
[1.184s] Level 1:colcon.colcon_core.package_identification:_identify(src/elgooso) by extension 'colcon_pkg'
[1.184s] Level 1:colcon.colcon_core.package_identification:_identify(src/elgooso) by extensions ['colcon_meta']
[1.184s] Level 1:colcon.colcon_core.package_identification:_identify(src/elgooso) by extension 'colcon_meta'
[1.184s] Level 1:colcon.colcon_core.package_identification:_identify(src/elgooso) by extensions ['ros']
[1.184s] Level 1:colcon.colcon_core.package_identification:_identify(src/elgooso) by extension 'ros'
[1.191s] DEBUG:colcon.colcon_core.package_identification:Package 'src/elgooso' with type 'ros.ament_python' and name 'elgooso'
[1.191s] Level 1:colcon.colcon_core.package_discovery:discover_packages(recursive) using defaults
[1.191s] Level 1:colcon.colcon_core.package_discovery:discover_packages(ignore) discover
[1.191s] Level 1:colcon.colcon_core.package_discovery:discover_packages(ignore) using defaults
[1.191s] Level 1:colcon.colcon_core.package_discovery:discover_packages(path) discover
[1.191s] Level 1:colcon.colcon_core.package_discovery:discover_packages(path) using defaults
[1.246s] Level 1:colcon.colcon_core.package_discovery:discover_packages(prefix_path) check parameters
[1.246s] Level 1:colcon.colcon_core.package_discovery:discover_packages(prefix_path) discover
[1.253s] DEBUG:colcon.colcon_installed_package_information.package_discovery:Found 1 installed packages in /home/majama/ros2_ws/install
[1.256s] DEBUG:colcon.colcon_installed_package_information.package_discovery:Found 335 installed packages in /opt/ros/humble
[1.260s] Level 1:colcon.colcon_core.package_discovery:discover_packages(prefix_path) using defaults
[1.449s] Level 5:colcon.colcon_core.verb:set package 'elgooso' build argument 'cmake_args' from command line to 'None'
[1.449s] Level 5:colcon.colcon_core.verb:set package 'elgooso' build argument 'cmake_target' from command line to 'None'
[1.449s] Level 5:colcon.colcon_core.verb:set package 'elgooso' build argument 'cmake_target_skip_unavailable' from command line to 'False'
[1.449s] Level 5:colcon.colcon_core.verb:set package 'elgooso' build argument 'cmake_clean_cache' from command line to 'False'
[1.449s] Level 5:colcon.colcon_core.verb:set package 'elgooso' build argument 'cmake_clean_first' from command line to 'False'
[1.449s] Level 5:colcon.colcon_core.verb:set package 'elgooso' build argument 'cmake_force_configure' from command line to 'False'
[1.449s] Level 5:colcon.colcon_core.verb:set package 'elgooso' build argument 'ament_cmake_args' from command line to 'None'
[1.449s] Level 5:colcon.colcon_core.verb:set package 'elgooso' build argument 'catkin_cmake_args' from command line to 'None'
[1.449s] Level 5:colcon.colcon_core.verb:set package 'elgooso' build argument 'catkin_skip_building_tests' from command line to 'False'
[1.449s] DEBUG:colcon.colcon_core.verb:Building package 'elgooso' with the following arguments: {'ament_cmake_args': None, 'build_base': '/home/majama/ros2_ws/build/elgooso', 'catkin_cmake_args': None, 'catkin_skip_building_tests': False, 'cmake_args': None, 'cmake_clean_cache': False, 'cmake_clean_first': False, 'cmake_force_configure': False, 'cmake_target': None, 'cmake_target_skip_unavailable': False, 'install_base': '/home/majama/ros2_ws/install/elgooso', 'merge_install': False, 'path': '/home/majama/ros2_ws/src/elgooso', 'symlink_install': False, 'test_result_base': None}
[1.451s] INFO:colcon.colcon_core.executor:Executing jobs using 'parallel' executor
[1.456s] DEBUG:colcon.colcon_parallel_executor.executor.parallel:run_until_complete
[1.457s] INFO:colcon.colcon_ros.task.ament_python.build:Building ROS package in '/home/majama/ros2_ws/src/elgooso' with build type 'ament_python'
[1.457s] Level 1:colcon.colcon_core.shell:create_environment_hook('elgooso', 'ament_prefix_path')
[1.469s] INFO:colcon.colcon_core.plugin_system:Skipping extension 'colcon_core.shell.bat': Not used on non-Windows systems
[1.469s] INFO:colcon.colcon_core.shell:Creating environment hook '/home/majama/ros2_ws/install/elgooso/share/elgooso/hook/ament_prefix_path.ps1'
[1.471s] INFO:colcon.colcon_core.shell:Creating environment descriptor '/home/majama/ros2_ws/install/elgooso/share/elgooso/hook/ament_prefix_path.dsv'
[1.472s] INFO:colcon.colcon_core.shell:Creating environment hook '/home/majama/ros2_ws/install/elgooso/share/elgooso/hook/ament_prefix_path.sh'
[1.479s] INFO:colcon.colcon_core.shell:Skip shell extension 'powershell' for command environment: Not usable outside of PowerShell
[1.479s] DEBUG:colcon.colcon_core.shell:Skip shell extension 'dsv' for command environment
[1.810s] INFO:colcon.colcon_core.task.python.build:Building Python package in '/home/majama/ros2_ws/src/elgooso'
[1.812s] INFO:colcon.colcon_core.shell:Skip shell extension 'powershell' for command environment: Not usable outside of PowerShell
[1.812s] DEBUG:colcon.colcon_core.shell:Skip shell extension 'dsv' for command environment
[2.269s] DEBUG:colcon.colcon_core.event_handler.log_command:Invoking command in '/home/majama/ros2_ws/build/elgooso': PYTHONPATH=/home/majama/ros2_ws/build/elgooso/prefix_override:/home/majama/ros2_ws/install/elgooso/lib/python3.10/site-packages:${PYTHONPATH} /usr/bin/python3 setup.py develop --uninstall --editable --build-directory /home/majama/ros2_ws/build/elgooso/build
[2.790s] DEBUG:colcon.colcon_core.event_handler.log_command:Invoked command in '/home/majama/ros2_ws/build/elgooso' returned '0': PYTHONPATH=/home/majama/ros2_ws/build/elgooso/prefix_override:/home/majama/ros2_ws/install/elgooso/lib/python3.10/site-packages:${PYTHONPATH} /usr/bin/python3 setup.py develop --uninstall --editable --build-directory /home/majama/ros2_ws/build/elgooso/build
[2.791s] DEBUG:colcon.colcon_core.event_handler.log_command:Invoking command in '/home/majama/ros2_ws/src/elgooso': PYTHONPATH=/home/majama/ros2_ws/build/elgooso/prefix_override:/home/majama/ros2_ws/install/elgooso/lib/python3.10/site-packages:${PYTHONPATH} /usr/bin/python3 setup.py egg_info --egg-base ../../build/elgooso build --build-base /home/majama/ros2_ws/build/elgooso/build install --record /home/majama/ros2_ws/build/elgooso/install.log --single-version-externally-managed
[3.108s] DEBUG:colcon.colcon_core.event_handler.log_command:Invoked command in '/home/majama/ros2_ws/src/elgooso' returned '0': PYTHONPATH=/home/majama/ros2_ws/build/elgooso/prefix_override:/home/majama/ros2_ws/install/elgooso/lib/python3.10/site-packages:${PYTHONPATH} /usr/bin/python3 setup.py egg_info --egg-base ../../build/elgooso build --build-base /home/majama/ros2_ws/build/elgooso/build install --record /home/majama/ros2_ws/build/elgooso/install.log --single-version-externally-managed
[3.125s] Level 1:colcon.colcon_core.environment:checking '/home/majama/ros2_ws/install/elgooso' for CMake module files
[3.125s] Level 1:colcon.colcon_core.environment:checking '/home/majama/ros2_ws/install/elgooso' for CMake config files
[3.127s] Level 1:colcon.colcon_core.environment:checking '/home/majama/ros2_ws/install/elgooso/lib'
[3.127s] Level 1:colcon.colcon_core.environment:checking '/home/majama/ros2_ws/install/elgooso/bin'
[3.127s] Level 1:colcon.colcon_core.environment:checking '/home/majama/ros2_ws/install/elgooso/lib/pkgconfig/elgooso.pc'
[3.127s] Level 1:colcon.colcon_core.environment:checking '/home/majama/ros2_ws/install/elgooso/lib/python3.10/site-packages'
[3.127s] Level 1:colcon.colcon_core.shell:create_environment_hook('elgooso', 'pythonpath')
[3.128s] INFO:colcon.colcon_core.shell:Creating environment hook '/home/majama/ros2_ws/install/elgooso/share/elgooso/hook/pythonpath.ps1'
[3.129s] INFO:colcon.colcon_core.shell:Creating environment descriptor '/home/majama/ros2_ws/install/elgooso/share/elgooso/hook/pythonpath.dsv'
[3.129s] INFO:colcon.colcon_core.shell:Creating environment hook '/home/majama/ros2_ws/install/elgooso/share/elgooso/hook/pythonpath.sh'
[3.130s] Level 1:colcon.colcon_core.environment:checking '/home/majama/ros2_ws/install/elgooso/bin'
[3.130s] Level 1:colcon.colcon_core.environment:create_environment_scripts_only(elgooso)
[3.131s] INFO:colcon.colcon_core.shell:Creating package script '/home/majama/ros2_ws/install/elgooso/share/elgooso/package.ps1'
[3.133s] INFO:colcon.colcon_core.shell:Creating package descriptor '/home/majama/ros2_ws/install/elgooso/share/elgooso/package.dsv'
[3.134s] INFO:colcon.colcon_core.shell:Creating package script '/home/majama/ros2_ws/install/elgooso/share/elgooso/package.sh'
[3.135s] INFO:colcon.colcon_core.shell:Creating package script '/home/majama/ros2_ws/install/elgooso/share/elgooso/package.bash'
[3.137s] INFO:colcon.colcon_core.shell:Creating package script '/home/majama/ros2_ws/install/elgooso/share/elgooso/package.zsh'
[3.138s] Level 1:colcon.colcon_core.environment:create_file_with_runtime_dependencies(/home/majama/ros2_ws/install/elgooso/share/colcon-core/packages/elgooso)
[3.139s] DEBUG:colcon.colcon_parallel_executor.executor.parallel:closing loop
[3.139s] DEBUG:colcon.colcon_parallel_executor.executor.parallel:loop closed
[3.139s] DEBUG:colcon.colcon_parallel_executor.executor.parallel:run_until_complete finished with '0'
[3.139s] DEBUG:colcon.colcon_core.event_reactor:joining thread
[3.156s] INFO:colcon.colcon_core.plugin_system:Skipping extension 'colcon_notification.desktop_notification.terminal_notifier': Not used on non-Darwin systems
[3.156s] INFO:colcon.colcon_core.plugin_system:Skipping extension 'colcon_notification.desktop_notification.win32': Not used on non-Windows systems
[3.156s] INFO:colcon.colcon_notification.desktop_notification:Sending desktop notification using 'notify2'
[3.174s] DEBUG:colcon.colcon_core.event_reactor:joined thread
[3.179s] INFO:colcon.colcon_core.shell:Creating prefix script '/home/majama/ros2_ws/install/local_setup.ps1'
[3.185s] INFO:colcon.colcon_core.shell:Creating prefix util module '/home/majama/ros2_ws/install/_local_setup_util_ps1.py'
[3.188s] INFO:colcon.colcon_core.shell:Creating prefix chain script '/home/majama/ros2_ws/install/setup.ps1'
[3.191s] INFO:colcon.colcon_core.shell:Creating prefix script '/home/majama/ros2_ws/install/local_setup.sh'
[3.192s] INFO:colcon.colcon_core.shell:Creating prefix util module '/home/majama/ros2_ws/install/_local_setup_util_sh.py'
[3.193s] INFO:colcon.colcon_core.shell:Creating prefix chain script '/home/majama/ros2_ws/install/setup.sh'
[3.195s] INFO:colcon.colcon_core.shell:Creating prefix script '/home/majama/ros2_ws/install/local_setup.bash'
[3.196s] INFO:colcon.colcon_core.shell:Creating prefix chain script '/home/majama/ros2_ws/install/setup.bash'
[3.199s] INFO:colcon.colcon_core.shell:Creating prefix script '/home/majama/ros2_ws/install/local_setup.zsh'
[3.200s] INFO:colcon.colcon_core.shell:Creating prefix chain script '/home/majama/ros2_ws/install/setup.zsh'
