[0.951s] Invoking command in '/home/majama/ros2_ws/build/elgooso': PYTHONPATH=/home/majama/ros2_ws/build/elgooso/prefix_override:/home/majama/ros2_ws/install/elgooso/lib/python3.10/site-packages:${PYTHONPATH} /usr/bin/python3 setup.py develop --uninstall --editable --build-directory /home/majama/ros2_ws/build/elgooso/build
[1.252s] running develop
[1.254s] /usr/lib/python3/dist-packages/setuptools/command/easy_install.py:158: EasyInstallDeprecationWarning: easy_install command is deprecated. Use build and pip and other standards-based tools.
[1.254s]   warnings.warn(
[1.256s] /usr/lib/python3/dist-packages/setuptools/command/install.py:34: SetuptoolsDeprecationWarning: setup.py install is deprecated. Use build and pip and other standards-based tools.
[1.256s]   warnings.warn(
[1.323s] /usr/lib/python3/dist-packages/pkg_resources/__init__.py:116: PkgResourcesDeprecationWarning: 1.1build1 is an invalid version and will not be supported in a future release
[1.323s]   warnings.warn(
[1.323s] /usr/lib/python3/dist-packages/pkg_resources/__init__.py:116: PkgResourcesDeprecationWarning: 0.1.43ubuntu1 is an invalid version and will not be supported in a future release
[1.323s]   warnings.warn(
[1.467s] Invoked command in '/home/majama/ros2_ws/build/elgooso' returned '0': PYTHONPATH=/home/majama/ros2_ws/build/elgooso/prefix_override:/home/majama/ros2_ws/install/elgooso/lib/python3.10/site-packages:${PYTHONPATH} /usr/bin/python3 setup.py develop --uninstall --editable --build-directory /home/majama/ros2_ws/build/elgooso/build
[1.468s] Invoking command in '/home/majama/ros2_ws/src/elgooso': PYTHONPATH=/home/majama/ros2_ws/build/elgooso/prefix_override:/home/majama/ros2_ws/install/elgooso/lib/python3.10/site-packages:${PYTHONPATH} /usr/bin/python3 setup.py egg_info --egg-base ../../build/elgooso build --build-base /home/majama/ros2_ws/build/elgooso/build install --record /home/majama/ros2_ws/build/elgooso/install.log --single-version-externally-managed
[1.707s] running egg_info
[1.708s] writing ../../build/elgooso/elgooso.egg-info/PKG-INFO
[1.719s] writing dependency_links to ../../build/elgooso/elgooso.egg-info/dependency_links.txt
[1.719s] writing entry points to ../../build/elgooso/elgooso.egg-info/entry_points.txt
[1.719s] writing requirements to ../../build/elgooso/elgooso.egg-info/requires.txt
[1.719s] writing top-level names to ../../build/elgooso/elgooso.egg-info/top_level.txt
[1.725s] reading manifest file '../../build/elgooso/elgooso.egg-info/SOURCES.txt'
[1.726s] writing manifest file '../../build/elgooso/elgooso.egg-info/SOURCES.txt'
[1.727s] running build
[1.727s] running build_py
[1.728s] running install
[1.728s] /usr/lib/python3/dist-packages/setuptools/command/install.py:34: SetuptoolsDeprecationWarning: setup.py install is deprecated. Use build and pip and other standards-based tools.
[1.728s]   warnings.warn(
[1.729s] running install_lib
[1.732s] byte-compiling /home/majama/ros2_ws/install/elgooso/lib/python3.10/site-packages/elgooso/Qlearn.py to Qlearn.cpython-310.pyc
[1.734s]   File "/home/majama/ros2_ws/install/elgooso/lib/python3.10/site-packages/elgooso/Qlearn.py", line 108
[1.735s]     		reward = #=(self.posx - self.oldx)/(self.robot_vel * self.timer_period)
[1.735s]     		         ^^^^^^^^^^^^^^^^^^^^^^^^^^^^^^^^^^^^^^^^^^^^^^^^^^^^^^^^^^^^^^
[1.735s] SyntaxError: invalid syntax
[1.735s] 
[1.735s] running install_data
[1.737s] copying package.xml -> /home/majama/ros2_ws/install/elgooso/share/elgooso
[1.740s] copying worlds/generate_straight_obstacle_course.py -> /home/majama/ros2_ws/install/elgooso/share/elgooso/worlds
[1.741s] copying worlds/world_demo.xacro -> /home/majama/ros2_ws/install/elgooso/share/elgooso/worlds
[1.741s] running install_egg_info
[1.743s] removing '/home/majama/ros2_ws/install/elgooso/lib/python3.10/site-packages/elgooso-0.0.0-py3.10.egg-info' (and everything under it)
[1.744s] Copying ../../build/elgooso/elgooso.egg-info to /home/majama/ros2_ws/install/elgooso/lib/python3.10/site-packages/elgooso-0.0.0-py3.10.egg-info
[1.746s] running install_scripts
[1.771s] Installing Qlearn script to /home/majama/ros2_ws/install/elgooso/lib/elgooso
[1.771s] Installing move script to /home/majama/ros2_ws/install/elgooso/lib/elgooso
[1.773s] Installing spawn_entity script to /home/majama/ros2_ws/install/elgooso/lib/elgooso
[1.773s] Installing state_publisher script to /home/majama/ros2_ws/install/elgooso/lib/elgooso
[1.773s] Installing talker script to /home/majama/ros2_ws/install/elgooso/lib/elgooso
[1.774s] writing list of installed files to '/home/majama/ros2_ws/build/elgooso/install.log'
[1.803s] Invoked command in '/home/majama/ros2_ws/src/elgooso' returned '0': PYTHONPATH=/home/majama/ros2_ws/build/elgooso/prefix_override:/home/majama/ros2_ws/install/elgooso/lib/python3.10/site-packages:${PYTHONPATH} /usr/bin/python3 setup.py egg_info --egg-base ../../build/elgooso build --build-base /home/majama/ros2_ws/build/elgooso/build install --record /home/majama/ros2_ws/build/elgooso/install.log --single-version-externally-managed
