[0.815s] Invoking command in '/home/majama/ros2_ws/build/elgooso': PYTHONPATH=/home/majama/ros2_ws/build/elgooso/prefix_override:/home/majama/ros2_ws/install/elgooso/lib/python3.10/site-packages:${PYTHONPATH} /usr/bin/python3 setup.py develop --uninstall --editable --build-directory /home/majama/ros2_ws/build/elgooso/build
[1.143s] running develop
[1.145s] /usr/lib/python3/dist-packages/setuptools/command/easy_install.py:158: EasyInstallDeprecationWarning: easy_install command is deprecated. Use build and pip and other standards-based tools.
[1.145s]   warnings.warn(
[1.147s] /usr/lib/python3/dist-packages/setuptools/command/install.py:34: SetuptoolsDeprecationWarning: setup.py install is deprecated. Use build and pip and other standards-based tools.
[1.147s]   warnings.warn(
[1.215s] /usr/lib/python3/dist-packages/pkg_resources/__init__.py:116: PkgResourcesDeprecationWarning: 1.1build1 is an invalid version and will not be supported in a future release
[1.215s]   warnings.warn(
[1.216s] /usr/lib/python3/dist-packages/pkg_resources/__init__.py:116: PkgResourcesDeprecationWarning: 0.1.43ubuntu1 is an invalid version and will not be supported in a future release
[1.216s]   warnings.warn(
[1.380s] Invoked command in '/home/majama/ros2_ws/build/elgooso' returned '0': PYTHONPATH=/home/majama/ros2_ws/build/elgooso/prefix_override:/home/majama/ros2_ws/install/elgooso/lib/python3.10/site-packages:${PYTHONPATH} /usr/bin/python3 setup.py develop --uninstall --editable --build-directory /home/majama/ros2_ws/build/elgooso/build
[1.380s] Invoking command in '/home/majama/ros2_ws/src/elgooso': PYTHONPATH=/home/majama/ros2_ws/build/elgooso/prefix_override:/home/majama/ros2_ws/install/elgooso/lib/python3.10/site-packages:${PYTHONPATH} /usr/bin/python3 setup.py egg_info --egg-base ../../build/elgooso build --build-base /home/majama/ros2_ws/build/elgooso/build install --record /home/majama/ros2_ws/build/elgooso/install.log --single-version-externally-managed
[1.672s] running egg_info
[1.672s] writing ../../build/elgooso/elgooso.egg-info/PKG-INFO
[1.683s] writing dependency_links to ../../build/elgooso/elgooso.egg-info/dependency_links.txt
[1.684s] writing entry points to ../../build/elgooso/elgooso.egg-info/entry_points.txt
[1.684s] writing requirements to ../../build/elgooso/elgooso.egg-info/requires.txt
[1.684s] writing top-level names to ../../build/elgooso/elgooso.egg-info/top_level.txt
[1.690s] reading manifest file '../../build/elgooso/elgooso.egg-info/SOURCES.txt'
[1.691s] writing manifest file '../../build/elgooso/elgooso.egg-info/SOURCES.txt'
[1.692s] running build
[1.692s] running build_py
[1.693s] running install
[1.693s] /usr/lib/python3/dist-packages/setuptools/command/install.py:34: SetuptoolsDeprecationWarning: setup.py install is deprecated. Use build and pip and other standards-based tools.
[1.694s]   warnings.warn(
[1.694s] running install_lib
[1.697s] running install_data
[1.702s] copying worlds/wall.world -> /home/majama/ros2_ws/install/elgooso/share/elgooso/worlds
[1.702s] running install_egg_info
[1.704s] removing '/home/majama/ros2_ws/install/elgooso/lib/python3.10/site-packages/elgooso-0.0.0-py3.10.egg-info' (and everything under it)
[1.706s] Copying ../../build/elgooso/elgooso.egg-info to /home/majama/ros2_ws/install/elgooso/lib/python3.10/site-packages/elgooso-0.0.0-py3.10.egg-info
[1.708s] running install_scripts
[1.738s] Installing move script to /home/majama/ros2_ws/install/elgooso/lib/elgooso
[1.740s] Installing state_publisher script to /home/majama/ros2_ws/install/elgooso/lib/elgooso
[1.740s] Installing talker script to /home/majama/ros2_ws/install/elgooso/lib/elgooso
[1.740s] writing list of installed files to '/home/majama/ros2_ws/build/elgooso/install.log'
[1.773s] Invoked command in '/home/majama/ros2_ws/src/elgooso' returned '0': PYTHONPATH=/home/majama/ros2_ws/build/elgooso/prefix_override:/home/majama/ros2_ws/install/elgooso/lib/python3.10/site-packages:${PYTHONPATH} /usr/bin/python3 setup.py egg_info --egg-base ../../build/elgooso build --build-base /home/majama/ros2_ws/build/elgooso/build install --record /home/majama/ros2_ws/build/elgooso/install.log --single-version-externally-managed
