[0.828s] Invoking command in '/home/majama/ros2_ws/build/elgooso': PYTHONPATH=/home/majama/ros2_ws/build/elgooso/prefix_override:/home/majama/ros2_ws/install/elgooso/lib/python3.10/site-packages:${PYTHONPATH} /usr/bin/python3 setup.py develop --uninstall --editable --build-directory /home/majama/ros2_ws/build/elgooso/build
[1.156s] running develop
[1.156s] /usr/lib/python3/dist-packages/setuptools/command/easy_install.py:158: EasyInstallDeprecationWarning: easy_install command is deprecated. Use build and pip and other standards-based tools.
[1.156s]   warnings.warn(
[1.158s] /usr/lib/python3/dist-packages/setuptools/command/install.py:34: SetuptoolsDeprecationWarning: setup.py install is deprecated. Use build and pip and other standards-based tools.
[1.158s]   warnings.warn(
[1.227s] /usr/lib/python3/dist-packages/pkg_resources/__init__.py:116: PkgResourcesDeprecationWarning: 1.1build1 is an invalid version and will not be supported in a future release
[1.227s]   warnings.warn(
[1.227s] /usr/lib/python3/dist-packages/pkg_resources/__init__.py:116: PkgResourcesDeprecationWarning: 0.1.43ubuntu1 is an invalid version and will not be supported in a future release
[1.227s]   warnings.warn(
[1.381s] Invoked command in '/home/majama/ros2_ws/build/elgooso' returned '0': PYTHONPATH=/home/majama/ros2_ws/build/elgooso/prefix_override:/home/majama/ros2_ws/install/elgooso/lib/python3.10/site-packages:${PYTHONPATH} /usr/bin/python3 setup.py develop --uninstall --editable --build-directory /home/majama/ros2_ws/build/elgooso/build
[1.382s] Invoking command in '/home/majama/ros2_ws/src/elgooso': PYTHONPATH=/home/majama/ros2_ws/build/elgooso/prefix_override:/home/majama/ros2_ws/install/elgooso/lib/python3.10/site-packages:${PYTHONPATH} /usr/bin/python3 setup.py egg_info --egg-base ../../build/elgooso build --build-base /home/majama/ros2_ws/build/elgooso/build install --record /home/majama/ros2_ws/build/elgooso/install.log --single-version-externally-managed
[1.728s] running egg_info
[1.729s] writing ../../build/elgooso/elgooso.egg-info/PKG-INFO
[1.730s] writing dependency_links to ../../build/elgooso/elgooso.egg-info/dependency_links.txt
[1.730s] writing entry points to ../../build/elgooso/elgooso.egg-info/entry_points.txt
[1.730s] writing requirements to ../../build/elgooso/elgooso.egg-info/requires.txt
[1.731s] writing top-level names to ../../build/elgooso/elgooso.egg-info/top_level.txt
[1.733s] reading manifest file '../../build/elgooso/elgooso.egg-info/SOURCES.txt'
[1.735s] writing manifest file '../../build/elgooso/elgooso.egg-info/SOURCES.txt'
[1.735s] running build
[1.736s] running build_py
[1.736s] running install
[1.736s] /usr/lib/python3/dist-packages/setuptools/command/install.py:34: SetuptoolsDeprecationWarning: setup.py install is deprecated. Use build and pip and other standards-based tools.
[1.736s]   warnings.warn(
[1.737s] running install_lib
[1.738s] running install_data
[1.739s] copying worlds/neighborhood.world -> /home/majama/ros2_ws/install/elgooso/share/elgooso/worlds
[1.739s] running install_egg_info
[1.742s] removing '/home/majama/ros2_ws/install/elgooso/lib/python3.10/site-packages/elgooso-0.0.0-py3.10.egg-info' (and everything under it)
[1.742s] Copying ../../build/elgooso/elgooso.egg-info to /home/majama/ros2_ws/install/elgooso/lib/python3.10/site-packages/elgooso-0.0.0-py3.10.egg-info
[1.744s] running install_scripts
[1.774s] Installing state_publisher script to /home/majama/ros2_ws/install/elgooso/lib/elgooso
[1.775s] writing list of installed files to '/home/majama/ros2_ws/build/elgooso/install.log'
[1.815s] Invoked command in '/home/majama/ros2_ws/src/elgooso' returned '0': PYTHONPATH=/home/majama/ros2_ws/build/elgooso/prefix_override:/home/majama/ros2_ws/install/elgooso/lib/python3.10/site-packages:${PYTHONPATH} /usr/bin/python3 setup.py egg_info --egg-base ../../build/elgooso build --build-base /home/majama/ros2_ws/build/elgooso/build install --record /home/majama/ros2_ws/build/elgooso/install.log --single-version-externally-managed
