[1.093s] Invoking command in '/home/majama/ros2_ws/build/elgooso': PYTHONPATH=/home/majama/ros2_ws/build/elgooso/prefix_override:/home/majama/ros2_ws/install/elgooso/lib/python3.10/site-packages:${PYTHONPATH} /usr/bin/python3 setup.py develop --uninstall --editable --build-directory /home/majama/ros2_ws/build/elgooso/build
[1.469s] running develop
[1.481s] /usr/lib/python3/dist-packages/setuptools/command/easy_install.py:158: EasyInstallDeprecationWarning: easy_install command is deprecated. Use build and pip and other standards-based tools.
[1.481s]   warnings.warn(
[1.485s] /usr/lib/python3/dist-packages/setuptools/command/install.py:34: SetuptoolsDeprecationWarning: setup.py install is deprecated. Use build and pip and other standards-based tools.
[1.485s]   warnings.warn(
[1.582s] /usr/lib/python3/dist-packages/pkg_resources/__init__.py:116: PkgResourcesDeprecationWarning: 1.1build1 is an invalid version and will not be supported in a future release
[1.582s]   warnings.warn(
[1.583s] /usr/lib/python3/dist-packages/pkg_resources/__init__.py:116: PkgResourcesDeprecationWarning: 0.1.43ubuntu1 is an invalid version and will not be supported in a future release
[1.585s]   warnings.warn(
[1.782s] Invoked command in '/home/majama/ros2_ws/build/elgooso' returned '0': PYTHONPATH=/home/majama/ros2_ws/build/elgooso/prefix_override:/home/majama/ros2_ws/install/elgooso/lib/python3.10/site-packages:${PYTHONPATH} /usr/bin/python3 setup.py develop --uninstall --editable --build-directory /home/majama/ros2_ws/build/elgooso/build
[1.783s] Invoking command in '/home/majama/ros2_ws/src/elgooso': PYTHONPATH=/home/majama/ros2_ws/build/elgooso/prefix_override:/home/majama/ros2_ws/install/elgooso/lib/python3.10/site-packages:${PYTHONPATH} /usr/bin/python3 setup.py egg_info --egg-base ../../build/elgooso build --build-base /home/majama/ros2_ws/build/elgooso/build install --record /home/majama/ros2_ws/build/elgooso/install.log --single-version-externally-managed
[2.111s] running egg_info
[2.112s] writing ../../build/elgooso/elgooso.egg-info/PKG-INFO
[2.113s] writing dependency_links to ../../build/elgooso/elgooso.egg-info/dependency_links.txt
[2.113s] writing entry points to ../../build/elgooso/elgooso.egg-info/entry_points.txt
[2.113s] writing requirements to ../../build/elgooso/elgooso.egg-info/requires.txt
[2.113s] writing top-level names to ../../build/elgooso/elgooso.egg-info/top_level.txt
[2.129s] reading manifest file '../../build/elgooso/elgooso.egg-info/SOURCES.txt'
[2.131s] writing manifest file '../../build/elgooso/elgooso.egg-info/SOURCES.txt'
[2.131s] running build
[2.131s] running build_py
[2.131s] copying elgooso/Qlearn.py -> /home/majama/ros2_ws/build/elgooso/build/lib/elgooso
[2.132s] running install
[2.132s] /usr/lib/python3/dist-packages/setuptools/command/install.py:34: SetuptoolsDeprecationWarning: setup.py install is deprecated. Use build and pip and other standards-based tools.
[2.132s]   warnings.warn(
[2.133s] running install_lib
[2.134s] copying /home/majama/ros2_ws/build/elgooso/build/lib/elgooso/Qlearn.py -> /home/majama/ros2_ws/install/elgooso/lib/python3.10/site-packages/elgooso
[2.135s] byte-compiling /home/majama/ros2_ws/install/elgooso/lib/python3.10/site-packages/elgooso/Qlearn.py to Qlearn.cpython-310.pyc
[2.137s] running install_data
[2.139s] running install_egg_info
[2.141s] removing '/home/majama/ros2_ws/install/elgooso/lib/python3.10/site-packages/elgooso-0.0.0-py3.10.egg-info' (and everything under it)
[2.141s] Copying ../../build/elgooso/elgooso.egg-info to /home/majama/ros2_ws/install/elgooso/lib/python3.10/site-packages/elgooso-0.0.0-py3.10.egg-info
[2.143s] running install_scripts
[2.177s] Installing Qlearn script to /home/majama/ros2_ws/install/elgooso/lib/elgooso
[2.178s] Installing move script to /home/majama/ros2_ws/install/elgooso/lib/elgooso
[2.178s] Installing spawn_entity script to /home/majama/ros2_ws/install/elgooso/lib/elgooso
[2.179s] Installing state_publisher script to /home/majama/ros2_ws/install/elgooso/lib/elgooso
[2.179s] Installing talker script to /home/majama/ros2_ws/install/elgooso/lib/elgooso
[2.179s] writing list of installed files to '/home/majama/ros2_ws/build/elgooso/install.log'
[2.220s] Invoked command in '/home/majama/ros2_ws/src/elgooso' returned '0': PYTHONPATH=/home/majama/ros2_ws/build/elgooso/prefix_override:/home/majama/ros2_ws/install/elgooso/lib/python3.10/site-packages:${PYTHONPATH} /usr/bin/python3 setup.py egg_info --egg-base ../../build/elgooso build --build-base /home/majama/ros2_ws/build/elgooso/build install --record /home/majama/ros2_ws/build/elgooso/install.log --single-version-externally-managed
