[1.240s] Invoking command in '/home/majama/ros2_ws/build/elgooso': PYTHONPATH=/home/majama/ros2_ws/build/elgooso/prefix_override:/home/majama/ros2_ws/install/elgooso/lib/python3.10/site-packages:${PYTHONPATH} /usr/bin/python3 setup.py develop --uninstall --editable --build-directory /home/majama/ros2_ws/build/elgooso/build
[1.714s] running develop
[1.715s] /usr/lib/python3/dist-packages/setuptools/command/easy_install.py:158: EasyInstallDeprecationWarning: easy_install command is deprecated. Use build and pip and other standards-based tools.
[1.715s]   warnings.warn(
[1.719s] /usr/lib/python3/dist-packages/setuptools/command/install.py:34: SetuptoolsDeprecationWarning: setup.py install is deprecated. Use build and pip and other standards-based tools.
[1.719s]   warnings.warn(
[1.804s] /usr/lib/python3/dist-packages/pkg_resources/__init__.py:116: PkgResourcesDeprecationWarning: 1.1build1 is an invalid version and will not be supported in a future release
[1.805s]   warnings.warn(
[1.805s] /usr/lib/python3/dist-packages/pkg_resources/__init__.py:116: PkgResourcesDeprecationWarning: 0.1.43ubuntu1 is an invalid version and will not be supported in a future release
[1.805s]   warnings.warn(
[2.018s] Invoked command in '/home/majama/ros2_ws/build/elgooso' returned '0': PYTHONPATH=/home/majama/ros2_ws/build/elgooso/prefix_override:/home/majama/ros2_ws/install/elgooso/lib/python3.10/site-packages:${PYTHONPATH} /usr/bin/python3 setup.py develop --uninstall --editable --build-directory /home/majama/ros2_ws/build/elgooso/build
[2.021s] Invoking command in '/home/majama/ros2_ws/src/elgooso': PYTHONPATH=/home/majama/ros2_ws/build/elgooso/prefix_override:/home/majama/ros2_ws/install/elgooso/lib/python3.10/site-packages:${PYTHONPATH} /usr/bin/python3 setup.py egg_info --egg-base ../../build/elgooso build --build-base /home/majama/ros2_ws/build/elgooso/build install --record /home/majama/ros2_ws/build/elgooso/install.log --single-version-externally-managed
[2.628s] running egg_info
[2.631s] writing ../../build/elgooso/elgooso.egg-info/PKG-INFO
[2.631s] writing dependency_links to ../../build/elgooso/elgooso.egg-info/dependency_links.txt
[2.631s] writing entry points to ../../build/elgooso/elgooso.egg-info/entry_points.txt
[2.632s] writing requirements to ../../build/elgooso/elgooso.egg-info/requires.txt
[2.632s] writing top-level names to ../../build/elgooso/elgooso.egg-info/top_level.txt
[2.634s] reading manifest file '../../build/elgooso/elgooso.egg-info/SOURCES.txt'
[2.636s] writing manifest file '../../build/elgooso/elgooso.egg-info/SOURCES.txt'
[2.636s] running build
[2.636s] running build_py
[2.637s] running install
[2.637s] /usr/lib/python3/dist-packages/setuptools/command/install.py:34: SetuptoolsDeprecationWarning: setup.py install is deprecated. Use build and pip and other standards-based tools.
[2.637s]   warnings.warn(
[2.638s] running install_lib
[2.640s] running install_data
[2.641s] running install_egg_info
[2.645s] removing '/home/majama/ros2_ws/install/elgooso/lib/python3.10/site-packages/elgooso-0.0.0-py3.10.egg-info' (and everything under it)
[2.645s] Copying ../../build/elgooso/elgooso.egg-info to /home/majama/ros2_ws/install/elgooso/lib/python3.10/site-packages/elgooso-0.0.0-py3.10.egg-info
[2.648s] running install_scripts
[2.692s] Installing Qlearn script to /home/majama/ros2_ws/install/elgooso/lib/elgooso
[2.693s] Installing move script to /home/majama/ros2_ws/install/elgooso/lib/elgooso
[2.693s] Installing spawn_entity script to /home/majama/ros2_ws/install/elgooso/lib/elgooso
[2.694s] Installing state_publisher script to /home/majama/ros2_ws/install/elgooso/lib/elgooso
[2.695s] Installing talker script to /home/majama/ros2_ws/install/elgooso/lib/elgooso
[2.696s] writing list of installed files to '/home/majama/ros2_ws/build/elgooso/install.log'
[2.752s] Invoked command in '/home/majama/ros2_ws/src/elgooso' returned '0': PYTHONPATH=/home/majama/ros2_ws/build/elgooso/prefix_override:/home/majama/ros2_ws/install/elgooso/lib/python3.10/site-packages:${PYTHONPATH} /usr/bin/python3 setup.py egg_info --egg-base ../../build/elgooso build --build-base /home/majama/ros2_ws/build/elgooso/build install --record /home/majama/ros2_ws/build/elgooso/install.log --single-version-externally-managed
