[1.588s] Invoking command in '/home/majama/ros2_ws/build/elgooso': PYTHONPATH=/home/majama/ros2_ws/build/elgooso/prefix_override:/home/majama/ros2_ws/install/elgooso/lib/python3.10/site-packages:${PYTHONPATH} /usr/bin/python3 setup.py develop --uninstall --editable --build-directory /home/majama/ros2_ws/build/elgooso/build
[2.154s] running develop
[2.165s] /usr/lib/python3/dist-packages/setuptools/command/easy_install.py:158: EasyInstallDeprecationWarning: easy_install command is deprecated. Use build and pip and other standards-based tools.
[2.166s]   warnings.warn(
[2.169s] /usr/lib/python3/dist-packages/setuptools/command/install.py:34: SetuptoolsDeprecationWarning: setup.py install is deprecated. Use build and pip and other standards-based tools.
[2.170s]   warnings.warn(
[2.284s] /usr/lib/python3/dist-packages/pkg_resources/__init__.py:116: PkgResourcesDeprecationWarning: 1.1build1 is an invalid version and will not be supported in a future release
[2.285s]   warnings.warn(
[2.285s] /usr/lib/python3/dist-packages/pkg_resources/__init__.py:116: PkgResourcesDeprecationWarning: 0.1.43ubuntu1 is an invalid version and will not be supported in a future release
[2.285s]   warnings.warn(
[2.518s] Invoked command in '/home/majama/ros2_ws/build/elgooso' returned '0': PYTHONPATH=/home/majama/ros2_ws/build/elgooso/prefix_override:/home/majama/ros2_ws/install/elgooso/lib/python3.10/site-packages:${PYTHONPATH} /usr/bin/python3 setup.py develop --uninstall --editable --build-directory /home/majama/ros2_ws/build/elgooso/build
[2.519s] Invoking command in '/home/majama/ros2_ws/src/elgooso': PYTHONPATH=/home/majama/ros2_ws/build/elgooso/prefix_override:/home/majama/ros2_ws/install/elgooso/lib/python3.10/site-packages:${PYTHONPATH} /usr/bin/python3 setup.py egg_info --egg-base ../../build/elgooso build --build-base /home/majama/ros2_ws/build/elgooso/build install --record /home/majama/ros2_ws/build/elgooso/install.log --single-version-externally-managed
[3.038s] running egg_info
[3.039s] writing ../../build/elgooso/elgooso.egg-info/PKG-INFO
[3.052s] writing dependency_links to ../../build/elgooso/elgooso.egg-info/dependency_links.txt
[3.053s] writing entry points to ../../build/elgooso/elgooso.egg-info/entry_points.txt
[3.053s] writing requirements to ../../build/elgooso/elgooso.egg-info/requires.txt
[3.054s] writing top-level names to ../../build/elgooso/elgooso.egg-info/top_level.txt
[3.063s] reading manifest file '../../build/elgooso/elgooso.egg-info/SOURCES.txt'
[3.066s] writing manifest file '../../build/elgooso/elgooso.egg-info/SOURCES.txt'
[3.066s] running build
[3.067s] running build_py
[3.073s] running install
[3.073s] /usr/lib/python3/dist-packages/setuptools/command/install.py:34: SetuptoolsDeprecationWarning: setup.py install is deprecated. Use build and pip and other standards-based tools.
[3.073s]   warnings.warn(
[3.074s] running install_lib
[3.081s] running install_data
[3.086s] copying launch/elgooso_sim.launch.py -> /home/majama/ros2_ws/install/elgooso/share/elgooso/launch
[3.091s] running install_egg_info
[3.096s] removing '/home/majama/ros2_ws/install/elgooso/lib/python3.10/site-packages/elgooso-0.0.0-py3.10.egg-info' (and everything under it)
[3.102s] Copying ../../build/elgooso/elgooso.egg-info to /home/majama/ros2_ws/install/elgooso/lib/python3.10/site-packages/elgooso-0.0.0-py3.10.egg-info
[3.106s] running install_scripts
[3.145s] Installing move script to /home/majama/ros2_ws/install/elgooso/lib/elgooso
[3.154s] Installing state_publisher script to /home/majama/ros2_ws/install/elgooso/lib/elgooso
[3.154s] Installing talker script to /home/majama/ros2_ws/install/elgooso/lib/elgooso
[3.154s] writing list of installed files to '/home/majama/ros2_ws/build/elgooso/install.log'
[3.217s] Invoked command in '/home/majama/ros2_ws/src/elgooso' returned '0': PYTHONPATH=/home/majama/ros2_ws/build/elgooso/prefix_override:/home/majama/ros2_ws/install/elgooso/lib/python3.10/site-packages:${PYTHONPATH} /usr/bin/python3 setup.py egg_info --egg-base ../../build/elgooso build --build-base /home/majama/ros2_ws/build/elgooso/build install --record /home/majama/ros2_ws/build/elgooso/install.log --single-version-externally-managed
