[1.190s] Invoking command in '/home/majama/ros2_ws/build/elgooso': PYTHONPATH=/home/majama/ros2_ws/build/elgooso/prefix_override:/home/majama/ros2_ws/install/elgooso/lib/python3.10/site-packages:${PYTHONPATH} /usr/bin/python3 setup.py develop --uninstall --editable --build-directory /home/majama/ros2_ws/build/elgooso/build
[1.682s] running develop
[1.682s] /usr/lib/python3/dist-packages/setuptools/command/easy_install.py:158: EasyInstallDeprecationWarning: easy_install command is deprecated. Use build and pip and other standards-based tools.
[1.683s]   warnings.warn(
[1.685s] /usr/lib/python3/dist-packages/setuptools/command/install.py:34: SetuptoolsDeprecationWarning: setup.py install is deprecated. Use build and pip and other standards-based tools.
[1.686s]   warnings.warn(
[1.787s] /usr/lib/python3/dist-packages/pkg_resources/__init__.py:116: PkgResourcesDeprecationWarning: 1.1build1 is an invalid version and will not be supported in a future release
[1.787s]   warnings.warn(
[1.788s] /usr/lib/python3/dist-packages/pkg_resources/__init__.py:116: PkgResourcesDeprecationWarning: 0.1.43ubuntu1 is an invalid version and will not be supported in a future release
[1.789s]   warnings.warn(
[2.001s] Invoked command in '/home/majama/ros2_ws/build/elgooso' returned '0': PYTHONPATH=/home/majama/ros2_ws/build/elgooso/prefix_override:/home/majama/ros2_ws/install/elgooso/lib/python3.10/site-packages:${PYTHONPATH} /usr/bin/python3 setup.py develop --uninstall --editable --build-directory /home/majama/ros2_ws/build/elgooso/build
[2.003s] Invoking command in '/home/majama/ros2_ws/src/elgooso': PYTHONPATH=/home/majama/ros2_ws/build/elgooso/prefix_override:/home/majama/ros2_ws/install/elgooso/lib/python3.10/site-packages:${PYTHONPATH} /usr/bin/python3 setup.py egg_info --egg-base ../../build/elgooso build --build-base /home/majama/ros2_ws/build/elgooso/build install --record /home/majama/ros2_ws/build/elgooso/install.log --single-version-externally-managed
[2.482s] running egg_info
[2.483s] writing ../../build/elgooso/elgooso.egg-info/PKG-INFO
[2.484s] writing dependency_links to ../../build/elgooso/elgooso.egg-info/dependency_links.txt
[2.485s] writing entry points to ../../build/elgooso/elgooso.egg-info/entry_points.txt
[2.485s] writing requirements to ../../build/elgooso/elgooso.egg-info/requires.txt
[2.486s] writing top-level names to ../../build/elgooso/elgooso.egg-info/top_level.txt
[2.491s] reading manifest file '../../build/elgooso/elgooso.egg-info/SOURCES.txt'
[2.492s] writing manifest file '../../build/elgooso/elgooso.egg-info/SOURCES.txt'
[2.492s] running build
[2.493s] running build_py
[2.494s] copying elgooso/state_publisher.py -> /home/majama/ros2_ws/build/elgooso/build/lib/elgooso
[2.494s] running install
[2.494s] /usr/lib/python3/dist-packages/setuptools/command/install.py:34: SetuptoolsDeprecationWarning: setup.py install is deprecated. Use build and pip and other standards-based tools.
[2.494s]   warnings.warn(
[2.494s] running install_lib
[2.498s] copying /home/majama/ros2_ws/build/elgooso/build/lib/elgooso/state_publisher.py -> /home/majama/ros2_ws/install/elgooso/lib/python3.10/site-packages/elgooso
[2.498s] byte-compiling /home/majama/ros2_ws/install/elgooso/lib/python3.10/site-packages/elgooso/state_publisher.py to state_publisher.cpython-310.pyc
[2.513s]   File "/home/majama/ros2_ws/install/elgooso/lib/python3.10/site-packages/elgooso/state_publisher.py", line 60
[2.513s]     					if swivel = 45:
[2.513s]     					   ^^^^^^^^^^^
[2.513s] SyntaxError: invalid syntax. Maybe you meant '==' or ':=' instead of '='?
[2.513s] 
[2.513s] running install_data
[2.514s] running install_egg_info
[2.515s] removing '/home/majama/ros2_ws/install/elgooso/lib/python3.10/site-packages/elgooso-0.0.0-py3.10.egg-info' (and everything under it)
[2.517s] Copying ../../build/elgooso/elgooso.egg-info to /home/majama/ros2_ws/install/elgooso/lib/python3.10/site-packages/elgooso-0.0.0-py3.10.egg-info
[2.518s] running install_scripts
[2.566s] Installing state_publisher script to /home/majama/ros2_ws/install/elgooso/lib/elgooso
[2.566s] writing list of installed files to '/home/majama/ros2_ws/build/elgooso/install.log'
[2.623s] Invoked command in '/home/majama/ros2_ws/src/elgooso' returned '0': PYTHONPATH=/home/majama/ros2_ws/build/elgooso/prefix_override:/home/majama/ros2_ws/install/elgooso/lib/python3.10/site-packages:${PYTHONPATH} /usr/bin/python3 setup.py egg_info --egg-base ../../build/elgooso build --build-base /home/majama/ros2_ws/build/elgooso/build install --record /home/majama/ros2_ws/build/elgooso/install.log --single-version-externally-managed
