[1.157s] Invoking command in '/home/majama/ros2_ws/build/elgooso': PYTHONPATH=/home/majama/ros2_ws/build/elgooso/prefix_override:/home/majama/ros2_ws/install/elgooso/lib/python3.10/site-packages:${PYTHONPATH} /usr/bin/python3 setup.py develop --uninstall --editable --build-directory /home/majama/ros2_ws/build/elgooso/build
[1.692s] running develop
[1.693s] /usr/lib/python3/dist-packages/setuptools/command/easy_install.py:158: EasyInstallDeprecationWarning: easy_install command is deprecated. Use build and pip and other standards-based tools.
[1.693s]   warnings.warn(
[1.696s] /usr/lib/python3/dist-packages/setuptools/command/install.py:34: SetuptoolsDeprecationWarning: setup.py install is deprecated. Use build and pip and other standards-based tools.
[1.696s]   warnings.warn(
[1.803s] /usr/lib/python3/dist-packages/pkg_resources/__init__.py:116: PkgResourcesDeprecationWarning: 1.1build1 is an invalid version and will not be supported in a future release
[1.803s]   warnings.warn(
[1.804s] /usr/lib/python3/dist-packages/pkg_resources/__init__.py:116: PkgResourcesDeprecationWarning: 0.1.43ubuntu1 is an invalid version and will not be supported in a future release
[1.804s]   warnings.warn(
[2.085s] Invoked command in '/home/majama/ros2_ws/build/elgooso' returned '0': PYTHONPATH=/home/majama/ros2_ws/build/elgooso/prefix_override:/home/majama/ros2_ws/install/elgooso/lib/python3.10/site-packages:${PYTHONPATH} /usr/bin/python3 setup.py develop --uninstall --editable --build-directory /home/majama/ros2_ws/build/elgooso/build
[2.087s] Invoking command in '/home/majama/ros2_ws/src/elgooso': PYTHONPATH=/home/majama/ros2_ws/build/elgooso/prefix_override:/home/majama/ros2_ws/install/elgooso/lib/python3.10/site-packages:${PYTHONPATH} /usr/bin/python3 setup.py egg_info --egg-base ../../build/elgooso build --build-base /home/majama/ros2_ws/build/elgooso/build install --record /home/majama/ros2_ws/build/elgooso/install.log --single-version-externally-managed
[2.563s] running egg_info
[2.565s] writing ../../build/elgooso/elgooso.egg-info/PKG-INFO
[2.566s] writing dependency_links to ../../build/elgooso/elgooso.egg-info/dependency_links.txt
[2.567s] writing entry points to ../../build/elgooso/elgooso.egg-info/entry_points.txt
[2.567s] writing requirements to ../../build/elgooso/elgooso.egg-info/requires.txt
[2.568s] writing top-level names to ../../build/elgooso/elgooso.egg-info/top_level.txt
[2.572s] reading manifest file '../../build/elgooso/elgooso.egg-info/SOURCES.txt'
[2.574s] writing manifest file '../../build/elgooso/elgooso.egg-info/SOURCES.txt'
[2.574s] running build
[2.575s] running build_py
[2.575s] copying elgooso/move.py -> /home/majama/ros2_ws/build/elgooso/build/lib/elgooso
[2.576s] running install
[2.577s] /usr/lib/python3/dist-packages/setuptools/command/install.py:34: SetuptoolsDeprecationWarning: setup.py install is deprecated. Use build and pip and other standards-based tools.
[2.577s]   warnings.warn(
[2.578s] running install_lib
[2.579s] copying /home/majama/ros2_ws/build/elgooso/build/lib/elgooso/move.py -> /home/majama/ros2_ws/install/elgooso/lib/python3.10/site-packages/elgooso
[2.581s] byte-compiling /home/majama/ros2_ws/install/elgooso/lib/python3.10/site-packages/elgooso/move.py to move.cpython-310.pyc
[2.583s] running install_data
[2.584s] running install_egg_info
[2.588s] removing '/home/majama/ros2_ws/install/elgooso/lib/python3.10/site-packages/elgooso-0.0.0-py3.10.egg-info' (and everything under it)
[2.589s] Copying ../../build/elgooso/elgooso.egg-info to /home/majama/ros2_ws/install/elgooso/lib/python3.10/site-packages/elgooso-0.0.0-py3.10.egg-info
[2.591s] running install_scripts
[2.640s] Installing move script to /home/majama/ros2_ws/install/elgooso/lib/elgooso
[2.640s] Installing state_publisher script to /home/majama/ros2_ws/install/elgooso/lib/elgooso
[2.641s] Installing talker script to /home/majama/ros2_ws/install/elgooso/lib/elgooso
[2.641s] writing list of installed files to '/home/majama/ros2_ws/build/elgooso/install.log'
[2.692s] Invoked command in '/home/majama/ros2_ws/src/elgooso' returned '0': PYTHONPATH=/home/majama/ros2_ws/build/elgooso/prefix_override:/home/majama/ros2_ws/install/elgooso/lib/python3.10/site-packages:${PYTHONPATH} /usr/bin/python3 setup.py egg_info --egg-base ../../build/elgooso build --build-base /home/majama/ros2_ws/build/elgooso/build install --record /home/majama/ros2_ws/build/elgooso/install.log --single-version-externally-managed
