[0.516s] Invoking command in '/home/majama/ros2_ws/build/elgooso': PYTHONPATH=/home/majama/ros2_ws/build/elgooso/prefix_override:/home/majama/ros2_ws/install/elgooso/lib/python3.10/site-packages:${PYTHONPATH} /usr/bin/python3 setup.py develop --uninstall --editable --build-directory /home/majama/ros2_ws/build/elgooso/build
[0.703s] running develop
[0.705s] /usr/lib/python3/dist-packages/setuptools/command/easy_install.py:158: EasyInstallDeprecationWarning: easy_install command is deprecated. Use build and pip and other standards-based tools.
[0.705s]   warnings.warn(
[0.707s] /usr/lib/python3/dist-packages/setuptools/command/install.py:34: SetuptoolsDeprecationWarning: setup.py install is deprecated. Use build and pip and other standards-based tools.
[0.707s]   warnings.warn(
[0.745s] /usr/lib/python3/dist-packages/pkg_resources/__init__.py:116: PkgResourcesDeprecationWarning: 1.1build1 is an invalid version and will not be supported in a future release
[0.746s]   warnings.warn(
[0.746s] /usr/lib/python3/dist-packages/pkg_resources/__init__.py:116: PkgResourcesDeprecationWarning: 0.1.43ubuntu1 is an invalid version and will not be supported in a future release
[0.746s]   warnings.warn(
[0.830s] Invoked command in '/home/majama/ros2_ws/build/elgooso' returned '0': PYTHONPATH=/home/majama/ros2_ws/build/elgooso/prefix_override:/home/majama/ros2_ws/install/elgooso/lib/python3.10/site-packages:${PYTHONPATH} /usr/bin/python3 setup.py develop --uninstall --editable --build-directory /home/majama/ros2_ws/build/elgooso/build
[0.830s] Invoking command in '/home/majama/ros2_ws/src/elgooso': PYTHONPATH=/home/majama/ros2_ws/build/elgooso/prefix_override:/home/majama/ros2_ws/install/elgooso/lib/python3.10/site-packages:${PYTHONPATH} /usr/bin/python3 setup.py egg_info --egg-base ../../build/elgooso build --build-base /home/majama/ros2_ws/build/elgooso/build install --record /home/majama/ros2_ws/build/elgooso/install.log --single-version-externally-managed
[0.990s] running egg_info
[0.991s] writing ../../build/elgooso/elgooso.egg-info/PKG-INFO
[1.002s] writing dependency_links to ../../build/elgooso/elgooso.egg-info/dependency_links.txt
[1.002s] writing entry points to ../../build/elgooso/elgooso.egg-info/entry_points.txt
[1.002s] writing requirements to ../../build/elgooso/elgooso.egg-info/requires.txt
[1.003s] writing top-level names to ../../build/elgooso/elgooso.egg-info/top_level.txt
[1.005s] reading manifest file '../../build/elgooso/elgooso.egg-info/SOURCES.txt'
[1.006s] writing manifest file '../../build/elgooso/elgooso.egg-info/SOURCES.txt'
[1.006s] running build
[1.006s] running build_py
[1.009s] copying elgooso/Qlearn.py -> /home/majama/ros2_ws/build/elgooso/build/lib/elgooso
[1.010s] copying elgooso/test.py -> /home/majama/ros2_ws/build/elgooso/build/lib/elgooso
[1.010s] running install
[1.011s] /usr/lib/python3/dist-packages/setuptools/command/install.py:34: SetuptoolsDeprecationWarning: setup.py install is deprecated. Use build and pip and other standards-based tools.
[1.011s]   warnings.warn(
[1.011s] running install_lib
[1.013s] copying /home/majama/ros2_ws/build/elgooso/build/lib/elgooso/Qlearn.py -> /home/majama/ros2_ws/install/elgooso/lib/python3.10/site-packages/elgooso
[1.013s] copying /home/majama/ros2_ws/build/elgooso/build/lib/elgooso/test.py -> /home/majama/ros2_ws/install/elgooso/lib/python3.10/site-packages/elgooso
[1.014s] byte-compiling /home/majama/ros2_ws/install/elgooso/lib/python3.10/site-packages/elgooso/Qlearn.py to Qlearn.cpython-310.pyc
[1.014s] Sorry: TabError: inconsistent use of tabs and spaces in indentation (Qlearn.py, line 36)
[1.014s] byte-compiling /home/majama/ros2_ws/install/elgooso/lib/python3.10/site-packages/elgooso/test.py to test.cpython-310.pyc
[1.015s] running install_data
[1.017s] copying package.xml -> /home/majama/ros2_ws/install/elgooso/share/elgooso
[1.020s] copying launch/elgooso_sim.launch.py -> /home/majama/ros2_ws/install/elgooso/share/elgooso/launch
[1.022s] copying worlds/generate_straight_obstacle_course.py -> /home/majama/ros2_ws/install/elgooso/share/elgooso/worlds
[1.023s] copying worlds/world_demo.sdf -> /home/majama/ros2_ws/install/elgooso/share/elgooso/worlds
[1.023s] copying worlds/world_demo.xacro -> /home/majama/ros2_ws/install/elgooso/share/elgooso/worlds
[1.024s] running install_egg_info
[1.025s] removing '/home/majama/ros2_ws/install/elgooso/lib/python3.10/site-packages/elgooso-0.0.0-py3.10.egg-info' (and everything under it)
[1.026s] Copying ../../build/elgooso/elgooso.egg-info to /home/majama/ros2_ws/install/elgooso/lib/python3.10/site-packages/elgooso-0.0.0-py3.10.egg-info
[1.027s] running install_scripts
[1.046s] Installing move script to /home/majama/ros2_ws/install/elgooso/lib/elgooso
[1.047s] Installing qlearn script to /home/majama/ros2_ws/install/elgooso/lib/elgooso
[1.047s] Installing state_publisher script to /home/majama/ros2_ws/install/elgooso/lib/elgooso
[1.047s] Installing talker script to /home/majama/ros2_ws/install/elgooso/lib/elgooso
[1.048s] writing list of installed files to '/home/majama/ros2_ws/build/elgooso/install.log'
[1.071s] Invoked command in '/home/majama/ros2_ws/src/elgooso' returned '0': PYTHONPATH=/home/majama/ros2_ws/build/elgooso/prefix_override:/home/majama/ros2_ws/install/elgooso/lib/python3.10/site-packages:${PYTHONPATH} /usr/bin/python3 setup.py egg_info --egg-base ../../build/elgooso build --build-base /home/majama/ros2_ws/build/elgooso/build install --record /home/majama/ros2_ws/build/elgooso/install.log --single-version-externally-managed
