[1.091s] Invoking command in '/home/majama/ros2_ws/build/elgooso': PYTHONPATH=/home/majama/ros2_ws/build/elgooso/prefix_override:/home/majama/ros2_ws/install/elgooso/lib/python3.10/site-packages:${PYTHONPATH} /usr/bin/python3 setup.py develop --uninstall --editable --build-directory /home/majama/ros2_ws/build/elgooso/build
[1.588s] running develop
[1.589s] /usr/lib/python3/dist-packages/setuptools/command/easy_install.py:158: EasyInstallDeprecationWarning: easy_install command is deprecated. Use build and pip and other standards-based tools.
[1.589s]   warnings.warn(
[1.591s] /usr/lib/python3/dist-packages/setuptools/command/install.py:34: SetuptoolsDeprecationWarning: setup.py install is deprecated. Use build and pip and other standards-based tools.
[1.591s]   warnings.warn(
[1.680s] /usr/lib/python3/dist-packages/pkg_resources/__init__.py:116: PkgResourcesDeprecationWarning: 1.1build1 is an invalid version and will not be supported in a future release
[1.681s]   warnings.warn(
[1.681s] /usr/lib/python3/dist-packages/pkg_resources/__init__.py:116: PkgResourcesDeprecationWarning: 0.1.43ubuntu1 is an invalid version and will not be supported in a future release
[1.681s]   warnings.warn(
[1.899s] Invoked command in '/home/majama/ros2_ws/build/elgooso' returned '0': PYTHONPATH=/home/majama/ros2_ws/build/elgooso/prefix_override:/home/majama/ros2_ws/install/elgooso/lib/python3.10/site-packages:${PYTHONPATH} /usr/bin/python3 setup.py develop --uninstall --editable --build-directory /home/majama/ros2_ws/build/elgooso/build
[1.903s] Invoking command in '/home/majama/ros2_ws/src/elgooso': PYTHONPATH=/home/majama/ros2_ws/build/elgooso/prefix_override:/home/majama/ros2_ws/install/elgooso/lib/python3.10/site-packages:${PYTHONPATH} /usr/bin/python3 setup.py egg_info --egg-base ../../build/elgooso build --build-base /home/majama/ros2_ws/build/elgooso/build install --record /home/majama/ros2_ws/build/elgooso/install.log --single-version-externally-managed
[2.311s] running egg_info
[2.312s] writing ../../build/elgooso/elgooso.egg-info/PKG-INFO
[2.313s] writing dependency_links to ../../build/elgooso/elgooso.egg-info/dependency_links.txt
[2.313s] writing entry points to ../../build/elgooso/elgooso.egg-info/entry_points.txt
[2.313s] writing requirements to ../../build/elgooso/elgooso.egg-info/requires.txt
[2.314s] writing top-level names to ../../build/elgooso/elgooso.egg-info/top_level.txt
[2.317s] reading manifest file '../../build/elgooso/elgooso.egg-info/SOURCES.txt'
[2.318s] writing manifest file '../../build/elgooso/elgooso.egg-info/SOURCES.txt'
[2.318s] running build
[2.318s] running build_py
[2.318s] copying elgooso/state_publisher.py -> /home/majama/ros2_ws/build/elgooso/build/lib/elgooso
[2.319s] running install
[2.319s] /usr/lib/python3/dist-packages/setuptools/command/install.py:34: SetuptoolsDeprecationWarning: setup.py install is deprecated. Use build and pip and other standards-based tools.
[2.319s]   warnings.warn(
[2.320s] running install_lib
[2.320s] copying /home/majama/ros2_ws/build/elgooso/build/lib/elgooso/state_publisher.py -> /home/majama/ros2_ws/install/elgooso/lib/python3.10/site-packages/elgooso
[2.321s] byte-compiling /home/majama/ros2_ws/install/elgooso/lib/python3.10/site-packages/elgooso/state_publisher.py to state_publisher.cpython-310.pyc
[2.323s] running install_data
[2.324s] copying urdf/elgooso.xacro -> /home/majama/ros2_ws/install/elgooso/share/elgooso/urdf
[2.335s] running install_egg_info
[2.338s] removing '/home/majama/ros2_ws/install/elgooso/lib/python3.10/site-packages/elgooso-0.0.0-py3.10.egg-info' (and everything under it)
[2.338s] Copying ../../build/elgooso/elgooso.egg-info to /home/majama/ros2_ws/install/elgooso/lib/python3.10/site-packages/elgooso-0.0.0-py3.10.egg-info
[2.342s] running install_scripts
[2.413s] Installing state_publisher script to /home/majama/ros2_ws/install/elgooso/lib/elgooso
[2.414s] writing list of installed files to '/home/majama/ros2_ws/build/elgooso/install.log'
[2.458s] Invoked command in '/home/majama/ros2_ws/src/elgooso' returned '0': PYTHONPATH=/home/majama/ros2_ws/build/elgooso/prefix_override:/home/majama/ros2_ws/install/elgooso/lib/python3.10/site-packages:${PYTHONPATH} /usr/bin/python3 setup.py egg_info --egg-base ../../build/elgooso build --build-base /home/majama/ros2_ws/build/elgooso/build install --record /home/majama/ros2_ws/build/elgooso/install.log --single-version-externally-managed
