[0.604s] Invoking command in '/home/majama/ros2_ws/build/elgooso': PYTHONPATH=/home/majama/ros2_ws/build/elgooso/prefix_override:/home/majama/ros2_ws/install/elgooso/lib/python3.10/site-packages:${PYTHONPATH} /usr/bin/python3 setup.py develop --uninstall --editable --build-directory /home/majama/ros2_ws/build/elgooso/build
[0.808s] running develop
[0.810s] /usr/lib/python3/dist-packages/setuptools/command/easy_install.py:158: EasyInstallDeprecationWarning: easy_install command is deprecated. Use build and pip and other standards-based tools.
[0.810s]   warnings.warn(
[0.812s] /usr/lib/python3/dist-packages/setuptools/command/install.py:34: SetuptoolsDeprecationWarning: setup.py install is deprecated. Use build and pip and other standards-based tools.
[0.812s]   warnings.warn(
[0.857s] /usr/lib/python3/dist-packages/pkg_resources/__init__.py:116: PkgResourcesDeprecationWarning: 1.1build1 is an invalid version and will not be supported in a future release
[0.857s]   warnings.warn(
[0.857s] /usr/lib/python3/dist-packages/pkg_resources/__init__.py:116: PkgResourcesDeprecationWarning: 0.1.43ubuntu1 is an invalid version and will not be supported in a future release
[0.857s]   warnings.warn(
[0.956s] Invoked command in '/home/majama/ros2_ws/build/elgooso' returned '0': PYTHONPATH=/home/majama/ros2_ws/build/elgooso/prefix_override:/home/majama/ros2_ws/install/elgooso/lib/python3.10/site-packages:${PYTHONPATH} /usr/bin/python3 setup.py develop --uninstall --editable --build-directory /home/majama/ros2_ws/build/elgooso/build
[0.957s] Invoking command in '/home/majama/ros2_ws/src/elgooso': PYTHONPATH=/home/majama/ros2_ws/build/elgooso/prefix_override:/home/majama/ros2_ws/install/elgooso/lib/python3.10/site-packages:${PYTHONPATH} /usr/bin/python3 setup.py egg_info --egg-base ../../build/elgooso build --build-base /home/majama/ros2_ws/build/elgooso/build install --record /home/majama/ros2_ws/build/elgooso/install.log --single-version-externally-managed
[1.131s] running egg_info
[1.131s] writing ../../build/elgooso/elgooso.egg-info/PKG-INFO
[1.133s] writing dependency_links to ../../build/elgooso/elgooso.egg-info/dependency_links.txt
[1.134s] writing entry points to ../../build/elgooso/elgooso.egg-info/entry_points.txt
[1.134s] writing requirements to ../../build/elgooso/elgooso.egg-info/requires.txt
[1.134s] writing top-level names to ../../build/elgooso/elgooso.egg-info/top_level.txt
[1.142s] reading manifest file '../../build/elgooso/elgooso.egg-info/SOURCES.txt'
[1.143s] writing manifest file '../../build/elgooso/elgooso.egg-info/SOURCES.txt'
[1.143s] running build
[1.143s] running build_py
[1.145s] copying elgooso/Qlearn.py -> /home/majama/ros2_ws/build/elgooso/build/lib/elgooso
[1.145s] running install
[1.145s] /usr/lib/python3/dist-packages/setuptools/command/install.py:34: SetuptoolsDeprecationWarning: setup.py install is deprecated. Use build and pip and other standards-based tools.
[1.145s]   warnings.warn(
[1.146s] running install_lib
[1.148s] copying /home/majama/ros2_ws/build/elgooso/build/lib/elgooso/Qlearn.py -> /home/majama/ros2_ws/install/elgooso/lib/python3.10/site-packages/elgooso
[1.149s] byte-compiling /home/majama/ros2_ws/install/elgooso/lib/python3.10/site-packages/elgooso/Qlearn.py to Qlearn.cpython-310.pyc
[1.150s] running install_data
[1.154s] running install_egg_info
[1.156s] removing '/home/majama/ros2_ws/install/elgooso/lib/python3.10/site-packages/elgooso-0.0.0-py3.10.egg-info' (and everything under it)
[1.157s] Copying ../../build/elgooso/elgooso.egg-info to /home/majama/ros2_ws/install/elgooso/lib/python3.10/site-packages/elgooso-0.0.0-py3.10.egg-info
[1.158s] running install_scripts
[1.175s] Installing Qlearn script to /home/majama/ros2_ws/install/elgooso/lib/elgooso
[1.175s] Installing move script to /home/majama/ros2_ws/install/elgooso/lib/elgooso
[1.176s] Installing spawn_entity script to /home/majama/ros2_ws/install/elgooso/lib/elgooso
[1.176s] Installing state_publisher script to /home/majama/ros2_ws/install/elgooso/lib/elgooso
[1.177s] Installing talker script to /home/majama/ros2_ws/install/elgooso/lib/elgooso
[1.177s] writing list of installed files to '/home/majama/ros2_ws/build/elgooso/install.log'
[1.198s] Invoked command in '/home/majama/ros2_ws/src/elgooso' returned '0': PYTHONPATH=/home/majama/ros2_ws/build/elgooso/prefix_override:/home/majama/ros2_ws/install/elgooso/lib/python3.10/site-packages:${PYTHONPATH} /usr/bin/python3 setup.py egg_info --egg-base ../../build/elgooso build --build-base /home/majama/ros2_ws/build/elgooso/build install --record /home/majama/ros2_ws/build/elgooso/install.log --single-version-externally-managed
