[1.029s] Invoking command in '/home/majama/ros2_ws/build/elgooso': PYTHONPATH=/home/majama/ros2_ws/build/elgooso/prefix_override:/home/majama/ros2_ws/install/elgooso/lib/python3.10/site-packages:${PYTHONPATH} /usr/bin/python3 setup.py develop --uninstall --editable --build-directory /home/majama/ros2_ws/build/elgooso/build
[1.415s] running develop
[1.417s] /usr/lib/python3/dist-packages/setuptools/command/easy_install.py:158: EasyInstallDeprecationWarning: easy_install command is deprecated. Use build and pip and other standards-based tools.
[1.417s]   warnings.warn(
[1.420s] /usr/lib/python3/dist-packages/setuptools/command/install.py:34: SetuptoolsDeprecationWarning: setup.py install is deprecated. Use build and pip and other standards-based tools.
[1.420s]   warnings.warn(
[1.512s] /usr/lib/python3/dist-packages/pkg_resources/__init__.py:116: PkgResourcesDeprecationWarning: 1.1build1 is an invalid version and will not be supported in a future release
[1.512s]   warnings.warn(
[1.513s] /usr/lib/python3/dist-packages/pkg_resources/__init__.py:116: PkgResourcesDeprecationWarning: 0.1.43ubuntu1 is an invalid version and will not be supported in a future release
[1.513s]   warnings.warn(
[1.693s] Invoked command in '/home/majama/ros2_ws/build/elgooso' returned '0': PYTHONPATH=/home/majama/ros2_ws/build/elgooso/prefix_override:/home/majama/ros2_ws/install/elgooso/lib/python3.10/site-packages:${PYTHONPATH} /usr/bin/python3 setup.py develop --uninstall --editable --build-directory /home/majama/ros2_ws/build/elgooso/build
[1.695s] Invoking command in '/home/majama/ros2_ws/src/elgooso': PYTHONPATH=/home/majama/ros2_ws/build/elgooso/prefix_override:/home/majama/ros2_ws/install/elgooso/lib/python3.10/site-packages:${PYTHONPATH} /usr/bin/python3 setup.py egg_info --egg-base ../../build/elgooso build --build-base /home/majama/ros2_ws/build/elgooso/build install --record /home/majama/ros2_ws/build/elgooso/install.log --single-version-externally-managed
[2.026s] running egg_info
[2.028s] writing ../../build/elgooso/elgooso.egg-info/PKG-INFO
[2.039s] writing dependency_links to ../../build/elgooso/elgooso.egg-info/dependency_links.txt
[2.040s] writing entry points to ../../build/elgooso/elgooso.egg-info/entry_points.txt
[2.040s] writing requirements to ../../build/elgooso/elgooso.egg-info/requires.txt
[2.041s] writing top-level names to ../../build/elgooso/elgooso.egg-info/top_level.txt
[2.048s] reading manifest file '../../build/elgooso/elgooso.egg-info/SOURCES.txt'
[2.050s] writing manifest file '../../build/elgooso/elgooso.egg-info/SOURCES.txt'
[2.051s] running build
[2.051s] running build_py
[2.054s] copying elgooso/Qlearn.py -> /home/majama/ros2_ws/build/elgooso/build/lib/elgooso
[2.054s] running install
[2.055s] /usr/lib/python3/dist-packages/setuptools/command/install.py:34: SetuptoolsDeprecationWarning: setup.py install is deprecated. Use build and pip and other standards-based tools.
[2.055s]   warnings.warn(
[2.056s] running install_lib
[2.057s] copying /home/majama/ros2_ws/build/elgooso/build/lib/elgooso/Qlearn.py -> /home/majama/ros2_ws/install/elgooso/lib/python3.10/site-packages/elgooso
[2.060s] byte-compiling /home/majama/ros2_ws/install/elgooso/lib/python3.10/site-packages/elgooso/Qlearn.py to Qlearn.cpython-310.pyc
[2.063s] running install_data
[2.066s] running install_egg_info
[2.070s] removing '/home/majama/ros2_ws/install/elgooso/lib/python3.10/site-packages/elgooso-0.0.0-py3.10.egg-info' (and everything under it)
[2.075s] Copying ../../build/elgooso/elgooso.egg-info to /home/majama/ros2_ws/install/elgooso/lib/python3.10/site-packages/elgooso-0.0.0-py3.10.egg-info
[2.076s] running install_scripts
[2.104s] Installing Qlearn script to /home/majama/ros2_ws/install/elgooso/lib/elgooso
[2.105s] Installing move script to /home/majama/ros2_ws/install/elgooso/lib/elgooso
[2.107s] Installing spawn_entity script to /home/majama/ros2_ws/install/elgooso/lib/elgooso
[2.107s] Installing state_publisher script to /home/majama/ros2_ws/install/elgooso/lib/elgooso
[2.107s] Installing talker script to /home/majama/ros2_ws/install/elgooso/lib/elgooso
[2.108s] writing list of installed files to '/home/majama/ros2_ws/build/elgooso/install.log'
[2.147s] Invoked command in '/home/majama/ros2_ws/src/elgooso' returned '0': PYTHONPATH=/home/majama/ros2_ws/build/elgooso/prefix_override:/home/majama/ros2_ws/install/elgooso/lib/python3.10/site-packages:${PYTHONPATH} /usr/bin/python3 setup.py egg_info --egg-base ../../build/elgooso build --build-base /home/majama/ros2_ws/build/elgooso/build install --record /home/majama/ros2_ws/build/elgooso/install.log --single-version-externally-managed
