[0.794s] Invoking command in '/home/majama/ros2_ws/build/elgooso': PYTHONPATH=/home/majama/ros2_ws/build/elgooso/prefix_override:/home/majama/ros2_ws/install/elgooso/lib/python3.10/site-packages:${PYTHONPATH} /usr/bin/python3 setup.py develop --uninstall --editable --build-directory /home/majama/ros2_ws/build/elgooso/build
[1.160s] running develop
[1.163s] /usr/lib/python3/dist-packages/setuptools/command/easy_install.py:158: EasyInstallDeprecationWarning: easy_install command is deprecated. Use build and pip and other standards-based tools.
[1.163s]   warnings.warn(
[1.165s] /usr/lib/python3/dist-packages/setuptools/command/install.py:34: SetuptoolsDeprecationWarning: setup.py install is deprecated. Use build and pip and other standards-based tools.
[1.165s]   warnings.warn(
[1.265s] /usr/lib/python3/dist-packages/pkg_resources/__init__.py:116: PkgResourcesDeprecationWarning: 1.1build1 is an invalid version and will not be supported in a future release
[1.266s]   warnings.warn(
[1.267s] /usr/lib/python3/dist-packages/pkg_resources/__init__.py:116: PkgResourcesDeprecationWarning: 0.1.43ubuntu1 is an invalid version and will not be supported in a future release
[1.267s]   warnings.warn(
[1.445s] Invoked command in '/home/majama/ros2_ws/build/elgooso' returned '0': PYTHONPATH=/home/majama/ros2_ws/build/elgooso/prefix_override:/home/majama/ros2_ws/install/elgooso/lib/python3.10/site-packages:${PYTHONPATH} /usr/bin/python3 setup.py develop --uninstall --editable --build-directory /home/majama/ros2_ws/build/elgooso/build
[1.447s] Invoking command in '/home/majama/ros2_ws/src/elgooso': PYTHONPATH=/home/majama/ros2_ws/build/elgooso/prefix_override:/home/majama/ros2_ws/install/elgooso/lib/python3.10/site-packages:${PYTHONPATH} /usr/bin/python3 setup.py egg_info --egg-base ../../build/elgooso build --build-base /home/majama/ros2_ws/build/elgooso/build install --record /home/majama/ros2_ws/build/elgooso/install.log --single-version-externally-managed
[1.739s] running egg_info
[1.739s] writing ../../build/elgooso/elgooso.egg-info/PKG-INFO
[1.750s] writing dependency_links to ../../build/elgooso/elgooso.egg-info/dependency_links.txt
[1.750s] writing entry points to ../../build/elgooso/elgooso.egg-info/entry_points.txt
[1.750s] writing requirements to ../../build/elgooso/elgooso.egg-info/requires.txt
[1.751s] writing top-level names to ../../build/elgooso/elgooso.egg-info/top_level.txt
[1.757s] reading manifest file '../../build/elgooso/elgooso.egg-info/SOURCES.txt'
[1.759s] writing manifest file '../../build/elgooso/elgooso.egg-info/SOURCES.txt'
[1.759s] running build
[1.759s] running build_py
[1.762s] running install
[1.762s] /usr/lib/python3/dist-packages/setuptools/command/install.py:34: SetuptoolsDeprecationWarning: setup.py install is deprecated. Use build and pip and other standards-based tools.
[1.762s]   warnings.warn(
[1.763s] running install_lib
[1.765s] running install_data
[1.769s] running install_egg_info
[1.771s] removing '/home/majama/ros2_ws/install/elgooso/lib/python3.10/site-packages/elgooso-0.0.0-py3.10.egg-info' (and everything under it)
[1.772s] Copying ../../build/elgooso/elgooso.egg-info to /home/majama/ros2_ws/install/elgooso/lib/python3.10/site-packages/elgooso-0.0.0-py3.10.egg-info
[1.773s] running install_scripts
[1.797s] Installing Qlearn script to /home/majama/ros2_ws/install/elgooso/lib/elgooso
[1.797s] Installing move script to /home/majama/ros2_ws/install/elgooso/lib/elgooso
[1.798s] Installing spawn_entity script to /home/majama/ros2_ws/install/elgooso/lib/elgooso
[1.798s] Installing state_publisher script to /home/majama/ros2_ws/install/elgooso/lib/elgooso
[1.799s] Installing talker script to /home/majama/ros2_ws/install/elgooso/lib/elgooso
[1.799s] writing list of installed files to '/home/majama/ros2_ws/build/elgooso/install.log'
[1.829s] Invoked command in '/home/majama/ros2_ws/src/elgooso' returned '0': PYTHONPATH=/home/majama/ros2_ws/build/elgooso/prefix_override:/home/majama/ros2_ws/install/elgooso/lib/python3.10/site-packages:${PYTHONPATH} /usr/bin/python3 setup.py egg_info --egg-base ../../build/elgooso build --build-base /home/majama/ros2_ws/build/elgooso/build install --record /home/majama/ros2_ws/build/elgooso/install.log --single-version-externally-managed
