[1.310s] Invoking command in '/home/majama/ros2_ws/build/elgooso': PYTHONPATH=/home/majama/ros2_ws/build/elgooso/prefix_override:/home/majama/ros2_ws/install/elgooso/lib/python3.10/site-packages:${PYTHONPATH} /usr/bin/python3 setup.py develop --uninstall --editable --build-directory /home/majama/ros2_ws/build/elgooso/build
[1.798s] running develop
[1.810s] /usr/lib/python3/dist-packages/setuptools/command/easy_install.py:158: EasyInstallDeprecationWarning: easy_install command is deprecated. Use build and pip and other standards-based tools.
[1.810s]   warnings.warn(
[1.813s] /usr/lib/python3/dist-packages/setuptools/command/install.py:34: SetuptoolsDeprecationWarning: setup.py install is deprecated. Use build and pip and other standards-based tools.
[1.814s]   warnings.warn(
[1.927s] /usr/lib/python3/dist-packages/pkg_resources/__init__.py:116: PkgResourcesDeprecationWarning: 1.1build1 is an invalid version and will not be supported in a future release
[1.927s]   warnings.warn(
[1.928s] /usr/lib/python3/dist-packages/pkg_resources/__init__.py:116: PkgResourcesDeprecationWarning: 0.1.43ubuntu1 is an invalid version and will not be supported in a future release
[1.929s]   warnings.warn(
[2.115s] Invoked command in '/home/majama/ros2_ws/build/elgooso' returned '0': PYTHONPATH=/home/majama/ros2_ws/build/elgooso/prefix_override:/home/majama/ros2_ws/install/elgooso/lib/python3.10/site-packages:${PYTHONPATH} /usr/bin/python3 setup.py develop --uninstall --editable --build-directory /home/majama/ros2_ws/build/elgooso/build
[2.120s] Invoking command in '/home/majama/ros2_ws/src/elgooso': PYTHONPATH=/home/majama/ros2_ws/build/elgooso/prefix_override:/home/majama/ros2_ws/install/elgooso/lib/python3.10/site-packages:${PYTHONPATH} /usr/bin/python3 setup.py egg_info --egg-base ../../build/elgooso build --build-base /home/majama/ros2_ws/build/elgooso/build install --record /home/majama/ros2_ws/build/elgooso/install.log --single-version-externally-managed
[2.544s] running egg_info
[2.544s] writing ../../build/elgooso/elgooso.egg-info/PKG-INFO
[2.556s] writing dependency_links to ../../build/elgooso/elgooso.egg-info/dependency_links.txt
[2.556s] writing entry points to ../../build/elgooso/elgooso.egg-info/entry_points.txt
[2.557s] writing requirements to ../../build/elgooso/elgooso.egg-info/requires.txt
[2.557s] writing top-level names to ../../build/elgooso/elgooso.egg-info/top_level.txt
[2.569s] reading manifest file '../../build/elgooso/elgooso.egg-info/SOURCES.txt'
[2.572s] writing manifest file '../../build/elgooso/elgooso.egg-info/SOURCES.txt'
[2.572s] running build
[2.572s] running build_py
[2.573s] copying elgooso/Qlearn.py -> /home/majama/ros2_ws/build/elgooso/build/lib/elgooso
[2.574s] running install
[2.574s] /usr/lib/python3/dist-packages/setuptools/command/install.py:34: SetuptoolsDeprecationWarning: setup.py install is deprecated. Use build and pip and other standards-based tools.
[2.574s]   warnings.warn(
[2.575s] running install_lib
[2.576s] copying /home/majama/ros2_ws/build/elgooso/build/lib/elgooso/Qlearn.py -> /home/majama/ros2_ws/install/elgooso/lib/python3.10/site-packages/elgooso
[2.579s] byte-compiling /home/majama/ros2_ws/install/elgooso/lib/python3.10/site-packages/elgooso/Qlearn.py to Qlearn.cpython-310.pyc
[2.583s] running install_data
[2.586s] copying launch/elgooso_sim.launch.py -> /home/majama/ros2_ws/install/elgooso/share/elgooso/launch
[2.589s] running install_egg_info
[2.591s] removing '/home/majama/ros2_ws/install/elgooso/lib/python3.10/site-packages/elgooso-0.0.0-py3.10.egg-info' (and everything under it)
[2.593s] Copying ../../build/elgooso/elgooso.egg-info to /home/majama/ros2_ws/install/elgooso/lib/python3.10/site-packages/elgooso-0.0.0-py3.10.egg-info
[2.594s] running install_scripts
[2.635s] Installing Qlearn script to /home/majama/ros2_ws/install/elgooso/lib/elgooso
[2.635s] Installing move script to /home/majama/ros2_ws/install/elgooso/lib/elgooso
[2.637s] Installing spawn_entity script to /home/majama/ros2_ws/install/elgooso/lib/elgooso
[2.637s] Installing state_publisher script to /home/majama/ros2_ws/install/elgooso/lib/elgooso
[2.640s] Installing talker script to /home/majama/ros2_ws/install/elgooso/lib/elgooso
[2.640s] writing list of installed files to '/home/majama/ros2_ws/build/elgooso/install.log'
[2.676s] Invoked command in '/home/majama/ros2_ws/src/elgooso' returned '0': PYTHONPATH=/home/majama/ros2_ws/build/elgooso/prefix_override:/home/majama/ros2_ws/install/elgooso/lib/python3.10/site-packages:${PYTHONPATH} /usr/bin/python3 setup.py egg_info --egg-base ../../build/elgooso build --build-base /home/majama/ros2_ws/build/elgooso/build install --record /home/majama/ros2_ws/build/elgooso/install.log --single-version-externally-managed
