[0.514s] Invoking command in '/home/majama/ros2_ws/build/elgooso': PYTHONPATH=/home/majama/ros2_ws/build/elgooso/prefix_override:/home/majama/ros2_ws/install/elgooso/lib/python3.10/site-packages:${PYTHONPATH} /usr/bin/python3 setup.py develop --uninstall --editable --build-directory /home/majama/ros2_ws/build/elgooso/build
[0.701s] running develop
[0.712s] /usr/lib/python3/dist-packages/setuptools/command/easy_install.py:158: EasyInstallDeprecationWarning: easy_install command is deprecated. Use build and pip and other standards-based tools.
[0.712s]   warnings.warn(
[0.713s] /usr/lib/python3/dist-packages/setuptools/command/install.py:34: SetuptoolsDeprecationWarning: setup.py install is deprecated. Use build and pip and other standards-based tools.
[0.713s]   warnings.warn(
[0.749s] /usr/lib/python3/dist-packages/pkg_resources/__init__.py:116: PkgResourcesDeprecationWarning: 1.1build1 is an invalid version and will not be supported in a future release
[0.750s]   warnings.warn(
[0.750s] /usr/lib/python3/dist-packages/pkg_resources/__init__.py:116: PkgResourcesDeprecationWarning: 0.1.43ubuntu1 is an invalid version and will not be supported in a future release
[0.750s]   warnings.warn(
[0.835s] Invoked command in '/home/majama/ros2_ws/build/elgooso' returned '0': PYTHONPATH=/home/majama/ros2_ws/build/elgooso/prefix_override:/home/majama/ros2_ws/install/elgooso/lib/python3.10/site-packages:${PYTHONPATH} /usr/bin/python3 setup.py develop --uninstall --editable --build-directory /home/majama/ros2_ws/build/elgooso/build
[0.837s] Invoking command in '/home/majama/ros2_ws/src/elgooso': PYTHONPATH=/home/majama/ros2_ws/build/elgooso/prefix_override:/home/majama/ros2_ws/install/elgooso/lib/python3.10/site-packages:${PYTHONPATH} /usr/bin/python3 setup.py egg_info --egg-base ../../build/elgooso build --build-base /home/majama/ros2_ws/build/elgooso/build install --record /home/majama/ros2_ws/build/elgooso/install.log --single-version-externally-managed
[0.982s] running egg_info
[0.983s] writing ../../build/elgooso/elgooso.egg-info/PKG-INFO
[0.983s] writing dependency_links to ../../build/elgooso/elgooso.egg-info/dependency_links.txt
[0.983s] writing entry points to ../../build/elgooso/elgooso.egg-info/entry_points.txt
[0.983s] writing requirements to ../../build/elgooso/elgooso.egg-info/requires.txt
[0.983s] writing top-level names to ../../build/elgooso/elgooso.egg-info/top_level.txt
[0.985s] reading manifest file '../../build/elgooso/elgooso.egg-info/SOURCES.txt'
[0.985s] writing manifest file '../../build/elgooso/elgooso.egg-info/SOURCES.txt'
[0.985s] running build
[0.985s] running build_py
[0.985s] copying elgooso/state_publisher.py -> /home/majama/ros2_ws/build/elgooso/build/lib/elgooso
[0.986s] running install
[0.986s] /usr/lib/python3/dist-packages/setuptools/command/install.py:34: SetuptoolsDeprecationWarning: setup.py install is deprecated. Use build and pip and other standards-based tools.
[0.986s]   warnings.warn(
[0.986s] running install_lib
[0.986s] copying /home/majama/ros2_ws/build/elgooso/build/lib/elgooso/state_publisher.py -> /home/majama/ros2_ws/install/elgooso/lib/python3.10/site-packages/elgooso
[0.987s] byte-compiling /home/majama/ros2_ws/install/elgooso/lib/python3.10/site-packages/elgooso/state_publisher.py to state_publisher.cpython-310.pyc
[0.999s] running install_data
[0.999s] copying urdf/elgooso.xacro -> /home/majama/ros2_ws/install/elgooso/share/elgooso/urdf
[0.999s] copying urdf/elgooso.urdf -> /home/majama/ros2_ws/install/elgooso/share/elgooso/urdf
[0.999s] running install_egg_info
[1.001s] removing '/home/majama/ros2_ws/install/elgooso/lib/python3.10/site-packages/elgooso-0.0.0-py3.10.egg-info' (and everything under it)
[1.001s] Copying ../../build/elgooso/elgooso.egg-info to /home/majama/ros2_ws/install/elgooso/lib/python3.10/site-packages/elgooso-0.0.0-py3.10.egg-info
[1.001s] running install_scripts
[1.015s] Installing state_publisher script to /home/majama/ros2_ws/install/elgooso/lib/elgooso
[1.015s] writing list of installed files to '/home/majama/ros2_ws/build/elgooso/install.log'
[1.034s] Invoked command in '/home/majama/ros2_ws/src/elgooso' returned '0': PYTHONPATH=/home/majama/ros2_ws/build/elgooso/prefix_override:/home/majama/ros2_ws/install/elgooso/lib/python3.10/site-packages:${PYTHONPATH} /usr/bin/python3 setup.py egg_info --egg-base ../../build/elgooso build --build-base /home/majama/ros2_ws/build/elgooso/build install --record /home/majama/ros2_ws/build/elgooso/install.log --single-version-externally-managed
