[3.429s] Invoking command in '/home/majama/ros2_ws/build/elgooso': PYTHONPATH=/home/majama/ros2_ws/build/elgooso/prefix_override:/home/majama/ros2_ws/install/elgooso/lib/python3.10/site-packages:${PYTHONPATH} /usr/bin/python3 setup.py develop --uninstall --editable --build-directory /home/majama/ros2_ws/build/elgooso/build
[4.466s] running develop
[4.476s] /usr/lib/python3/dist-packages/setuptools/command/easy_install.py:158: EasyInstallDeprecationWarning: easy_install command is deprecated. Use build and pip and other standards-based tools.
[4.477s]   warnings.warn(
[4.481s] /usr/lib/python3/dist-packages/setuptools/command/install.py:34: SetuptoolsDeprecationWarning: setup.py install is deprecated. Use build and pip and other standards-based tools.
[4.482s]   warnings.warn(
[4.627s] /usr/lib/python3/dist-packages/pkg_resources/__init__.py:116: PkgResourcesDeprecationWarning: 1.1build1 is an invalid version and will not be supported in a future release
[4.627s]   warnings.warn(
[4.628s] /usr/lib/python3/dist-packages/pkg_resources/__init__.py:116: PkgResourcesDeprecationWarning: 0.1.43ubuntu1 is an invalid version and will not be supported in a future release
[4.628s]   warnings.warn(
[4.925s] Invoked command in '/home/majama/ros2_ws/build/elgooso' returned '0': PYTHONPATH=/home/majama/ros2_ws/build/elgooso/prefix_override:/home/majama/ros2_ws/install/elgooso/lib/python3.10/site-packages:${PYTHONPATH} /usr/bin/python3 setup.py develop --uninstall --editable --build-directory /home/majama/ros2_ws/build/elgooso/build
[4.926s] Invoking command in '/home/majama/ros2_ws/src/elgooso': PYTHONPATH=/home/majama/ros2_ws/build/elgooso/prefix_override:/home/majama/ros2_ws/install/elgooso/lib/python3.10/site-packages:${PYTHONPATH} /usr/bin/python3 setup.py egg_info --egg-base ../../build/elgooso build --build-base /home/majama/ros2_ws/build/elgooso/build install --record /home/majama/ros2_ws/build/elgooso/install.log --single-version-externally-managed
[5.731s] running egg_info
[5.737s] writing ../../build/elgooso/elgooso.egg-info/PKG-INFO
[5.738s] writing dependency_links to ../../build/elgooso/elgooso.egg-info/dependency_links.txt
[5.739s] writing entry points to ../../build/elgooso/elgooso.egg-info/entry_points.txt
[5.739s] writing requirements to ../../build/elgooso/elgooso.egg-info/requires.txt
[5.739s] writing top-level names to ../../build/elgooso/elgooso.egg-info/top_level.txt
[5.758s] reading manifest file '../../build/elgooso/elgooso.egg-info/SOURCES.txt'
[5.762s] writing manifest file '../../build/elgooso/elgooso.egg-info/SOURCES.txt'
[5.762s] running build
[5.762s] running build_py
[5.764s] running install
[5.764s] /usr/lib/python3/dist-packages/setuptools/command/install.py:34: SetuptoolsDeprecationWarning: setup.py install is deprecated. Use build and pip and other standards-based tools.
[5.765s]   warnings.warn(
[5.765s] running install_lib
[5.779s] running install_data
[5.787s] copying launch/elgooso_sim.launch.py -> /home/majama/ros2_ws/install/elgooso/share/elgooso/launch
[5.791s] running install_egg_info
[5.796s] removing '/home/majama/ros2_ws/install/elgooso/lib/python3.10/site-packages/elgooso-0.0.0-py3.10.egg-info' (and everything under it)
[5.799s] Copying ../../build/elgooso/elgooso.egg-info to /home/majama/ros2_ws/install/elgooso/lib/python3.10/site-packages/elgooso-0.0.0-py3.10.egg-info
[5.802s] running install_scripts
[5.909s] Installing Qlearn script to /home/majama/ros2_ws/install/elgooso/lib/elgooso
[5.912s] Installing move script to /home/majama/ros2_ws/install/elgooso/lib/elgooso
[5.913s] Installing spawn_entity script to /home/majama/ros2_ws/install/elgooso/lib/elgooso
[5.913s] Installing state_publisher script to /home/majama/ros2_ws/install/elgooso/lib/elgooso
[5.915s] Installing talker script to /home/majama/ros2_ws/install/elgooso/lib/elgooso
[5.918s] writing list of installed files to '/home/majama/ros2_ws/build/elgooso/install.log'
[6.064s] Invoked command in '/home/majama/ros2_ws/src/elgooso' returned '0': PYTHONPATH=/home/majama/ros2_ws/build/elgooso/prefix_override:/home/majama/ros2_ws/install/elgooso/lib/python3.10/site-packages:${PYTHONPATH} /usr/bin/python3 setup.py egg_info --egg-base ../../build/elgooso build --build-base /home/majama/ros2_ws/build/elgooso/build install --record /home/majama/ros2_ws/build/elgooso/install.log --single-version-externally-managed
