[1.088s] Invoking command in '/home/majama/ros2_ws/build/elgooso': PYTHONPATH=/home/majama/ros2_ws/build/elgooso/prefix_override:/home/majama/ros2_ws/install/elgooso/lib/python3.10/site-packages:${PYTHONPATH} /usr/bin/python3 setup.py develop --uninstall --editable --build-directory /home/majama/ros2_ws/build/elgooso/build
[1.436s] running develop
[1.445s] /usr/lib/python3/dist-packages/setuptools/command/easy_install.py:158: EasyInstallDeprecationWarning: easy_install command is deprecated. Use build and pip and other standards-based tools.
[1.445s]   warnings.warn(
[1.447s] /usr/lib/python3/dist-packages/setuptools/command/install.py:34: SetuptoolsDeprecationWarning: setup.py install is deprecated. Use build and pip and other standards-based tools.
[1.447s]   warnings.warn(
[1.527s] /usr/lib/python3/dist-packages/pkg_resources/__init__.py:116: PkgResourcesDeprecationWarning: 1.1build1 is an invalid version and will not be supported in a future release
[1.527s]   warnings.warn(
[1.527s] /usr/lib/python3/dist-packages/pkg_resources/__init__.py:116: PkgResourcesDeprecationWarning: 0.1.43ubuntu1 is an invalid version and will not be supported in a future release
[1.527s]   warnings.warn(
[1.726s] Invoked command in '/home/majama/ros2_ws/build/elgooso' returned '0': PYTHONPATH=/home/majama/ros2_ws/build/elgooso/prefix_override:/home/majama/ros2_ws/install/elgooso/lib/python3.10/site-packages:${PYTHONPATH} /usr/bin/python3 setup.py develop --uninstall --editable --build-directory /home/majama/ros2_ws/build/elgooso/build
[1.729s] Invoking command in '/home/majama/ros2_ws/src/elgooso': PYTHONPATH=/home/majama/ros2_ws/build/elgooso/prefix_override:/home/majama/ros2_ws/install/elgooso/lib/python3.10/site-packages:${PYTHONPATH} /usr/bin/python3 setup.py egg_info --egg-base ../../build/elgooso build --build-base /home/majama/ros2_ws/build/elgooso/build install --record /home/majama/ros2_ws/build/elgooso/install.log --single-version-externally-managed
[2.097s] running egg_info
[2.098s] writing ../../build/elgooso/elgooso.egg-info/PKG-INFO
[2.099s] writing dependency_links to ../../build/elgooso/elgooso.egg-info/dependency_links.txt
[2.099s] writing entry points to ../../build/elgooso/elgooso.egg-info/entry_points.txt
[2.099s] writing requirements to ../../build/elgooso/elgooso.egg-info/requires.txt
[2.099s] writing top-level names to ../../build/elgooso/elgooso.egg-info/top_level.txt
[2.104s] reading manifest file '../../build/elgooso/elgooso.egg-info/SOURCES.txt'
[2.107s] writing manifest file '../../build/elgooso/elgooso.egg-info/SOURCES.txt'
[2.107s] running build
[2.107s] running build_py
[2.107s] copying elgooso/Qlearn.py -> /home/majama/ros2_ws/build/elgooso/build/lib/elgooso
[2.108s] running install
[2.108s] /usr/lib/python3/dist-packages/setuptools/command/install.py:34: SetuptoolsDeprecationWarning: setup.py install is deprecated. Use build and pip and other standards-based tools.
[2.108s]   warnings.warn(
[2.108s] running install_lib
[2.110s] copying /home/majama/ros2_ws/build/elgooso/build/lib/elgooso/Qlearn.py -> /home/majama/ros2_ws/install/elgooso/lib/python3.10/site-packages/elgooso
[2.111s] byte-compiling /home/majama/ros2_ws/install/elgooso/lib/python3.10/site-packages/elgooso/Qlearn.py to Qlearn.cpython-310.pyc
[2.112s]   File "/home/majama/ros2_ws/install/elgooso/lib/python3.10/site-packages/elgooso/Qlearn.py", line 257
[2.112s]     				self.get_logger().info(f'distance: {self.robot_vel] * {self.timer_period}')
[2.113s]     				                                                                          ^
[2.113s] SyntaxError: f-string: unmatched ']'
[2.113s] 
[2.113s] running install_data
[2.117s] running install_egg_info
[2.120s] removing '/home/majama/ros2_ws/install/elgooso/lib/python3.10/site-packages/elgooso-0.0.0-py3.10.egg-info' (and everything under it)
[2.120s] Copying ../../build/elgooso/elgooso.egg-info to /home/majama/ros2_ws/install/elgooso/lib/python3.10/site-packages/elgooso-0.0.0-py3.10.egg-info
[2.122s] running install_scripts
[2.161s] Installing Qlearn script to /home/majama/ros2_ws/install/elgooso/lib/elgooso
[2.162s] Installing move script to /home/majama/ros2_ws/install/elgooso/lib/elgooso
[2.162s] Installing spawn_entity script to /home/majama/ros2_ws/install/elgooso/lib/elgooso
[2.162s] Installing state_publisher script to /home/majama/ros2_ws/install/elgooso/lib/elgooso
[2.162s] Installing talker script to /home/majama/ros2_ws/install/elgooso/lib/elgooso
[2.163s] writing list of installed files to '/home/majama/ros2_ws/build/elgooso/install.log'
[2.209s] Invoked command in '/home/majama/ros2_ws/src/elgooso' returned '0': PYTHONPATH=/home/majama/ros2_ws/build/elgooso/prefix_override:/home/majama/ros2_ws/install/elgooso/lib/python3.10/site-packages:${PYTHONPATH} /usr/bin/python3 setup.py egg_info --egg-base ../../build/elgooso build --build-base /home/majama/ros2_ws/build/elgooso/build install --record /home/majama/ros2_ws/build/elgooso/install.log --single-version-externally-managed
