[0.812s] Invoking command in '/home/majama/ros2_ws/build/elgooso': PYTHONPATH=/home/majama/ros2_ws/build/elgooso/prefix_override:/home/majama/ros2_ws/install/elgooso/lib/python3.10/site-packages:${PYTHONPATH} /usr/bin/python3 setup.py develop --uninstall --editable --build-directory /home/majama/ros2_ws/build/elgooso/build
[1.078s] running develop
[1.082s] /usr/lib/python3/dist-packages/setuptools/command/easy_install.py:158: EasyInstallDeprecationWarning: easy_install command is deprecated. Use build and pip and other standards-based tools.
[1.082s]   warnings.warn(
[1.085s] /usr/lib/python3/dist-packages/setuptools/command/install.py:34: SetuptoolsDeprecationWarning: setup.py install is deprecated. Use build and pip and other standards-based tools.
[1.085s]   warnings.warn(
[1.136s] /usr/lib/python3/dist-packages/pkg_resources/__init__.py:116: PkgResourcesDeprecationWarning: 1.1build1 is an invalid version and will not be supported in a future release
[1.136s]   warnings.warn(
[1.137s] /usr/lib/python3/dist-packages/pkg_resources/__init__.py:116: PkgResourcesDeprecationWarning: 0.1.43ubuntu1 is an invalid version and will not be supported in a future release
[1.137s]   warnings.warn(
[1.256s] Invoked command in '/home/majama/ros2_ws/build/elgooso' returned '0': PYTHONPATH=/home/majama/ros2_ws/build/elgooso/prefix_override:/home/majama/ros2_ws/install/elgooso/lib/python3.10/site-packages:${PYTHONPATH} /usr/bin/python3 setup.py develop --uninstall --editable --build-directory /home/majama/ros2_ws/build/elgooso/build
[1.258s] Invoking command in '/home/majama/ros2_ws/src/elgooso': PYTHONPATH=/home/majama/ros2_ws/build/elgooso/prefix_override:/home/majama/ros2_ws/install/elgooso/lib/python3.10/site-packages:${PYTHONPATH} /usr/bin/python3 setup.py egg_info --egg-base ../../build/elgooso build --build-base /home/majama/ros2_ws/build/elgooso/build install --record /home/majama/ros2_ws/build/elgooso/install.log --single-version-externally-managed
[1.469s] running egg_info
[1.470s] writing ../../build/elgooso/elgooso.egg-info/PKG-INFO
[1.481s] writing dependency_links to ../../build/elgooso/elgooso.egg-info/dependency_links.txt
[1.482s] writing entry points to ../../build/elgooso/elgooso.egg-info/entry_points.txt
[1.482s] writing requirements to ../../build/elgooso/elgooso.egg-info/requires.txt
[1.482s] writing top-level names to ../../build/elgooso/elgooso.egg-info/top_level.txt
[1.487s] reading manifest file '../../build/elgooso/elgooso.egg-info/SOURCES.txt'
[1.488s] writing manifest file '../../build/elgooso/elgooso.egg-info/SOURCES.txt'
[1.488s] running build
[1.488s] running build_py
[1.490s] running install
[1.490s] /usr/lib/python3/dist-packages/setuptools/command/install.py:34: SetuptoolsDeprecationWarning: setup.py install is deprecated. Use build and pip and other standards-based tools.
[1.490s]   warnings.warn(
[1.490s] running install_lib
[1.493s] running install_data
[1.496s] copying launch/elgooso_sim.launch.py -> /home/majama/ros2_ws/install/elgooso/share/elgooso/launch
[1.497s] running install_egg_info
[1.499s] removing '/home/majama/ros2_ws/install/elgooso/lib/python3.10/site-packages/elgooso-0.0.0-py3.10.egg-info' (and everything under it)
[1.499s] Copying ../../build/elgooso/elgooso.egg-info to /home/majama/ros2_ws/install/elgooso/lib/python3.10/site-packages/elgooso-0.0.0-py3.10.egg-info
[1.500s] running install_scripts
[1.521s] Installing Qlearn script to /home/majama/ros2_ws/install/elgooso/lib/elgooso
[1.521s] Installing move script to /home/majama/ros2_ws/install/elgooso/lib/elgooso
[1.521s] Installing spawn_entity script to /home/majama/ros2_ws/install/elgooso/lib/elgooso
[1.521s] Installing state_publisher script to /home/majama/ros2_ws/install/elgooso/lib/elgooso
[1.522s] Installing talker script to /home/majama/ros2_ws/install/elgooso/lib/elgooso
[1.522s] writing list of installed files to '/home/majama/ros2_ws/build/elgooso/install.log'
[1.551s] Invoked command in '/home/majama/ros2_ws/src/elgooso' returned '0': PYTHONPATH=/home/majama/ros2_ws/build/elgooso/prefix_override:/home/majama/ros2_ws/install/elgooso/lib/python3.10/site-packages:${PYTHONPATH} /usr/bin/python3 setup.py egg_info --egg-base ../../build/elgooso build --build-base /home/majama/ros2_ws/build/elgooso/build install --record /home/majama/ros2_ws/build/elgooso/install.log --single-version-externally-managed
