[0.804s] Invoking command in '/home/majama/ros2_ws/build/elgooso': PYTHONPATH=/home/majama/ros2_ws/build/elgooso/prefix_override:/home/majama/ros2_ws/install/elgooso/lib/python3.10/site-packages:${PYTHONPATH} /usr/bin/python3 setup.py develop --uninstall --editable --build-directory /home/majama/ros2_ws/build/elgooso/build
[1.079s] running develop
[1.082s] /usr/lib/python3/dist-packages/setuptools/command/easy_install.py:158: EasyInstallDeprecationWarning: easy_install command is deprecated. Use build and pip and other standards-based tools.
[1.082s]   warnings.warn(
[1.085s] /usr/lib/python3/dist-packages/setuptools/command/install.py:34: SetuptoolsDeprecationWarning: setup.py install is deprecated. Use build and pip and other standards-based tools.
[1.085s]   warnings.warn(
[1.134s] /usr/lib/python3/dist-packages/pkg_resources/__init__.py:116: PkgResourcesDeprecationWarning: 1.1build1 is an invalid version and will not be supported in a future release
[1.134s]   warnings.warn(
[1.134s] /usr/lib/python3/dist-packages/pkg_resources/__init__.py:116: PkgResourcesDeprecationWarning: 0.1.43ubuntu1 is an invalid version and will not be supported in a future release
[1.134s]   warnings.warn(
[1.258s] Invoked command in '/home/majama/ros2_ws/build/elgooso' returned '0': PYTHONPATH=/home/majama/ros2_ws/build/elgooso/prefix_override:/home/majama/ros2_ws/install/elgooso/lib/python3.10/site-packages:${PYTHONPATH} /usr/bin/python3 setup.py develop --uninstall --editable --build-directory /home/majama/ros2_ws/build/elgooso/build
[1.260s] Invoking command in '/home/majama/ros2_ws/src/elgooso': PYTHONPATH=/home/majama/ros2_ws/build/elgooso/prefix_override:/home/majama/ros2_ws/install/elgooso/lib/python3.10/site-packages:${PYTHONPATH} /usr/bin/python3 setup.py egg_info --egg-base ../../build/elgooso build --build-base /home/majama/ros2_ws/build/elgooso/build install --record /home/majama/ros2_ws/build/elgooso/install.log --single-version-externally-managed
[1.505s] running egg_info
[1.506s] writing ../../build/elgooso/elgooso.egg-info/PKG-INFO
[1.516s] writing dependency_links to ../../build/elgooso/elgooso.egg-info/dependency_links.txt
[1.517s] writing entry points to ../../build/elgooso/elgooso.egg-info/entry_points.txt
[1.517s] writing requirements to ../../build/elgooso/elgooso.egg-info/requires.txt
[1.517s] writing top-level names to ../../build/elgooso/elgooso.egg-info/top_level.txt
[1.523s] reading manifest file '../../build/elgooso/elgooso.egg-info/SOURCES.txt'
[1.526s] writing manifest file '../../build/elgooso/elgooso.egg-info/SOURCES.txt'
[1.526s] running build
[1.527s] running build_py
[1.529s] running install
[1.529s] /usr/lib/python3/dist-packages/setuptools/command/install.py:34: SetuptoolsDeprecationWarning: setup.py install is deprecated. Use build and pip and other standards-based tools.
[1.529s]   warnings.warn(
[1.529s] running install_lib
[1.532s] running install_data
[1.539s] copying urdf/elgooso.xacro -> /home/majama/ros2_ws/install/elgooso/share/elgooso/urdf
[1.540s] copying urdf/elgooso.urdf -> /home/majama/ros2_ws/install/elgooso/share/elgooso/urdf
[1.542s] copying worlds/world_demo.sdf -> /home/majama/ros2_ws/install/elgooso/share/elgooso/worlds
[1.543s] copying worlds/world_demo.xacro -> /home/majama/ros2_ws/install/elgooso/share/elgooso/worlds
[1.543s] running install_egg_info
[1.547s] removing '/home/majama/ros2_ws/install/elgooso/lib/python3.10/site-packages/elgooso-0.0.0-py3.10.egg-info' (and everything under it)
[1.549s] Copying ../../build/elgooso/elgooso.egg-info to /home/majama/ros2_ws/install/elgooso/lib/python3.10/site-packages/elgooso-0.0.0-py3.10.egg-info
[1.550s] running install_scripts
[1.572s] Installing Qlearn script to /home/majama/ros2_ws/install/elgooso/lib/elgooso
[1.572s] Installing move script to /home/majama/ros2_ws/install/elgooso/lib/elgooso
[1.574s] Installing spawn_entity script to /home/majama/ros2_ws/install/elgooso/lib/elgooso
[1.574s] Installing state_publisher script to /home/majama/ros2_ws/install/elgooso/lib/elgooso
[1.575s] Installing talker script to /home/majama/ros2_ws/install/elgooso/lib/elgooso
[1.576s] writing list of installed files to '/home/majama/ros2_ws/build/elgooso/install.log'
[1.606s] Invoked command in '/home/majama/ros2_ws/src/elgooso' returned '0': PYTHONPATH=/home/majama/ros2_ws/build/elgooso/prefix_override:/home/majama/ros2_ws/install/elgooso/lib/python3.10/site-packages:${PYTHONPATH} /usr/bin/python3 setup.py egg_info --egg-base ../../build/elgooso build --build-base /home/majama/ros2_ws/build/elgooso/build install --record /home/majama/ros2_ws/build/elgooso/install.log --single-version-externally-managed
