[1.322s] Invoking command in '/home/majama/ros2_ws/build/elgooso': PYTHONPATH=/home/majama/ros2_ws/build/elgooso/prefix_override:/home/majama/ros2_ws/install/elgooso/lib/python3.10/site-packages:${PYTHONPATH} /usr/bin/python3 setup.py develop --uninstall --editable --build-directory /home/majama/ros2_ws/build/elgooso/build
[1.872s] running develop
[1.873s] /usr/lib/python3/dist-packages/setuptools/command/easy_install.py:158: EasyInstallDeprecationWarning: easy_install command is deprecated. Use build and pip and other standards-based tools.
[1.873s]   warnings.warn(
[1.878s] /usr/lib/python3/dist-packages/setuptools/command/install.py:34: SetuptoolsDeprecationWarning: setup.py install is deprecated. Use build and pip and other standards-based tools.
[1.879s]   warnings.warn(
[1.967s] /usr/lib/python3/dist-packages/pkg_resources/__init__.py:116: PkgResourcesDeprecationWarning: 1.1build1 is an invalid version and will not be supported in a future release
[1.967s]   warnings.warn(
[1.968s] /usr/lib/python3/dist-packages/pkg_resources/__init__.py:116: PkgResourcesDeprecationWarning: 0.1.43ubuntu1 is an invalid version and will not be supported in a future release
[1.968s]   warnings.warn(
[2.207s] Invoked command in '/home/majama/ros2_ws/build/elgooso' returned '0': PYTHONPATH=/home/majama/ros2_ws/build/elgooso/prefix_override:/home/majama/ros2_ws/install/elgooso/lib/python3.10/site-packages:${PYTHONPATH} /usr/bin/python3 setup.py develop --uninstall --editable --build-directory /home/majama/ros2_ws/build/elgooso/build
[2.210s] Invoking command in '/home/majama/ros2_ws/src/elgooso': PYTHONPATH=/home/majama/ros2_ws/build/elgooso/prefix_override:/home/majama/ros2_ws/install/elgooso/lib/python3.10/site-packages:${PYTHONPATH} /usr/bin/python3 setup.py egg_info --egg-base ../../build/elgooso build --build-base /home/majama/ros2_ws/build/elgooso/build install --record /home/majama/ros2_ws/build/elgooso/install.log --single-version-externally-managed
[2.596s] running egg_info
[2.597s] writing ../../build/elgooso/elgooso.egg-info/PKG-INFO
[2.598s] writing dependency_links to ../../build/elgooso/elgooso.egg-info/dependency_links.txt
[2.599s] writing entry points to ../../build/elgooso/elgooso.egg-info/entry_points.txt
[2.599s] writing requirements to ../../build/elgooso/elgooso.egg-info/requires.txt
[2.599s] writing top-level names to ../../build/elgooso/elgooso.egg-info/top_level.txt
[2.606s] reading manifest file '../../build/elgooso/elgooso.egg-info/SOURCES.txt'
[2.608s] writing manifest file '../../build/elgooso/elgooso.egg-info/SOURCES.txt'
[2.608s] running build
[2.608s] running build_py
[2.610s] running install
[2.610s] /usr/lib/python3/dist-packages/setuptools/command/install.py:34: SetuptoolsDeprecationWarning: setup.py install is deprecated. Use build and pip and other standards-based tools.
[2.610s]   warnings.warn(
[2.610s] running install_lib
[2.613s] running install_data
[2.617s] copying urdf/elgooso.xacro -> /home/majama/ros2_ws/install/elgooso/share/elgooso/urdf
[2.618s] copying urdf/elgooso.urdf -> /home/majama/ros2_ws/install/elgooso/share/elgooso/urdf
[2.619s] copying worlds/world_demo.sdf -> /home/majama/ros2_ws/install/elgooso/share/elgooso/worlds
[2.620s] copying worlds/world_demo.xacro -> /home/majama/ros2_ws/install/elgooso/share/elgooso/worlds
[2.620s] running install_egg_info
[2.622s] removing '/home/majama/ros2_ws/install/elgooso/lib/python3.10/site-packages/elgooso-0.0.0-py3.10.egg-info' (and everything under it)
[2.623s] Copying ../../build/elgooso/elgooso.egg-info to /home/majama/ros2_ws/install/elgooso/lib/python3.10/site-packages/elgooso-0.0.0-py3.10.egg-info
[2.624s] running install_scripts
[2.662s] Installing Qlearn script to /home/majama/ros2_ws/install/elgooso/lib/elgooso
[2.662s] Installing move script to /home/majama/ros2_ws/install/elgooso/lib/elgooso
[2.663s] Installing spawn_entity script to /home/majama/ros2_ws/install/elgooso/lib/elgooso
[2.663s] Installing state_publisher script to /home/majama/ros2_ws/install/elgooso/lib/elgooso
[2.663s] Installing talker script to /home/majama/ros2_ws/install/elgooso/lib/elgooso
[2.664s] writing list of installed files to '/home/majama/ros2_ws/build/elgooso/install.log'
[2.702s] Invoked command in '/home/majama/ros2_ws/src/elgooso' returned '0': PYTHONPATH=/home/majama/ros2_ws/build/elgooso/prefix_override:/home/majama/ros2_ws/install/elgooso/lib/python3.10/site-packages:${PYTHONPATH} /usr/bin/python3 setup.py egg_info --egg-base ../../build/elgooso build --build-base /home/majama/ros2_ws/build/elgooso/build install --record /home/majama/ros2_ws/build/elgooso/install.log --single-version-externally-managed
