[0.364s] DEBUG:colcon:Command line arguments: ['/usr/bin/colcon', 'build']
[0.364s] DEBUG:colcon:Parsed command line arguments: Namespace(log_base=None, log_level=None, verb_name='build', build_base='build', install_base='install', merge_install=False, symlink_install=False, test_result_base=None, continue_on_error=False, executor='parallel', parallel_workers=4, event_handlers=None, ignore_user_meta=False, metas=['./colcon.meta'], base_paths=['.'], packages_ignore=None, packages_ignore_regex=None, paths=None, packages_up_to=None, packages_up_to_regex=None, packages_above=None, packages_above_and_dependencies=None, packages_above_depth=None, packages_select_by_dep=None, packages_skip_by_dep=None, packages_skip_up_to=None, packages_select_build_failed=False, packages_skip_build_finished=False, packages_select_test_failures=False, packages_skip_test_passed=False, packages_select=None, packages_skip=None, packages_select_regex=None, packages_skip_regex=None, packages_start=None, packages_end=None, allow_overriding=[], cmake_args=None, cmake_target=None, cmake_target_skip_unavailable=False, cmake_clean_cache=False, cmake_clean_first=False, cmake_force_configure=False, ament_cmake_args=None, catkin_cmake_args=None, catkin_skip_building_tests=False, verb_parser=<colcon_defaults.argument_parser.defaults.DefaultArgumentsDecorator object at 0x7f3b5735a380>, verb_extension=<colcon_core.verb.build.BuildVerb object at 0x7f3b57cea3b0>, main=<bound method BuildVerb.main of <colcon_core.verb.build.BuildVerb object at 0x7f3b57cea3b0>>)
[0.390s] Level 1:colcon.colcon_core.package_discovery:discover_packages(colcon_meta) check parameters
[0.390s] Level 1:colcon.colcon_core.package_discovery:discover_packages(recursive) check parameters
[0.390s] Level 1:colcon.colcon_core.package_discovery:discover_packages(ignore) check parameters
[0.390s] Level 1:colcon.colcon_core.package_discovery:discover_packages(path) check parameters
[0.390s] Level 1:colcon.colcon_core.package_discovery:discover_packages(colcon_meta) discover
[0.390s] Level 1:colcon.colcon_core.package_discovery:discover_packages(recursive) discover
[0.390s] INFO:colcon.colcon_core.package_discovery:Crawling recursively for packages in '/home/majama/ros2_ws'
[0.390s] Level 1:colcon.colcon_core.package_identification:_identify(.) by extensions ['ignore', 'ignore_ament_install']
[0.391s] Level 1:colcon.colcon_core.package_identification:_identify(.) by extension 'ignore'
[0.391s] Level 1:colcon.colcon_core.package_identification:_identify(.) by extension 'ignore_ament_install'
[0.391s] Level 1:colcon.colcon_core.package_identification:_identify(.) by extensions ['colcon_pkg']
[0.391s] Level 1:colcon.colcon_core.package_identification:_identify(.) by extension 'colcon_pkg'
[0.391s] Level 1:colcon.colcon_core.package_identification:_identify(.) by extensions ['colcon_meta']
[0.391s] Level 1:colcon.colcon_core.package_identification:_identify(.) by extension 'colcon_meta'
[0.391s] Level 1:colcon.colcon_core.package_identification:_identify(.) by extensions ['ros']
[0.391s] Level 1:colcon.colcon_core.package_identification:_identify(.) by extension 'ros'
[0.419s] Level 1:colcon.colcon_core.package_identification:_identify(.) by extensions ['cmake', 'python']
[0.419s] Level 1:colcon.colcon_core.package_identification:_identify(.) by extension 'cmake'
[0.419s] Level 1:colcon.colcon_core.package_identification:_identify(.) by extension 'python'
[0.419s] Level 1:colcon.colcon_core.package_identification:_identify(.) by extensions ['python_setup_py']
[0.419s] Level 1:colcon.colcon_core.package_identification:_identify(.) by extension 'python_setup_py'
[0.419s] Level 1:colcon.colcon_core.package_identification:_identify(build) by extensions ['ignore', 'ignore_ament_install']
[0.419s] Level 1:colcon.colcon_core.package_identification:_identify(build) by extension 'ignore'
[0.419s] Level 1:colcon.colcon_core.package_identification:_identify(build) ignored
[0.419s] Level 1:colcon.colcon_core.package_identification:_identify(install) by extensions ['ignore', 'ignore_ament_install']
[0.420s] Level 1:colcon.colcon_core.package_identification:_identify(install) by extension 'ignore'
[0.420s] Level 1:colcon.colcon_core.package_identification:_identify(install) ignored
[0.420s] Level 1:colcon.colcon_core.package_identification:_identify(log) by extensions ['ignore', 'ignore_ament_install']
[0.420s] Level 1:colcon.colcon_core.package_identification:_identify(log) by extension 'ignore'
[0.420s] Level 1:colcon.colcon_core.package_identification:_identify(log) ignored
[0.420s] Level 1:colcon.colcon_core.package_identification:_identify(src) by extensions ['ignore', 'ignore_ament_install']
[0.422s] Level 1:colcon.colcon_core.package_identification:_identify(src) by extension 'ignore'
[0.422s] Level 1:colcon.colcon_core.package_identification:_identify(src) by extension 'ignore_ament_install'
[0.422s] Level 1:colcon.colcon_core.package_identification:_identify(src) by extensions ['colcon_pkg']
[0.422s] Level 1:colcon.colcon_core.package_identification:_identify(src) by extension 'colcon_pkg'
[0.422s] Level 1:colcon.colcon_core.package_identification:_identify(src) by extensions ['colcon_meta']
[0.422s] Level 1:colcon.colcon_core.package_identification:_identify(src) by extension 'colcon_meta'
[0.422s] Level 1:colcon.colcon_core.package_identification:_identify(src) by extensions ['ros']
[0.422s] Level 1:colcon.colcon_core.package_identification:_identify(src) by extension 'ros'
[0.422s] Level 1:colcon.colcon_core.package_identification:_identify(src) by extensions ['cmake', 'python']
[0.422s] Level 1:colcon.colcon_core.package_identification:_identify(src) by extension 'cmake'
[0.422s] Level 1:colcon.colcon_core.package_identification:_identify(src) by extension 'python'
[0.422s] Level 1:colcon.colcon_core.package_identification:_identify(src) by extensions ['python_setup_py']
[0.422s] Level 1:colcon.colcon_core.package_identification:_identify(src) by extension 'python_setup_py'
[0.423s] Level 1:colcon.colcon_core.package_identification:_identify(src/elgooso) by extensions ['ignore', 'ignore_ament_install']
[0.423s] Level 1:colcon.colcon_core.package_identification:_identify(src/elgooso) by extension 'ignore'
[0.423s] Level 1:colcon.colcon_core.package_identification:_identify(src/elgooso) by extension 'ignore_ament_install'
[0.423s] Level 1:colcon.colcon_core.package_identification:_identify(src/elgooso) by extensions ['colcon_pkg']
[0.423s] Level 1:colcon.colcon_core.package_identification:_identify(src/elgooso) by extension 'colcon_pkg'
[0.423s] Level 1:colcon.colcon_core.package_identification:_identify(src/elgooso) by extensions ['colcon_meta']
[0.423s] Level 1:colcon.colcon_core.package_identification:_identify(src/elgooso) by extension 'colcon_meta'
[0.423s] Level 1:colcon.colcon_core.package_identification:_identify(src/elgooso) by extensions ['ros']
[0.423s] Level 1:colcon.colcon_core.package_identification:_identify(src/elgooso) by extension 'ros'
[0.426s] DEBUG:colcon.colcon_core.package_identification:Package 'src/elgooso' with type 'ros.ament_python' and name 'elgooso'
[0.426s] Level 1:colcon.colcon_core.package_discovery:discover_packages(recursive) using defaults
[0.426s] Level 1:colcon.colcon_core.package_discovery:discover_packages(ignore) discover
[0.426s] Level 1:colcon.colcon_core.package_discovery:discover_packages(ignore) using defaults
[0.426s] Level 1:colcon.colcon_core.package_discovery:discover_packages(path) discover
[0.426s] Level 1:colcon.colcon_core.package_discovery:discover_packages(path) using defaults
[0.452s] Level 1:colcon.colcon_core.package_discovery:discover_packages(prefix_path) check parameters
[0.452s] Level 1:colcon.colcon_core.package_discovery:discover_packages(prefix_path) discover
[0.455s] DEBUG:colcon.colcon_installed_package_information.package_discovery:Found 3 installed packages in /home/majama/tutorials_ws/install
[0.457s] DEBUG:colcon.colcon_installed_package_information.package_discovery:Found 291 installed packages in /opt/ros/humble
[0.459s] Level 1:colcon.colcon_core.package_discovery:discover_packages(prefix_path) using defaults
[0.541s] Level 5:colcon.colcon_core.verb:set package 'elgooso' build argument 'cmake_args' from command line to 'None'
[0.541s] Level 5:colcon.colcon_core.verb:set package 'elgooso' build argument 'cmake_target' from command line to 'None'
[0.541s] Level 5:colcon.colcon_core.verb:set package 'elgooso' build argument 'cmake_target_skip_unavailable' from command line to 'False'
[0.541s] Level 5:colcon.colcon_core.verb:set package 'elgooso' build argument 'cmake_clean_cache' from command line to 'False'
[0.541s] Level 5:colcon.colcon_core.verb:set package 'elgooso' build argument 'cmake_clean_first' from command line to 'False'
[0.541s] Level 5:colcon.colcon_core.verb:set package 'elgooso' build argument 'cmake_force_configure' from command line to 'False'
[0.541s] Level 5:colcon.colcon_core.verb:set package 'elgooso' build argument 'ament_cmake_args' from command line to 'None'
[0.541s] Level 5:colcon.colcon_core.verb:set package 'elgooso' build argument 'catkin_cmake_args' from command line to 'None'
[0.541s] Level 5:colcon.colcon_core.verb:set package 'elgooso' build argument 'catkin_skip_building_tests' from command line to 'False'
[0.542s] DEBUG:colcon.colcon_core.verb:Building package 'elgooso' with the following arguments: {'ament_cmake_args': None, 'build_base': '/home/majama/ros2_ws/build/elgooso', 'catkin_cmake_args': None, 'catkin_skip_building_tests': False, 'cmake_args': None, 'cmake_clean_cache': False, 'cmake_clean_first': False, 'cmake_force_configure': False, 'cmake_target': None, 'cmake_target_skip_unavailable': False, 'install_base': '/home/majama/ros2_ws/install/elgooso', 'merge_install': False, 'path': '/home/majama/ros2_ws/src/elgooso', 'symlink_install': False, 'test_result_base': None}
[0.542s] INFO:colcon.colcon_core.executor:Executing jobs using 'parallel' executor
[0.547s] DEBUG:colcon.colcon_parallel_executor.executor.parallel:run_until_complete
[0.547s] INFO:colcon.colcon_ros.task.ament_python.build:Building ROS package in '/home/majama/ros2_ws/src/elgooso' with build type 'ament_python'
[0.548s] Level 1:colcon.colcon_core.shell:create_environment_hook('elgooso', 'ament_prefix_path')
[0.554s] INFO:colcon.colcon_core.plugin_system:Skipping extension 'colcon_core.shell.bat': Not used on non-Windows systems
[0.554s] INFO:colcon.colcon_core.shell:Creating environment hook '/home/majama/ros2_ws/install/elgooso/share/elgooso/hook/ament_prefix_path.ps1'
[0.555s] INFO:colcon.colcon_core.shell:Creating environment descriptor '/home/majama/ros2_ws/install/elgooso/share/elgooso/hook/ament_prefix_path.dsv'
[0.556s] INFO:colcon.colcon_core.shell:Creating environment hook '/home/majama/ros2_ws/install/elgooso/share/elgooso/hook/ament_prefix_path.sh'
[0.560s] INFO:colcon.colcon_core.shell:Skip shell extension 'powershell' for command environment: Not usable outside of PowerShell
[0.560s] DEBUG:colcon.colcon_core.shell:Skip shell extension 'dsv' for command environment
[0.838s] INFO:colcon.colcon_core.task.python.build:Building Python package in '/home/majama/ros2_ws/src/elgooso'
[0.840s] INFO:colcon.colcon_core.shell:Skip shell extension 'powershell' for command environment: Not usable outside of PowerShell
[0.840s] DEBUG:colcon.colcon_core.shell:Skip shell extension 'dsv' for command environment
[1.225s] DEBUG:colcon.colcon_core.event_handler.log_command:Invoking command in '/home/majama/ros2_ws/build/elgooso': PYTHONPATH=/home/majama/ros2_ws/build/elgooso/prefix_override:/home/majama/ros2_ws/install/elgooso/lib/python3.10/site-packages:${PYTHONPATH} /usr/bin/python3 setup.py develop --uninstall --editable --build-directory /home/majama/ros2_ws/build/elgooso/build
[1.812s] DEBUG:colcon.colcon_core.event_handler.log_command:Invoked command in '/home/majama/ros2_ws/build/elgooso' returned '0': PYTHONPATH=/home/majama/ros2_ws/build/elgooso/prefix_override:/home/majama/ros2_ws/install/elgooso/lib/python3.10/site-packages:${PYTHONPATH} /usr/bin/python3 setup.py develop --uninstall --editable --build-directory /home/majama/ros2_ws/build/elgooso/build
[1.816s] DEBUG:colcon.colcon_core.event_handler.log_command:Invoking command in '/home/majama/ros2_ws/src/elgooso': PYTHONPATH=/home/majama/ros2_ws/build/elgooso/prefix_override:/home/majama/ros2_ws/install/elgooso/lib/python3.10/site-packages:${PYTHONPATH} /usr/bin/python3 setup.py egg_info --egg-base ../../build/elgooso build --build-base /home/majama/ros2_ws/build/elgooso/build install --record /home/majama/ros2_ws/build/elgooso/install.log --single-version-externally-managed
[2.152s] DEBUG:colcon.colcon_core.event_handler.log_command:Invoked command in '/home/majama/ros2_ws/src/elgooso' returned '0': PYTHONPATH=/home/majama/ros2_ws/build/elgooso/prefix_override:/home/majama/ros2_ws/install/elgooso/lib/python3.10/site-packages:${PYTHONPATH} /usr/bin/python3 setup.py egg_info --egg-base ../../build/elgooso build --build-base /home/majama/ros2_ws/build/elgooso/build install --record /home/majama/ros2_ws/build/elgooso/install.log --single-version-externally-managed
[2.157s] Level 1:colcon.colcon_core.environment:checking '/home/majama/ros2_ws/install/elgooso' for CMake module files
[2.157s] Level 1:colcon.colcon_core.environment:checking '/home/majama/ros2_ws/install/elgooso' for CMake config files
[2.159s] Level 1:colcon.colcon_core.environment:checking '/home/majama/ros2_ws/install/elgooso/lib'
[2.159s] Level 1:colcon.colcon_core.environment:checking '/home/majama/ros2_ws/install/elgooso/bin'
[2.159s] Level 1:colcon.colcon_core.environment:checking '/home/majama/ros2_ws/install/elgooso/lib/pkgconfig/elgooso.pc'
[2.159s] Level 1:colcon.colcon_core.environment:checking '/home/majama/ros2_ws/install/elgooso/lib/python3.10/site-packages'
[2.159s] Level 1:colcon.colcon_core.shell:create_environment_hook('elgooso', 'pythonpath')
[2.161s] INFO:colcon.colcon_core.shell:Creating environment hook '/home/majama/ros2_ws/install/elgooso/share/elgooso/hook/pythonpath.ps1'
[2.162s] INFO:colcon.colcon_core.shell:Creating environment descriptor '/home/majama/ros2_ws/install/elgooso/share/elgooso/hook/pythonpath.dsv'
[2.163s] INFO:colcon.colcon_core.shell:Creating environment hook '/home/majama/ros2_ws/install/elgooso/share/elgooso/hook/pythonpath.sh'
[2.164s] Level 1:colcon.colcon_core.environment:checking '/home/majama/ros2_ws/install/elgooso/bin'
[2.164s] Level 1:colcon.colcon_core.environment:create_environment_scripts_only(elgooso)
[2.166s] INFO:colcon.colcon_core.shell:Creating package script '/home/majama/ros2_ws/install/elgooso/share/elgooso/package.ps1'
[2.167s] INFO:colcon.colcon_core.shell:Creating package descriptor '/home/majama/ros2_ws/install/elgooso/share/elgooso/package.dsv'
[2.168s] INFO:colcon.colcon_core.shell:Creating package script '/home/majama/ros2_ws/install/elgooso/share/elgooso/package.sh'
[2.169s] INFO:colcon.colcon_core.shell:Creating package script '/home/majama/ros2_ws/install/elgooso/share/elgooso/package.bash'
[2.170s] INFO:colcon.colcon_core.shell:Creating package script '/home/majama/ros2_ws/install/elgooso/share/elgooso/package.zsh'
[2.171s] Level 1:colcon.colcon_core.environment:create_file_with_runtime_dependencies(/home/majama/ros2_ws/install/elgooso/share/colcon-core/packages/elgooso)
[2.172s] DEBUG:colcon.colcon_parallel_executor.executor.parallel:closing loop
[2.172s] DEBUG:colcon.colcon_parallel_executor.executor.parallel:loop closed
[2.172s] DEBUG:colcon.colcon_parallel_executor.executor.parallel:run_until_complete finished with '0'
[2.172s] DEBUG:colcon.colcon_core.event_reactor:joining thread
[2.190s] INFO:colcon.colcon_core.plugin_system:Skipping extension 'colcon_notification.desktop_notification.terminal_notifier': Not used on non-Darwin systems
[2.190s] INFO:colcon.colcon_core.plugin_system:Skipping extension 'colcon_notification.desktop_notification.win32': Not used on non-Windows systems
[2.190s] INFO:colcon.colcon_notification.desktop_notification:Sending desktop notification using 'notify2'
[2.214s] DEBUG:colcon.colcon_core.event_reactor:joined thread
[2.217s] INFO:colcon.colcon_core.shell:Creating prefix script '/home/majama/ros2_ws/install/local_setup.ps1'
[2.218s] INFO:colcon.colcon_core.shell:Creating prefix util module '/home/majama/ros2_ws/install/_local_setup_util_ps1.py'
[2.222s] INFO:colcon.colcon_core.shell:Creating prefix chain script '/home/majama/ros2_ws/install/setup.ps1'
[2.225s] INFO:colcon.colcon_core.shell:Creating prefix script '/home/majama/ros2_ws/install/local_setup.sh'
[2.226s] INFO:colcon.colcon_core.shell:Creating prefix util module '/home/majama/ros2_ws/install/_local_setup_util_sh.py'
[2.227s] INFO:colcon.colcon_core.shell:Creating prefix chain script '/home/majama/ros2_ws/install/setup.sh'
[2.230s] INFO:colcon.colcon_core.shell:Creating prefix script '/home/majama/ros2_ws/install/local_setup.bash'
[2.231s] INFO:colcon.colcon_core.shell:Creating prefix chain script '/home/majama/ros2_ws/install/setup.bash'
[2.234s] INFO:colcon.colcon_core.shell:Creating prefix script '/home/majama/ros2_ws/install/local_setup.zsh'
[2.241s] INFO:colcon.colcon_core.shell:Creating prefix chain script '/home/majama/ros2_ws/install/setup.zsh'
