[1.264s] Invoking command in '/home/majama/ros2_ws/build/elgooso': PYTHONPATH=/home/majama/ros2_ws/build/elgooso/prefix_override:/home/majama/ros2_ws/install/elgooso/lib/python3.10/site-packages:${PYTHONPATH} /usr/bin/python3 setup.py develop --uninstall --editable --build-directory /home/majama/ros2_ws/build/elgooso/build
[1.691s] running develop
[1.702s] /usr/lib/python3/dist-packages/setuptools/command/easy_install.py:158: EasyInstallDeprecationWarning: easy_install command is deprecated. Use build and pip and other standards-based tools.
[1.703s]   warnings.warn(
[1.706s] /usr/lib/python3/dist-packages/setuptools/command/install.py:34: SetuptoolsDeprecationWarning: setup.py install is deprecated. Use build and pip and other standards-based tools.
[1.707s]   warnings.warn(
[1.818s] /usr/lib/python3/dist-packages/pkg_resources/__init__.py:116: PkgResourcesDeprecationWarning: 1.1build1 is an invalid version and will not be supported in a future release
[1.819s]   warnings.warn(
[1.819s] /usr/lib/python3/dist-packages/pkg_resources/__init__.py:116: PkgResourcesDeprecationWarning: 0.1.43ubuntu1 is an invalid version and will not be supported in a future release
[1.819s]   warnings.warn(
[2.029s] Invoked command in '/home/majama/ros2_ws/build/elgooso' returned '0': PYTHONPATH=/home/majama/ros2_ws/build/elgooso/prefix_override:/home/majama/ros2_ws/install/elgooso/lib/python3.10/site-packages:${PYTHONPATH} /usr/bin/python3 setup.py develop --uninstall --editable --build-directory /home/majama/ros2_ws/build/elgooso/build
[2.031s] Invoking command in '/home/majama/ros2_ws/src/elgooso': PYTHONPATH=/home/majama/ros2_ws/build/elgooso/prefix_override:/home/majama/ros2_ws/install/elgooso/lib/python3.10/site-packages:${PYTHONPATH} /usr/bin/python3 setup.py egg_info --egg-base ../../build/elgooso build --build-base /home/majama/ros2_ws/build/elgooso/build install --record /home/majama/ros2_ws/build/elgooso/install.log --single-version-externally-managed
[2.393s] running egg_info
[2.394s] writing ../../build/elgooso/elgooso.egg-info/PKG-INFO
[2.405s] writing dependency_links to ../../build/elgooso/elgooso.egg-info/dependency_links.txt
[2.405s] writing entry points to ../../build/elgooso/elgooso.egg-info/entry_points.txt
[2.406s] writing requirements to ../../build/elgooso/elgooso.egg-info/requires.txt
[2.406s] writing top-level names to ../../build/elgooso/elgooso.egg-info/top_level.txt
[2.414s] reading manifest file '../../build/elgooso/elgooso.egg-info/SOURCES.txt'
[2.418s] writing manifest file '../../build/elgooso/elgooso.egg-info/SOURCES.txt'
[2.418s] running build
[2.418s] running build_py
[2.422s] running install
[2.423s] /usr/lib/python3/dist-packages/setuptools/command/install.py:34: SetuptoolsDeprecationWarning: setup.py install is deprecated. Use build and pip and other standards-based tools.
[2.423s]   warnings.warn(
[2.423s] running install_lib
[2.426s] running install_data
[2.430s] copying launch/elgooso_sim.launch.py -> /home/majama/ros2_ws/install/elgooso/share/elgooso/launch
[2.433s] running install_egg_info
[2.438s] removing '/home/majama/ros2_ws/install/elgooso/lib/python3.10/site-packages/elgooso-0.0.0-py3.10.egg-info' (and everything under it)
[2.439s] Copying ../../build/elgooso/elgooso.egg-info to /home/majama/ros2_ws/install/elgooso/lib/python3.10/site-packages/elgooso-0.0.0-py3.10.egg-info
[2.441s] running install_scripts
[2.477s] Installing Qlearn script to /home/majama/ros2_ws/install/elgooso/lib/elgooso
[2.478s] Installing move script to /home/majama/ros2_ws/install/elgooso/lib/elgooso
[2.479s] Installing spawn_entity script to /home/majama/ros2_ws/install/elgooso/lib/elgooso
[2.479s] Installing state_publisher script to /home/majama/ros2_ws/install/elgooso/lib/elgooso
[2.479s] Installing talker script to /home/majama/ros2_ws/install/elgooso/lib/elgooso
[2.480s] writing list of installed files to '/home/majama/ros2_ws/build/elgooso/install.log'
[2.523s] Invoked command in '/home/majama/ros2_ws/src/elgooso' returned '0': PYTHONPATH=/home/majama/ros2_ws/build/elgooso/prefix_override:/home/majama/ros2_ws/install/elgooso/lib/python3.10/site-packages:${PYTHONPATH} /usr/bin/python3 setup.py egg_info --egg-base ../../build/elgooso build --build-base /home/majama/ros2_ws/build/elgooso/build install --record /home/majama/ros2_ws/build/elgooso/install.log --single-version-externally-managed
