[1.160s] Invoking command in '/home/majama/ros2_ws/build/elgooso': PYTHONPATH=/home/majama/ros2_ws/build/elgooso/prefix_override:/home/majama/ros2_ws/install/elgooso/lib/python3.10/site-packages:${PYTHONPATH} /usr/bin/python3 setup.py develop --uninstall --editable --build-directory /home/majama/ros2_ws/build/elgooso/build
[1.714s] running develop
[1.715s] /usr/lib/python3/dist-packages/setuptools/command/easy_install.py:158: EasyInstallDeprecationWarning: easy_install command is deprecated. Use build and pip and other standards-based tools.
[1.715s]   warnings.warn(
[1.717s] /usr/lib/python3/dist-packages/setuptools/command/install.py:34: SetuptoolsDeprecationWarning: setup.py install is deprecated. Use build and pip and other standards-based tools.
[1.717s]   warnings.warn(
[1.816s] /usr/lib/python3/dist-packages/pkg_resources/__init__.py:116: PkgResourcesDeprecationWarning: 1.1build1 is an invalid version and will not be supported in a future release
[1.816s]   warnings.warn(
[1.817s] /usr/lib/python3/dist-packages/pkg_resources/__init__.py:116: PkgResourcesDeprecationWarning: 0.1.43ubuntu1 is an invalid version and will not be supported in a future release
[1.817s]   warnings.warn(
[2.057s] Invoked command in '/home/majama/ros2_ws/build/elgooso' returned '0': PYTHONPATH=/home/majama/ros2_ws/build/elgooso/prefix_override:/home/majama/ros2_ws/install/elgooso/lib/python3.10/site-packages:${PYTHONPATH} /usr/bin/python3 setup.py develop --uninstall --editable --build-directory /home/majama/ros2_ws/build/elgooso/build
[2.060s] Invoking command in '/home/majama/ros2_ws/src/elgooso': PYTHONPATH=/home/majama/ros2_ws/build/elgooso/prefix_override:/home/majama/ros2_ws/install/elgooso/lib/python3.10/site-packages:${PYTHONPATH} /usr/bin/python3 setup.py egg_info --egg-base ../../build/elgooso build --build-base /home/majama/ros2_ws/build/elgooso/build install --record /home/majama/ros2_ws/build/elgooso/install.log --single-version-externally-managed
[2.529s] running egg_info
[2.531s] writing ../../build/elgooso/elgooso.egg-info/PKG-INFO
[2.531s] writing dependency_links to ../../build/elgooso/elgooso.egg-info/dependency_links.txt
[2.532s] writing entry points to ../../build/elgooso/elgooso.egg-info/entry_points.txt
[2.533s] writing requirements to ../../build/elgooso/elgooso.egg-info/requires.txt
[2.533s] writing top-level names to ../../build/elgooso/elgooso.egg-info/top_level.txt
[2.539s] reading manifest file '../../build/elgooso/elgooso.egg-info/SOURCES.txt'
[2.540s] writing manifest file '../../build/elgooso/elgooso.egg-info/SOURCES.txt'
[2.541s] running build
[2.542s] running build_py
[2.543s] running install
[2.544s] /usr/lib/python3/dist-packages/setuptools/command/install.py:34: SetuptoolsDeprecationWarning: setup.py install is deprecated. Use build and pip and other standards-based tools.
[2.544s]   warnings.warn(
[2.546s] running install_lib
[2.549s] running install_data
[2.551s] copying urdf/test.xacro -> /home/majama/ros2_ws/install/elgooso/share/elgooso/urdf
[2.552s] copying urdf/test.urdf -> /home/majama/ros2_ws/install/elgooso/share/elgooso/urdf
[2.553s] running install_egg_info
[2.557s] removing '/home/majama/ros2_ws/install/elgooso/lib/python3.10/site-packages/elgooso-0.0.0-py3.10.egg-info' (and everything under it)
[2.559s] Copying ../../build/elgooso/elgooso.egg-info to /home/majama/ros2_ws/install/elgooso/lib/python3.10/site-packages/elgooso-0.0.0-py3.10.egg-info
[2.561s] running install_scripts
[2.606s] Installing state_publisher script to /home/majama/ros2_ws/install/elgooso/lib/elgooso
[2.607s] writing list of installed files to '/home/majama/ros2_ws/build/elgooso/install.log'
[2.655s] Invoked command in '/home/majama/ros2_ws/src/elgooso' returned '0': PYTHONPATH=/home/majama/ros2_ws/build/elgooso/prefix_override:/home/majama/ros2_ws/install/elgooso/lib/python3.10/site-packages:${PYTHONPATH} /usr/bin/python3 setup.py egg_info --egg-base ../../build/elgooso build --build-base /home/majama/ros2_ws/build/elgooso/build install --record /home/majama/ros2_ws/build/elgooso/install.log --single-version-externally-managed
