[2.026s] Invoking command in '/home/majama/ros2_ws/build/elgooso': PYTHONPATH=/home/majama/ros2_ws/build/elgooso/prefix_override:/home/majama/ros2_ws/install/elgooso/lib/python3.10/site-packages:${PYTHONPATH} /usr/bin/python3 setup.py develop --uninstall --editable --build-directory /home/majama/ros2_ws/build/elgooso/build
[2.611s] running develop
[2.615s] /usr/lib/python3/dist-packages/setuptools/command/easy_install.py:158: EasyInstallDeprecationWarning: easy_install command is deprecated. Use build and pip and other standards-based tools.
[2.615s]   warnings.warn(
[2.621s] /usr/lib/python3/dist-packages/setuptools/command/install.py:34: SetuptoolsDeprecationWarning: setup.py install is deprecated. Use build and pip and other standards-based tools.
[2.621s]   warnings.warn(
[2.735s] /usr/lib/python3/dist-packages/pkg_resources/__init__.py:116: PkgResourcesDeprecationWarning: 1.1build1 is an invalid version and will not be supported in a future release
[2.736s]   warnings.warn(
[2.738s] /usr/lib/python3/dist-packages/pkg_resources/__init__.py:116: PkgResourcesDeprecationWarning: 0.1.43ubuntu1 is an invalid version and will not be supported in a future release
[2.738s]   warnings.warn(
[3.023s] Invoked command in '/home/majama/ros2_ws/build/elgooso' returned '0': PYTHONPATH=/home/majama/ros2_ws/build/elgooso/prefix_override:/home/majama/ros2_ws/install/elgooso/lib/python3.10/site-packages:${PYTHONPATH} /usr/bin/python3 setup.py develop --uninstall --editable --build-directory /home/majama/ros2_ws/build/elgooso/build
[3.026s] Invoking command in '/home/majama/ros2_ws/src/elgooso': PYTHONPATH=/home/majama/ros2_ws/build/elgooso/prefix_override:/home/majama/ros2_ws/install/elgooso/lib/python3.10/site-packages:${PYTHONPATH} /usr/bin/python3 setup.py egg_info --egg-base ../../build/elgooso build --build-base /home/majama/ros2_ws/build/elgooso/build install --record /home/majama/ros2_ws/build/elgooso/install.log --single-version-externally-managed
[3.593s] running egg_info
[3.595s] writing ../../build/elgooso/elgooso.egg-info/PKG-INFO
[3.597s] writing dependency_links to ../../build/elgooso/elgooso.egg-info/dependency_links.txt
[3.598s] writing entry points to ../../build/elgooso/elgooso.egg-info/entry_points.txt
[3.598s] writing requirements to ../../build/elgooso/elgooso.egg-info/requires.txt
[3.599s] writing top-level names to ../../build/elgooso/elgooso.egg-info/top_level.txt
[3.613s] reading manifest file '../../build/elgooso/elgooso.egg-info/SOURCES.txt'
[3.615s] writing manifest file '../../build/elgooso/elgooso.egg-info/SOURCES.txt'
[3.616s] running build
[3.616s] running build_py
[3.618s] running install
[3.619s] /usr/lib/python3/dist-packages/setuptools/command/install.py:34: SetuptoolsDeprecationWarning: setup.py install is deprecated. Use build and pip and other standards-based tools.
[3.619s]   warnings.warn(
[3.620s] running install_lib
[3.624s] running install_data
[3.629s] copying launch/elgooso_sim.launch.py -> /home/majama/ros2_ws/install/elgooso/share/elgooso/launch
[3.632s] running install_egg_info
[3.638s] removing '/home/majama/ros2_ws/install/elgooso/lib/python3.10/site-packages/elgooso-0.0.0-py3.10.egg-info' (and everything under it)
[3.639s] Copying ../../build/elgooso/elgooso.egg-info to /home/majama/ros2_ws/install/elgooso/lib/python3.10/site-packages/elgooso-0.0.0-py3.10.egg-info
[3.642s] running install_scripts
[3.681s] Installing Qlearn script to /home/majama/ros2_ws/install/elgooso/lib/elgooso
[3.682s] Installing move script to /home/majama/ros2_ws/install/elgooso/lib/elgooso
[3.685s] Installing spawn_entity script to /home/majama/ros2_ws/install/elgooso/lib/elgooso
[3.685s] Installing state_publisher script to /home/majama/ros2_ws/install/elgooso/lib/elgooso
[3.685s] Installing talker script to /home/majama/ros2_ws/install/elgooso/lib/elgooso
[3.685s] writing list of installed files to '/home/majama/ros2_ws/build/elgooso/install.log'
[3.747s] Invoked command in '/home/majama/ros2_ws/src/elgooso' returned '0': PYTHONPATH=/home/majama/ros2_ws/build/elgooso/prefix_override:/home/majama/ros2_ws/install/elgooso/lib/python3.10/site-packages:${PYTHONPATH} /usr/bin/python3 setup.py egg_info --egg-base ../../build/elgooso build --build-base /home/majama/ros2_ws/build/elgooso/build install --record /home/majama/ros2_ws/build/elgooso/install.log --single-version-externally-managed
