[0.899s] Invoking command in '/home/majama/ros2_ws/build/elgooso': PYTHONPATH=/home/majama/ros2_ws/build/elgooso/prefix_override:/home/majama/ros2_ws/install/elgooso/lib/python3.10/site-packages:${PYTHONPATH} /usr/bin/python3 setup.py develop --uninstall --editable --build-directory /home/majama/ros2_ws/build/elgooso/build
[1.248s] running develop
[1.260s] /usr/lib/python3/dist-packages/setuptools/command/easy_install.py:158: EasyInstallDeprecationWarning: easy_install command is deprecated. Use build and pip and other standards-based tools.
[1.260s]   warnings.warn(
[1.264s] /usr/lib/python3/dist-packages/setuptools/command/install.py:34: SetuptoolsDeprecationWarning: setup.py install is deprecated. Use build and pip and other standards-based tools.
[1.264s]   warnings.warn(
[1.347s] /usr/lib/python3/dist-packages/pkg_resources/__init__.py:116: PkgResourcesDeprecationWarning: 1.1build1 is an invalid version and will not be supported in a future release
[1.347s]   warnings.warn(
[1.348s] /usr/lib/python3/dist-packages/pkg_resources/__init__.py:116: PkgResourcesDeprecationWarning: 0.1.43ubuntu1 is an invalid version and will not be supported in a future release
[1.348s]   warnings.warn(
[1.513s] Invoked command in '/home/majama/ros2_ws/build/elgooso' returned '0': PYTHONPATH=/home/majama/ros2_ws/build/elgooso/prefix_override:/home/majama/ros2_ws/install/elgooso/lib/python3.10/site-packages:${PYTHONPATH} /usr/bin/python3 setup.py develop --uninstall --editable --build-directory /home/majama/ros2_ws/build/elgooso/build
[1.515s] Invoking command in '/home/majama/ros2_ws/src/elgooso': PYTHONPATH=/home/majama/ros2_ws/build/elgooso/prefix_override:/home/majama/ros2_ws/install/elgooso/lib/python3.10/site-packages:${PYTHONPATH} /usr/bin/python3 setup.py egg_info --egg-base ../../build/elgooso build --build-base /home/majama/ros2_ws/build/elgooso/build install --record /home/majama/ros2_ws/build/elgooso/install.log --single-version-externally-managed
[1.804s] running egg_info
[1.804s] writing ../../build/elgooso/elgooso.egg-info/PKG-INFO
[1.815s] writing dependency_links to ../../build/elgooso/elgooso.egg-info/dependency_links.txt
[1.815s] writing entry points to ../../build/elgooso/elgooso.egg-info/entry_points.txt
[1.816s] writing requirements to ../../build/elgooso/elgooso.egg-info/requires.txt
[1.816s] writing top-level names to ../../build/elgooso/elgooso.egg-info/top_level.txt
[1.822s] reading manifest file '../../build/elgooso/elgooso.egg-info/SOURCES.txt'
[1.824s] writing manifest file '../../build/elgooso/elgooso.egg-info/SOURCES.txt'
[1.824s] running build
[1.824s] running build_py
[1.826s] running install
[1.826s] /usr/lib/python3/dist-packages/setuptools/command/install.py:34: SetuptoolsDeprecationWarning: setup.py install is deprecated. Use build and pip and other standards-based tools.
[1.826s]   warnings.warn(
[1.827s] running install_lib
[1.831s] running install_data
[1.835s] copying launch/elgooso_sim.launch.py -> /home/majama/ros2_ws/install/elgooso/share/elgooso/launch
[1.839s] running install_egg_info
[1.842s] removing '/home/majama/ros2_ws/install/elgooso/lib/python3.10/site-packages/elgooso-0.0.0-py3.10.egg-info' (and everything under it)
[1.843s] Copying ../../build/elgooso/elgooso.egg-info to /home/majama/ros2_ws/install/elgooso/lib/python3.10/site-packages/elgooso-0.0.0-py3.10.egg-info
[1.845s] running install_scripts
[1.875s] Installing Qlearn script to /home/majama/ros2_ws/install/elgooso/lib/elgooso
[1.875s] Installing move script to /home/majama/ros2_ws/install/elgooso/lib/elgooso
[1.876s] Installing spawn_entity script to /home/majama/ros2_ws/install/elgooso/lib/elgooso
[1.877s] Installing state_publisher script to /home/majama/ros2_ws/install/elgooso/lib/elgooso
[1.877s] Installing talker script to /home/majama/ros2_ws/install/elgooso/lib/elgooso
[1.877s] writing list of installed files to '/home/majama/ros2_ws/build/elgooso/install.log'
[1.909s] Invoked command in '/home/majama/ros2_ws/src/elgooso' returned '0': PYTHONPATH=/home/majama/ros2_ws/build/elgooso/prefix_override:/home/majama/ros2_ws/install/elgooso/lib/python3.10/site-packages:${PYTHONPATH} /usr/bin/python3 setup.py egg_info --egg-base ../../build/elgooso build --build-base /home/majama/ros2_ws/build/elgooso/build install --record /home/majama/ros2_ws/build/elgooso/install.log --single-version-externally-managed
