[0.850s] Invoking command in '/home/majama/ros2_ws/build/elgooso': PYTHONPATH=/home/majama/ros2_ws/build/elgooso/prefix_override:/home/majama/ros2_ws/install/elgooso/lib/python3.10/site-packages:${PYTHONPATH} /usr/bin/python3 setup.py develop --uninstall --editable --build-directory /home/majama/ros2_ws/build/elgooso/build
[1.152s] running develop
[1.153s] /usr/lib/python3/dist-packages/setuptools/command/easy_install.py:158: EasyInstallDeprecationWarning: easy_install command is deprecated. Use build and pip and other standards-based tools.
[1.154s]   warnings.warn(
[1.156s] /usr/lib/python3/dist-packages/setuptools/command/install.py:34: SetuptoolsDeprecationWarning: setup.py install is deprecated. Use build and pip and other standards-based tools.
[1.156s]   warnings.warn(
[1.218s] /usr/lib/python3/dist-packages/pkg_resources/__init__.py:116: PkgResourcesDeprecationWarning: 1.1build1 is an invalid version and will not be supported in a future release
[1.218s]   warnings.warn(
[1.219s] /usr/lib/python3/dist-packages/pkg_resources/__init__.py:116: PkgResourcesDeprecationWarning: 0.1.43ubuntu1 is an invalid version and will not be supported in a future release
[1.219s]   warnings.warn(
[1.373s] Invoked command in '/home/majama/ros2_ws/build/elgooso' returned '0': PYTHONPATH=/home/majama/ros2_ws/build/elgooso/prefix_override:/home/majama/ros2_ws/install/elgooso/lib/python3.10/site-packages:${PYTHONPATH} /usr/bin/python3 setup.py develop --uninstall --editable --build-directory /home/majama/ros2_ws/build/elgooso/build
[1.375s] Invoking command in '/home/majama/ros2_ws/src/elgooso': PYTHONPATH=/home/majama/ros2_ws/build/elgooso/prefix_override:/home/majama/ros2_ws/install/elgooso/lib/python3.10/site-packages:${PYTHONPATH} /usr/bin/python3 setup.py egg_info --egg-base ../../build/elgooso build --build-base /home/majama/ros2_ws/build/elgooso/build install --record /home/majama/ros2_ws/build/elgooso/install.log --single-version-externally-managed
[1.618s] running egg_info
[1.619s] writing ../../build/elgooso/elgooso.egg-info/PKG-INFO
[1.629s] writing dependency_links to ../../build/elgooso/elgooso.egg-info/dependency_links.txt
[1.630s] writing entry points to ../../build/elgooso/elgooso.egg-info/entry_points.txt
[1.630s] writing requirements to ../../build/elgooso/elgooso.egg-info/requires.txt
[1.631s] writing top-level names to ../../build/elgooso/elgooso.egg-info/top_level.txt
[1.639s] reading manifest file '../../build/elgooso/elgooso.egg-info/SOURCES.txt'
[1.643s] writing manifest file '../../build/elgooso/elgooso.egg-info/SOURCES.txt'
[1.643s] running build
[1.643s] running build_py
[1.644s] copying elgooso/Qlearn.py -> /home/majama/ros2_ws/build/elgooso/build/lib/elgooso
[1.645s] running install
[1.645s] /usr/lib/python3/dist-packages/setuptools/command/install.py:34: SetuptoolsDeprecationWarning: setup.py install is deprecated. Use build and pip and other standards-based tools.
[1.646s]   warnings.warn(
[1.646s] running install_lib
[1.648s] copying /home/majama/ros2_ws/build/elgooso/build/lib/elgooso/Qlearn.py -> /home/majama/ros2_ws/install/elgooso/lib/python3.10/site-packages/elgooso
[1.649s] byte-compiling /home/majama/ros2_ws/install/elgooso/lib/python3.10/site-packages/elgooso/Qlearn.py to Qlearn.cpython-310.pyc
[1.651s]   File "/home/majama/ros2_ws/install/elgooso/lib/python3.10/site-packages/elgooso/Qlearn.py", line 146
[1.651s]     			self.get_logger().inf({self.end} {self.state})
[1.651s]     			                      ^^^^^^^^^^^^^^^^^^^^^^^
[1.651s] SyntaxError: invalid syntax. Perhaps you forgot a comma?
[1.651s] 
[1.651s] running install_data
[1.658s] running install_egg_info
[1.661s] removing '/home/majama/ros2_ws/install/elgooso/lib/python3.10/site-packages/elgooso-0.0.0-py3.10.egg-info' (and everything under it)
[1.662s] Copying ../../build/elgooso/elgooso.egg-info to /home/majama/ros2_ws/install/elgooso/lib/python3.10/site-packages/elgooso-0.0.0-py3.10.egg-info
[1.664s] running install_scripts
[1.691s] Installing Qlearn script to /home/majama/ros2_ws/install/elgooso/lib/elgooso
[1.692s] Installing move script to /home/majama/ros2_ws/install/elgooso/lib/elgooso
[1.693s] Installing spawn_entity script to /home/majama/ros2_ws/install/elgooso/lib/elgooso
[1.693s] Installing state_publisher script to /home/majama/ros2_ws/install/elgooso/lib/elgooso
[1.693s] Installing talker script to /home/majama/ros2_ws/install/elgooso/lib/elgooso
[1.694s] writing list of installed files to '/home/majama/ros2_ws/build/elgooso/install.log'
[1.729s] Invoked command in '/home/majama/ros2_ws/src/elgooso' returned '0': PYTHONPATH=/home/majama/ros2_ws/build/elgooso/prefix_override:/home/majama/ros2_ws/install/elgooso/lib/python3.10/site-packages:${PYTHONPATH} /usr/bin/python3 setup.py egg_info --egg-base ../../build/elgooso build --build-base /home/majama/ros2_ws/build/elgooso/build install --record /home/majama/ros2_ws/build/elgooso/install.log --single-version-externally-managed
