[0.814s] Invoking command in '/home/majama/ros2_ws/build/elgooso': PYTHONPATH=/home/majama/ros2_ws/build/elgooso/prefix_override:/home/majama/ros2_ws/install/elgooso/lib/python3.10/site-packages:${PYTHONPATH} /usr/bin/python3 setup.py develop --uninstall --editable --build-directory /home/majama/ros2_ws/build/elgooso/build
[1.169s] running develop
[1.171s] /usr/lib/python3/dist-packages/setuptools/command/easy_install.py:158: EasyInstallDeprecationWarning: easy_install command is deprecated. Use build and pip and other standards-based tools.
[1.171s]   warnings.warn(
[1.173s] /usr/lib/python3/dist-packages/setuptools/command/install.py:34: SetuptoolsDeprecationWarning: setup.py install is deprecated. Use build and pip and other standards-based tools.
[1.173s]   warnings.warn(
[1.238s] /usr/lib/python3/dist-packages/pkg_resources/__init__.py:116: PkgResourcesDeprecationWarning: 1.1build1 is an invalid version and will not be supported in a future release
[1.238s]   warnings.warn(
[1.239s] /usr/lib/python3/dist-packages/pkg_resources/__init__.py:116: PkgResourcesDeprecationWarning: 0.1.43ubuntu1 is an invalid version and will not be supported in a future release
[1.239s]   warnings.warn(
[1.386s] Invoked command in '/home/majama/ros2_ws/build/elgooso' returned '0': PYTHONPATH=/home/majama/ros2_ws/build/elgooso/prefix_override:/home/majama/ros2_ws/install/elgooso/lib/python3.10/site-packages:${PYTHONPATH} /usr/bin/python3 setup.py develop --uninstall --editable --build-directory /home/majama/ros2_ws/build/elgooso/build
[1.386s] Invoking command in '/home/majama/ros2_ws/src/elgooso': PYTHONPATH=/home/majama/ros2_ws/build/elgooso/prefix_override:/home/majama/ros2_ws/install/elgooso/lib/python3.10/site-packages:${PYTHONPATH} /usr/bin/python3 setup.py egg_info --egg-base ../../build/elgooso build --build-base /home/majama/ros2_ws/build/elgooso/build install --record /home/majama/ros2_ws/build/elgooso/install.log --single-version-externally-managed
[1.655s] running egg_info
[1.656s] writing ../../build/elgooso/elgooso.egg-info/PKG-INFO
[1.663s] writing dependency_links to ../../build/elgooso/elgooso.egg-info/dependency_links.txt
[1.664s] writing entry points to ../../build/elgooso/elgooso.egg-info/entry_points.txt
[1.664s] writing requirements to ../../build/elgooso/elgooso.egg-info/requires.txt
[1.665s] writing top-level names to ../../build/elgooso/elgooso.egg-info/top_level.txt
[1.680s] reading manifest file '../../build/elgooso/elgooso.egg-info/SOURCES.txt'
[1.682s] writing manifest file '../../build/elgooso/elgooso.egg-info/SOURCES.txt'
[1.682s] running build
[1.682s] running build_py
[1.688s] copying elgooso/Qlearn.py -> /home/majama/ros2_ws/build/elgooso/build/lib/elgooso
[1.689s] running install
[1.689s] running install_lib
[1.689s] copying /home/majama/ros2_ws/build/elgooso/build/lib/elgooso/Qlearn.py -> /home/majama/ros2_ws/install/elgooso/lib/python3.10/site-packages/elgooso
[1.689s] /usr/lib/python3/dist-packages/setuptools/command/install.py:34: SetuptoolsDeprecationWarning: setup.py install is deprecated. Use build and pip and other standards-based tools.
[1.689s]   warnings.warn(
[1.691s] byte-compiling /home/majama/ros2_ws/install/elgooso/lib/python3.10/site-packages/elgooso/Qlearn.py to Qlearn.cpython-310.pyc
[1.694s] running install_data
[1.702s] running install_egg_info
[1.703s] removing '/home/majama/ros2_ws/install/elgooso/lib/python3.10/site-packages/elgooso-0.0.0-py3.10.egg-info' (and everything under it)
[1.703s] Copying ../../build/elgooso/elgooso.egg-info to /home/majama/ros2_ws/install/elgooso/lib/python3.10/site-packages/elgooso-0.0.0-py3.10.egg-info
[1.707s] running install_scripts
[1.744s] Installing Qlearn script to /home/majama/ros2_ws/install/elgooso/lib/elgooso
[1.745s] Installing move script to /home/majama/ros2_ws/install/elgooso/lib/elgooso
[1.746s] Installing spawn_entity script to /home/majama/ros2_ws/install/elgooso/lib/elgooso
[1.746s] Installing state_publisher script to /home/majama/ros2_ws/install/elgooso/lib/elgooso
[1.746s] Installing talker script to /home/majama/ros2_ws/install/elgooso/lib/elgooso
[1.747s] writing list of installed files to '/home/majama/ros2_ws/build/elgooso/install.log'
[1.783s] Invoked command in '/home/majama/ros2_ws/src/elgooso' returned '0': PYTHONPATH=/home/majama/ros2_ws/build/elgooso/prefix_override:/home/majama/ros2_ws/install/elgooso/lib/python3.10/site-packages:${PYTHONPATH} /usr/bin/python3 setup.py egg_info --egg-base ../../build/elgooso build --build-base /home/majama/ros2_ws/build/elgooso/build install --record /home/majama/ros2_ws/build/elgooso/install.log --single-version-externally-managed
