[1.734s] Invoking command in '/home/majama/ros2_ws/build/elgooso': PYTHONPATH=/home/majama/ros2_ws/build/elgooso/prefix_override:/home/majama/ros2_ws/install/elgooso/lib/python3.10/site-packages:${PYTHONPATH} /usr/bin/python3 setup.py develop --uninstall --editable --build-directory /home/majama/ros2_ws/build/elgooso/build
[2.356s] running develop
[2.357s] /usr/lib/python3/dist-packages/setuptools/command/easy_install.py:158: EasyInstallDeprecationWarning: easy_install command is deprecated. Use build and pip and other standards-based tools.
[2.357s]   warnings.warn(
[2.362s] /usr/lib/python3/dist-packages/setuptools/command/install.py:34: SetuptoolsDeprecationWarning: setup.py install is deprecated. Use build and pip and other standards-based tools.
[2.362s]   warnings.warn(
[2.478s] /usr/lib/python3/dist-packages/pkg_resources/__init__.py:116: PkgResourcesDeprecationWarning: 1.1build1 is an invalid version and will not be supported in a future release
[2.478s]   warnings.warn(
[2.479s] /usr/lib/python3/dist-packages/pkg_resources/__init__.py:116: PkgResourcesDeprecationWarning: 0.1.43ubuntu1 is an invalid version and will not be supported in a future release
[2.479s]   warnings.warn(
[2.788s] Invoked command in '/home/majama/ros2_ws/build/elgooso' returned '0': PYTHONPATH=/home/majama/ros2_ws/build/elgooso/prefix_override:/home/majama/ros2_ws/install/elgooso/lib/python3.10/site-packages:${PYTHONPATH} /usr/bin/python3 setup.py develop --uninstall --editable --build-directory /home/majama/ros2_ws/build/elgooso/build
[2.796s] Invoking command in '/home/majama/ros2_ws/src/elgooso': PYTHONPATH=/home/majama/ros2_ws/build/elgooso/prefix_override:/home/majama/ros2_ws/install/elgooso/lib/python3.10/site-packages:${PYTHONPATH} /usr/bin/python3 setup.py egg_info --egg-base ../../build/elgooso build --build-base /home/majama/ros2_ws/build/elgooso/build install --record /home/majama/ros2_ws/build/elgooso/install.log --single-version-externally-managed
[3.305s] running egg_info
[3.307s] writing ../../build/elgooso/elgooso.egg-info/PKG-INFO
[3.308s] writing dependency_links to ../../build/elgooso/elgooso.egg-info/dependency_links.txt
[3.308s] writing entry points to ../../build/elgooso/elgooso.egg-info/entry_points.txt
[3.309s] writing requirements to ../../build/elgooso/elgooso.egg-info/requires.txt
[3.310s] writing top-level names to ../../build/elgooso/elgooso.egg-info/top_level.txt
[3.322s] reading manifest file '../../build/elgooso/elgooso.egg-info/SOURCES.txt'
[3.325s] writing manifest file '../../build/elgooso/elgooso.egg-info/SOURCES.txt'
[3.326s] running build
[3.326s] running build_py
[3.335s] /usr/lib/python3/dist-packages/setuptools/command/install.py:34: SetuptoolsDeprecationWarning: setup.py install is deprecated. Use build and pip and other standards-based tools.
[3.335s]   warnings.warn(
[3.335s] copying elgooso/Qlearn.py -> /home/majama/ros2_ws/build/elgooso/build/lib/elgooso
[3.335s] running install
[3.339s] running install_lib
[3.341s] copying /home/majama/ros2_ws/build/elgooso/build/lib/elgooso/Qlearn.py -> /home/majama/ros2_ws/install/elgooso/lib/python3.10/site-packages/elgooso
[3.344s] byte-compiling /home/majama/ros2_ws/install/elgooso/lib/python3.10/site-packages/elgooso/Qlearn.py to Qlearn.cpython-310.pyc
[3.347s] running install_data
[3.355s] running install_egg_info
[3.358s] removing '/home/majama/ros2_ws/install/elgooso/lib/python3.10/site-packages/elgooso-0.0.0-py3.10.egg-info' (and everything under it)
[3.359s] Copying ../../build/elgooso/elgooso.egg-info to /home/majama/ros2_ws/install/elgooso/lib/python3.10/site-packages/elgooso-0.0.0-py3.10.egg-info
[3.362s] running install_scripts
[3.406s] Installing Qlearn script to /home/majama/ros2_ws/install/elgooso/lib/elgooso
[3.409s] Installing move script to /home/majama/ros2_ws/install/elgooso/lib/elgooso
[3.413s] Installing spawn_entity script to /home/majama/ros2_ws/install/elgooso/lib/elgooso
[3.414s] Installing state_publisher script to /home/majama/ros2_ws/install/elgooso/lib/elgooso
[3.414s] Installing talker script to /home/majama/ros2_ws/install/elgooso/lib/elgooso
[3.414s] writing list of installed files to '/home/majama/ros2_ws/build/elgooso/install.log'
[3.478s] Invoked command in '/home/majama/ros2_ws/src/elgooso' returned '0': PYTHONPATH=/home/majama/ros2_ws/build/elgooso/prefix_override:/home/majama/ros2_ws/install/elgooso/lib/python3.10/site-packages:${PYTHONPATH} /usr/bin/python3 setup.py egg_info --egg-base ../../build/elgooso build --build-base /home/majama/ros2_ws/build/elgooso/build install --record /home/majama/ros2_ws/build/elgooso/install.log --single-version-externally-managed
