[1.158s] Invoking command in '/home/majama/ros2_ws/build/elgooso': PYTHONPATH=/home/majama/ros2_ws/build/elgooso/prefix_override:/home/majama/ros2_ws/install/elgooso/lib/python3.10/site-packages:${PYTHONPATH} /usr/bin/python3 setup.py develop --uninstall --editable --build-directory /home/majama/ros2_ws/build/elgooso/build
[1.599s] running develop
[1.600s] /usr/lib/python3/dist-packages/setuptools/command/easy_install.py:158: EasyInstallDeprecationWarning: easy_install command is deprecated. Use build and pip and other standards-based tools.
[1.600s]   warnings.warn(
[1.604s] /usr/lib/python3/dist-packages/setuptools/command/install.py:34: SetuptoolsDeprecationWarning: setup.py install is deprecated. Use build and pip and other standards-based tools.
[1.604s]   warnings.warn(
[1.681s] /usr/lib/python3/dist-packages/pkg_resources/__init__.py:116: PkgResourcesDeprecationWarning: 1.1build1 is an invalid version and will not be supported in a future release
[1.682s]   warnings.warn(
[1.682s] /usr/lib/python3/dist-packages/pkg_resources/__init__.py:116: PkgResourcesDeprecationWarning: 0.1.43ubuntu1 is an invalid version and will not be supported in a future release
[1.682s]   warnings.warn(
[1.895s] Invoked command in '/home/majama/ros2_ws/build/elgooso' returned '0': PYTHONPATH=/home/majama/ros2_ws/build/elgooso/prefix_override:/home/majama/ros2_ws/install/elgooso/lib/python3.10/site-packages:${PYTHONPATH} /usr/bin/python3 setup.py develop --uninstall --editable --build-directory /home/majama/ros2_ws/build/elgooso/build
[1.896s] Invoking command in '/home/majama/ros2_ws/src/elgooso': PYTHONPATH=/home/majama/ros2_ws/build/elgooso/prefix_override:/home/majama/ros2_ws/install/elgooso/lib/python3.10/site-packages:${PYTHONPATH} /usr/bin/python3 setup.py egg_info --egg-base ../../build/elgooso build --build-base /home/majama/ros2_ws/build/elgooso/build install --record /home/majama/ros2_ws/build/elgooso/install.log --single-version-externally-managed
[2.249s] running egg_info
[2.250s] writing ../../build/elgooso/elgooso.egg-info/PKG-INFO
[2.257s] writing dependency_links to ../../build/elgooso/elgooso.egg-info/dependency_links.txt
[2.258s] writing entry points to ../../build/elgooso/elgooso.egg-info/entry_points.txt
[2.258s] writing requirements to ../../build/elgooso/elgooso.egg-info/requires.txt
[2.258s] writing top-level names to ../../build/elgooso/elgooso.egg-info/top_level.txt
[2.264s] reading manifest file '../../build/elgooso/elgooso.egg-info/SOURCES.txt'
[2.266s] writing manifest file '../../build/elgooso/elgooso.egg-info/SOURCES.txt'
[2.266s] running build
[2.266s] running build_py
[2.268s] copying elgooso/Qlearn.py -> /home/majama/ros2_ws/build/elgooso/build/lib/elgooso
[2.269s] running install
[2.269s] /usr/lib/python3/dist-packages/setuptools/command/install.py:34: SetuptoolsDeprecationWarning: setup.py install is deprecated. Use build and pip and other standards-based tools.
[2.269s]   warnings.warn(
[2.270s] running install_lib
[2.272s] copying /home/majama/ros2_ws/build/elgooso/build/lib/elgooso/Qlearn.py -> /home/majama/ros2_ws/install/elgooso/lib/python3.10/site-packages/elgooso
[2.273s] byte-compiling /home/majama/ros2_ws/install/elgooso/lib/python3.10/site-packages/elgooso/Qlearn.py to Qlearn.cpython-310.pyc
[2.275s] running install_data
[2.280s] running install_egg_info
[2.283s] removing '/home/majama/ros2_ws/install/elgooso/lib/python3.10/site-packages/elgooso-0.0.0-py3.10.egg-info' (and everything under it)
[2.284s] Copying ../../build/elgooso/elgooso.egg-info to /home/majama/ros2_ws/install/elgooso/lib/python3.10/site-packages/elgooso-0.0.0-py3.10.egg-info
[2.285s] running install_scripts
[2.331s] Installing Qlearn script to /home/majama/ros2_ws/install/elgooso/lib/elgooso
[2.332s] Installing move script to /home/majama/ros2_ws/install/elgooso/lib/elgooso
[2.333s] Installing spawn_entity script to /home/majama/ros2_ws/install/elgooso/lib/elgooso
[2.333s] Installing state_publisher script to /home/majama/ros2_ws/install/elgooso/lib/elgooso
[2.333s] Installing talker script to /home/majama/ros2_ws/install/elgooso/lib/elgooso
[2.334s] writing list of installed files to '/home/majama/ros2_ws/build/elgooso/install.log'
[2.384s] Invoked command in '/home/majama/ros2_ws/src/elgooso' returned '0': PYTHONPATH=/home/majama/ros2_ws/build/elgooso/prefix_override:/home/majama/ros2_ws/install/elgooso/lib/python3.10/site-packages:${PYTHONPATH} /usr/bin/python3 setup.py egg_info --egg-base ../../build/elgooso build --build-base /home/majama/ros2_ws/build/elgooso/build install --record /home/majama/ros2_ws/build/elgooso/install.log --single-version-externally-managed
