[1.502s] DEBUG:colcon:Command line arguments: ['/usr/bin/colcon', 'build']
[1.502s] DEBUG:colcon:Parsed command line arguments: Namespace(log_base=None, log_level=None, verb_name='build', build_base='build', install_base='install', merge_install=False, symlink_install=False, test_result_base=None, continue_on_error=False, executor='parallel', parallel_workers=4, event_handlers=None, ignore_user_meta=False, metas=['./colcon.meta'], base_paths=['.'], packages_ignore=None, packages_ignore_regex=None, paths=None, packages_up_to=None, packages_up_to_regex=None, packages_above=None, packages_above_and_dependencies=None, packages_above_depth=None, packages_select_by_dep=None, packages_skip_by_dep=None, packages_skip_up_to=None, packages_select_build_failed=False, packages_skip_build_finished=False, packages_select_test_failures=False, packages_skip_test_passed=False, packages_select=None, packages_skip=None, packages_select_regex=None, packages_skip_regex=None, packages_start=None, packages_end=None, allow_overriding=[], cmake_args=None, cmake_target=None, cmake_target_skip_unavailable=False, cmake_clean_cache=False, cmake_clean_first=False, cmake_force_configure=False, ament_cmake_args=None, catkin_cmake_args=None, catkin_skip_building_tests=False, verb_parser=<colcon_defaults.argument_parser.defaults.DefaultArgumentsDecorator object at 0x7fcb43d832e0>, verb_extension=<colcon_core.verb.build.BuildVerb object at 0x7fcb44736290>, main=<bound method BuildVerb.main of <colcon_core.verb.build.BuildVerb object at 0x7fcb44736290>>)
[1.624s] Level 1:colcon.colcon_core.package_discovery:discover_packages(colcon_meta) check parameters
[1.624s] Level 1:colcon.colcon_core.package_discovery:discover_packages(recursive) check parameters
[1.624s] Level 1:colcon.colcon_core.package_discovery:discover_packages(ignore) check parameters
[1.624s] Level 1:colcon.colcon_core.package_discovery:discover_packages(path) check parameters
[1.624s] Level 1:colcon.colcon_core.package_discovery:discover_packages(colcon_meta) discover
[1.624s] Level 1:colcon.colcon_core.package_discovery:discover_packages(recursive) discover
[1.625s] INFO:colcon.colcon_core.package_discovery:Crawling recursively for packages in '/home/majama/ros2_ws'
[1.625s] Level 1:colcon.colcon_core.package_identification:_identify(.) by extensions ['ignore', 'ignore_ament_install']
[1.625s] Level 1:colcon.colcon_core.package_identification:_identify(.) by extension 'ignore'
[1.625s] Level 1:colcon.colcon_core.package_identification:_identify(.) by extension 'ignore_ament_install'
[1.625s] Level 1:colcon.colcon_core.package_identification:_identify(.) by extensions ['colcon_pkg']
[1.625s] Level 1:colcon.colcon_core.package_identification:_identify(.) by extension 'colcon_pkg'
[1.625s] Level 1:colcon.colcon_core.package_identification:_identify(.) by extensions ['colcon_meta']
[1.625s] Level 1:colcon.colcon_core.package_identification:_identify(.) by extension 'colcon_meta'
[1.625s] Level 1:colcon.colcon_core.package_identification:_identify(.) by extensions ['ros']
[1.626s] Level 1:colcon.colcon_core.package_identification:_identify(.) by extension 'ros'
[1.680s] Level 1:colcon.colcon_core.package_identification:_identify(.) by extensions ['cmake', 'python']
[1.680s] Level 1:colcon.colcon_core.package_identification:_identify(.) by extension 'cmake'
[1.680s] Level 1:colcon.colcon_core.package_identification:_identify(.) by extension 'python'
[1.680s] Level 1:colcon.colcon_core.package_identification:_identify(.) by extensions ['python_setup_py']
[1.680s] Level 1:colcon.colcon_core.package_identification:_identify(.) by extension 'python_setup_py'
[1.680s] Level 1:colcon.colcon_core.package_identification:_identify(build) by extensions ['ignore', 'ignore_ament_install']
[1.681s] Level 1:colcon.colcon_core.package_identification:_identify(build) by extension 'ignore'
[1.681s] Level 1:colcon.colcon_core.package_identification:_identify(build) ignored
[1.681s] Level 1:colcon.colcon_core.package_identification:_identify(install) by extensions ['ignore', 'ignore_ament_install']
[1.681s] Level 1:colcon.colcon_core.package_identification:_identify(install) by extension 'ignore'
[1.681s] Level 1:colcon.colcon_core.package_identification:_identify(install) ignored
[1.683s] Level 1:colcon.colcon_core.package_identification:_identify(log) by extensions ['ignore', 'ignore_ament_install']
[1.683s] Level 1:colcon.colcon_core.package_identification:_identify(log) by extension 'ignore'
[1.683s] Level 1:colcon.colcon_core.package_identification:_identify(log) ignored
[1.684s] Level 1:colcon.colcon_core.package_identification:_identify(src) by extensions ['ignore', 'ignore_ament_install']
[1.684s] Level 1:colcon.colcon_core.package_identification:_identify(src) by extension 'ignore'
[1.684s] Level 1:colcon.colcon_core.package_identification:_identify(src) by extension 'ignore_ament_install'
[1.684s] Level 1:colcon.colcon_core.package_identification:_identify(src) by extensions ['colcon_pkg']
[1.684s] Level 1:colcon.colcon_core.package_identification:_identify(src) by extension 'colcon_pkg'
[1.685s] Level 1:colcon.colcon_core.package_identification:_identify(src) by extensions ['colcon_meta']
[1.685s] Level 1:colcon.colcon_core.package_identification:_identify(src) by extension 'colcon_meta'
[1.685s] Level 1:colcon.colcon_core.package_identification:_identify(src) by extensions ['ros']
[1.685s] Level 1:colcon.colcon_core.package_identification:_identify(src) by extension 'ros'
[1.685s] Level 1:colcon.colcon_core.package_identification:_identify(src) by extensions ['cmake', 'python']
[1.685s] Level 1:colcon.colcon_core.package_identification:_identify(src) by extension 'cmake'
[1.685s] Level 1:colcon.colcon_core.package_identification:_identify(src) by extension 'python'
[1.685s] Level 1:colcon.colcon_core.package_identification:_identify(src) by extensions ['python_setup_py']
[1.686s] Level 1:colcon.colcon_core.package_identification:_identify(src) by extension 'python_setup_py'
[1.687s] Level 1:colcon.colcon_core.package_identification:_identify(src/elgooso) by extensions ['ignore', 'ignore_ament_install']
[1.687s] Level 1:colcon.colcon_core.package_identification:_identify(src/elgooso) by extension 'ignore'
[1.687s] Level 1:colcon.colcon_core.package_identification:_identify(src/elgooso) by extension 'ignore_ament_install'
[1.687s] Level 1:colcon.colcon_core.package_identification:_identify(src/elgooso) by extensions ['colcon_pkg']
[1.687s] Level 1:colcon.colcon_core.package_identification:_identify(src/elgooso) by extension 'colcon_pkg'
[1.688s] Level 1:colcon.colcon_core.package_identification:_identify(src/elgooso) by extensions ['colcon_meta']
[1.688s] Level 1:colcon.colcon_core.package_identification:_identify(src/elgooso) by extension 'colcon_meta'
[1.688s] Level 1:colcon.colcon_core.package_identification:_identify(src/elgooso) by extensions ['ros']
[1.688s] Level 1:colcon.colcon_core.package_identification:_identify(src/elgooso) by extension 'ros'
[1.699s] DEBUG:colcon.colcon_core.package_identification:Package 'src/elgooso' with type 'ros.ament_python' and name 'elgooso'
[1.700s] Level 1:colcon.colcon_core.package_discovery:discover_packages(recursive) using defaults
[1.700s] Level 1:colcon.colcon_core.package_discovery:discover_packages(ignore) discover
[1.700s] Level 1:colcon.colcon_core.package_discovery:discover_packages(ignore) using defaults
[1.700s] Level 1:colcon.colcon_core.package_discovery:discover_packages(path) discover
[1.700s] Level 1:colcon.colcon_core.package_discovery:discover_packages(path) using defaults
[1.851s] Level 1:colcon.colcon_core.package_discovery:discover_packages(prefix_path) check parameters
[1.851s] Level 1:colcon.colcon_core.package_discovery:discover_packages(prefix_path) discover
[1.868s] DEBUG:colcon.colcon_installed_package_information.package_discovery:Found 335 installed packages in /opt/ros/humble
[1.872s] Level 1:colcon.colcon_core.package_discovery:discover_packages(prefix_path) using defaults
[2.613s] Level 5:colcon.colcon_core.verb:set package 'elgooso' build argument 'cmake_args' from command line to 'None'
[2.613s] Level 5:colcon.colcon_core.verb:set package 'elgooso' build argument 'cmake_target' from command line to 'None'
[2.613s] Level 5:colcon.colcon_core.verb:set package 'elgooso' build argument 'cmake_target_skip_unavailable' from command line to 'False'
[2.613s] Level 5:colcon.colcon_core.verb:set package 'elgooso' build argument 'cmake_clean_cache' from command line to 'False'
[2.613s] Level 5:colcon.colcon_core.verb:set package 'elgooso' build argument 'cmake_clean_first' from command line to 'False'
[2.613s] Level 5:colcon.colcon_core.verb:set package 'elgooso' build argument 'cmake_force_configure' from command line to 'False'
[2.613s] Level 5:colcon.colcon_core.verb:set package 'elgooso' build argument 'ament_cmake_args' from command line to 'None'
[2.614s] Level 5:colcon.colcon_core.verb:set package 'elgooso' build argument 'catkin_cmake_args' from command line to 'None'
[2.614s] Level 5:colcon.colcon_core.verb:set package 'elgooso' build argument 'catkin_skip_building_tests' from command line to 'False'
[2.614s] DEBUG:colcon.colcon_core.verb:Building package 'elgooso' with the following arguments: {'ament_cmake_args': None, 'build_base': '/home/majama/ros2_ws/build/elgooso', 'catkin_cmake_args': None, 'catkin_skip_building_tests': False, 'cmake_args': None, 'cmake_clean_cache': False, 'cmake_clean_first': False, 'cmake_force_configure': False, 'cmake_target': None, 'cmake_target_skip_unavailable': False, 'install_base': '/home/majama/ros2_ws/install/elgooso', 'merge_install': False, 'path': '/home/majama/ros2_ws/src/elgooso', 'symlink_install': False, 'test_result_base': None}
[2.616s] INFO:colcon.colcon_core.executor:Executing jobs using 'parallel' executor
[2.646s] DEBUG:colcon.colcon_parallel_executor.executor.parallel:run_until_complete
[2.646s] INFO:colcon.colcon_ros.task.ament_python.build:Building ROS package in '/home/majama/ros2_ws/src/elgooso' with build type 'ament_python'
[2.647s] Level 1:colcon.colcon_core.shell:create_environment_hook('elgooso', 'ament_prefix_path')
[2.678s] INFO:colcon.colcon_core.plugin_system:Skipping extension 'colcon_core.shell.bat': Not used on non-Windows systems
[2.679s] INFO:colcon.colcon_core.shell:Creating environment hook '/home/majama/ros2_ws/install/elgooso/share/elgooso/hook/ament_prefix_path.ps1'
[2.683s] INFO:colcon.colcon_core.shell:Creating environment descriptor '/home/majama/ros2_ws/install/elgooso/share/elgooso/hook/ament_prefix_path.dsv'
[2.685s] INFO:colcon.colcon_core.shell:Creating environment hook '/home/majama/ros2_ws/install/elgooso/share/elgooso/hook/ament_prefix_path.sh'
[2.694s] INFO:colcon.colcon_core.shell:Skip shell extension 'powershell' for command environment: Not usable outside of PowerShell
[2.695s] DEBUG:colcon.colcon_core.shell:Skip shell extension 'dsv' for command environment
[3.470s] INFO:colcon.colcon_core.task.python.build:Building Python package in '/home/majama/ros2_ws/src/elgooso'
[3.473s] INFO:colcon.colcon_core.shell:Skip shell extension 'powershell' for command environment: Not usable outside of PowerShell
[3.474s] DEBUG:colcon.colcon_core.shell:Skip shell extension 'dsv' for command environment
[4.406s] DEBUG:colcon.colcon_core.event_handler.log_command:Invoking command in '/home/majama/ros2_ws/build/elgooso': PYTHONPATH=/home/majama/ros2_ws/build/elgooso/prefix_override:/home/majama/ros2_ws/install/elgooso/lib/python3.10/site-packages:${PYTHONPATH} /usr/bin/python3 setup.py develop --uninstall --editable --build-directory /home/majama/ros2_ws/build/elgooso/build
[5.021s] DEBUG:colcon.colcon_core.event_handler.log_command:Invoked command in '/home/majama/ros2_ws/build/elgooso' returned '0': PYTHONPATH=/home/majama/ros2_ws/build/elgooso/prefix_override:/home/majama/ros2_ws/install/elgooso/lib/python3.10/site-packages:${PYTHONPATH} /usr/bin/python3 setup.py develop --uninstall --editable --build-directory /home/majama/ros2_ws/build/elgooso/build
[5.022s] DEBUG:colcon.colcon_core.event_handler.log_command:Invoking command in '/home/majama/ros2_ws/src/elgooso': PYTHONPATH=/home/majama/ros2_ws/build/elgooso/prefix_override:/home/majama/ros2_ws/install/elgooso/lib/python3.10/site-packages:${PYTHONPATH} /usr/bin/python3 setup.py egg_info --egg-base ../../build/elgooso build --build-base /home/majama/ros2_ws/build/elgooso/build install --record /home/majama/ros2_ws/build/elgooso/install.log --single-version-externally-managed
[5.517s] DEBUG:colcon.colcon_core.event_handler.log_command:Invoked command in '/home/majama/ros2_ws/src/elgooso' returned '0': PYTHONPATH=/home/majama/ros2_ws/build/elgooso/prefix_override:/home/majama/ros2_ws/install/elgooso/lib/python3.10/site-packages:${PYTHONPATH} /usr/bin/python3 setup.py egg_info --egg-base ../../build/elgooso build --build-base /home/majama/ros2_ws/build/elgooso/build install --record /home/majama/ros2_ws/build/elgooso/install.log --single-version-externally-managed
[5.541s] Level 1:colcon.colcon_core.environment:checking '/home/majama/ros2_ws/install/elgooso' for CMake module files
[5.542s] Level 1:colcon.colcon_core.environment:checking '/home/majama/ros2_ws/install/elgooso' for CMake config files
[5.544s] Level 1:colcon.colcon_core.environment:checking '/home/majama/ros2_ws/install/elgooso/lib'
[5.545s] Level 1:colcon.colcon_core.environment:checking '/home/majama/ros2_ws/install/elgooso/bin'
[5.545s] Level 1:colcon.colcon_core.environment:checking '/home/majama/ros2_ws/install/elgooso/lib/pkgconfig/elgooso.pc'
[5.545s] Level 1:colcon.colcon_core.environment:checking '/home/majama/ros2_ws/install/elgooso/lib/python3.10/site-packages'
[5.545s] Level 1:colcon.colcon_core.shell:create_environment_hook('elgooso', 'pythonpath')
[5.547s] INFO:colcon.colcon_core.shell:Creating environment hook '/home/majama/ros2_ws/install/elgooso/share/elgooso/hook/pythonpath.ps1'
[5.548s] INFO:colcon.colcon_core.shell:Creating environment descriptor '/home/majama/ros2_ws/install/elgooso/share/elgooso/hook/pythonpath.dsv'
[5.549s] INFO:colcon.colcon_core.shell:Creating environment hook '/home/majama/ros2_ws/install/elgooso/share/elgooso/hook/pythonpath.sh'
[5.550s] Level 1:colcon.colcon_core.environment:checking '/home/majama/ros2_ws/install/elgooso/bin'
[5.550s] Level 1:colcon.colcon_core.environment:create_environment_scripts_only(elgooso)
[5.552s] INFO:colcon.colcon_core.shell:Creating package script '/home/majama/ros2_ws/install/elgooso/share/elgooso/package.ps1'
[5.555s] INFO:colcon.colcon_core.shell:Creating package descriptor '/home/majama/ros2_ws/install/elgooso/share/elgooso/package.dsv'
[5.556s] INFO:colcon.colcon_core.shell:Creating package script '/home/majama/ros2_ws/install/elgooso/share/elgooso/package.sh'
[5.558s] INFO:colcon.colcon_core.shell:Creating package script '/home/majama/ros2_ws/install/elgooso/share/elgooso/package.bash'
[5.561s] INFO:colcon.colcon_core.shell:Creating package script '/home/majama/ros2_ws/install/elgooso/share/elgooso/package.zsh'
[5.562s] Level 1:colcon.colcon_core.environment:create_file_with_runtime_dependencies(/home/majama/ros2_ws/install/elgooso/share/colcon-core/packages/elgooso)
[5.563s] DEBUG:colcon.colcon_parallel_executor.executor.parallel:closing loop
[5.564s] DEBUG:colcon.colcon_parallel_executor.executor.parallel:loop closed
[5.564s] DEBUG:colcon.colcon_parallel_executor.executor.parallel:run_until_complete finished with '0'
[5.564s] DEBUG:colcon.colcon_core.event_reactor:joining thread
[5.598s] INFO:colcon.colcon_core.plugin_system:Skipping extension 'colcon_notification.desktop_notification.terminal_notifier': Not used on non-Darwin systems
[5.598s] INFO:colcon.colcon_core.plugin_system:Skipping extension 'colcon_notification.desktop_notification.win32': Not used on non-Windows systems
[5.598s] INFO:colcon.colcon_notification.desktop_notification:Sending desktop notification using 'notify2'
[5.743s] DEBUG:colcon.colcon_core.event_reactor:joined thread
[5.745s] INFO:colcon.colcon_core.shell:Creating prefix script '/home/majama/ros2_ws/install/local_setup.ps1'
[5.747s] INFO:colcon.colcon_core.shell:Creating prefix util module '/home/majama/ros2_ws/install/_local_setup_util_ps1.py'
[5.751s] INFO:colcon.colcon_core.shell:Creating prefix chain script '/home/majama/ros2_ws/install/setup.ps1'
[5.755s] INFO:colcon.colcon_core.shell:Creating prefix script '/home/majama/ros2_ws/install/local_setup.sh'
[5.765s] INFO:colcon.colcon_core.shell:Creating prefix util module '/home/majama/ros2_ws/install/_local_setup_util_sh.py'
[5.766s] INFO:colcon.colcon_core.shell:Creating prefix chain script '/home/majama/ros2_ws/install/setup.sh'
[5.768s] INFO:colcon.colcon_core.shell:Creating prefix script '/home/majama/ros2_ws/install/local_setup.bash'
[5.770s] INFO:colcon.colcon_core.shell:Creating prefix chain script '/home/majama/ros2_ws/install/setup.bash'
[5.772s] INFO:colcon.colcon_core.shell:Creating prefix script '/home/majama/ros2_ws/install/local_setup.zsh'
[5.774s] INFO:colcon.colcon_core.shell:Creating prefix chain script '/home/majama/ros2_ws/install/setup.zsh'
