/home/majama/ros2_ws/install/elgooso/lib/python3.10/site-packages/elgooso/move.py
/home/majama/ros2_ws/install/elgooso/lib/python3.10/site-packages/elgooso/Qlearn.py
/home/majama/ros2_ws/install/elgooso/lib/python3.10/site-packages/elgooso/state_publisher.py
/home/majama/ros2_ws/install/elgooso/lib/python3.10/site-packages/elgooso/__init__.py
/home/majama/ros2_ws/install/elgooso/lib/python3.10/site-packages/elgooso/test.py
/home/majama/ros2_ws/install/elgooso/lib/python3.10/site-packages/elgooso/__pycache__/move.cpython-310.pyc
/home/majama/ros2_ws/install/elgooso/lib/python3.10/site-packages/elgooso/__pycache__/Qlearn.cpython-310.pyc
/home/majama/ros2_ws/install/elgooso/lib/python3.10/site-packages/elgooso/__pycache__/state_publisher.cpython-310.pyc
/home/majama/ros2_ws/install/elgooso/lib/python3.10/site-packages/elgooso/__pycache__/__init__.cpython-310.pyc
/home/majama/ros2_ws/install/elgooso/lib/python3.10/site-packages/elgooso/__pycache__/test.cpython-310.pyc
/home/majama/ros2_ws/install/elgooso/share/ament_index/resource_index/packages/elgooso
/home/majama/ros2_ws/install/elgooso/share/elgooso/package.xml
/home/majama/ros2_ws/install/elgooso/share/elgooso/launch/example_sim.launch.py
/home/majama/ros2_ws/install/elgooso/share/elgooso/launch/elgooso_rviz.launch.py
/home/majama/ros2_ws/install/elgooso/share/elgooso/launch/elgooso_sim.launch.py
/home/majama/ros2_ws/install/elgooso/share/elgooso/launch/init_env.launch.py
/home/majama/ros2_ws/install/elgooso/share/elgooso/urdf/elgooso.xacro
/home/majama/ros2_ws/install/elgooso/share/elgooso/urdf/elgooso.urdf
/home/majama/ros2_ws/install/elgooso/share/elgooso/rviz/elgooso.rviz
/home/majama/ros2_ws/install/elgooso/share/elgooso/worlds/elgooso.world
/home/majama/ros2_ws/install/elgooso/share/elgooso/worlds/generate_straight_obstacle_course.py
/home/majama/ros2_ws/install/elgooso/share/elgooso/worlds/world_demo.sdf
/home/majama/ros2_ws/install/elgooso/share/elgooso/worlds/wall.world
/home/majama/ros2_ws/install/elgooso/share/elgooso/worlds/world_demo.xacro
/home/majama/ros2_ws/install/elgooso/lib/python3.10/site-packages/elgooso-0.0.0-py3.10.egg-info/top_level.txt
/home/majama/ros2_ws/install/elgooso/lib/python3.10/site-packages/elgooso-0.0.0-py3.10.egg-info/SOURCES.txt
/home/majama/ros2_ws/install/elgooso/lib/python3.10/site-packages/elgooso-0.0.0-py3.10.egg-info/entry_points.txt
/home/majama/ros2_ws/install/elgooso/lib/python3.10/site-packages/elgooso-0.0.0-py3.10.egg-info/zip-safe
/home/majama/ros2_ws/install/elgooso/lib/python3.10/site-packages/elgooso-0.0.0-py3.10.egg-info/dependency_links.txt
/home/majama/ros2_ws/install/elgooso/lib/python3.10/site-packages/elgooso-0.0.0-py3.10.egg-info/requires.txt
/home/majama/ros2_ws/install/elgooso/lib/python3.10/site-packages/elgooso-0.0.0-py3.10.egg-info/PKG-INFO
/home/majama/ros2_ws/install/elgooso/lib/elgooso/Qlearn
/home/majama/ros2_ws/install/elgooso/lib/elgooso/move
/home/majama/ros2_ws/install/elgooso/lib/elgooso/spawn_entity
/home/majama/ros2_ws/install/elgooso/lib/elgooso/state_publisher
/home/majama/ros2_ws/install/elgooso/lib/elgooso/talker
