[1.090s] Invoking command in '/home/majama/ros2_ws/build/elgooso': PYTHONPATH=/home/majama/ros2_ws/build/elgooso/prefix_override:/home/majama/ros2_ws/install/elgooso/lib/python3.10/site-packages:${PYTHONPATH} /usr/bin/python3 setup.py develop --uninstall --editable --build-directory /home/majama/ros2_ws/build/elgooso/build
[1.558s] running develop
[1.558s] /usr/lib/python3/dist-packages/setuptools/command/easy_install.py:158: EasyInstallDeprecationWarning: easy_install command is deprecated. Use build and pip and other standards-based tools.
[1.559s]   warnings.warn(
[1.561s] /usr/lib/python3/dist-packages/setuptools/command/install.py:34: SetuptoolsDeprecationWarning: setup.py install is deprecated. Use build and pip and other standards-based tools.
[1.562s]   warnings.warn(
[1.657s] /usr/lib/python3/dist-packages/pkg_resources/__init__.py:116: PkgResourcesDeprecationWarning: 1.1build1 is an invalid version and will not be supported in a future release
[1.657s]   warnings.warn(
[1.658s] /usr/lib/python3/dist-packages/pkg_resources/__init__.py:116: PkgResourcesDeprecationWarning: 0.1.43ubuntu1 is an invalid version and will not be supported in a future release
[1.658s]   warnings.warn(
[1.879s] Invoked command in '/home/majama/ros2_ws/build/elgooso' returned '0': PYTHONPATH=/home/majama/ros2_ws/build/elgooso/prefix_override:/home/majama/ros2_ws/install/elgooso/lib/python3.10/site-packages:${PYTHONPATH} /usr/bin/python3 setup.py develop --uninstall --editable --build-directory /home/majama/ros2_ws/build/elgooso/build
[1.879s] Invoking command in '/home/majama/ros2_ws/src/elgooso': PYTHONPATH=/home/majama/ros2_ws/build/elgooso/prefix_override:/home/majama/ros2_ws/install/elgooso/lib/python3.10/site-packages:${PYTHONPATH} /usr/bin/python3 setup.py egg_info --egg-base ../../build/elgooso build --build-base /home/majama/ros2_ws/build/elgooso/build install --record /home/majama/ros2_ws/build/elgooso/install.log --single-version-externally-managed
[2.224s] running egg_info
[2.225s] writing ../../build/elgooso/elgooso.egg-info/PKG-INFO
[2.225s] writing dependency_links to ../../build/elgooso/elgooso.egg-info/dependency_links.txt
[2.225s] writing entry points to ../../build/elgooso/elgooso.egg-info/entry_points.txt
[2.226s] writing requirements to ../../build/elgooso/elgooso.egg-info/requires.txt
[2.226s] writing top-level names to ../../build/elgooso/elgooso.egg-info/top_level.txt
[2.229s] reading manifest file '../../build/elgooso/elgooso.egg-info/SOURCES.txt'
[2.231s] writing manifest file '../../build/elgooso/elgooso.egg-info/SOURCES.txt'
[2.231s] running build
[2.231s] running build_py
[2.231s] running install
[2.231s] /usr/lib/python3/dist-packages/setuptools/command/install.py:34: SetuptoolsDeprecationWarning: setup.py install is deprecated. Use build and pip and other standards-based tools.
[2.231s]   warnings.warn(
[2.232s] running install_lib
[2.234s] running install_data
[2.234s] copying urdf/test.xacro -> /home/majama/ros2_ws/install/elgooso/share/elgooso/urdf
[2.235s] copying urdf/test.urdf -> /home/majama/ros2_ws/install/elgooso/share/elgooso/urdf
[2.235s] running install_egg_info
[2.238s] removing '/home/majama/ros2_ws/install/elgooso/lib/python3.10/site-packages/elgooso-0.0.0-py3.10.egg-info' (and everything under it)
[2.238s] Copying ../../build/elgooso/elgooso.egg-info to /home/majama/ros2_ws/install/elgooso/lib/python3.10/site-packages/elgooso-0.0.0-py3.10.egg-info
[2.239s] running install_scripts
[2.270s] Installing state_publisher script to /home/majama/ros2_ws/install/elgooso/lib/elgooso
[2.270s] writing list of installed files to '/home/majama/ros2_ws/build/elgooso/install.log'
[2.303s] Invoked command in '/home/majama/ros2_ws/src/elgooso' returned '0': PYTHONPATH=/home/majama/ros2_ws/build/elgooso/prefix_override:/home/majama/ros2_ws/install/elgooso/lib/python3.10/site-packages:${PYTHONPATH} /usr/bin/python3 setup.py egg_info --egg-base ../../build/elgooso build --build-base /home/majama/ros2_ws/build/elgooso/build install --record /home/majama/ros2_ws/build/elgooso/install.log --single-version-externally-managed
