[0.487s] Invoking command in '/home/majama/ros2_ws/build/elgooso': PYTHONPATH=/home/majama/ros2_ws/build/elgooso/prefix_override:/home/majama/ros2_ws/install/elgooso/lib/python3.10/site-packages:${PYTHONPATH} /usr/bin/python3 setup.py develop --uninstall --editable --build-directory /home/majama/ros2_ws/build/elgooso/build
[0.665s] running develop
[0.671s] /usr/lib/python3/dist-packages/setuptools/command/easy_install.py:158: EasyInstallDeprecationWarning: easy_install command is deprecated. Use build and pip and other standards-based tools.
[0.671s]   warnings.warn(
[0.673s] /usr/lib/python3/dist-packages/setuptools/command/install.py:34: SetuptoolsDeprecationWarning: setup.py install is deprecated. Use build and pip and other standards-based tools.
[0.674s]   warnings.warn(
[0.713s] /usr/lib/python3/dist-packages/pkg_resources/__init__.py:116: PkgResourcesDeprecationWarning: 1.1build1 is an invalid version and will not be supported in a future release
[0.713s]   warnings.warn(
[0.713s] /usr/lib/python3/dist-packages/pkg_resources/__init__.py:116: PkgResourcesDeprecationWarning: 0.1.43ubuntu1 is an invalid version and will not be supported in a future release
[0.713s]   warnings.warn(
[0.803s] Invoked command in '/home/majama/ros2_ws/build/elgooso' returned '0': PYTHONPATH=/home/majama/ros2_ws/build/elgooso/prefix_override:/home/majama/ros2_ws/install/elgooso/lib/python3.10/site-packages:${PYTHONPATH} /usr/bin/python3 setup.py develop --uninstall --editable --build-directory /home/majama/ros2_ws/build/elgooso/build
[0.804s] Invoking command in '/home/majama/ros2_ws/src/elgooso': PYTHONPATH=/home/majama/ros2_ws/build/elgooso/prefix_override:/home/majama/ros2_ws/install/elgooso/lib/python3.10/site-packages:${PYTHONPATH} /usr/bin/python3 setup.py egg_info --egg-base ../../build/elgooso build --build-base /home/majama/ros2_ws/build/elgooso/build install --record /home/majama/ros2_ws/build/elgooso/install.log --single-version-externally-managed
[0.955s] running egg_info
[0.955s] writing ../../build/elgooso/elgooso.egg-info/PKG-INFO
[0.966s] writing dependency_links to ../../build/elgooso/elgooso.egg-info/dependency_links.txt
[0.966s] writing entry points to ../../build/elgooso/elgooso.egg-info/entry_points.txt
[0.966s] writing requirements to ../../build/elgooso/elgooso.egg-info/requires.txt
[0.966s] writing top-level names to ../../build/elgooso/elgooso.egg-info/top_level.txt
[0.968s] reading manifest file '../../build/elgooso/elgooso.egg-info/SOURCES.txt'
[0.970s] writing manifest file '../../build/elgooso/elgooso.egg-info/SOURCES.txt'
[0.970s] running build
[0.970s] running build_py
[0.971s] copying elgooso/move.py -> /home/majama/ros2_ws/build/elgooso/build/lib/elgooso
[0.971s] copying elgooso/publisher_member_function.py -> /home/majama/ros2_ws/build/elgooso/build/lib/elgooso
[0.972s] running install
[0.972s] /usr/lib/python3/dist-packages/setuptools/command/install.py:34: SetuptoolsDeprecationWarning: setup.py install is deprecated. Use build and pip and other standards-based tools.
[0.972s]   warnings.warn(
[0.972s] running install_lib
[0.974s] copying /home/majama/ros2_ws/build/elgooso/build/lib/elgooso/move.py -> /home/majama/ros2_ws/install/elgooso/lib/python3.10/site-packages/elgooso
[0.975s] copying /home/majama/ros2_ws/build/elgooso/build/lib/elgooso/publisher_member_function.py -> /home/majama/ros2_ws/install/elgooso/lib/python3.10/site-packages/elgooso
[0.975s] byte-compiling /home/majama/ros2_ws/install/elgooso/lib/python3.10/site-packages/elgooso/move.py to move.cpython-310.pyc
[0.976s] byte-compiling /home/majama/ros2_ws/install/elgooso/lib/python3.10/site-packages/elgooso/publisher_member_function.py to publisher_member_function.cpython-310.pyc
[0.976s] running install_data
[0.977s] copying package.xml -> /home/majama/ros2_ws/install/elgooso/share/elgooso
[0.980s] running install_egg_info
[0.981s] removing '/home/majama/ros2_ws/install/elgooso/lib/python3.10/site-packages/elgooso-0.0.0-py3.10.egg-info' (and everything under it)
[0.982s] Copying ../../build/elgooso/elgooso.egg-info to /home/majama/ros2_ws/install/elgooso/lib/python3.10/site-packages/elgooso-0.0.0-py3.10.egg-info
[0.983s] running install_scripts
[0.998s] Installing move script to /home/majama/ros2_ws/install/elgooso/lib/elgooso
[0.998s] Installing state_publisher script to /home/majama/ros2_ws/install/elgooso/lib/elgooso
[0.998s] Installing talker script to /home/majama/ros2_ws/install/elgooso/lib/elgooso
[0.998s] writing list of installed files to '/home/majama/ros2_ws/build/elgooso/install.log'
[1.017s] Invoked command in '/home/majama/ros2_ws/src/elgooso' returned '0': PYTHONPATH=/home/majama/ros2_ws/build/elgooso/prefix_override:/home/majama/ros2_ws/install/elgooso/lib/python3.10/site-packages:${PYTHONPATH} /usr/bin/python3 setup.py egg_info --egg-base ../../build/elgooso build --build-base /home/majama/ros2_ws/build/elgooso/build install --record /home/majama/ros2_ws/build/elgooso/install.log --single-version-externally-managed
