[1.720s] Invoking command in '/home/majama/ros2_ws/build/elgooso': PYTHONPATH=/home/majama/ros2_ws/build/elgooso/prefix_override:/home/majama/ros2_ws/install/elgooso/lib/python3.10/site-packages:${PYTHONPATH} /usr/bin/python3 setup.py develop --uninstall --editable --build-directory /home/majama/ros2_ws/build/elgooso/build
[2.253s] running develop
[2.255s] /usr/lib/python3/dist-packages/setuptools/command/easy_install.py:158: EasyInstallDeprecationWarning: easy_install command is deprecated. Use build and pip and other standards-based tools.
[2.255s]   warnings.warn(
[2.259s] /usr/lib/python3/dist-packages/setuptools/command/install.py:34: SetuptoolsDeprecationWarning: setup.py install is deprecated. Use build and pip and other standards-based tools.
[2.260s]   warnings.warn(
[2.396s] /usr/lib/python3/dist-packages/pkg_resources/__init__.py:116: PkgResourcesDeprecationWarning: 1.1build1 is an invalid version and will not be supported in a future release
[2.396s]   warnings.warn(
[2.397s] /usr/lib/python3/dist-packages/pkg_resources/__init__.py:116: PkgResourcesDeprecationWarning: 0.1.43ubuntu1 is an invalid version and will not be supported in a future release
[2.397s]   warnings.warn(
[2.685s] Invoked command in '/home/majama/ros2_ws/build/elgooso' returned '0': PYTHONPATH=/home/majama/ros2_ws/build/elgooso/prefix_override:/home/majama/ros2_ws/install/elgooso/lib/python3.10/site-packages:${PYTHONPATH} /usr/bin/python3 setup.py develop --uninstall --editable --build-directory /home/majama/ros2_ws/build/elgooso/build
[2.690s] Invoking command in '/home/majama/ros2_ws/src/elgooso': PYTHONPATH=/home/majama/ros2_ws/build/elgooso/prefix_override:/home/majama/ros2_ws/install/elgooso/lib/python3.10/site-packages:${PYTHONPATH} /usr/bin/python3 setup.py egg_info --egg-base ../../build/elgooso build --build-base /home/majama/ros2_ws/build/elgooso/build install --record /home/majama/ros2_ws/build/elgooso/install.log --single-version-externally-managed
[3.108s] running egg_info
[3.110s] writing ../../build/elgooso/elgooso.egg-info/PKG-INFO
[3.111s] writing dependency_links to ../../build/elgooso/elgooso.egg-info/dependency_links.txt
[3.112s] writing entry points to ../../build/elgooso/elgooso.egg-info/entry_points.txt
[3.112s] writing requirements to ../../build/elgooso/elgooso.egg-info/requires.txt
[3.113s] writing top-level names to ../../build/elgooso/elgooso.egg-info/top_level.txt
[3.118s] reading manifest file '../../build/elgooso/elgooso.egg-info/SOURCES.txt'
[3.121s] writing manifest file '../../build/elgooso/elgooso.egg-info/SOURCES.txt'
[3.121s] running build
[3.121s] running build_py
[3.122s] running install
[3.122s] /usr/lib/python3/dist-packages/setuptools/command/install.py:34: SetuptoolsDeprecationWarning: setup.py install is deprecated. Use build and pip and other standards-based tools.
[3.123s]   warnings.warn(
[3.124s] running install_lib
[3.126s] running install_data
[3.127s] copying worlds/elgooso.world -> /home/majama/ros2_ws/install/elgooso/share/elgooso/worlds
[3.128s] running install_egg_info
[3.131s] removing '/home/majama/ros2_ws/install/elgooso/lib/python3.10/site-packages/elgooso-0.0.0-py3.10.egg-info' (and everything under it)
[3.131s] Copying ../../build/elgooso/elgooso.egg-info to /home/majama/ros2_ws/install/elgooso/lib/python3.10/site-packages/elgooso-0.0.0-py3.10.egg-info
[3.134s] running install_scripts
[3.179s] Installing state_publisher script to /home/majama/ros2_ws/install/elgooso/lib/elgooso
[3.179s] writing list of installed files to '/home/majama/ros2_ws/build/elgooso/install.log'
[3.237s] Invoked command in '/home/majama/ros2_ws/src/elgooso' returned '0': PYTHONPATH=/home/majama/ros2_ws/build/elgooso/prefix_override:/home/majama/ros2_ws/install/elgooso/lib/python3.10/site-packages:${PYTHONPATH} /usr/bin/python3 setup.py egg_info --egg-base ../../build/elgooso build --build-base /home/majama/ros2_ws/build/elgooso/build install --record /home/majama/ros2_ws/build/elgooso/install.log --single-version-externally-managed
