running egg_info
creating ../../build/elgooso/elgooso.egg-info
writing ../../build/elgooso/elgooso.egg-info/PKG-INFO
writing dependency_links to ../../build/elgooso/elgooso.egg-info/dependency_links.txt
writing entry points to ../../build/elgooso/elgooso.egg-info/entry_points.txt
writing requirements to ../../build/elgooso/elgooso.egg-info/requires.txt
writing top-level names to ../../build/elgooso/elgooso.egg-info/top_level.txt
writing manifest file '../../build/elgooso/elgooso.egg-info/SOURCES.txt'
reading manifest file '../../build/elgooso/elgooso.egg-info/SOURCES.txt'
writing manifest file '../../build/elgooso/elgooso.egg-info/SOURCES.txt'
running build
running build_py
creating /home/majama/ros2_ws/build/elgooso/build
creating /home/majama/ros2_ws/build/elgooso/build/lib
creating /home/majama/ros2_ws/build/elgooso/build/lib/elgooso
copying elgooso/__init__.py -> /home/majama/ros2_ws/build/elgooso/build/lib/elgooso
running install
/usr/lib/python3/dist-packages/setuptools/command/install.py:34: SetuptoolsDeprecationWarning: setup.py install is deprecated. Use build and pip and other standards-based tools.
  warnings.warn(
running install_lib
creating /home/majama/ros2_ws/install/elgooso/lib/python3.10/site-packages/elgooso
copying /home/majama/ros2_ws/build/elgooso/build/lib/elgooso/__init__.py -> /home/majama/ros2_ws/install/elgooso/lib/python3.10/site-packages/elgooso
byte-compiling /home/majama/ros2_ws/install/elgooso/lib/python3.10/site-packages/elgooso/__init__.py to __init__.cpython-310.pyc
running install_data
creating /home/majama/ros2_ws/install/elgooso/share/ament_index
creating /home/majama/ros2_ws/install/elgooso/share/ament_index/resource_index
creating /home/majama/ros2_ws/install/elgooso/share/ament_index/resource_index/packages
copying resource/elgooso -> /home/majama/ros2_ws/install/elgooso/share/ament_index/resource_index/packages
copying package.xml -> /home/majama/ros2_ws/install/elgooso/share/elgooso
running install_egg_info
Copying ../../build/elgooso/elgooso.egg-info to /home/majama/ros2_ws/install/elgooso/lib/python3.10/site-packages/elgooso-0.0.0-py3.10.egg-info
running install_scripts
writing list of installed files to '/home/majama/ros2_ws/build/elgooso/install.log'
