[0.474s] Invoking command in '/home/majama/ros2_ws/src/elgooso': PYTHONPATH=/home/majama/ros2_ws/build/elgooso/prefix_override:/home/majama/ros2_ws/install/elgooso/lib/python3.10/site-packages:${PYTHONPATH} /usr/bin/python3 setup.py egg_info --egg-base ../../build/elgooso build --build-base /home/majama/ros2_ws/build/elgooso/build install --record /home/majama/ros2_ws/build/elgooso/install.log --single-version-externally-managed
[0.624s] running egg_info
[0.624s] creating ../../build/elgooso/elgooso.egg-info
[0.624s] writing ../../build/elgooso/elgooso.egg-info/PKG-INFO
[0.624s] writing dependency_links to ../../build/elgooso/elgooso.egg-info/dependency_links.txt
[0.624s] writing entry points to ../../build/elgooso/elgooso.egg-info/entry_points.txt
[0.624s] writing requirements to ../../build/elgooso/elgooso.egg-info/requires.txt
[0.624s] writing top-level names to ../../build/elgooso/elgooso.egg-info/top_level.txt
[0.624s] writing manifest file '../../build/elgooso/elgooso.egg-info/SOURCES.txt'
[0.626s] reading manifest file '../../build/elgooso/elgooso.egg-info/SOURCES.txt'
[0.627s] writing manifest file '../../build/elgooso/elgooso.egg-info/SOURCES.txt'
[0.627s] running build
[0.627s] running build_py
[0.627s] creating /home/majama/ros2_ws/build/elgooso/build
[0.627s] creating /home/majama/ros2_ws/build/elgooso/build/lib
[0.627s] creating /home/majama/ros2_ws/build/elgooso/build/lib/elgooso
[0.627s] copying elgooso/__init__.py -> /home/majama/ros2_ws/build/elgooso/build/lib/elgooso
[0.627s] running install
[0.638s] /usr/lib/python3/dist-packages/setuptools/command/install.py:34: SetuptoolsDeprecationWarning: setup.py install is deprecated. Use build and pip and other standards-based tools.
[0.638s]   warnings.warn(
[0.638s] running install_lib
[0.639s] creating /home/majama/ros2_ws/install/elgooso/lib/python3.10/site-packages/elgooso
[0.639s] copying /home/majama/ros2_ws/build/elgooso/build/lib/elgooso/__init__.py -> /home/majama/ros2_ws/install/elgooso/lib/python3.10/site-packages/elgooso
[0.639s] byte-compiling /home/majama/ros2_ws/install/elgooso/lib/python3.10/site-packages/elgooso/__init__.py to __init__.cpython-310.pyc
[0.640s] running install_data
[0.640s] creating /home/majama/ros2_ws/install/elgooso/share/ament_index
[0.640s] creating /home/majama/ros2_ws/install/elgooso/share/ament_index/resource_index
[0.640s] creating /home/majama/ros2_ws/install/elgooso/share/ament_index/resource_index/packages
[0.643s] copying resource/elgooso -> /home/majama/ros2_ws/install/elgooso/share/ament_index/resource_index/packages
[0.643s] copying package.xml -> /home/majama/ros2_ws/install/elgooso/share/elgooso
[0.643s] running install_egg_info
[0.644s] Copying ../../build/elgooso/elgooso.egg-info to /home/majama/ros2_ws/install/elgooso/lib/python3.10/site-packages/elgooso-0.0.0-py3.10.egg-info
[0.644s] running install_scripts
[0.659s] writing list of installed files to '/home/majama/ros2_ws/build/elgooso/install.log'
[0.680s] Invoked command in '/home/majama/ros2_ws/src/elgooso' returned '0': PYTHONPATH=/home/majama/ros2_ws/build/elgooso/prefix_override:/home/majama/ros2_ws/install/elgooso/lib/python3.10/site-packages:${PYTHONPATH} /usr/bin/python3 setup.py egg_info --egg-base ../../build/elgooso build --build-base /home/majama/ros2_ws/build/elgooso/build install --record /home/majama/ros2_ws/build/elgooso/install.log --single-version-externally-managed
