[0.427s] Invoking command in '/home/majama/ros2_ws/src/elgooso': PYTHONPATH=/home/majama/ros2_ws/build/elgooso/prefix_override:/home/majama/ros2_ws/install/elgooso/lib/python3.10/site-packages:${PYTHONPATH} /usr/bin/python3 setup.py egg_info --egg-base ../../build/elgooso build --build-base /home/majama/ros2_ws/build/elgooso/build install --record /home/majama/ros2_ws/build/elgooso/install.log --single-version-externally-managed
[0.577s] running egg_info
[0.578s] writing ../../build/elgooso/elgooso.egg-info/PKG-INFO
[0.578s] writing dependency_links to ../../build/elgooso/elgooso.egg-info/dependency_links.txt
[0.578s] writing entry points to ../../build/elgooso/elgooso.egg-info/entry_points.txt
[0.578s] writing requirements to ../../build/elgooso/elgooso.egg-info/requires.txt
[0.578s] writing top-level names to ../../build/elgooso/elgooso.egg-info/top_level.txt
[0.585s] reading manifest file '../../build/elgooso/elgooso.egg-info/SOURCES.txt'
[0.586s] writing manifest file '../../build/elgooso/elgooso.egg-info/SOURCES.txt'
[0.586s] running build
[0.586s] running build_py
[0.586s] running install
[0.587s] /usr/lib/python3/dist-packages/setuptools/command/install.py:34: SetuptoolsDeprecationWarning: setup.py install is deprecated. Use build and pip and other standards-based tools.
[0.587s]   warnings.warn(
[0.587s] running install_lib
[0.588s] running install_data
[0.589s] running install_egg_info
[0.590s] removing '/home/majama/ros2_ws/install/elgooso/lib/python3.10/site-packages/elgooso-0.0.0-py3.10.egg-info' (and everything under it)
[0.590s] Copying ../../build/elgooso/elgooso.egg-info to /home/majama/ros2_ws/install/elgooso/lib/python3.10/site-packages/elgooso-0.0.0-py3.10.egg-info
[0.591s] running install_scripts
[0.605s] writing list of installed files to '/home/majama/ros2_ws/build/elgooso/install.log'
[0.625s] Invoked command in '/home/majama/ros2_ws/src/elgooso' returned '0': PYTHONPATH=/home/majama/ros2_ws/build/elgooso/prefix_override:/home/majama/ros2_ws/install/elgooso/lib/python3.10/site-packages:${PYTHONPATH} /usr/bin/python3 setup.py egg_info --egg-base ../../build/elgooso build --build-base /home/majama/ros2_ws/build/elgooso/build install --record /home/majama/ros2_ws/build/elgooso/install.log --single-version-externally-managed
