[0.888s] Invoking command in '/home/majama/ros2_ws/build/elgooso': PYTHONPATH=/home/majama/ros2_ws/build/elgooso/prefix_override:/home/majama/ros2_ws/install/elgooso/lib/python3.10/site-packages:${PYTHONPATH} /usr/bin/python3 setup.py develop --uninstall --editable --build-directory /home/majama/ros2_ws/build/elgooso/build
[1.176s] running develop
[1.178s] /usr/lib/python3/dist-packages/setuptools/command/easy_install.py:158: EasyInstallDeprecationWarning: easy_install command is deprecated. Use build and pip and other standards-based tools.
[1.178s]   warnings.warn(
[1.181s] /usr/lib/python3/dist-packages/setuptools/command/install.py:34: SetuptoolsDeprecationWarning: setup.py install is deprecated. Use build and pip and other standards-based tools.
[1.181s]   warnings.warn(
[1.241s] /usr/lib/python3/dist-packages/pkg_resources/__init__.py:116: PkgResourcesDeprecationWarning: 1.1build1 is an invalid version and will not be supported in a future release
[1.241s]   warnings.warn(
[1.241s] /usr/lib/python3/dist-packages/pkg_resources/__init__.py:116: PkgResourcesDeprecationWarning: 0.1.43ubuntu1 is an invalid version and will not be supported in a future release
[1.242s]   warnings.warn(
[1.391s] Invoked command in '/home/majama/ros2_ws/build/elgooso' returned '0': PYTHONPATH=/home/majama/ros2_ws/build/elgooso/prefix_override:/home/majama/ros2_ws/install/elgooso/lib/python3.10/site-packages:${PYTHONPATH} /usr/bin/python3 setup.py develop --uninstall --editable --build-directory /home/majama/ros2_ws/build/elgooso/build
[1.392s] Invoking command in '/home/majama/ros2_ws/src/elgooso': PYTHONPATH=/home/majama/ros2_ws/build/elgooso/prefix_override:/home/majama/ros2_ws/install/elgooso/lib/python3.10/site-packages:${PYTHONPATH} /usr/bin/python3 setup.py egg_info --egg-base ../../build/elgooso build --build-base /home/majama/ros2_ws/build/elgooso/build install --record /home/majama/ros2_ws/build/elgooso/install.log --single-version-externally-managed
[1.652s] running egg_info
[1.652s] writing ../../build/elgooso/elgooso.egg-info/PKG-INFO
[1.653s] writing dependency_links to ../../build/elgooso/elgooso.egg-info/dependency_links.txt
[1.653s] writing entry points to ../../build/elgooso/elgooso.egg-info/entry_points.txt
[1.654s] writing requirements to ../../build/elgooso/elgooso.egg-info/requires.txt
[1.655s] writing top-level names to ../../build/elgooso/elgooso.egg-info/top_level.txt
[1.663s] reading manifest file '../../build/elgooso/elgooso.egg-info/SOURCES.txt'
[1.664s] writing manifest file '../../build/elgooso/elgooso.egg-info/SOURCES.txt'
[1.664s] running build
[1.664s] running build_py
[1.666s] copying elgooso/Qlearn.py -> /home/majama/ros2_ws/build/elgooso/build/lib/elgooso
[1.668s] running install
[1.668s] /usr/lib/python3/dist-packages/setuptools/command/install.py:34: SetuptoolsDeprecationWarning: setup.py install is deprecated. Use build and pip and other standards-based tools.
[1.668s]   warnings.warn(
[1.669s] running install_lib
[1.670s] copying /home/majama/ros2_ws/build/elgooso/build/lib/elgooso/Qlearn.py -> /home/majama/ros2_ws/install/elgooso/lib/python3.10/site-packages/elgooso
[1.671s] byte-compiling /home/majama/ros2_ws/install/elgooso/lib/python3.10/site-packages/elgooso/Qlearn.py to Qlearn.cpython-310.pyc
[1.673s] running install_data
[1.679s] running install_egg_info
[1.681s] removing '/home/majama/ros2_ws/install/elgooso/lib/python3.10/site-packages/elgooso-0.0.0-py3.10.egg-info' (and everything under it)
[1.682s] Copying ../../build/elgooso/elgooso.egg-info to /home/majama/ros2_ws/install/elgooso/lib/python3.10/site-packages/elgooso-0.0.0-py3.10.egg-info
[1.684s] running install_scripts
[1.709s] Installing Qlearn script to /home/majama/ros2_ws/install/elgooso/lib/elgooso
[1.710s] Installing move script to /home/majama/ros2_ws/install/elgooso/lib/elgooso
[1.711s] Installing spawn_entity script to /home/majama/ros2_ws/install/elgooso/lib/elgooso
[1.711s] Installing state_publisher script to /home/majama/ros2_ws/install/elgooso/lib/elgooso
[1.711s] Installing talker script to /home/majama/ros2_ws/install/elgooso/lib/elgooso
[1.712s] writing list of installed files to '/home/majama/ros2_ws/build/elgooso/install.log'
[1.751s] Invoked command in '/home/majama/ros2_ws/src/elgooso' returned '0': PYTHONPATH=/home/majama/ros2_ws/build/elgooso/prefix_override:/home/majama/ros2_ws/install/elgooso/lib/python3.10/site-packages:${PYTHONPATH} /usr/bin/python3 setup.py egg_info --egg-base ../../build/elgooso build --build-base /home/majama/ros2_ws/build/elgooso/build install --record /home/majama/ros2_ws/build/elgooso/install.log --single-version-externally-managed
