[0.520s] Invoking command in '/home/majama/ros2_ws/build/elgooso': PYTHONPATH=/home/majama/ros2_ws/build/elgooso/prefix_override:/home/majama/ros2_ws/install/elgooso/lib/python3.10/site-packages:${PYTHONPATH} /usr/bin/python3 setup.py develop --uninstall --editable --build-directory /home/majama/ros2_ws/build/elgooso/build
[0.703s] running develop
[0.705s] /usr/lib/python3/dist-packages/setuptools/command/easy_install.py:158: EasyInstallDeprecationWarning: easy_install command is deprecated. Use build and pip and other standards-based tools.
[0.705s]   warnings.warn(
[0.707s] /usr/lib/python3/dist-packages/setuptools/command/install.py:34: SetuptoolsDeprecationWarning: setup.py install is deprecated. Use build and pip and other standards-based tools.
[0.707s]   warnings.warn(
[0.746s] /usr/lib/python3/dist-packages/pkg_resources/__init__.py:116: PkgResourcesDeprecationWarning: 1.1build1 is an invalid version and will not be supported in a future release
[0.746s]   warnings.warn(
[0.747s] /usr/lib/python3/dist-packages/pkg_resources/__init__.py:116: PkgResourcesDeprecationWarning: 0.1.43ubuntu1 is an invalid version and will not be supported in a future release
[0.747s]   warnings.warn(
[0.837s] Invoked command in '/home/majama/ros2_ws/build/elgooso' returned '0': PYTHONPATH=/home/majama/ros2_ws/build/elgooso/prefix_override:/home/majama/ros2_ws/install/elgooso/lib/python3.10/site-packages:${PYTHONPATH} /usr/bin/python3 setup.py develop --uninstall --editable --build-directory /home/majama/ros2_ws/build/elgooso/build
[0.838s] Invoking command in '/home/majama/ros2_ws/src/elgooso': PYTHONPATH=/home/majama/ros2_ws/build/elgooso/prefix_override:/home/majama/ros2_ws/install/elgooso/lib/python3.10/site-packages:${PYTHONPATH} /usr/bin/python3 setup.py egg_info --egg-base ../../build/elgooso build --build-base /home/majama/ros2_ws/build/elgooso/build install --record /home/majama/ros2_ws/build/elgooso/install.log --single-version-externally-managed
[0.996s] running egg_info
[0.997s] writing ../../build/elgooso/elgooso.egg-info/PKG-INFO
[0.997s] writing dependency_links to ../../build/elgooso/elgooso.egg-info/dependency_links.txt
[0.997s] writing entry points to ../../build/elgooso/elgooso.egg-info/entry_points.txt
[0.997s] writing requirements to ../../build/elgooso/elgooso.egg-info/requires.txt
[0.997s] writing top-level names to ../../build/elgooso/elgooso.egg-info/top_level.txt
[0.998s] reading manifest file '../../build/elgooso/elgooso.egg-info/SOURCES.txt'
[1.010s] writing manifest file '../../build/elgooso/elgooso.egg-info/SOURCES.txt'
[1.010s] running build
[1.011s] running build_py
[1.011s] copying elgooso/Qlearn.py -> /home/majama/ros2_ws/build/elgooso/build/lib/elgooso
[1.011s] running install
[1.011s] /usr/lib/python3/dist-packages/setuptools/command/install.py:34: SetuptoolsDeprecationWarning: setup.py install is deprecated. Use build and pip and other standards-based tools.
[1.011s]   warnings.warn(
[1.011s] running install_lib
[1.012s] copying /home/majama/ros2_ws/build/elgooso/build/lib/elgooso/Qlearn.py -> /home/majama/ros2_ws/install/elgooso/lib/python3.10/site-packages/elgooso
[1.012s] byte-compiling /home/majama/ros2_ws/install/elgooso/lib/python3.10/site-packages/elgooso/Qlearn.py to Qlearn.cpython-310.pyc
[1.014s] running install_data
[1.014s] running install_egg_info
[1.015s] removing '/home/majama/ros2_ws/install/elgooso/lib/python3.10/site-packages/elgooso-0.0.0-py3.10.egg-info' (and everything under it)
[1.015s] Copying ../../build/elgooso/elgooso.egg-info to /home/majama/ros2_ws/install/elgooso/lib/python3.10/site-packages/elgooso-0.0.0-py3.10.egg-info
[1.017s] running install_scripts
[1.032s] Installing Qlearn script to /home/majama/ros2_ws/install/elgooso/lib/elgooso
[1.032s] Installing move script to /home/majama/ros2_ws/install/elgooso/lib/elgooso
[1.033s] Installing spawn_entity script to /home/majama/ros2_ws/install/elgooso/lib/elgooso
[1.033s] Installing state_publisher script to /home/majama/ros2_ws/install/elgooso/lib/elgooso
[1.033s] Installing talker script to /home/majama/ros2_ws/install/elgooso/lib/elgooso
[1.033s] writing list of installed files to '/home/majama/ros2_ws/build/elgooso/install.log'
[1.057s] Invoked command in '/home/majama/ros2_ws/src/elgooso' returned '0': PYTHONPATH=/home/majama/ros2_ws/build/elgooso/prefix_override:/home/majama/ros2_ws/install/elgooso/lib/python3.10/site-packages:${PYTHONPATH} /usr/bin/python3 setup.py egg_info --egg-base ../../build/elgooso build --build-base /home/majama/ros2_ws/build/elgooso/build install --record /home/majama/ros2_ws/build/elgooso/install.log --single-version-externally-managed
