[1.166s] Invoking command in '/home/majama/ros2_ws/build/elgooso': PYTHONPATH=/home/majama/ros2_ws/build/elgooso/prefix_override:/home/majama/ros2_ws/install/elgooso/lib/python3.10/site-packages:${PYTHONPATH} /usr/bin/python3 setup.py develop --editable --build-directory /home/majama/ros2_ws/build/elgooso/build --no-deps install_data
[1.588s] running develop
[1.588s] /usr/lib/python3/dist-packages/setuptools/command/easy_install.py:158: EasyInstallDeprecationWarning: easy_install command is deprecated. Use build and pip and other standards-based tools.
[1.588s]   warnings.warn(
[1.590s] /usr/lib/python3/dist-packages/setuptools/command/install.py:34: SetuptoolsDeprecationWarning: setup.py install is deprecated. Use build and pip and other standards-based tools.
[1.590s]   warnings.warn(
[1.679s] /usr/lib/python3/dist-packages/pkg_resources/__init__.py:116: PkgResourcesDeprecationWarning: 1.1build1 is an invalid version and will not be supported in a future release
[1.679s]   warnings.warn(
[1.679s] /usr/lib/python3/dist-packages/pkg_resources/__init__.py:116: PkgResourcesDeprecationWarning: 0.1.43ubuntu1 is an invalid version and will not be supported in a future release
[1.679s]   warnings.warn(
[1.818s] running egg_info
[1.818s] writing elgooso.egg-info/PKG-INFO
[1.818s] writing dependency_links to elgooso.egg-info/dependency_links.txt
[1.819s] writing entry points to elgooso.egg-info/entry_points.txt
[1.819s] writing requirements to elgooso.egg-info/requires.txt
[1.819s] writing top-level names to elgooso.egg-info/top_level.txt
[1.822s] reading manifest file 'elgooso.egg-info/SOURCES.txt'
[1.833s] writing manifest file 'elgooso.egg-info/SOURCES.txt'
[1.835s] running build_ext
[1.835s] Creating /home/majama/ros2_ws/install/elgooso/lib/python3.10/site-packages/elgooso.egg-link (link to .)
[1.837s] 
[1.837s] Installed /home/majama/ros2_ws/build/elgooso
[1.837s] running install_data
[1.838s] copying urdf/elgooso.urdf -> /home/majama/ros2_ws/install/elgooso/share/elgooso/urdf
[1.920s] Invoked command in '/home/majama/ros2_ws/build/elgooso' returned '0': PYTHONPATH=/home/majama/ros2_ws/build/elgooso/prefix_override:/home/majama/ros2_ws/install/elgooso/lib/python3.10/site-packages:${PYTHONPATH} /usr/bin/python3 setup.py develop --editable --build-directory /home/majama/ros2_ws/build/elgooso/build --no-deps install_data
