[1.417s] Invoking command in '/home/majama/ros2_ws/build/elgooso': PYTHONPATH=/home/majama/ros2_ws/build/elgooso/prefix_override:/home/majama/ros2_ws/install/elgooso/lib/python3.10/site-packages:${PYTHONPATH} /usr/bin/python3 setup.py develop --uninstall --editable --build-directory /home/majama/ros2_ws/build/elgooso/build
[1.913s] running develop
[1.916s] /usr/lib/python3/dist-packages/setuptools/command/easy_install.py:158: EasyInstallDeprecationWarning: easy_install command is deprecated. Use build and pip and other standards-based tools.
[1.916s]   warnings.warn(
[1.920s] /usr/lib/python3/dist-packages/setuptools/command/install.py:34: SetuptoolsDeprecationWarning: setup.py install is deprecated. Use build and pip and other standards-based tools.
[1.921s]   warnings.warn(
[2.003s] /usr/lib/python3/dist-packages/pkg_resources/__init__.py:116: PkgResourcesDeprecationWarning: 1.1build1 is an invalid version and will not be supported in a future release
[2.003s]   warnings.warn(
[2.004s] /usr/lib/python3/dist-packages/pkg_resources/__init__.py:116: PkgResourcesDeprecationWarning: 0.1.43ubuntu1 is an invalid version and will not be supported in a future release
[2.004s]   warnings.warn(
[2.202s] Invoked command in '/home/majama/ros2_ws/build/elgooso' returned '0': PYTHONPATH=/home/majama/ros2_ws/build/elgooso/prefix_override:/home/majama/ros2_ws/install/elgooso/lib/python3.10/site-packages:${PYTHONPATH} /usr/bin/python3 setup.py develop --uninstall --editable --build-directory /home/majama/ros2_ws/build/elgooso/build
[2.203s] Invoking command in '/home/majama/ros2_ws/src/elgooso': PYTHONPATH=/home/majama/ros2_ws/build/elgooso/prefix_override:/home/majama/ros2_ws/install/elgooso/lib/python3.10/site-packages:${PYTHONPATH} /usr/bin/python3 setup.py egg_info --egg-base ../../build/elgooso build --build-base /home/majama/ros2_ws/build/elgooso/build install --record /home/majama/ros2_ws/build/elgooso/install.log --single-version-externally-managed
[2.513s] running egg_info
[2.513s] writing ../../build/elgooso/elgooso.egg-info/PKG-INFO
[2.524s] writing dependency_links to ../../build/elgooso/elgooso.egg-info/dependency_links.txt
[2.525s] writing entry points to ../../build/elgooso/elgooso.egg-info/entry_points.txt
[2.525s] writing requirements to ../../build/elgooso/elgooso.egg-info/requires.txt
[2.525s] writing top-level names to ../../build/elgooso/elgooso.egg-info/top_level.txt
[2.537s] reading manifest file '../../build/elgooso/elgooso.egg-info/SOURCES.txt'
[2.538s] writing manifest file '../../build/elgooso/elgooso.egg-info/SOURCES.txt'
[2.538s] running build
[2.539s] running build_py
[2.540s] copying elgooso/Qlearn.py -> /home/majama/ros2_ws/build/elgooso/build/lib/elgooso
[2.541s] /usr/lib/python3/dist-packages/setuptools/command/install.py:34: SetuptoolsDeprecationWarning: setup.py install is deprecated. Use build and pip and other standards-based tools.
[2.541s]   warnings.warn(
[2.541s] running install
[2.541s] running install_lib
[2.542s] copying /home/majama/ros2_ws/build/elgooso/build/lib/elgooso/Qlearn.py -> /home/majama/ros2_ws/install/elgooso/lib/python3.10/site-packages/elgooso
[2.544s] byte-compiling /home/majama/ros2_ws/install/elgooso/lib/python3.10/site-packages/elgooso/Qlearn.py to Qlearn.cpython-310.pyc
[2.546s] running install_data
[2.552s] running install_egg_info
[2.554s] removing '/home/majama/ros2_ws/install/elgooso/lib/python3.10/site-packages/elgooso-0.0.0-py3.10.egg-info' (and everything under it)
[2.554s] Copying ../../build/elgooso/elgooso.egg-info to /home/majama/ros2_ws/install/elgooso/lib/python3.10/site-packages/elgooso-0.0.0-py3.10.egg-info
[2.556s] running install_scripts
[2.583s] Installing Qlearn script to /home/majama/ros2_ws/install/elgooso/lib/elgooso
[2.583s] Installing move script to /home/majama/ros2_ws/install/elgooso/lib/elgooso
[2.584s] Installing spawn_entity script to /home/majama/ros2_ws/install/elgooso/lib/elgooso
[2.584s] Installing state_publisher script to /home/majama/ros2_ws/install/elgooso/lib/elgooso
[2.584s] Installing talker script to /home/majama/ros2_ws/install/elgooso/lib/elgooso
[2.585s] writing list of installed files to '/home/majama/ros2_ws/build/elgooso/install.log'
[2.613s] Invoked command in '/home/majama/ros2_ws/src/elgooso' returned '0': PYTHONPATH=/home/majama/ros2_ws/build/elgooso/prefix_override:/home/majama/ros2_ws/install/elgooso/lib/python3.10/site-packages:${PYTHONPATH} /usr/bin/python3 setup.py egg_info --egg-base ../../build/elgooso build --build-base /home/majama/ros2_ws/build/elgooso/build install --record /home/majama/ros2_ws/build/elgooso/install.log --single-version-externally-managed
