[1.394s] DEBUG:colcon:Command line arguments: ['/usr/bin/colcon', 'build']
[1.394s] DEBUG:colcon:Parsed command line arguments: Namespace(log_base=None, log_level=None, verb_name='build', build_base='build', install_base='install', merge_install=False, symlink_install=False, test_result_base=None, continue_on_error=False, executor='parallel', parallel_workers=4, event_handlers=None, ignore_user_meta=False, metas=['./colcon.meta'], base_paths=['.'], packages_ignore=None, packages_ignore_regex=None, paths=None, packages_up_to=None, packages_up_to_regex=None, packages_above=None, packages_above_and_dependencies=None, packages_above_depth=None, packages_select_by_dep=None, packages_skip_by_dep=None, packages_skip_up_to=None, packages_select_build_failed=False, packages_skip_build_finished=False, packages_select_test_failures=False, packages_skip_test_passed=False, packages_select=None, packages_skip=None, packages_select_regex=None, packages_skip_regex=None, packages_start=None, packages_end=None, allow_overriding=[], cmake_args=None, cmake_target=None, cmake_target_skip_unavailable=False, cmake_clean_cache=False, cmake_clean_first=False, cmake_force_configure=False, ament_cmake_args=None, catkin_cmake_args=None, catkin_skip_building_tests=False, verb_parser=<colcon_defaults.argument_parser.defaults.DefaultArgumentsDecorator object at 0x7f47528672e0>, verb_extension=<colcon_core.verb.build.BuildVerb object at 0x7f47531c5cc0>, main=<bound method BuildVerb.main of <colcon_core.verb.build.BuildVerb object at 0x7f47531c5cc0>>)
[1.512s] Level 1:colcon.colcon_core.package_discovery:discover_packages(colcon_meta) check parameters
[1.512s] Level 1:colcon.colcon_core.package_discovery:discover_packages(recursive) check parameters
[1.512s] Level 1:colcon.colcon_core.package_discovery:discover_packages(ignore) check parameters
[1.512s] Level 1:colcon.colcon_core.package_discovery:discover_packages(path) check parameters
[1.512s] Level 1:colcon.colcon_core.package_discovery:discover_packages(colcon_meta) discover
[1.513s] Level 1:colcon.colcon_core.package_discovery:discover_packages(recursive) discover
[1.513s] INFO:colcon.colcon_core.package_discovery:Crawling recursively for packages in '/home/majama/ros2_ws'
[1.513s] Level 1:colcon.colcon_core.package_identification:_identify(.) by extensions ['ignore', 'ignore_ament_install']
[1.513s] Level 1:colcon.colcon_core.package_identification:_identify(.) by extension 'ignore'
[1.514s] Level 1:colcon.colcon_core.package_identification:_identify(.) by extension 'ignore_ament_install'
[1.514s] Level 1:colcon.colcon_core.package_identification:_identify(.) by extensions ['colcon_pkg']
[1.514s] Level 1:colcon.colcon_core.package_identification:_identify(.) by extension 'colcon_pkg'
[1.514s] Level 1:colcon.colcon_core.package_identification:_identify(.) by extensions ['colcon_meta']
[1.514s] Level 1:colcon.colcon_core.package_identification:_identify(.) by extension 'colcon_meta'
[1.514s] Level 1:colcon.colcon_core.package_identification:_identify(.) by extensions ['ros']
[1.514s] Level 1:colcon.colcon_core.package_identification:_identify(.) by extension 'ros'
[1.576s] Level 1:colcon.colcon_core.package_identification:_identify(.) by extensions ['cmake', 'python']
[1.576s] Level 1:colcon.colcon_core.package_identification:_identify(.) by extension 'cmake'
[1.577s] Level 1:colcon.colcon_core.package_identification:_identify(.) by extension 'python'
[1.577s] Level 1:colcon.colcon_core.package_identification:_identify(.) by extensions ['python_setup_py']
[1.577s] Level 1:colcon.colcon_core.package_identification:_identify(.) by extension 'python_setup_py'
[1.577s] Level 1:colcon.colcon_core.package_identification:_identify(build) by extensions ['ignore', 'ignore_ament_install']
[1.577s] Level 1:colcon.colcon_core.package_identification:_identify(build) by extension 'ignore'
[1.578s] Level 1:colcon.colcon_core.package_identification:_identify(build) ignored
[1.578s] Level 1:colcon.colcon_core.package_identification:_identify(install) by extensions ['ignore', 'ignore_ament_install']
[1.578s] Level 1:colcon.colcon_core.package_identification:_identify(install) by extension 'ignore'
[1.578s] Level 1:colcon.colcon_core.package_identification:_identify(install) ignored
[1.580s] Level 1:colcon.colcon_core.package_identification:_identify(log) by extensions ['ignore', 'ignore_ament_install']
[1.581s] Level 1:colcon.colcon_core.package_identification:_identify(log) by extension 'ignore'
[1.581s] Level 1:colcon.colcon_core.package_identification:_identify(log) ignored
[1.582s] Level 1:colcon.colcon_core.package_identification:_identify(src) by extensions ['ignore', 'ignore_ament_install']
[1.583s] Level 1:colcon.colcon_core.package_identification:_identify(src) by extension 'ignore'
[1.583s] Level 1:colcon.colcon_core.package_identification:_identify(src) by extension 'ignore_ament_install'
[1.583s] Level 1:colcon.colcon_core.package_identification:_identify(src) by extensions ['colcon_pkg']
[1.583s] Level 1:colcon.colcon_core.package_identification:_identify(src) by extension 'colcon_pkg'
[1.584s] Level 1:colcon.colcon_core.package_identification:_identify(src) by extensions ['colcon_meta']
[1.584s] Level 1:colcon.colcon_core.package_identification:_identify(src) by extension 'colcon_meta'
[1.584s] Level 1:colcon.colcon_core.package_identification:_identify(src) by extensions ['ros']
[1.584s] Level 1:colcon.colcon_core.package_identification:_identify(src) by extension 'ros'
[1.584s] Level 1:colcon.colcon_core.package_identification:_identify(src) by extensions ['cmake', 'python']
[1.585s] Level 1:colcon.colcon_core.package_identification:_identify(src) by extension 'cmake'
[1.585s] Level 1:colcon.colcon_core.package_identification:_identify(src) by extension 'python'
[1.585s] Level 1:colcon.colcon_core.package_identification:_identify(src) by extensions ['python_setup_py']
[1.585s] Level 1:colcon.colcon_core.package_identification:_identify(src) by extension 'python_setup_py'
[1.586s] Level 1:colcon.colcon_core.package_identification:_identify(src/elgooso) by extensions ['ignore', 'ignore_ament_install']
[1.586s] Level 1:colcon.colcon_core.package_identification:_identify(src/elgooso) by extension 'ignore'
[1.586s] Level 1:colcon.colcon_core.package_identification:_identify(src/elgooso) by extension 'ignore_ament_install'
[1.586s] Level 1:colcon.colcon_core.package_identification:_identify(src/elgooso) by extensions ['colcon_pkg']
[1.587s] Level 1:colcon.colcon_core.package_identification:_identify(src/elgooso) by extension 'colcon_pkg'
[1.587s] Level 1:colcon.colcon_core.package_identification:_identify(src/elgooso) by extensions ['colcon_meta']
[1.587s] Level 1:colcon.colcon_core.package_identification:_identify(src/elgooso) by extension 'colcon_meta'
[1.587s] Level 1:colcon.colcon_core.package_identification:_identify(src/elgooso) by extensions ['ros']
[1.587s] Level 1:colcon.colcon_core.package_identification:_identify(src/elgooso) by extension 'ros'
[1.597s] DEBUG:colcon.colcon_core.package_identification:Package 'src/elgooso' with type 'ros.ament_python' and name 'elgooso'
[1.597s] Level 1:colcon.colcon_core.package_discovery:discover_packages(recursive) using defaults
[1.598s] Level 1:colcon.colcon_core.package_discovery:discover_packages(ignore) discover
[1.598s] Level 1:colcon.colcon_core.package_discovery:discover_packages(ignore) using defaults
[1.598s] Level 1:colcon.colcon_core.package_discovery:discover_packages(path) discover
[1.598s] Level 1:colcon.colcon_core.package_discovery:discover_packages(path) using defaults
[1.682s] Level 1:colcon.colcon_core.package_discovery:discover_packages(prefix_path) check parameters
[1.683s] Level 1:colcon.colcon_core.package_discovery:discover_packages(prefix_path) discover
[1.699s] DEBUG:colcon.colcon_installed_package_information.package_discovery:Found 335 installed packages in /opt/ros/humble
[1.706s] Level 1:colcon.colcon_core.package_discovery:discover_packages(prefix_path) using defaults
[1.979s] Level 5:colcon.colcon_core.verb:set package 'elgooso' build argument 'cmake_args' from command line to 'None'
[1.979s] Level 5:colcon.colcon_core.verb:set package 'elgooso' build argument 'cmake_target' from command line to 'None'
[1.979s] Level 5:colcon.colcon_core.verb:set package 'elgooso' build argument 'cmake_target_skip_unavailable' from command line to 'False'
[1.979s] Level 5:colcon.colcon_core.verb:set package 'elgooso' build argument 'cmake_clean_cache' from command line to 'False'
[1.979s] Level 5:colcon.colcon_core.verb:set package 'elgooso' build argument 'cmake_clean_first' from command line to 'False'
[1.979s] Level 5:colcon.colcon_core.verb:set package 'elgooso' build argument 'cmake_force_configure' from command line to 'False'
[1.979s] Level 5:colcon.colcon_core.verb:set package 'elgooso' build argument 'ament_cmake_args' from command line to 'None'
[1.979s] Level 5:colcon.colcon_core.verb:set package 'elgooso' build argument 'catkin_cmake_args' from command line to 'None'
[1.979s] Level 5:colcon.colcon_core.verb:set package 'elgooso' build argument 'catkin_skip_building_tests' from command line to 'False'
[1.979s] DEBUG:colcon.colcon_core.verb:Building package 'elgooso' with the following arguments: {'ament_cmake_args': None, 'build_base': '/home/majama/ros2_ws/build/elgooso', 'catkin_cmake_args': None, 'catkin_skip_building_tests': False, 'cmake_args': None, 'cmake_clean_cache': False, 'cmake_clean_first': False, 'cmake_force_configure': False, 'cmake_target': None, 'cmake_target_skip_unavailable': False, 'install_base': '/home/majama/ros2_ws/install/elgooso', 'merge_install': False, 'path': '/home/majama/ros2_ws/src/elgooso', 'symlink_install': False, 'test_result_base': None}
[1.980s] INFO:colcon.colcon_core.executor:Executing jobs using 'parallel' executor
[1.986s] DEBUG:colcon.colcon_parallel_executor.executor.parallel:run_until_complete
[1.986s] INFO:colcon.colcon_ros.task.ament_python.build:Building ROS package in '/home/majama/ros2_ws/src/elgooso' with build type 'ament_python'
[1.986s] Level 1:colcon.colcon_core.shell:create_environment_hook('elgooso', 'ament_prefix_path')
[2.003s] INFO:colcon.colcon_core.plugin_system:Skipping extension 'colcon_core.shell.bat': Not used on non-Windows systems
[2.004s] INFO:colcon.colcon_core.shell:Creating environment hook '/home/majama/ros2_ws/install/elgooso/share/elgooso/hook/ament_prefix_path.ps1'
[2.007s] INFO:colcon.colcon_core.shell:Creating environment descriptor '/home/majama/ros2_ws/install/elgooso/share/elgooso/hook/ament_prefix_path.dsv'
[2.008s] INFO:colcon.colcon_core.shell:Creating environment hook '/home/majama/ros2_ws/install/elgooso/share/elgooso/hook/ament_prefix_path.sh'
[2.012s] INFO:colcon.colcon_core.shell:Skip shell extension 'powershell' for command environment: Not usable outside of PowerShell
[2.012s] DEBUG:colcon.colcon_core.shell:Skip shell extension 'dsv' for command environment
[2.621s] INFO:colcon.colcon_core.task.python.build:Building Python package in '/home/majama/ros2_ws/src/elgooso'
[2.624s] INFO:colcon.colcon_core.shell:Skip shell extension 'powershell' for command environment: Not usable outside of PowerShell
[2.624s] DEBUG:colcon.colcon_core.shell:Skip shell extension 'dsv' for command environment
[3.304s] DEBUG:colcon.colcon_core.event_handler.log_command:Invoking command in '/home/majama/ros2_ws/build/elgooso': PYTHONPATH=/home/majama/ros2_ws/build/elgooso/prefix_override:/home/majama/ros2_ws/install/elgooso/lib/python3.10/site-packages:${PYTHONPATH} /usr/bin/python3 setup.py develop --uninstall --editable --build-directory /home/majama/ros2_ws/build/elgooso/build
[4.165s] DEBUG:colcon.colcon_core.event_handler.log_command:Invoked command in '/home/majama/ros2_ws/build/elgooso' returned '0': PYTHONPATH=/home/majama/ros2_ws/build/elgooso/prefix_override:/home/majama/ros2_ws/install/elgooso/lib/python3.10/site-packages:${PYTHONPATH} /usr/bin/python3 setup.py develop --uninstall --editable --build-directory /home/majama/ros2_ws/build/elgooso/build
[4.170s] DEBUG:colcon.colcon_core.event_handler.log_command:Invoking command in '/home/majama/ros2_ws/src/elgooso': PYTHONPATH=/home/majama/ros2_ws/build/elgooso/prefix_override:/home/majama/ros2_ws/install/elgooso/lib/python3.10/site-packages:${PYTHONPATH} /usr/bin/python3 setup.py egg_info --egg-base ../../build/elgooso build --build-base /home/majama/ros2_ws/build/elgooso/build install --record /home/majama/ros2_ws/build/elgooso/install.log --single-version-externally-managed
[4.820s] DEBUG:colcon.colcon_core.event_handler.log_command:Invoked command in '/home/majama/ros2_ws/src/elgooso' returned '0': PYTHONPATH=/home/majama/ros2_ws/build/elgooso/prefix_override:/home/majama/ros2_ws/install/elgooso/lib/python3.10/site-packages:${PYTHONPATH} /usr/bin/python3 setup.py egg_info --egg-base ../../build/elgooso build --build-base /home/majama/ros2_ws/build/elgooso/build install --record /home/majama/ros2_ws/build/elgooso/install.log --single-version-externally-managed
[4.833s] Level 1:colcon.colcon_core.environment:checking '/home/majama/ros2_ws/install/elgooso' for CMake module files
[4.834s] Level 1:colcon.colcon_core.environment:checking '/home/majama/ros2_ws/install/elgooso' for CMake config files
[4.837s] Level 1:colcon.colcon_core.environment:checking '/home/majama/ros2_ws/install/elgooso/lib'
[4.837s] Level 1:colcon.colcon_core.environment:checking '/home/majama/ros2_ws/install/elgooso/bin'
[4.837s] Level 1:colcon.colcon_core.environment:checking '/home/majama/ros2_ws/install/elgooso/lib/pkgconfig/elgooso.pc'
[4.838s] Level 1:colcon.colcon_core.environment:checking '/home/majama/ros2_ws/install/elgooso/lib/python3.10/site-packages'
[4.838s] Level 1:colcon.colcon_core.shell:create_environment_hook('elgooso', 'pythonpath')
[4.840s] INFO:colcon.colcon_core.shell:Creating environment hook '/home/majama/ros2_ws/install/elgooso/share/elgooso/hook/pythonpath.ps1'
[4.841s] INFO:colcon.colcon_core.shell:Creating environment descriptor '/home/majama/ros2_ws/install/elgooso/share/elgooso/hook/pythonpath.dsv'
[4.841s] INFO:colcon.colcon_core.shell:Creating environment hook '/home/majama/ros2_ws/install/elgooso/share/elgooso/hook/pythonpath.sh'
[4.846s] Level 1:colcon.colcon_core.environment:checking '/home/majama/ros2_ws/install/elgooso/bin'
[4.847s] Level 1:colcon.colcon_core.environment:create_environment_scripts_only(elgooso)
[4.850s] INFO:colcon.colcon_core.shell:Creating package script '/home/majama/ros2_ws/install/elgooso/share/elgooso/package.ps1'
[4.854s] INFO:colcon.colcon_core.shell:Creating package descriptor '/home/majama/ros2_ws/install/elgooso/share/elgooso/package.dsv'
[4.856s] INFO:colcon.colcon_core.shell:Creating package script '/home/majama/ros2_ws/install/elgooso/share/elgooso/package.sh'
[4.858s] INFO:colcon.colcon_core.shell:Creating package script '/home/majama/ros2_ws/install/elgooso/share/elgooso/package.bash'
[4.861s] INFO:colcon.colcon_core.shell:Creating package script '/home/majama/ros2_ws/install/elgooso/share/elgooso/package.zsh'
[4.863s] Level 1:colcon.colcon_core.environment:create_file_with_runtime_dependencies(/home/majama/ros2_ws/install/elgooso/share/colcon-core/packages/elgooso)
[4.864s] DEBUG:colcon.colcon_parallel_executor.executor.parallel:closing loop
[4.864s] DEBUG:colcon.colcon_parallel_executor.executor.parallel:loop closed
[4.864s] DEBUG:colcon.colcon_parallel_executor.executor.parallel:run_until_complete finished with '0'
[4.864s] DEBUG:colcon.colcon_core.event_reactor:joining thread
[4.883s] INFO:colcon.colcon_core.plugin_system:Skipping extension 'colcon_notification.desktop_notification.terminal_notifier': Not used on non-Darwin systems
[4.883s] INFO:colcon.colcon_core.plugin_system:Skipping extension 'colcon_notification.desktop_notification.win32': Not used on non-Windows systems
[4.884s] INFO:colcon.colcon_notification.desktop_notification:Sending desktop notification using 'notify2'
[5.093s] DEBUG:colcon.colcon_core.event_reactor:joined thread
[5.097s] INFO:colcon.colcon_core.shell:Creating prefix script '/home/majama/ros2_ws/install/local_setup.ps1'
[5.102s] INFO:colcon.colcon_core.shell:Creating prefix util module '/home/majama/ros2_ws/install/_local_setup_util_ps1.py'
[5.105s] INFO:colcon.colcon_core.shell:Creating prefix chain script '/home/majama/ros2_ws/install/setup.ps1'
[5.109s] INFO:colcon.colcon_core.shell:Creating prefix script '/home/majama/ros2_ws/install/local_setup.sh'
[5.111s] INFO:colcon.colcon_core.shell:Creating prefix util module '/home/majama/ros2_ws/install/_local_setup_util_sh.py'
[5.113s] INFO:colcon.colcon_core.shell:Creating prefix chain script '/home/majama/ros2_ws/install/setup.sh'
[5.116s] INFO:colcon.colcon_core.shell:Creating prefix script '/home/majama/ros2_ws/install/local_setup.bash'
[5.118s] INFO:colcon.colcon_core.shell:Creating prefix chain script '/home/majama/ros2_ws/install/setup.bash'
[5.121s] INFO:colcon.colcon_core.shell:Creating prefix script '/home/majama/ros2_ws/install/local_setup.zsh'
[5.126s] INFO:colcon.colcon_core.shell:Creating prefix chain script '/home/majama/ros2_ws/install/setup.zsh'
