[1.693s] Invoking command in '/home/majama/ros2_ws/build/elgooso': PYTHONPATH=/home/majama/ros2_ws/build/elgooso/prefix_override:/home/majama/ros2_ws/install/elgooso/lib/python3.10/site-packages:${PYTHONPATH} /usr/bin/python3 setup.py develop --uninstall --editable --build-directory /home/majama/ros2_ws/build/elgooso/build
[2.145s] running develop
[2.146s] /usr/lib/python3/dist-packages/setuptools/command/easy_install.py:158: EasyInstallDeprecationWarning: easy_install command is deprecated. Use build and pip and other standards-based tools.
[2.146s]   warnings.warn(
[2.149s] /usr/lib/python3/dist-packages/setuptools/command/install.py:34: SetuptoolsDeprecationWarning: setup.py install is deprecated. Use build and pip and other standards-based tools.
[2.149s]   warnings.warn(
[2.267s] /usr/lib/python3/dist-packages/pkg_resources/__init__.py:116: PkgResourcesDeprecationWarning: 1.1build1 is an invalid version and will not be supported in a future release
[2.267s]   warnings.warn(
[2.267s] /usr/lib/python3/dist-packages/pkg_resources/__init__.py:116: PkgResourcesDeprecationWarning: 0.1.43ubuntu1 is an invalid version and will not be supported in a future release
[2.267s]   warnings.warn(
[2.490s] Invoked command in '/home/majama/ros2_ws/build/elgooso' returned '0': PYTHONPATH=/home/majama/ros2_ws/build/elgooso/prefix_override:/home/majama/ros2_ws/install/elgooso/lib/python3.10/site-packages:${PYTHONPATH} /usr/bin/python3 setup.py develop --uninstall --editable --build-directory /home/majama/ros2_ws/build/elgooso/build
[2.491s] Invoking command in '/home/majama/ros2_ws/src/elgooso': PYTHONPATH=/home/majama/ros2_ws/build/elgooso/prefix_override:/home/majama/ros2_ws/install/elgooso/lib/python3.10/site-packages:${PYTHONPATH} /usr/bin/python3 setup.py egg_info --egg-base ../../build/elgooso build --build-base /home/majama/ros2_ws/build/elgooso/build install --record /home/majama/ros2_ws/build/elgooso/install.log --single-version-externally-managed
[2.868s] running egg_info
[2.869s] writing ../../build/elgooso/elgooso.egg-info/PKG-INFO
[2.870s] writing dependency_links to ../../build/elgooso/elgooso.egg-info/dependency_links.txt
[2.870s] writing entry points to ../../build/elgooso/elgooso.egg-info/entry_points.txt
[2.871s] writing requirements to ../../build/elgooso/elgooso.egg-info/requires.txt
[2.871s] writing top-level names to ../../build/elgooso/elgooso.egg-info/top_level.txt
[2.881s] reading manifest file '../../build/elgooso/elgooso.egg-info/SOURCES.txt'
[2.883s] writing manifest file '../../build/elgooso/elgooso.egg-info/SOURCES.txt'
[2.883s] running build
[2.883s] running build_py
[2.885s] copying elgooso/Qlearn.py -> /home/majama/ros2_ws/build/elgooso/build/lib/elgooso
[2.887s] running install
[2.887s] /usr/lib/python3/dist-packages/setuptools/command/install.py:34: SetuptoolsDeprecationWarning: setup.py install is deprecated. Use build and pip and other standards-based tools.
[2.887s]   warnings.warn(
[2.888s] running install_lib
[2.891s] copying /home/majama/ros2_ws/build/elgooso/build/lib/elgooso/Qlearn.py -> /home/majama/ros2_ws/install/elgooso/lib/python3.10/site-packages/elgooso
[2.894s] byte-compiling /home/majama/ros2_ws/install/elgooso/lib/python3.10/site-packages/elgooso/Qlearn.py to Qlearn.cpython-310.pyc
[2.896s]   File "/home/majama/ros2_ws/install/elgooso/lib/python3.10/site-packages/elgooso/Qlearn.py", line 111
[2.896s]     		if state = self.TERMINAL:
[2.896s]     		   ^^^^^^^^^^^^^^^^^^^^^
[2.896s] SyntaxError: invalid syntax. Maybe you meant '==' or ':=' instead of '='?
[2.896s] 
[2.896s] running install_data
[2.903s] running install_egg_info
[2.907s] removing '/home/majama/ros2_ws/install/elgooso/lib/python3.10/site-packages/elgooso-0.0.0-py3.10.egg-info' (and everything under it)
[2.907s] Copying ../../build/elgooso/elgooso.egg-info to /home/majama/ros2_ws/install/elgooso/lib/python3.10/site-packages/elgooso-0.0.0-py3.10.egg-info
[2.908s] running install_scripts
[2.949s] Installing Qlearn script to /home/majama/ros2_ws/install/elgooso/lib/elgooso
[2.950s] Installing move script to /home/majama/ros2_ws/install/elgooso/lib/elgooso
[2.951s] Installing spawn_entity script to /home/majama/ros2_ws/install/elgooso/lib/elgooso
[2.952s] Installing state_publisher script to /home/majama/ros2_ws/install/elgooso/lib/elgooso
[2.952s] Installing talker script to /home/majama/ros2_ws/install/elgooso/lib/elgooso
[2.953s] writing list of installed files to '/home/majama/ros2_ws/build/elgooso/install.log'
[3.022s] Invoked command in '/home/majama/ros2_ws/src/elgooso' returned '0': PYTHONPATH=/home/majama/ros2_ws/build/elgooso/prefix_override:/home/majama/ros2_ws/install/elgooso/lib/python3.10/site-packages:${PYTHONPATH} /usr/bin/python3 setup.py egg_info --egg-base ../../build/elgooso build --build-base /home/majama/ros2_ws/build/elgooso/build install --record /home/majama/ros2_ws/build/elgooso/install.log --single-version-externally-managed
