[1.003s] Invoking command in '/home/majama/ros2_ws/build/elgooso': PYTHONPATH=/home/majama/ros2_ws/build/elgooso/prefix_override:/home/majama/ros2_ws/install/elgooso/lib/python3.10/site-packages:${PYTHONPATH} /usr/bin/python3 setup.py develop --uninstall --editable --build-directory /home/majama/ros2_ws/build/elgooso/build
[1.390s] running develop
[1.402s] /usr/lib/python3/dist-packages/setuptools/command/easy_install.py:158: EasyInstallDeprecationWarning: easy_install command is deprecated. Use build and pip and other standards-based tools.
[1.402s]   warnings.warn(
[1.406s] /usr/lib/python3/dist-packages/setuptools/command/install.py:34: SetuptoolsDeprecationWarning: setup.py install is deprecated. Use build and pip and other standards-based tools.
[1.406s]   warnings.warn(
[1.489s] /usr/lib/python3/dist-packages/pkg_resources/__init__.py:116: PkgResourcesDeprecationWarning: 1.1build1 is an invalid version and will not be supported in a future release
[1.489s]   warnings.warn(
[1.490s] /usr/lib/python3/dist-packages/pkg_resources/__init__.py:116: PkgResourcesDeprecationWarning: 0.1.43ubuntu1 is an invalid version and will not be supported in a future release
[1.490s]   warnings.warn(
[1.646s] Invoked command in '/home/majama/ros2_ws/build/elgooso' returned '0': PYTHONPATH=/home/majama/ros2_ws/build/elgooso/prefix_override:/home/majama/ros2_ws/install/elgooso/lib/python3.10/site-packages:${PYTHONPATH} /usr/bin/python3 setup.py develop --uninstall --editable --build-directory /home/majama/ros2_ws/build/elgooso/build
[1.649s] Invoking command in '/home/majama/ros2_ws/src/elgooso': PYTHONPATH=/home/majama/ros2_ws/build/elgooso/prefix_override:/home/majama/ros2_ws/install/elgooso/lib/python3.10/site-packages:${PYTHONPATH} /usr/bin/python3 setup.py egg_info --egg-base ../../build/elgooso build --build-base /home/majama/ros2_ws/build/elgooso/build install --record /home/majama/ros2_ws/build/elgooso/install.log --single-version-externally-managed
[1.970s] running egg_info
[1.970s] writing ../../build/elgooso/elgooso.egg-info/PKG-INFO
[1.981s] writing dependency_links to ../../build/elgooso/elgooso.egg-info/dependency_links.txt
[1.982s] writing entry points to ../../build/elgooso/elgooso.egg-info/entry_points.txt
[1.982s] writing requirements to ../../build/elgooso/elgooso.egg-info/requires.txt
[1.982s] writing top-level names to ../../build/elgooso/elgooso.egg-info/top_level.txt
[1.991s] reading manifest file '../../build/elgooso/elgooso.egg-info/SOURCES.txt'
[1.992s] writing manifest file '../../build/elgooso/elgooso.egg-info/SOURCES.txt'
[1.993s] running build
[1.993s] running build_py
[1.994s] copying elgooso/Qlearn.py -> /home/majama/ros2_ws/build/elgooso/build/lib/elgooso
[1.995s] running install
[1.995s] /usr/lib/python3/dist-packages/setuptools/command/install.py:34: SetuptoolsDeprecationWarning: setup.py install is deprecated. Use build and pip and other standards-based tools.
[1.995s]   warnings.warn(
[1.995s] running install_lib
[1.997s] copying /home/majama/ros2_ws/build/elgooso/build/lib/elgooso/Qlearn.py -> /home/majama/ros2_ws/install/elgooso/lib/python3.10/site-packages/elgooso
[1.998s] byte-compiling /home/majama/ros2_ws/install/elgooso/lib/python3.10/site-packages/elgooso/Qlearn.py to Qlearn.cpython-310.pyc
[1.999s] running install_data
[2.007s] running install_egg_info
[2.010s] removing '/home/majama/ros2_ws/install/elgooso/lib/python3.10/site-packages/elgooso-0.0.0-py3.10.egg-info' (and everything under it)
[2.011s] Copying ../../build/elgooso/elgooso.egg-info to /home/majama/ros2_ws/install/elgooso/lib/python3.10/site-packages/elgooso-0.0.0-py3.10.egg-info
[2.012s] running install_scripts
[2.041s] Installing Qlearn script to /home/majama/ros2_ws/install/elgooso/lib/elgooso
[2.042s] Installing move script to /home/majama/ros2_ws/install/elgooso/lib/elgooso
[2.043s] Installing spawn_entity script to /home/majama/ros2_ws/install/elgooso/lib/elgooso
[2.043s] Installing state_publisher script to /home/majama/ros2_ws/install/elgooso/lib/elgooso
[2.043s] Installing talker script to /home/majama/ros2_ws/install/elgooso/lib/elgooso
[2.043s] writing list of installed files to '/home/majama/ros2_ws/build/elgooso/install.log'
[2.079s] Invoked command in '/home/majama/ros2_ws/src/elgooso' returned '0': PYTHONPATH=/home/majama/ros2_ws/build/elgooso/prefix_override:/home/majama/ros2_ws/install/elgooso/lib/python3.10/site-packages:${PYTHONPATH} /usr/bin/python3 setup.py egg_info --egg-base ../../build/elgooso build --build-base /home/majama/ros2_ws/build/elgooso/build install --record /home/majama/ros2_ws/build/elgooso/install.log --single-version-externally-managed
