[0.859s] Invoking command in '/home/majama/ros2_ws/build/elgooso': PYTHONPATH=/home/majama/ros2_ws/build/elgooso/prefix_override:/home/majama/ros2_ws/install/elgooso/lib/python3.10/site-packages:${PYTHONPATH} /usr/bin/python3 setup.py develop --uninstall --editable --build-directory /home/majama/ros2_ws/build/elgooso/build
[1.173s] running develop
[1.173s] /usr/lib/python3/dist-packages/setuptools/command/easy_install.py:158: EasyInstallDeprecationWarning: easy_install command is deprecated. Use build and pip and other standards-based tools.
[1.173s]   warnings.warn(
[1.175s] /usr/lib/python3/dist-packages/setuptools/command/install.py:34: SetuptoolsDeprecationWarning: setup.py install is deprecated. Use build and pip and other standards-based tools.
[1.175s]   warnings.warn(
[1.255s] /usr/lib/python3/dist-packages/pkg_resources/__init__.py:116: PkgResourcesDeprecationWarning: 1.1build1 is an invalid version and will not be supported in a future release
[1.255s]   warnings.warn(
[1.255s] /usr/lib/python3/dist-packages/pkg_resources/__init__.py:116: PkgResourcesDeprecationWarning: 0.1.43ubuntu1 is an invalid version and will not be supported in a future release
[1.255s]   warnings.warn(
[1.411s] Invoked command in '/home/majama/ros2_ws/build/elgooso' returned '0': PYTHONPATH=/home/majama/ros2_ws/build/elgooso/prefix_override:/home/majama/ros2_ws/install/elgooso/lib/python3.10/site-packages:${PYTHONPATH} /usr/bin/python3 setup.py develop --uninstall --editable --build-directory /home/majama/ros2_ws/build/elgooso/build
[1.414s] Invoking command in '/home/majama/ros2_ws/src/elgooso': PYTHONPATH=/home/majama/ros2_ws/build/elgooso/prefix_override:/home/majama/ros2_ws/install/elgooso/lib/python3.10/site-packages:${PYTHONPATH} /usr/bin/python3 setup.py egg_info --egg-base ../../build/elgooso build --build-base /home/majama/ros2_ws/build/elgooso/build install --record /home/majama/ros2_ws/build/elgooso/install.log --single-version-externally-managed
[1.705s] running egg_info
[1.707s] writing ../../build/elgooso/elgooso.egg-info/PKG-INFO
[1.707s] writing dependency_links to ../../build/elgooso/elgooso.egg-info/dependency_links.txt
[1.708s] writing entry points to ../../build/elgooso/elgooso.egg-info/entry_points.txt
[1.708s] writing requirements to ../../build/elgooso/elgooso.egg-info/requires.txt
[1.708s] writing top-level names to ../../build/elgooso/elgooso.egg-info/top_level.txt
[1.712s] reading manifest file '../../build/elgooso/elgooso.egg-info/SOURCES.txt'
[1.714s] writing manifest file '../../build/elgooso/elgooso.egg-info/SOURCES.txt'
[1.715s] running build
[1.715s] running build_py
[1.718s] /usr/lib/python3/dist-packages/setuptools/command/install.py:34: SetuptoolsDeprecationWarning: setup.py install is deprecated. Use build and pip and other standards-based tools.
[1.718s]   warnings.warn(
[1.718s] running install
[1.718s] running install_lib
[1.720s] running install_data
[1.722s] running install_egg_info
[1.726s] removing '/home/majama/ros2_ws/install/elgooso/lib/python3.10/site-packages/elgooso-0.0.0-py3.10.egg-info' (and everything under it)
[1.726s] Copying ../../build/elgooso/elgooso.egg-info to /home/majama/ros2_ws/install/elgooso/lib/python3.10/site-packages/elgooso-0.0.0-py3.10.egg-info
[1.727s] running install_scripts
[1.763s] Installing Qlearn script to /home/majama/ros2_ws/install/elgooso/lib/elgooso
[1.764s] Installing move script to /home/majama/ros2_ws/install/elgooso/lib/elgooso
[1.764s] Installing spawn_entity script to /home/majama/ros2_ws/install/elgooso/lib/elgooso
[1.764s] Installing state_publisher script to /home/majama/ros2_ws/install/elgooso/lib/elgooso
[1.764s] Installing talker script to /home/majama/ros2_ws/install/elgooso/lib/elgooso
[1.765s] writing list of installed files to '/home/majama/ros2_ws/build/elgooso/install.log'
[1.813s] Invoked command in '/home/majama/ros2_ws/src/elgooso' returned '0': PYTHONPATH=/home/majama/ros2_ws/build/elgooso/prefix_override:/home/majama/ros2_ws/install/elgooso/lib/python3.10/site-packages:${PYTHONPATH} /usr/bin/python3 setup.py egg_info --egg-base ../../build/elgooso build --build-base /home/majama/ros2_ws/build/elgooso/build install --record /home/majama/ros2_ws/build/elgooso/install.log --single-version-externally-managed
