[1.366s] Invoking command in '/home/majama/ros2_ws/build/elgooso': PYTHONPATH=/home/majama/ros2_ws/build/elgooso/prefix_override:/home/majama/ros2_ws/install/elgooso/lib/python3.10/site-packages:${PYTHONPATH} /usr/bin/python3 setup.py develop --uninstall --editable --build-directory /home/majama/ros2_ws/build/elgooso/build
[1.940s] running develop
[1.952s] /usr/lib/python3/dist-packages/setuptools/command/easy_install.py:158: EasyInstallDeprecationWarning: easy_install command is deprecated. Use build and pip and other standards-based tools.
[1.953s]   warnings.warn(
[1.961s] /usr/lib/python3/dist-packages/setuptools/command/install.py:34: SetuptoolsDeprecationWarning: setup.py install is deprecated. Use build and pip and other standards-based tools.
[1.962s]   warnings.warn(
[2.094s] /usr/lib/python3/dist-packages/pkg_resources/__init__.py:116: PkgResourcesDeprecationWarning: 1.1build1 is an invalid version and will not be supported in a future release
[2.095s]   warnings.warn(
[2.096s] /usr/lib/python3/dist-packages/pkg_resources/__init__.py:116: PkgResourcesDeprecationWarning: 0.1.43ubuntu1 is an invalid version and will not be supported in a future release
[2.096s]   warnings.warn(
[2.370s] Invoked command in '/home/majama/ros2_ws/build/elgooso' returned '0': PYTHONPATH=/home/majama/ros2_ws/build/elgooso/prefix_override:/home/majama/ros2_ws/install/elgooso/lib/python3.10/site-packages:${PYTHONPATH} /usr/bin/python3 setup.py develop --uninstall --editable --build-directory /home/majama/ros2_ws/build/elgooso/build
[2.382s] Invoking command in '/home/majama/ros2_ws/src/elgooso': PYTHONPATH=/home/majama/ros2_ws/build/elgooso/prefix_override:/home/majama/ros2_ws/install/elgooso/lib/python3.10/site-packages:${PYTHONPATH} /usr/bin/python3 setup.py egg_info --egg-base ../../build/elgooso build --build-base /home/majama/ros2_ws/build/elgooso/build install --record /home/majama/ros2_ws/build/elgooso/install.log --single-version-externally-managed
[2.895s] running egg_info
[2.897s] writing ../../build/elgooso/elgooso.egg-info/PKG-INFO
[2.898s] writing dependency_links to ../../build/elgooso/elgooso.egg-info/dependency_links.txt
[2.898s] writing entry points to ../../build/elgooso/elgooso.egg-info/entry_points.txt
[2.899s] writing requirements to ../../build/elgooso/elgooso.egg-info/requires.txt
[2.899s] writing top-level names to ../../build/elgooso/elgooso.egg-info/top_level.txt
[2.908s] reading manifest file '../../build/elgooso/elgooso.egg-info/SOURCES.txt'
[2.911s] writing manifest file '../../build/elgooso/elgooso.egg-info/SOURCES.txt'
[2.912s] running build
[2.912s] running build_py
[2.915s] running install
[2.916s] /usr/lib/python3/dist-packages/setuptools/command/install.py:34: SetuptoolsDeprecationWarning: setup.py install is deprecated. Use build and pip and other standards-based tools.
[2.916s]   warnings.warn(
[2.916s] running install_lib
[2.921s] running install_data
[2.927s] copying launch/elgooso_sim.launch.py -> /home/majama/ros2_ws/install/elgooso/share/elgooso/launch
[2.931s] running install_egg_info
[2.934s] removing '/home/majama/ros2_ws/install/elgooso/lib/python3.10/site-packages/elgooso-0.0.0-py3.10.egg-info' (and everything under it)
[2.937s] Copying ../../build/elgooso/elgooso.egg-info to /home/majama/ros2_ws/install/elgooso/lib/python3.10/site-packages/elgooso-0.0.0-py3.10.egg-info
[2.941s] running install_scripts
[2.994s] Installing move script to /home/majama/ros2_ws/install/elgooso/lib/elgooso
[2.997s] Installing state_publisher script to /home/majama/ros2_ws/install/elgooso/lib/elgooso
[2.998s] Installing talker script to /home/majama/ros2_ws/install/elgooso/lib/elgooso
[3.002s] writing list of installed files to '/home/majama/ros2_ws/build/elgooso/install.log'
[3.070s] Invoked command in '/home/majama/ros2_ws/src/elgooso' returned '0': PYTHONPATH=/home/majama/ros2_ws/build/elgooso/prefix_override:/home/majama/ros2_ws/install/elgooso/lib/python3.10/site-packages:${PYTHONPATH} /usr/bin/python3 setup.py egg_info --egg-base ../../build/elgooso build --build-base /home/majama/ros2_ws/build/elgooso/build install --record /home/majama/ros2_ws/build/elgooso/install.log --single-version-externally-managed
