[1.299s] Invoking command in '/home/majama/ros2_ws/build/elgooso': PYTHONPATH=/home/majama/ros2_ws/build/elgooso/prefix_override:/home/majama/ros2_ws/install/elgooso/lib/python3.10/site-packages:${PYTHONPATH} /usr/bin/python3 setup.py develop --uninstall --editable --build-directory /home/majama/ros2_ws/build/elgooso/build
[2.009s] running develop
[2.021s] /usr/lib/python3/dist-packages/setuptools/command/easy_install.py:158: EasyInstallDeprecationWarning: easy_install command is deprecated. Use build and pip and other standards-based tools.
[2.021s]   warnings.warn(
[2.024s] /usr/lib/python3/dist-packages/setuptools/command/install.py:34: SetuptoolsDeprecationWarning: setup.py install is deprecated. Use build and pip and other standards-based tools.
[2.024s]   warnings.warn(
[2.155s] /usr/lib/python3/dist-packages/pkg_resources/__init__.py:116: PkgResourcesDeprecationWarning: 1.1build1 is an invalid version and will not be supported in a future release
[2.156s]   warnings.warn(
[2.156s] /usr/lib/python3/dist-packages/pkg_resources/__init__.py:116: PkgResourcesDeprecationWarning: 0.1.43ubuntu1 is an invalid version and will not be supported in a future release
[2.156s]   warnings.warn(
[2.434s] Invoked command in '/home/majama/ros2_ws/build/elgooso' returned '0': PYTHONPATH=/home/majama/ros2_ws/build/elgooso/prefix_override:/home/majama/ros2_ws/install/elgooso/lib/python3.10/site-packages:${PYTHONPATH} /usr/bin/python3 setup.py develop --uninstall --editable --build-directory /home/majama/ros2_ws/build/elgooso/build
[2.438s] Invoking command in '/home/majama/ros2_ws/src/elgooso': PYTHONPATH=/home/majama/ros2_ws/build/elgooso/prefix_override:/home/majama/ros2_ws/install/elgooso/lib/python3.10/site-packages:${PYTHONPATH} /usr/bin/python3 setup.py egg_info --egg-base ../../build/elgooso build --build-base /home/majama/ros2_ws/build/elgooso/build install --record /home/majama/ros2_ws/build/elgooso/install.log --single-version-externally-managed
[2.972s] running egg_info
[2.974s] writing ../../build/elgooso/elgooso.egg-info/PKG-INFO
[2.975s] writing dependency_links to ../../build/elgooso/elgooso.egg-info/dependency_links.txt
[2.976s] writing entry points to ../../build/elgooso/elgooso.egg-info/entry_points.txt
[2.976s] writing requirements to ../../build/elgooso/elgooso.egg-info/requires.txt
[2.976s] writing top-level names to ../../build/elgooso/elgooso.egg-info/top_level.txt
[2.991s] reading manifest file '../../build/elgooso/elgooso.egg-info/SOURCES.txt'
[2.996s] writing manifest file '../../build/elgooso/elgooso.egg-info/SOURCES.txt'
[2.996s] running build
[2.996s] running build_py
[2.998s] running install
[2.999s] /usr/lib/python3/dist-packages/setuptools/command/install.py:34: SetuptoolsDeprecationWarning: setup.py install is deprecated. Use build and pip and other standards-based tools.
[2.999s]   warnings.warn(
[3.000s] running install_lib
[3.004s] running install_data
[3.013s] running install_egg_info
[3.017s] removing '/home/majama/ros2_ws/install/elgooso/lib/python3.10/site-packages/elgooso-0.0.0-py3.10.egg-info' (and everything under it)
[3.018s] Copying ../../build/elgooso/elgooso.egg-info to /home/majama/ros2_ws/install/elgooso/lib/python3.10/site-packages/elgooso-0.0.0-py3.10.egg-info
[3.021s] running install_scripts
[3.080s] Installing Qlearn script to /home/majama/ros2_ws/install/elgooso/lib/elgooso
[3.081s] Installing move script to /home/majama/ros2_ws/install/elgooso/lib/elgooso
[3.082s] Installing spawn_entity script to /home/majama/ros2_ws/install/elgooso/lib/elgooso
[3.083s] Installing state_publisher script to /home/majama/ros2_ws/install/elgooso/lib/elgooso
[3.083s] Installing talker script to /home/majama/ros2_ws/install/elgooso/lib/elgooso
[3.084s] writing list of installed files to '/home/majama/ros2_ws/build/elgooso/install.log'
[3.135s] Invoked command in '/home/majama/ros2_ws/src/elgooso' returned '0': PYTHONPATH=/home/majama/ros2_ws/build/elgooso/prefix_override:/home/majama/ros2_ws/install/elgooso/lib/python3.10/site-packages:${PYTHONPATH} /usr/bin/python3 setup.py egg_info --egg-base ../../build/elgooso build --build-base /home/majama/ros2_ws/build/elgooso/build install --record /home/majama/ros2_ws/build/elgooso/install.log --single-version-externally-managed
