[1.057s] Invoking command in '/home/majama/ros2_ws/build/elgooso': PYTHONPATH=/home/majama/ros2_ws/build/elgooso/prefix_override:/home/majama/ros2_ws/install/elgooso/lib/python3.10/site-packages:${PYTHONPATH} /usr/bin/python3 setup.py develop --uninstall --editable --build-directory /home/majama/ros2_ws/build/elgooso/build
[1.513s] running develop
[1.513s] /usr/lib/python3/dist-packages/setuptools/command/easy_install.py:158: EasyInstallDeprecationWarning: easy_install command is deprecated. Use build and pip and other standards-based tools.
[1.513s]   warnings.warn(
[1.515s] /usr/lib/python3/dist-packages/setuptools/command/install.py:34: SetuptoolsDeprecationWarning: setup.py install is deprecated. Use build and pip and other standards-based tools.
[1.515s]   warnings.warn(
[1.610s] /usr/lib/python3/dist-packages/pkg_resources/__init__.py:116: PkgResourcesDeprecationWarning: 1.1build1 is an invalid version and will not be supported in a future release
[1.610s]   warnings.warn(
[1.611s] /usr/lib/python3/dist-packages/pkg_resources/__init__.py:116: PkgResourcesDeprecationWarning: 0.1.43ubuntu1 is an invalid version and will not be supported in a future release
[1.611s]   warnings.warn(
[1.805s] Invoked command in '/home/majama/ros2_ws/build/elgooso' returned '0': PYTHONPATH=/home/majama/ros2_ws/build/elgooso/prefix_override:/home/majama/ros2_ws/install/elgooso/lib/python3.10/site-packages:${PYTHONPATH} /usr/bin/python3 setup.py develop --uninstall --editable --build-directory /home/majama/ros2_ws/build/elgooso/build
[1.806s] Invoking command in '/home/majama/ros2_ws/src/elgooso': PYTHONPATH=/home/majama/ros2_ws/build/elgooso/prefix_override:/home/majama/ros2_ws/install/elgooso/lib/python3.10/site-packages:${PYTHONPATH} /usr/bin/python3 setup.py egg_info --egg-base ../../build/elgooso build --build-base /home/majama/ros2_ws/build/elgooso/build install --record /home/majama/ros2_ws/build/elgooso/install.log --single-version-externally-managed
[2.177s] running egg_info
[2.178s] writing ../../build/elgooso/elgooso.egg-info/PKG-INFO
[2.179s] writing dependency_links to ../../build/elgooso/elgooso.egg-info/dependency_links.txt
[2.180s] writing entry points to ../../build/elgooso/elgooso.egg-info/entry_points.txt
[2.180s] writing requirements to ../../build/elgooso/elgooso.egg-info/requires.txt
[2.180s] writing top-level names to ../../build/elgooso/elgooso.egg-info/top_level.txt
[2.185s] reading manifest file '../../build/elgooso/elgooso.egg-info/SOURCES.txt'
[2.187s] writing manifest file '../../build/elgooso/elgooso.egg-info/SOURCES.txt'
[2.187s] running build
[2.187s] running build_py
[2.188s] copying elgooso/spawn_entity.py -> /home/majama/ros2_ws/build/elgooso/build/lib/elgooso
[2.189s] running install
[2.190s] /usr/lib/python3/dist-packages/setuptools/command/install.py:34: SetuptoolsDeprecationWarning: setup.py install is deprecated. Use build and pip and other standards-based tools.
[2.190s]   warnings.warn(
[2.190s] running install_lib
[2.192s] copying /home/majama/ros2_ws/build/elgooso/build/lib/elgooso/spawn_entity.py -> /home/majama/ros2_ws/install/elgooso/lib/python3.10/site-packages/elgooso
[2.193s] byte-compiling /home/majama/ros2_ws/install/elgooso/lib/python3.10/site-packages/elgooso/spawn_entity.py to spawn_entity.cpython-310.pyc
[2.194s]   File "/home/majama/ros2_ws/install/elgooso/lib/python3.10/site-packages/elgooso/spawn_entity.py", line 35
[2.194s]     spawn.get_logger().info(f'Service call failed '{e})
[2.194s]                             ^^^^^^^^^^^^^^^^^^^^^^^^^^
[2.194s] SyntaxError: invalid syntax. Perhaps you forgot a comma?
[2.194s] 
[2.194s] byte-compiling /home/majama/ros2_ws/install/elgooso/lib/python3.10/site-packages/elgooso/Qlearn.py to Qlearn.cpython-310.pyc
[2.196s]   File "/home/majama/ros2_ws/install/elgooso/lib/python3.10/site-packages/elgooso/Qlearn.py", line 108
[2.196s]     		reward = #=(self.posx - self.oldx)/(self.robot_vel * self.timer_period)
[2.196s]     		         ^^^^^^^^^^^^^^^^^^^^^^^^^^^^^^^^^^^^^^^^^^^^^^^^^^^^^^^^^^^^^^
[2.196s] SyntaxError: invalid syntax
[2.196s] 
[2.196s] running install_data
[2.198s] running install_egg_info
[2.202s] removing '/home/majama/ros2_ws/install/elgooso/lib/python3.10/site-packages/elgooso-0.0.0-py3.10.egg-info' (and everything under it)
[2.202s] Copying ../../build/elgooso/elgooso.egg-info to /home/majama/ros2_ws/install/elgooso/lib/python3.10/site-packages/elgooso-0.0.0-py3.10.egg-info
[2.204s] running install_scripts
[2.236s] Installing Qlearn script to /home/majama/ros2_ws/install/elgooso/lib/elgooso
[2.237s] Installing move script to /home/majama/ros2_ws/install/elgooso/lib/elgooso
[2.237s] Installing spawn_entity script to /home/majama/ros2_ws/install/elgooso/lib/elgooso
[2.238s] Installing state_publisher script to /home/majama/ros2_ws/install/elgooso/lib/elgooso
[2.238s] Installing talker script to /home/majama/ros2_ws/install/elgooso/lib/elgooso
[2.239s] writing list of installed files to '/home/majama/ros2_ws/build/elgooso/install.log'
[2.280s] Invoked command in '/home/majama/ros2_ws/src/elgooso' returned '0': PYTHONPATH=/home/majama/ros2_ws/build/elgooso/prefix_override:/home/majama/ros2_ws/install/elgooso/lib/python3.10/site-packages:${PYTHONPATH} /usr/bin/python3 setup.py egg_info --egg-base ../../build/elgooso build --build-base /home/majama/ros2_ws/build/elgooso/build install --record /home/majama/ros2_ws/build/elgooso/install.log --single-version-externally-managed
