[0.405s] Invoking command in '/home/majama/ros2_ws/src/elgooso': PYTHONPATH=/home/majama/ros2_ws/build/elgooso/prefix_override:/home/majama/ros2_ws/install/elgooso/lib/python3.10/site-packages:${PYTHONPATH} /usr/bin/python3 setup.py egg_info --egg-base ../../build/elgooso build --build-base /home/majama/ros2_ws/build/elgooso/build install --record /home/majama/ros2_ws/build/elgooso/install.log --single-version-externally-managed
[0.551s] running egg_info
[0.552s] writing ../../build/elgooso/elgooso.egg-info/PKG-INFO
[0.552s] writing dependency_links to ../../build/elgooso/elgooso.egg-info/dependency_links.txt
[0.552s] writing entry points to ../../build/elgooso/elgooso.egg-info/entry_points.txt
[0.552s] writing requirements to ../../build/elgooso/elgooso.egg-info/requires.txt
[0.552s] writing top-level names to ../../build/elgooso/elgooso.egg-info/top_level.txt
[0.553s] reading manifest file '../../build/elgooso/elgooso.egg-info/SOURCES.txt'
[0.554s] writing manifest file '../../build/elgooso/elgooso.egg-info/SOURCES.txt'
[0.554s] running build
[0.554s] running build_py
[0.554s] running install
[0.554s] /usr/lib/python3/dist-packages/setuptools/command/install.py:34: SetuptoolsDeprecationWarning: setup.py install is deprecated. Use build and pip and other standards-based tools.
[0.554s]   warnings.warn(
[0.554s] running install_lib
[0.555s] running install_data
[0.555s] creating /home/majama/ros2_ws/install/elgooso/share/elgooso/launch
[0.555s] copying launch/elgooso_sim.launch.py -> /home/majama/ros2_ws/install/elgooso/share/elgooso/launch
[0.556s] creating /home/majama/ros2_ws/install/elgooso/share/elgooso/urdf
[0.556s] copying urdf/elgooso.urdf -> /home/majama/ros2_ws/install/elgooso/share/elgooso/urdf
[0.556s] creating /home/majama/ros2_ws/install/elgooso/share/elgooso/rviz
[0.556s] copying rviz/elgooso.rviz -> /home/majama/ros2_ws/install/elgooso/share/elgooso/rviz
[0.556s] running install_egg_info
[0.557s] removing '/home/majama/ros2_ws/install/elgooso/lib/python3.10/site-packages/elgooso-0.0.0-py3.10.egg-info' (and everything under it)
[0.557s] Copying ../../build/elgooso/elgooso.egg-info to /home/majama/ros2_ws/install/elgooso/lib/python3.10/site-packages/elgooso-0.0.0-py3.10.egg-info
[0.557s] running install_scripts
[0.572s] writing list of installed files to '/home/majama/ros2_ws/build/elgooso/install.log'
[0.590s] Invoked command in '/home/majama/ros2_ws/src/elgooso' returned '0': PYTHONPATH=/home/majama/ros2_ws/build/elgooso/prefix_override:/home/majama/ros2_ws/install/elgooso/lib/python3.10/site-packages:${PYTHONPATH} /usr/bin/python3 setup.py egg_info --egg-base ../../build/elgooso build --build-base /home/majama/ros2_ws/build/elgooso/build install --record /home/majama/ros2_ws/build/elgooso/install.log --single-version-externally-managed
