[0.553s] Invoking command in '/home/majama/ros2_ws/build/elgooso': PYTHONPATH=/home/majama/ros2_ws/build/elgooso/prefix_override:/home/majama/ros2_ws/install/elgooso/lib/python3.10/site-packages:${PYTHONPATH} /usr/bin/python3 setup.py develop --uninstall --editable --build-directory /home/majama/ros2_ws/build/elgooso/build
[0.747s] running develop
[0.749s] /usr/lib/python3/dist-packages/setuptools/command/easy_install.py:158: EasyInstallDeprecationWarning: easy_install command is deprecated. Use build and pip and other standards-based tools.
[0.749s]   warnings.warn(
[0.750s] /usr/lib/python3/dist-packages/setuptools/command/install.py:34: SetuptoolsDeprecationWarning: setup.py install is deprecated. Use build and pip and other standards-based tools.
[0.751s]   warnings.warn(
[0.792s] /usr/lib/python3/dist-packages/pkg_resources/__init__.py:116: PkgResourcesDeprecationWarning: 1.1build1 is an invalid version and will not be supported in a future release
[0.792s]   warnings.warn(
[0.792s] /usr/lib/python3/dist-packages/pkg_resources/__init__.py:116: PkgResourcesDeprecationWarning: 0.1.43ubuntu1 is an invalid version and will not be supported in a future release
[0.792s]   warnings.warn(
[0.881s] Invoked command in '/home/majama/ros2_ws/build/elgooso' returned '0': PYTHONPATH=/home/majama/ros2_ws/build/elgooso/prefix_override:/home/majama/ros2_ws/install/elgooso/lib/python3.10/site-packages:${PYTHONPATH} /usr/bin/python3 setup.py develop --uninstall --editable --build-directory /home/majama/ros2_ws/build/elgooso/build
[0.883s] Invoking command in '/home/majama/ros2_ws/src/elgooso': PYTHONPATH=/home/majama/ros2_ws/build/elgooso/prefix_override:/home/majama/ros2_ws/install/elgooso/lib/python3.10/site-packages:${PYTHONPATH} /usr/bin/python3 setup.py egg_info --egg-base ../../build/elgooso build --build-base /home/majama/ros2_ws/build/elgooso/build install --record /home/majama/ros2_ws/build/elgooso/install.log --single-version-externally-managed
[1.040s] running egg_info
[1.041s] writing ../../build/elgooso/elgooso.egg-info/PKG-INFO
[1.052s] writing dependency_links to ../../build/elgooso/elgooso.egg-info/dependency_links.txt
[1.052s] writing entry points to ../../build/elgooso/elgooso.egg-info/entry_points.txt
[1.052s] writing requirements to ../../build/elgooso/elgooso.egg-info/requires.txt
[1.052s] writing top-level names to ../../build/elgooso/elgooso.egg-info/top_level.txt
[1.057s] reading manifest file '../../build/elgooso/elgooso.egg-info/SOURCES.txt'
[1.059s] writing manifest file '../../build/elgooso/elgooso.egg-info/SOURCES.txt'
[1.059s] running build
[1.059s] running build_py
[1.061s] copying elgooso/Qlearn.py -> /home/majama/ros2_ws/build/elgooso/build/lib/elgooso
[1.061s] running install
[1.061s] /usr/lib/python3/dist-packages/setuptools/command/install.py:34: SetuptoolsDeprecationWarning: setup.py install is deprecated. Use build and pip and other standards-based tools.
[1.061s]   warnings.warn(
[1.061s] running install_lib
[1.063s] copying /home/majama/ros2_ws/build/elgooso/build/lib/elgooso/Qlearn.py -> /home/majama/ros2_ws/install/elgooso/lib/python3.10/site-packages/elgooso
[1.064s] byte-compiling /home/majama/ros2_ws/install/elgooso/lib/python3.10/site-packages/elgooso/Qlearn.py to Qlearn.cpython-310.pyc
[1.064s]   File "/home/majama/ros2_ws/install/elgooso/lib/python3.10/site-packages/elgooso/Qlearn.py", line 44
[1.064s]     		self.TERMINAL		= #end x dist
[1.064s]     		             		  ^^^^^^^^^^^
[1.064s] SyntaxError: invalid syntax
[1.064s] 
[1.064s] running install_data
[1.069s] running install_egg_info
[1.070s] removing '/home/majama/ros2_ws/install/elgooso/lib/python3.10/site-packages/elgooso-0.0.0-py3.10.egg-info' (and everything under it)
[1.071s] Copying ../../build/elgooso/elgooso.egg-info to /home/majama/ros2_ws/install/elgooso/lib/python3.10/site-packages/elgooso-0.0.0-py3.10.egg-info
[1.072s] running install_scripts
[1.090s] Installing Qlearn script to /home/majama/ros2_ws/install/elgooso/lib/elgooso
[1.091s] Installing move script to /home/majama/ros2_ws/install/elgooso/lib/elgooso
[1.091s] Installing state_publisher script to /home/majama/ros2_ws/install/elgooso/lib/elgooso
[1.091s] Installing talker script to /home/majama/ros2_ws/install/elgooso/lib/elgooso
[1.092s] writing list of installed files to '/home/majama/ros2_ws/build/elgooso/install.log'
[1.117s] Invoked command in '/home/majama/ros2_ws/src/elgooso' returned '0': PYTHONPATH=/home/majama/ros2_ws/build/elgooso/prefix_override:/home/majama/ros2_ws/install/elgooso/lib/python3.10/site-packages:${PYTHONPATH} /usr/bin/python3 setup.py egg_info --egg-base ../../build/elgooso build --build-base /home/majama/ros2_ws/build/elgooso/build install --record /home/majama/ros2_ws/build/elgooso/install.log --single-version-externally-managed
