[2.278s] Invoking command in '/home/majama/ros2_ws/build/elgooso': PYTHONPATH=/home/majama/ros2_ws/build/elgooso/prefix_override:/home/majama/ros2_ws/install/elgooso/lib/python3.10/site-packages:${PYTHONPATH} /usr/bin/python3 setup.py develop --uninstall --editable --build-directory /home/majama/ros2_ws/build/elgooso/build
[2.723s] running develop
[2.725s] /usr/lib/python3/dist-packages/setuptools/command/easy_install.py:158: EasyInstallDeprecationWarning: easy_install command is deprecated. Use build and pip and other standards-based tools.
[2.725s]   warnings.warn(
[2.728s] /usr/lib/python3/dist-packages/setuptools/command/install.py:34: SetuptoolsDeprecationWarning: setup.py install is deprecated. Use build and pip and other standards-based tools.
[2.728s]   warnings.warn(
[2.814s] /usr/lib/python3/dist-packages/pkg_resources/__init__.py:116: PkgResourcesDeprecationWarning: 1.1build1 is an invalid version and will not be supported in a future release
[2.814s]   warnings.warn(
[2.815s] /usr/lib/python3/dist-packages/pkg_resources/__init__.py:116: PkgResourcesDeprecationWarning: 0.1.43ubuntu1 is an invalid version and will not be supported in a future release
[2.815s]   warnings.warn(
[3.071s] Invoked command in '/home/majama/ros2_ws/build/elgooso' returned '0': PYTHONPATH=/home/majama/ros2_ws/build/elgooso/prefix_override:/home/majama/ros2_ws/install/elgooso/lib/python3.10/site-packages:${PYTHONPATH} /usr/bin/python3 setup.py develop --uninstall --editable --build-directory /home/majama/ros2_ws/build/elgooso/build
[3.074s] Invoking command in '/home/majama/ros2_ws/src/elgooso': PYTHONPATH=/home/majama/ros2_ws/build/elgooso/prefix_override:/home/majama/ros2_ws/install/elgooso/lib/python3.10/site-packages:${PYTHONPATH} /usr/bin/python3 setup.py egg_info --egg-base ../../build/elgooso build --build-base /home/majama/ros2_ws/build/elgooso/build install --record /home/majama/ros2_ws/build/elgooso/install.log --single-version-externally-managed
[3.463s] running egg_info
[3.464s] writing ../../build/elgooso/elgooso.egg-info/PKG-INFO
[3.465s] writing dependency_links to ../../build/elgooso/elgooso.egg-info/dependency_links.txt
[3.466s] writing entry points to ../../build/elgooso/elgooso.egg-info/entry_points.txt
[3.466s] writing requirements to ../../build/elgooso/elgooso.egg-info/requires.txt
[3.466s] writing top-level names to ../../build/elgooso/elgooso.egg-info/top_level.txt
[3.474s] reading manifest file '../../build/elgooso/elgooso.egg-info/SOURCES.txt'
[3.477s] writing manifest file '../../build/elgooso/elgooso.egg-info/SOURCES.txt'
[3.477s] running build
[3.478s] running build_py
[3.480s] running install
[3.480s] /usr/lib/python3/dist-packages/setuptools/command/install.py:34: SetuptoolsDeprecationWarning: setup.py install is deprecated. Use build and pip and other standards-based tools.
[3.480s]   warnings.warn(
[3.481s] running install_lib
[3.485s] running install_data
[3.487s] copying urdf/elgooso.xacro -> /home/majama/ros2_ws/install/elgooso/share/elgooso/urdf
[3.488s] copying urdf/elgooso.urdf -> /home/majama/ros2_ws/install/elgooso/share/elgooso/urdf
[3.488s] running install_egg_info
[3.491s] removing '/home/majama/ros2_ws/install/elgooso/lib/python3.10/site-packages/elgooso-0.0.0-py3.10.egg-info' (and everything under it)
[3.492s] Copying ../../build/elgooso/elgooso.egg-info to /home/majama/ros2_ws/install/elgooso/lib/python3.10/site-packages/elgooso-0.0.0-py3.10.egg-info
[3.494s] running install_scripts
[3.535s] Installing move script to /home/majama/ros2_ws/install/elgooso/lib/elgooso
[3.535s] Installing state_publisher script to /home/majama/ros2_ws/install/elgooso/lib/elgooso
[3.535s] Installing talker script to /home/majama/ros2_ws/install/elgooso/lib/elgooso
[3.536s] writing list of installed files to '/home/majama/ros2_ws/build/elgooso/install.log'
[3.582s] Invoked command in '/home/majama/ros2_ws/src/elgooso' returned '0': PYTHONPATH=/home/majama/ros2_ws/build/elgooso/prefix_override:/home/majama/ros2_ws/install/elgooso/lib/python3.10/site-packages:${PYTHONPATH} /usr/bin/python3 setup.py egg_info --egg-base ../../build/elgooso build --build-base /home/majama/ros2_ws/build/elgooso/build install --record /home/majama/ros2_ws/build/elgooso/install.log --single-version-externally-managed
