[1.465s] Invoking command in '/home/majama/ros2_ws/build/elgooso': PYTHONPATH=/home/majama/ros2_ws/build/elgooso/prefix_override:/home/majama/ros2_ws/install/elgooso/lib/python3.10/site-packages:${PYTHONPATH} /usr/bin/python3 setup.py develop --uninstall --editable --build-directory /home/majama/ros2_ws/build/elgooso/build
[2.048s] running develop
[2.050s] /usr/lib/python3/dist-packages/setuptools/command/easy_install.py:158: EasyInstallDeprecationWarning: easy_install command is deprecated. Use build and pip and other standards-based tools.
[2.050s]   warnings.warn(
[2.053s] /usr/lib/python3/dist-packages/setuptools/command/install.py:34: SetuptoolsDeprecationWarning: setup.py install is deprecated. Use build and pip and other standards-based tools.
[2.054s]   warnings.warn(
[2.162s] /usr/lib/python3/dist-packages/pkg_resources/__init__.py:116: PkgResourcesDeprecationWarning: 1.1build1 is an invalid version and will not be supported in a future release
[2.162s]   warnings.warn(
[2.164s] /usr/lib/python3/dist-packages/pkg_resources/__init__.py:116: PkgResourcesDeprecationWarning: 0.1.43ubuntu1 is an invalid version and will not be supported in a future release
[2.164s]   warnings.warn(
[2.422s] Invoked command in '/home/majama/ros2_ws/build/elgooso' returned '0': PYTHONPATH=/home/majama/ros2_ws/build/elgooso/prefix_override:/home/majama/ros2_ws/install/elgooso/lib/python3.10/site-packages:${PYTHONPATH} /usr/bin/python3 setup.py develop --uninstall --editable --build-directory /home/majama/ros2_ws/build/elgooso/build
[2.423s] Invoking command in '/home/majama/ros2_ws/src/elgooso': PYTHONPATH=/home/majama/ros2_ws/build/elgooso/prefix_override:/home/majama/ros2_ws/install/elgooso/lib/python3.10/site-packages:${PYTHONPATH} /usr/bin/python3 setup.py egg_info --egg-base ../../build/elgooso build --build-base /home/majama/ros2_ws/build/elgooso/build install --record /home/majama/ros2_ws/build/elgooso/install.log --single-version-externally-managed
[2.957s] running egg_info
[2.960s] writing ../../build/elgooso/elgooso.egg-info/PKG-INFO
[2.961s] writing dependency_links to ../../build/elgooso/elgooso.egg-info/dependency_links.txt
[2.962s] writing entry points to ../../build/elgooso/elgooso.egg-info/entry_points.txt
[2.963s] writing requirements to ../../build/elgooso/elgooso.egg-info/requires.txt
[2.964s] writing top-level names to ../../build/elgooso/elgooso.egg-info/top_level.txt
[2.978s] reading manifest file '../../build/elgooso/elgooso.egg-info/SOURCES.txt'
[2.981s] writing manifest file '../../build/elgooso/elgooso.egg-info/SOURCES.txt'
[2.981s] running build
[2.982s] running build_py
[2.984s] copying elgooso/Qlearn.py -> /home/majama/ros2_ws/build/elgooso/build/lib/elgooso
[2.985s] running install
[2.985s] /usr/lib/python3/dist-packages/setuptools/command/install.py:34: SetuptoolsDeprecationWarning: setup.py install is deprecated. Use build and pip and other standards-based tools.
[2.986s]   warnings.warn(
[2.986s] running install_lib
[2.989s] copying /home/majama/ros2_ws/build/elgooso/build/lib/elgooso/Qlearn.py -> /home/majama/ros2_ws/install/elgooso/lib/python3.10/site-packages/elgooso
[2.991s] byte-compiling /home/majama/ros2_ws/install/elgooso/lib/python3.10/site-packages/elgooso/Qlearn.py to Qlearn.cpython-310.pyc
[2.994s] running install_data
[3.002s] running install_egg_info
[3.005s] removing '/home/majama/ros2_ws/install/elgooso/lib/python3.10/site-packages/elgooso-0.0.0-py3.10.egg-info' (and everything under it)
[3.007s] Copying ../../build/elgooso/elgooso.egg-info to /home/majama/ros2_ws/install/elgooso/lib/python3.10/site-packages/elgooso-0.0.0-py3.10.egg-info
[3.011s] running install_scripts
[3.045s] Installing Qlearn script to /home/majama/ros2_ws/install/elgooso/lib/elgooso
[3.046s] Installing move script to /home/majama/ros2_ws/install/elgooso/lib/elgooso
[3.048s] Installing spawn_entity script to /home/majama/ros2_ws/install/elgooso/lib/elgooso
[3.048s] Installing state_publisher script to /home/majama/ros2_ws/install/elgooso/lib/elgooso
[3.049s] Installing talker script to /home/majama/ros2_ws/install/elgooso/lib/elgooso
[3.050s] writing list of installed files to '/home/majama/ros2_ws/build/elgooso/install.log'
[3.111s] Invoked command in '/home/majama/ros2_ws/src/elgooso' returned '0': PYTHONPATH=/home/majama/ros2_ws/build/elgooso/prefix_override:/home/majama/ros2_ws/install/elgooso/lib/python3.10/site-packages:${PYTHONPATH} /usr/bin/python3 setup.py egg_info --egg-base ../../build/elgooso build --build-base /home/majama/ros2_ws/build/elgooso/build install --record /home/majama/ros2_ws/build/elgooso/install.log --single-version-externally-managed
