[1.526s] Invoking command in '/home/majama/ros2_ws/build/elgooso': PYTHONPATH=/home/majama/ros2_ws/build/elgooso/prefix_override:/home/majama/ros2_ws/install/elgooso/lib/python3.10/site-packages:${PYTHONPATH} /usr/bin/python3 setup.py develop --uninstall --editable --build-directory /home/majama/ros2_ws/build/elgooso/build
[2.462s] running develop
[2.462s] /usr/lib/python3/dist-packages/setuptools/command/easy_install.py:158: EasyInstallDeprecationWarning: easy_install command is deprecated. Use build and pip and other standards-based tools.
[2.462s]   warnings.warn(
[2.464s] /usr/lib/python3/dist-packages/setuptools/command/install.py:34: SetuptoolsDeprecationWarning: setup.py install is deprecated. Use build and pip and other standards-based tools.
[2.464s]   warnings.warn(
[2.610s] /usr/lib/python3/dist-packages/pkg_resources/__init__.py:116: PkgResourcesDeprecationWarning: 1.1build1 is an invalid version and will not be supported in a future release
[2.610s]   warnings.warn(
[2.610s] /usr/lib/python3/dist-packages/pkg_resources/__init__.py:116: PkgResourcesDeprecationWarning: 0.1.43ubuntu1 is an invalid version and will not be supported in a future release
[2.610s]   warnings.warn(
[2.901s] Invoked command in '/home/majama/ros2_ws/build/elgooso' returned '0': PYTHONPATH=/home/majama/ros2_ws/build/elgooso/prefix_override:/home/majama/ros2_ws/install/elgooso/lib/python3.10/site-packages:${PYTHONPATH} /usr/bin/python3 setup.py develop --uninstall --editable --build-directory /home/majama/ros2_ws/build/elgooso/build
[2.904s] Invoking command in '/home/majama/ros2_ws/src/elgooso': PYTHONPATH=/home/majama/ros2_ws/build/elgooso/prefix_override:/home/majama/ros2_ws/install/elgooso/lib/python3.10/site-packages:${PYTHONPATH} /usr/bin/python3 setup.py egg_info --egg-base ../../build/elgooso build --build-base /home/majama/ros2_ws/build/elgooso/build install --record /home/majama/ros2_ws/build/elgooso/install.log --single-version-externally-managed
[3.366s] running egg_info
[3.367s] writing ../../build/elgooso/elgooso.egg-info/PKG-INFO
[3.368s] writing dependency_links to ../../build/elgooso/elgooso.egg-info/dependency_links.txt
[3.369s] writing entry points to ../../build/elgooso/elgooso.egg-info/entry_points.txt
[3.369s] writing requirements to ../../build/elgooso/elgooso.egg-info/requires.txt
[3.370s] writing top-level names to ../../build/elgooso/elgooso.egg-info/top_level.txt
[3.376s] reading manifest file '../../build/elgooso/elgooso.egg-info/SOURCES.txt'
[3.380s] writing manifest file '../../build/elgooso/elgooso.egg-info/SOURCES.txt'
[3.380s] running build
[3.380s] running build_py
[3.383s] running install
[3.384s] /usr/lib/python3/dist-packages/setuptools/command/install.py:34: SetuptoolsDeprecationWarning: setup.py install is deprecated. Use build and pip and other standards-based tools.
[3.384s]   warnings.warn(
[3.384s] running install_lib
[3.387s] running install_data
[3.390s] copying urdf/elgooso.urdf -> /home/majama/ros2_ws/install/elgooso/share/elgooso/urdf
[3.392s] running install_egg_info
[3.396s] removing '/home/majama/ros2_ws/install/elgooso/lib/python3.10/site-packages/elgooso-0.0.0-py3.10.egg-info' (and everything under it)
[3.397s] Copying ../../build/elgooso/elgooso.egg-info to /home/majama/ros2_ws/install/elgooso/lib/python3.10/site-packages/elgooso-0.0.0-py3.10.egg-info
[3.400s] running install_scripts
[3.442s] Installing move script to /home/majama/ros2_ws/install/elgooso/lib/elgooso
[3.443s] Installing state_publisher script to /home/majama/ros2_ws/install/elgooso/lib/elgooso
[3.443s] Installing talker script to /home/majama/ros2_ws/install/elgooso/lib/elgooso
[3.444s] writing list of installed files to '/home/majama/ros2_ws/build/elgooso/install.log'
[3.489s] Invoked command in '/home/majama/ros2_ws/src/elgooso' returned '0': PYTHONPATH=/home/majama/ros2_ws/build/elgooso/prefix_override:/home/majama/ros2_ws/install/elgooso/lib/python3.10/site-packages:${PYTHONPATH} /usr/bin/python3 setup.py egg_info --egg-base ../../build/elgooso build --build-base /home/majama/ros2_ws/build/elgooso/build install --record /home/majama/ros2_ws/build/elgooso/install.log --single-version-externally-managed
