[1.724s] Invoking command in '/home/majama/ros2_ws/build/elgooso': PYTHONPATH=/home/majama/ros2_ws/build/elgooso/prefix_override:/home/majama/ros2_ws/install/elgooso/lib/python3.10/site-packages:${PYTHONPATH} /usr/bin/python3 setup.py develop --uninstall --editable --build-directory /home/majama/ros2_ws/build/elgooso/build
[2.845s] running develop
[2.846s] /usr/lib/python3/dist-packages/setuptools/command/easy_install.py:158: EasyInstallDeprecationWarning: easy_install command is deprecated. Use build and pip and other standards-based tools.
[2.846s]   warnings.warn(
[2.851s] /usr/lib/python3/dist-packages/setuptools/command/install.py:34: SetuptoolsDeprecationWarning: setup.py install is deprecated. Use build and pip and other standards-based tools.
[2.851s]   warnings.warn(
[3.023s] /usr/lib/python3/dist-packages/pkg_resources/__init__.py:116: PkgResourcesDeprecationWarning: 1.1build1 is an invalid version and will not be supported in a future release
[3.023s]   warnings.warn(
[3.025s] /usr/lib/python3/dist-packages/pkg_resources/__init__.py:116: PkgResourcesDeprecationWarning: 0.1.43ubuntu1 is an invalid version and will not be supported in a future release
[3.025s]   warnings.warn(
[3.491s] Invoked command in '/home/majama/ros2_ws/build/elgooso' returned '0': PYTHONPATH=/home/majama/ros2_ws/build/elgooso/prefix_override:/home/majama/ros2_ws/install/elgooso/lib/python3.10/site-packages:${PYTHONPATH} /usr/bin/python3 setup.py develop --uninstall --editable --build-directory /home/majama/ros2_ws/build/elgooso/build
[3.492s] Invoking command in '/home/majama/ros2_ws/src/elgooso': PYTHONPATH=/home/majama/ros2_ws/build/elgooso/prefix_override:/home/majama/ros2_ws/install/elgooso/lib/python3.10/site-packages:${PYTHONPATH} /usr/bin/python3 setup.py egg_info --egg-base ../../build/elgooso build --build-base /home/majama/ros2_ws/build/elgooso/build install --record /home/majama/ros2_ws/build/elgooso/install.log --single-version-externally-managed
[4.012s] running egg_info
[4.013s] writing ../../build/elgooso/elgooso.egg-info/PKG-INFO
[4.013s] writing dependency_links to ../../build/elgooso/elgooso.egg-info/dependency_links.txt
[4.014s] writing entry points to ../../build/elgooso/elgooso.egg-info/entry_points.txt
[4.014s] writing requirements to ../../build/elgooso/elgooso.egg-info/requires.txt
[4.014s] writing top-level names to ../../build/elgooso/elgooso.egg-info/top_level.txt
[4.026s] reading manifest file '../../build/elgooso/elgooso.egg-info/SOURCES.txt'
[4.029s] writing manifest file '../../build/elgooso/elgooso.egg-info/SOURCES.txt'
[4.030s] running build
[4.030s] running build_py
[4.031s] running install
[4.031s] /usr/lib/python3/dist-packages/setuptools/command/install.py:34: SetuptoolsDeprecationWarning: setup.py install is deprecated. Use build and pip and other standards-based tools.
[4.032s]   warnings.warn(
[4.032s] running install_lib
[4.036s] running install_data
[4.039s] copying launch/elgooso_sim.launch.py -> /home/majama/ros2_ws/install/elgooso/share/elgooso/launch
[4.042s] running install_egg_info
[4.047s] removing '/home/majama/ros2_ws/install/elgooso/lib/python3.10/site-packages/elgooso-0.0.0-py3.10.egg-info' (and everything under it)
[4.047s] Copying ../../build/elgooso/elgooso.egg-info to /home/majama/ros2_ws/install/elgooso/lib/python3.10/site-packages/elgooso-0.0.0-py3.10.egg-info
[4.049s] running install_scripts
[4.089s] Installing move script to /home/majama/ros2_ws/install/elgooso/lib/elgooso
[4.090s] Installing state_publisher script to /home/majama/ros2_ws/install/elgooso/lib/elgooso
[4.090s] Installing talker script to /home/majama/ros2_ws/install/elgooso/lib/elgooso
[4.090s] writing list of installed files to '/home/majama/ros2_ws/build/elgooso/install.log'
[4.137s] Invoked command in '/home/majama/ros2_ws/src/elgooso' returned '0': PYTHONPATH=/home/majama/ros2_ws/build/elgooso/prefix_override:/home/majama/ros2_ws/install/elgooso/lib/python3.10/site-packages:${PYTHONPATH} /usr/bin/python3 setup.py egg_info --egg-base ../../build/elgooso build --build-base /home/majama/ros2_ws/build/elgooso/build install --record /home/majama/ros2_ws/build/elgooso/install.log --single-version-externally-managed
