[1.416s] Invoking command in '/home/majama/ros2_ws/build/elgooso': PYTHONPATH=/home/majama/ros2_ws/build/elgooso/prefix_override:/home/majama/ros2_ws/install/elgooso/lib/python3.10/site-packages:${PYTHONPATH} /usr/bin/python3 setup.py develop --uninstall --editable --build-directory /home/majama/ros2_ws/build/elgooso/build
[2.013s] running develop
[2.024s] /usr/lib/python3/dist-packages/setuptools/command/easy_install.py:158: EasyInstallDeprecationWarning: easy_install command is deprecated. Use build and pip and other standards-based tools.
[2.025s]   warnings.warn(
[2.028s] /usr/lib/python3/dist-packages/setuptools/command/install.py:34: SetuptoolsDeprecationWarning: setup.py install is deprecated. Use build and pip and other standards-based tools.
[2.029s]   warnings.warn(
[2.154s] /usr/lib/python3/dist-packages/pkg_resources/__init__.py:116: PkgResourcesDeprecationWarning: 1.1build1 is an invalid version and will not be supported in a future release
[2.154s]   warnings.warn(
[2.155s] /usr/lib/python3/dist-packages/pkg_resources/__init__.py:116: PkgResourcesDeprecationWarning: 0.1.43ubuntu1 is an invalid version and will not be supported in a future release
[2.155s]   warnings.warn(
[2.419s] Invoked command in '/home/majama/ros2_ws/build/elgooso' returned '0': PYTHONPATH=/home/majama/ros2_ws/build/elgooso/prefix_override:/home/majama/ros2_ws/install/elgooso/lib/python3.10/site-packages:${PYTHONPATH} /usr/bin/python3 setup.py develop --uninstall --editable --build-directory /home/majama/ros2_ws/build/elgooso/build
[2.420s] Invoking command in '/home/majama/ros2_ws/src/elgooso': PYTHONPATH=/home/majama/ros2_ws/build/elgooso/prefix_override:/home/majama/ros2_ws/install/elgooso/lib/python3.10/site-packages:${PYTHONPATH} /usr/bin/python3 setup.py egg_info --egg-base ../../build/elgooso build --build-base /home/majama/ros2_ws/build/elgooso/build install --record /home/majama/ros2_ws/build/elgooso/install.log --single-version-externally-managed
[2.914s] running egg_info
[2.915s] writing ../../build/elgooso/elgooso.egg-info/PKG-INFO
[2.928s] writing dependency_links to ../../build/elgooso/elgooso.egg-info/dependency_links.txt
[2.929s] writing entry points to ../../build/elgooso/elgooso.egg-info/entry_points.txt
[2.929s] writing requirements to ../../build/elgooso/elgooso.egg-info/requires.txt
[2.929s] writing top-level names to ../../build/elgooso/elgooso.egg-info/top_level.txt
[2.940s] reading manifest file '../../build/elgooso/elgooso.egg-info/SOURCES.txt'
[2.942s] writing manifest file '../../build/elgooso/elgooso.egg-info/SOURCES.txt'
[2.942s] running build
[2.942s] running build_py
[2.943s] copying elgooso/Qlearn.py -> /home/majama/ros2_ws/build/elgooso/build/lib/elgooso
[2.944s] running install
[2.944s] /usr/lib/python3/dist-packages/setuptools/command/install.py:34: SetuptoolsDeprecationWarning: setup.py install is deprecated. Use build and pip and other standards-based tools.
[2.944s]   warnings.warn(
[2.945s] running install_lib
[2.947s] copying /home/majama/ros2_ws/build/elgooso/build/lib/elgooso/Qlearn.py -> /home/majama/ros2_ws/install/elgooso/lib/python3.10/site-packages/elgooso
[2.949s] byte-compiling /home/majama/ros2_ws/install/elgooso/lib/python3.10/site-packages/elgooso/Qlearn.py to Qlearn.cpython-310.pyc
[2.952s] running install_data
[2.961s] running install_egg_info
[2.962s] removing '/home/majama/ros2_ws/install/elgooso/lib/python3.10/site-packages/elgooso-0.0.0-py3.10.egg-info' (and everything under it)
[2.963s] Copying ../../build/elgooso/elgooso.egg-info to /home/majama/ros2_ws/install/elgooso/lib/python3.10/site-packages/elgooso-0.0.0-py3.10.egg-info
[2.966s] running install_scripts
[3.003s] Installing Qlearn script to /home/majama/ros2_ws/install/elgooso/lib/elgooso
[3.004s] Installing move script to /home/majama/ros2_ws/install/elgooso/lib/elgooso
[3.008s] Installing spawn_entity script to /home/majama/ros2_ws/install/elgooso/lib/elgooso
[3.008s] Installing state_publisher script to /home/majama/ros2_ws/install/elgooso/lib/elgooso
[3.008s] Installing talker script to /home/majama/ros2_ws/install/elgooso/lib/elgooso
[3.009s] writing list of installed files to '/home/majama/ros2_ws/build/elgooso/install.log'
[3.056s] Invoked command in '/home/majama/ros2_ws/src/elgooso' returned '0': PYTHONPATH=/home/majama/ros2_ws/build/elgooso/prefix_override:/home/majama/ros2_ws/install/elgooso/lib/python3.10/site-packages:${PYTHONPATH} /usr/bin/python3 setup.py egg_info --egg-base ../../build/elgooso build --build-base /home/majama/ros2_ws/build/elgooso/build install --record /home/majama/ros2_ws/build/elgooso/install.log --single-version-externally-managed
