[1.241s] Invoking command in '/home/majama/ros2_ws/build/elgooso': PYTHONPATH=/home/majama/ros2_ws/build/elgooso/prefix_override:/home/majama/ros2_ws/install/elgooso/lib/python3.10/site-packages:${PYTHONPATH} /usr/bin/python3 setup.py develop --uninstall --editable --build-directory /home/majama/ros2_ws/build/elgooso/build
[1.662s] running develop
[1.671s] /usr/lib/python3/dist-packages/setuptools/command/easy_install.py:158: EasyInstallDeprecationWarning: easy_install command is deprecated. Use build and pip and other standards-based tools.
[1.672s]   warnings.warn(
[1.674s] /usr/lib/python3/dist-packages/setuptools/command/install.py:34: SetuptoolsDeprecationWarning: setup.py install is deprecated. Use build and pip and other standards-based tools.
[1.675s]   warnings.warn(
[1.773s] /usr/lib/python3/dist-packages/pkg_resources/__init__.py:116: PkgResourcesDeprecationWarning: 1.1build1 is an invalid version and will not be supported in a future release
[1.773s]   warnings.warn(
[1.774s] /usr/lib/python3/dist-packages/pkg_resources/__init__.py:116: PkgResourcesDeprecationWarning: 0.1.43ubuntu1 is an invalid version and will not be supported in a future release
[1.774s]   warnings.warn(
[1.979s] Invoked command in '/home/majama/ros2_ws/build/elgooso' returned '0': PYTHONPATH=/home/majama/ros2_ws/build/elgooso/prefix_override:/home/majama/ros2_ws/install/elgooso/lib/python3.10/site-packages:${PYTHONPATH} /usr/bin/python3 setup.py develop --uninstall --editable --build-directory /home/majama/ros2_ws/build/elgooso/build
[1.984s] Invoking command in '/home/majama/ros2_ws/src/elgooso': PYTHONPATH=/home/majama/ros2_ws/build/elgooso/prefix_override:/home/majama/ros2_ws/install/elgooso/lib/python3.10/site-packages:${PYTHONPATH} /usr/bin/python3 setup.py egg_info --egg-base ../../build/elgooso build --build-base /home/majama/ros2_ws/build/elgooso/build install --record /home/majama/ros2_ws/build/elgooso/install.log --single-version-externally-managed
[2.344s] running egg_info
[2.345s] writing ../../build/elgooso/elgooso.egg-info/PKG-INFO
[2.346s] writing dependency_links to ../../build/elgooso/elgooso.egg-info/dependency_links.txt
[2.346s] writing entry points to ../../build/elgooso/elgooso.egg-info/entry_points.txt
[2.347s] writing requirements to ../../build/elgooso/elgooso.egg-info/requires.txt
[2.347s] writing top-level names to ../../build/elgooso/elgooso.egg-info/top_level.txt
[2.350s] reading manifest file '../../build/elgooso/elgooso.egg-info/SOURCES.txt'
[2.362s] writing manifest file '../../build/elgooso/elgooso.egg-info/SOURCES.txt'
[2.363s] running build
[2.363s] running build_py
[2.367s] copying elgooso/Qlearn.py -> /home/majama/ros2_ws/build/elgooso/build/lib/elgooso
[2.368s] running install
[2.368s] /usr/lib/python3/dist-packages/setuptools/command/install.py:34: SetuptoolsDeprecationWarning: setup.py install is deprecated. Use build and pip and other standards-based tools.
[2.368s]   warnings.warn(
[2.369s] running install_lib
[2.373s] copying /home/majama/ros2_ws/build/elgooso/build/lib/elgooso/Qlearn.py -> /home/majama/ros2_ws/install/elgooso/lib/python3.10/site-packages/elgooso
[2.375s] byte-compiling /home/majama/ros2_ws/install/elgooso/lib/python3.10/site-packages/elgooso/Qlearn.py to Qlearn.cpython-310.pyc
[2.379s] running install_data
[2.382s] running install_egg_info
[2.384s] removing '/home/majama/ros2_ws/install/elgooso/lib/python3.10/site-packages/elgooso-0.0.0-py3.10.egg-info' (and everything under it)
[2.385s] Copying ../../build/elgooso/elgooso.egg-info to /home/majama/ros2_ws/install/elgooso/lib/python3.10/site-packages/elgooso-0.0.0-py3.10.egg-info
[2.387s] running install_scripts
[2.421s] Installing Qlearn script to /home/majama/ros2_ws/install/elgooso/lib/elgooso
[2.422s] Installing move script to /home/majama/ros2_ws/install/elgooso/lib/elgooso
[2.423s] Installing spawn_entity script to /home/majama/ros2_ws/install/elgooso/lib/elgooso
[2.423s] Installing state_publisher script to /home/majama/ros2_ws/install/elgooso/lib/elgooso
[2.424s] Installing talker script to /home/majama/ros2_ws/install/elgooso/lib/elgooso
[2.425s] writing list of installed files to '/home/majama/ros2_ws/build/elgooso/install.log'
[2.462s] Invoked command in '/home/majama/ros2_ws/src/elgooso' returned '0': PYTHONPATH=/home/majama/ros2_ws/build/elgooso/prefix_override:/home/majama/ros2_ws/install/elgooso/lib/python3.10/site-packages:${PYTHONPATH} /usr/bin/python3 setup.py egg_info --egg-base ../../build/elgooso build --build-base /home/majama/ros2_ws/build/elgooso/build install --record /home/majama/ros2_ws/build/elgooso/install.log --single-version-externally-managed
